2025-05-23 15:50:02,709 - pribot - INFO - ====== PriBot ログセッション開始 ======
2025-05-23 15:50:02,712 - pribot - INFO - PriBot を開始します
2025-05-23 15:50:02,716 - pribot - INFO - Backlog APIから監視フォルダとエラーフォルダの設定を取得します
2025-05-23 15:50:02,824 - pribot - INFO - 監視フォルダパス: .../診療報酬請求事務集中センターOASIS INNOVATION/pribot
2025-05-23 15:50:02,824 - pribot - INFO - エラーフォルダパス: .../pribot/error
2025-05-23 15:50:02,838 - pribot - INFO - Backlog APIリクエストを開始します
2025-05-23 15:50:02,901 - pribot - INFO - プロジェクト名: PriBot管理
2025-05-23 15:50:03,019 - pribot - INFO - 取得した全課題数: 16
2025-05-23 15:50:03,019 - pribot - INFO - 存在する課題タイプ: PriBot設定, 医療機関
2025-05-23 15:50:03,019 - pribot - INFO - 課題 PRIBOT-2: 振り分け先 '0_共通' = 'C:\Users\miyake2106\OASIS INNOAVTION Dropbox\診療報酬請求事務集中センターOASIS INNOVATION\くれクリニック\くれクリニック_自動印刷'
2025-05-23 15:50:03,019 - pribot - INFO - 課題 PRIBOT-3: 振り分け先 '0_共通' = 'C:\Users\miyake2106\OASIS INNOAVTION Dropbox\診療報酬請求事務集中センターOASIS INNOVATION\いたがき総合診療クリニック\自動印刷'
2025-05-23 15:50:03,019 - pribot - INFO - 課題 PRIBOT-4: 振り分け先 '0_共通' = 'C:\Users\miyake2106\OASIS INNOAVTION Dropbox\診療報酬請求事務集中センターOASIS INNOVATION\そけん小児科\そけん小児科_自動印刷'
2025-05-23 15:50:03,019 - pribot - INFO - 課題 PRIBOT-5: 振り分け先 '0_共通' = 'C:\Users\miyake2106\OASIS INNOAVTION Dropbox\診療報酬請求事務集中センターOASIS INNOVATION\Scan\NGC_自動印刷'
2025-05-23 15:50:03,019 - pribot - INFO - 課題 PRIBOT-6: 振り分け先 '0_共通' = 'C:\Users\miyake2106\OASIS INNOAVTION Dropbox\診療報酬請求事務集中センターOASIS INNOVATION\阿南いしばし医院\阿南いしばし医院_自動印刷'
2025-05-23 15:50:03,019 - pribot - INFO - 課題 PRIBOT-7: 振り分け先 '1_診療費請求書兼領収書(A4)' = 'C:\Users\miyake2106\OASIS INNOAVTION Dropbox\診療報酬請求事務集中センターOASIS INNOVATION\三宅村中央診療所\三宅村中央診療所_A4'
2025-05-23 15:50:03,019 - pribot - INFO - 課題 PRIBOT-8: 振り分け先 '6_お薬手帳' = 'C:\Users\miyake2106\OASIS INNOAVTION Dropbox\診療報酬請求事務集中センターOASIS INNOVATION\三宅村中央診療所\三宅村中央診療所_ラベル（手帳・薬袋）'
2025-05-23 15:50:03,027 - pribot - INFO - 課題 PRIBOT-9: 振り分け先 '7_お薬情報' = 'C:\Users\miyake2106\OASIS INNOAVTION Dropbox\診療報酬請求事務集中センターOASIS INNOVATION\三宅村中央診療所\三宅村中央診療所_薬情'
2025-05-23 15:50:03,027 - pribot - INFO - 課題 PRIBOT-10: 振り分け先 '0_共通' = 'C:\Users\miyake2106\OASIS INNOAVTION Dropbox\診療報酬請求事務集中センターOASIS INNOVATION\照葉浅部クリニック\照葉浅部クリニック_自動印刷'
2025-05-23 15:50:03,027 - pribot - INFO - 課題 PRIBOT-11: 振り分け先 '3_診療費請求書兼領収書(A5)' = 'C:\Users\miyake2106\OASIS INNOAVTION Dropbox\診療報酬請求事務集中センターOASIS INNOVATION\メモリーケアクリニック湘南\メモリーケアクリニック湘南_自動印刷\請求書兼明細書（A5）'
2025-05-23 15:50:03,027 - pribot - INFO - 課題 PRIBOT-12: 振り分け先 '5_処方箋' = 'C:\Users\miyake2106\OASIS INNOAVTION Dropbox\診療報酬請求事務集中センターOASIS INNOVATION\メモリーケアクリニック湘南\メモリーケアクリニック湘南_自動印刷\請求書兼明細書（A5）'
2025-05-23 15:50:03,027 - pribot - INFO - 課題 PRIBOT-13: 振り分け先 '7_お薬情報' = 'C:\Users\miyake2106\OASIS INNOAVTION Dropbox\診療報酬請求事務集中センターOASIS INNOVATION\メモリーケアクリニック湘南\メモリーケアクリニック湘南_自動印刷\薬剤情報提供書（A4）'
2025-05-23 15:50:03,027 - pribot - INFO - 課題 PRIBOT-14: 振り分け先 '2_診療費請求書兼領収書(A4控え付き)' = 'C:\Users\miyake2106\OASIS INNOAVTION Dropbox\診療報酬請求事務集中センターOASIS INNOVATION\ひまわりクリニックきょうごく\ひまわりクリニックきょうごく_自動印刷\請求書'
2025-05-23 15:50:03,027 - pribot - INFO - 課題 PRIBOT-15: 振り分け先 '4_診療費明細書' = 'C:\Users\miyake2106\OASIS INNOAVTION Dropbox\診療報酬請求事務集中センターOASIS INNOVATION\ひまわりクリニックきょうごく\ひまわりクリニックきょうごく_自動印刷\明細書'
2025-05-23 15:50:03,027 - pribot - INFO - 課題 PRIBOT-16: 振り分け先 '8_薬袋シール(三宅村)' = 'C:\Users\miyake2106\OASIS INNOAVTION Dropbox\診療報酬請求事務集中センターOASIS INNOVATION\三宅村中央診療所\三宅村中央診療所_ラベル（手帳・薬袋）'
2025-05-23 15:50:03,027 - pribot - INFO - PriBot 監視対象の医療機関名: 西大宮整形外科くれクリニック, 振り分け設定数: 1
2025-05-23 15:50:03,027 - pribot - INFO - PriBot 監視対象の医療機関名: いたがき総合診療クリニック, 振り分け設定数: 1
2025-05-23 15:50:03,027 - pribot - INFO - PriBot 監視対象の医療機関名: 医療法人 そけん小児科, 振り分け設定数: 1
2025-05-23 15:50:03,027 - pribot - INFO - PriBot 監視対象の医療機関名: 医療法人五一六五ナゴヤガーデンクリニック, 振り分け設定数: 1
2025-05-23 15:50:03,027 - pribot - INFO - PriBot 監視対象の医療機関名: 医療法人妙泉会 阿南いしばし医院, 振り分け設定数: 1
2025-05-23 15:50:03,027 - pribot - INFO - PriBot 監視対象の医療機関名: 三宅村国民健康保険直営中央診療所, 振り分け設定数: 4
2025-05-23 15:50:03,027 - pribot - INFO - PriBot 監視対象の医療機関名: 医療法人 吉松会 照葉浅部クリニック, 振り分け設定数: 1
2025-05-23 15:50:03,027 - pribot - INFO - PriBot 監視対象の医療機関名: メモリーケアクリニック湘南, 振り分け設定数: 3
2025-05-23 15:50:03,027 - pribot - INFO - PriBot 監視対象の医療機関名: ひまわりクリニックきょうごく, 振り分け設定数: 2
2025-05-23 15:50:03,027 - pribot - INFO - 監視対象の医療機関数: 9, スキップした課題数: 1
2025-05-23 15:50:03,029 - pribot - INFO - PriBot 監視フォルダ: C:\Users\miyake2106\OASIS INNOAVTION Dropbox\診療報酬請求事務集中センターOASIS INNOVATION\pribot
2025-05-23 15:50:03,029 - pribot - INFO - PriBot エラーフォルダ: C:\Users\miyake2106\OASIS INNOAVTION Dropbox\診療報酬請求事務集中センターOASIS INNOVATION\pribot\error
2025-05-23 15:50:03,029 - pribot - INFO - PriBot 監視対象の医療機関数: 9
2025-05-23 15:50:03,029 - pribot - INFO - ファイル監視を開始しました
2025-05-23 15:53:09,482 - pribot - INFO - 新しいPDFファイルを検出: 1747983173574&0&h1ukla3a&ba79b3be-d735-4804-a6a9-1afd1f6ef543.pdf
2025-05-23 15:53:10,014 - pribot - INFO - フォーマット識別: 処方箋 (ID: 5)
2025-05-23 15:53:10,017 - pribot - INFO - 抽出された医療機関名: いたがき総合診療クリニック
2025-05-23 15:53:10,017 - pribot - INFO - [成功] マッチング成功: いたがき総合診療クリニック
2025-05-23 15:53:10,018 - pribot - INFO - 振り分け先: いたがき総合診療クリニック -> .../いたがき総合診療クリニック/自動印刷 (設定: 0_共通)
2025-05-23 15:53:10,020 - pribot - INFO - [成功] ファイルをコピーしました: 1747983173574&0&h1ukla3a&ba79b3be-d735-4804-a6a9-1afd1f6ef543.pdf -> .../自動印刷/1747983173574&0&h1ukla3a&ba79b3be-d735-4804-a6a9-1afd1f6ef543.pdf
2025-05-23 15:53:10,021 - pribot - INFO - 元ファイルを削除しました: .../pribot/1747983173574&0&h1ukla3a&ba79b3be-d735-4804-a6a9-1afd1f6ef543.pdf
2025-05-23 15:53:10,021 - pribot - INFO - PDFファイルの処理が完了しました: 1747983173574&0&h1ukla3a&ba79b3be-d735-4804-a6a9-1afd1f6ef543.pdf
2025-05-23 15:53:10,021 - pribot - INFO - 
2025-05-23 15:53:13,024 - pribot - INFO - 新しいPDFファイルを検出: 1747983171833&264116&34s62lwy&dca2aa3b-c36f-4a22-abc2-5e2ed6f03cc9.pdf
2025-05-23 15:53:13,793 - pribot - INFO - フォーマット識別: 処方箋 (ID: 5)
2025-05-23 15:53:13,800 - pribot - INFO - 抽出された医療機関名: メモリーケアクリニック湘南
2025-05-23 15:53:13,800 - pribot - INFO - [成功] マッチング成功: メモリーケアクリニック湘南
2025-05-23 15:53:13,800 - pribot - INFO - 振り分け先: メモリーケアクリニック湘南 -> .../メモリーケアクリニック湘南_自動印刷/請求書兼明細書（A5） (設定: 5_処方箋)
2025-05-23 15:53:13,800 - pribot - INFO - [成功] ファイルをコピーしました: 1747983171833&264116&34s62lwy&dca2aa3b-c36f-4a22-abc2-5e2ed6f03cc9.pdf -> .../請求書兼明細書（A5）/1747983171833&264116&34s62lwy&dca2aa3b-c36f-4a22-abc2-5e2ed6f03cc9.pdf
2025-05-23 15:53:13,800 - pribot - INFO - 元ファイルを削除しました: .../pribot/1747983171833&264116&34s62lwy&dca2aa3b-c36f-4a22-abc2-5e2ed6f03cc9.pdf
2025-05-23 15:53:13,800 - pribot - INFO - PDFファイルの処理が完了しました: 1747983171833&264116&34s62lwy&dca2aa3b-c36f-4a22-abc2-5e2ed6f03cc9.pdf
2025-05-23 15:53:13,800 - pribot - INFO - 
2025-05-23 15:53:19,579 - pribot - INFO - 新しいPDFファイルを検出: 1747983183638&264116&6rsw78y4&056c23e6-0ef4-4260-9432-7404e827023e.pdf
2025-05-23 15:53:20,117 - pribot - INFO - フォーマット識別: 診療費請求書兼領収書(A5) (ID: 3)
2025-05-23 15:53:20,117 - pribot - INFO - 抽出された医療機関名: メモリーケアクリニック湘南
2025-05-23 15:53:20,117 - pribot - INFO - [成功] マッチング成功: メモリーケアクリニック湘南
2025-05-23 15:53:20,117 - pribot - INFO - 振り分け先: メモリーケアクリニック湘南 -> .../メモリーケアクリニック湘南_自動印刷/請求書兼明細書（A5） (設定: 3_診療費請求書兼領収書(A5))
2025-05-23 15:53:20,117 - pribot - INFO - [成功] ファイルをコピーしました: 1747983183638&264116&6rsw78y4&056c23e6-0ef4-4260-9432-7404e827023e.pdf -> .../請求書兼明細書（A5）/1747983183638&264116&6rsw78y4&056c23e6-0ef4-4260-9432-7404e827023e.pdf
2025-05-23 15:53:20,134 - pribot - INFO - 元ファイルを削除しました: .../pribot/1747983183638&264116&6rsw78y4&056c23e6-0ef4-4260-9432-7404e827023e.pdf
2025-05-23 15:53:20,134 - pribot - INFO - PDFファイルの処理が完了しました: 1747983183638&264116&6rsw78y4&056c23e6-0ef4-4260-9432-7404e827023e.pdf
2025-05-23 15:53:20,134 - pribot - INFO - 
2025-05-23 15:54:06,276 - pribot - INFO - 新しいPDFファイルを検出: 1747983233927&131216&15r6zlk6&51c852e6-6726-4549-a2a7-6446a7241985.pdf
2025-05-23 15:54:06,499 - pribot - INFO - フォーマット識別: 処方箋 (ID: 5)
2025-05-23 15:54:06,503 - pribot - INFO - 抽出された医療機関名: 医療法人 吉松会 照葉浅部クリニック
2025-05-23 15:54:06,503 - pribot - INFO - [成功] マッチング成功: 医療法人 吉松会 照葉浅部クリニック
2025-05-23 15:54:06,503 - pribot - INFO - 振り分け先: 医療法人 吉松会 照葉浅部クリニック -> .../照葉浅部クリニック/照葉浅部クリニック_自動印刷 (設定: 0_共通)
2025-05-23 15:54:06,504 - pribot - INFO - [成功] ファイルをコピーしました: 1747983233927&131216&15r6zlk6&51c852e6-6726-4549-a2a7-6446a7241985.pdf -> .../照葉浅部クリニック_自動印刷/1747983233927&131216&15r6zlk6&51c852e6-6726-4549-a2a7-6446a7241985.pdf
2025-05-23 15:54:06,504 - pribot - INFO - 元ファイルを削除しました: .../pribot/1747983233927&131216&15r6zlk6&51c852e6-6726-4549-a2a7-6446a7241985.pdf
2025-05-23 15:54:06,506 - pribot - INFO - PDFファイルの処理が完了しました: 1747983233927&131216&15r6zlk6&51c852e6-6726-4549-a2a7-6446a7241985.pdf
2025-05-23 15:54:06,506 - pribot - INFO - 
2025-05-23 15:54:11,849 - pribot - INFO - 新しいPDFファイルを検出: 1747983238984&131216&idiphv0j&f217b72b-19db-4096-909a-5562792fbf00.pdf
2025-05-23 15:54:11,948 - pribot - INFO - フォーマット識別: 診療費請求書兼領収書(A4) (ID: 1)
2025-05-23 15:54:11,948 - pribot - INFO - 抽出された医療機関名: 医療法人 吉松会 照葉浅部クリニック
2025-05-23 15:54:11,948 - pribot - INFO - [成功] マッチング成功: 医療法人 吉松会 照葉浅部クリニック
2025-05-23 15:54:11,948 - pribot - INFO - 振り分け先: 医療法人 吉松会 照葉浅部クリニック -> .../照葉浅部クリニック/照葉浅部クリニック_自動印刷 (設定: 0_共通)
2025-05-23 15:54:11,958 - pribot - INFO - [成功] ファイルをコピーしました: 1747983238984&131216&idiphv0j&f217b72b-19db-4096-909a-5562792fbf00.pdf -> .../照葉浅部クリニック_自動印刷/1747983238984&131216&idiphv0j&f217b72b-19db-4096-909a-5562792fbf00.pdf
2025-05-23 15:54:11,958 - pribot - INFO - 元ファイルを削除しました: .../pribot/1747983238984&131216&idiphv0j&f217b72b-19db-4096-909a-5562792fbf00.pdf
2025-05-23 15:54:11,958 - pribot - INFO - PDFファイルの処理が完了しました: 1747983238984&131216&idiphv0j&f217b72b-19db-4096-909a-5562792fbf00.pdf
2025-05-23 15:54:11,958 - pribot - INFO - 
2025-05-23 15:54:15,861 - pribot - INFO - 新しいPDFファイルを検出: 1747983243949&131216&uvpvhsgi&184f79fa-88c8-4eda-a263-f8e7a892158e.pdf
2025-05-23 15:54:16,718 - pribot - INFO - フォーマット識別: 診療費明細書 (ID: 4)
2025-05-23 15:54:16,719 - pribot - INFO - 抽出された医療機関名: 医療法人 吉松会 照葉浅部クリニック
2025-05-23 15:54:16,719 - pribot - INFO - [成功] マッチング成功: 医療法人 吉松会 照葉浅部クリニック
2025-05-23 15:54:16,720 - pribot - INFO - 振り分け先: 医療法人 吉松会 照葉浅部クリニック -> .../照葉浅部クリニック/照葉浅部クリニック_自動印刷 (設定: 0_共通)
2025-05-23 15:54:16,721 - pribot - INFO - [成功] ファイルをコピーしました: 1747983243949&131216&uvpvhsgi&184f79fa-88c8-4eda-a263-f8e7a892158e.pdf -> .../照葉浅部クリニック_自動印刷/1747983243949&131216&uvpvhsgi&184f79fa-88c8-4eda-a263-f8e7a892158e.pdf
2025-05-23 15:54:16,721 - pribot - INFO - 元ファイルを削除しました: .../pribot/1747983243949&131216&uvpvhsgi&184f79fa-88c8-4eda-a263-f8e7a892158e.pdf
2025-05-23 15:54:16,721 - pribot - INFO - PDFファイルの処理が完了しました: 1747983243949&131216&uvpvhsgi&184f79fa-88c8-4eda-a263-f8e7a892158e.pdf
2025-05-23 15:54:16,721 - pribot - INFO - 
2025-05-23 15:57:32,581 - pribot - INFO - 新しいPDFファイルを検出: 6586.pdf
2025-05-23 15:57:33,163 - pribot - INFO - フォーマット識別: 処方箋 (ID: 5)
2025-05-23 15:57:33,163 - pribot - INFO - 抽出された医療機関名: 西大宮整形外科くれクリニック
2025-05-23 15:57:33,163 - pribot - INFO - [成功] マッチング成功: 西大宮整形外科くれクリニック
2025-05-23 15:57:33,163 - pribot - INFO - 振り分け先: 西大宮整形外科くれクリニック -> .../くれクリニック/くれクリニック_自動印刷 (設定: 0_共通)
2025-05-23 15:57:33,163 - pribot - INFO - [成功] ファイルをコピーしました: 6586.pdf -> .../くれクリニック_自動印刷/6586.pdf
2025-05-23 15:57:33,163 - pribot - INFO - 元ファイルを削除しました: .../pribot/6586.pdf
2025-05-23 15:57:33,163 - pribot - INFO - PDFファイルの処理が完了しました: 6586.pdf
2025-05-23 15:57:33,163 - pribot - INFO - 
2025-05-23 15:57:43,599 - pribot - INFO - 新しいPDFファイルを検出: 6586-2.pdf
2025-05-23 15:57:43,693 - pribot - INFO - フォーマット識別: 診療費請求書兼領収書(A5) (ID: 3)
2025-05-23 15:57:43,693 - pribot - INFO - 抽出された医療機関名: 西大宮整形外科くれクリニック
2025-05-23 15:57:43,693 - pribot - INFO - [成功] マッチング成功: 西大宮整形外科くれクリニック
2025-05-23 15:57:43,693 - pribot - INFO - 振り分け先: 西大宮整形外科くれクリニック -> .../くれクリニック/くれクリニック_自動印刷 (設定: 0_共通)
2025-05-23 15:57:43,693 - pribot - INFO - [成功] ファイルをコピーしました: 6586-2.pdf -> .../くれクリニック_自動印刷/6586-2.pdf
2025-05-23 15:57:43,709 - pribot - INFO - 元ファイルを削除しました: .../pribot/6586-2.pdf
2025-05-23 15:57:43,709 - pribot - INFO - PDFファイルの処理が完了しました: 6586-2.pdf
2025-05-23 15:57:43,709 - pribot - INFO - 
2025-05-23 15:58:29,048 - pribot - INFO - 新しいPDFファイルを検出: 1747983490312&262296&4agyxybz&8575a63e-4aa0-4a49-889f-db545c649975.pdf
2025-05-23 15:58:29,150 - pribot - INFO - フォーマット識別: 処方箋 (ID: 5)
2025-05-23 15:58:29,150 - pribot - INFO - 抽出された医療機関名: 医療法人 そけん小児科
2025-05-23 15:58:29,150 - pribot - INFO - [成功] マッチング成功: 医療法人 そけん小児科
2025-05-23 15:58:29,150 - pribot - INFO - 振り分け先: 医療法人 そけん小児科 -> .../そけん小児科/そけん小児科_自動印刷 (設定: 0_共通)
2025-05-23 15:58:29,166 - pribot - INFO - [成功] ファイルをコピーしました: 1747983490312&262296&4agyxybz&8575a63e-4aa0-4a49-889f-db545c649975.pdf -> .../そけん小児科_自動印刷/1747983490312&262296&4agyxybz&8575a63e-4aa0-4a49-889f-db545c649975.pdf
2025-05-23 15:58:29,166 - pribot - INFO - 元ファイルを削除しました: .../pribot/1747983490312&262296&4agyxybz&8575a63e-4aa0-4a49-889f-db545c649975.pdf
2025-05-23 15:58:29,166 - pribot - INFO - PDFファイルの処理が完了しました: 1747983490312&262296&4agyxybz&8575a63e-4aa0-4a49-889f-db545c649975.pdf
2025-05-23 15:58:29,166 - pribot - INFO - 
2025-05-23 15:58:39,600 - pribot - INFO - 新しいPDFファイルを検出: 1747983501782&262296&7kziycen&86b8e79b-ccea-4786-a21c-ed171904382d.pdf
2025-05-23 15:58:39,780 - pribot - INFO - フォーマット識別: 診療費明細書 (ID: 4)
2025-05-23 15:58:39,780 - pribot - INFO - 抽出された医療機関名: 医療法人 そけん小児科
2025-05-23 15:58:39,782 - pribot - INFO - [成功] マッチング成功: 医療法人 そけん小児科
2025-05-23 15:58:39,782 - pribot - INFO - 振り分け先: 医療法人 そけん小児科 -> .../そけん小児科/そけん小児科_自動印刷 (設定: 0_共通)
2025-05-23 15:58:39,782 - pribot - INFO - [成功] ファイルをコピーしました: 1747983501782&262296&7kziycen&86b8e79b-ccea-4786-a21c-ed171904382d.pdf -> .../そけん小児科_自動印刷/1747983501782&262296&7kziycen&86b8e79b-ccea-4786-a21c-ed171904382d.pdf
2025-05-23 15:58:39,784 - pribot - INFO - 元ファイルを削除しました: .../pribot/1747983501782&262296&7kziycen&86b8e79b-ccea-4786-a21c-ed171904382d.pdf
2025-05-23 15:58:39,784 - pribot - INFO - PDFファイルの処理が完了しました: 1747983501782&262296&7kziycen&86b8e79b-ccea-4786-a21c-ed171904382d.pdf
2025-05-23 15:58:39,784 - pribot - INFO - 
2025-05-23 16:01:12,026 - pribot - INFO - 新しいPDFファイルを検出: 1747983658092&1771644&dja5pt78&2427f64f-23ec-47c6-a08c-f56fac9ee054.pdf
2025-05-23 16:01:12,135 - pribot - INFO - フォーマット識別: 処方箋 (ID: 5)
2025-05-23 16:01:12,135 - pribot - INFO - 抽出された医療機関名: 医療法人 そけん小児科
2025-05-23 16:01:12,135 - pribot - INFO - [成功] マッチング成功: 医療法人 そけん小児科
2025-05-23 16:01:12,135 - pribot - INFO - 振り分け先: 医療法人 そけん小児科 -> .../そけん小児科/そけん小児科_自動印刷 (設定: 0_共通)
2025-05-23 16:01:12,135 - pribot - INFO - [成功] ファイルをコピーしました: 1747983658092&1771644&dja5pt78&2427f64f-23ec-47c6-a08c-f56fac9ee054.pdf -> .../そけん小児科_自動印刷/1747983658092&1771644&dja5pt78&2427f64f-23ec-47c6-a08c-f56fac9ee054.pdf
2025-05-23 16:01:12,135 - pribot - INFO - 元ファイルを削除しました: .../pribot/1747983658092&1771644&dja5pt78&2427f64f-23ec-47c6-a08c-f56fac9ee054.pdf
2025-05-23 16:01:12,135 - pribot - INFO - PDFファイルの処理が完了しました: 1747983658092&1771644&dja5pt78&2427f64f-23ec-47c6-a08c-f56fac9ee054.pdf
2025-05-23 16:01:12,151 - pribot - INFO - 
2025-05-23 16:01:16,383 - pribot - INFO - 新しいPDFファイルを検出: 1747983664777&1771644&foennlbw&c4840740-a975-441c-b9c9-d3d19e8346ab.pdf
2025-05-23 16:01:16,469 - pribot - INFO - フォーマット識別: 診療費明細書 (ID: 4)
2025-05-23 16:01:16,473 - pribot - INFO - 抽出された医療機関名: 医療法人 そけん小児科
2025-05-23 16:01:16,473 - pribot - INFO - [成功] マッチング成功: 医療法人 そけん小児科
2025-05-23 16:01:16,473 - pribot - INFO - 振り分け先: 医療法人 そけん小児科 -> .../そけん小児科/そけん小児科_自動印刷 (設定: 0_共通)
2025-05-23 16:01:16,473 - pribot - INFO - [成功] ファイルをコピーしました: 1747983664777&1771644&foennlbw&c4840740-a975-441c-b9c9-d3d19e8346ab.pdf -> .../そけん小児科_自動印刷/1747983664777&1771644&foennlbw&c4840740-a975-441c-b9c9-d3d19e8346ab.pdf
2025-05-23 16:01:16,473 - pribot - INFO - 元ファイルを削除しました: .../pribot/1747983664777&1771644&foennlbw&c4840740-a975-441c-b9c9-d3d19e8346ab.pdf
2025-05-23 16:01:16,473 - pribot - INFO - PDFファイルの処理が完了しました: 1747983664777&1771644&foennlbw&c4840740-a975-441c-b9c9-d3d19e8346ab.pdf
2025-05-23 16:01:16,473 - pribot - INFO - 
2025-05-23 16:02:13,901 - pribot - INFO - 新しいPDFファイルを検出: 1747983715751&262296&96ad9vog&eeb16f98-f77a-45e5-b9ff-2107139b8b00.pdf
2025-05-23 16:02:13,981 - pribot - INFO - フォーマット識別: 処方箋 (ID: 5)
2025-05-23 16:02:13,997 - pribot - INFO - 抽出された医療機関名: 医療法人 そけん小児科
2025-05-23 16:02:13,997 - pribot - INFO - [成功] マッチング成功: 医療法人 そけん小児科
2025-05-23 16:02:13,997 - pribot - INFO - 振り分け先: 医療法人 そけん小児科 -> .../そけん小児科/そけん小児科_自動印刷 (設定: 0_共通)
2025-05-23 16:02:13,997 - pribot - INFO - [成功] ファイルをコピーしました: 1747983715751&262296&96ad9vog&eeb16f98-f77a-45e5-b9ff-2107139b8b00.pdf -> .../そけん小児科_自動印刷/1747983715751&262296&96ad9vog&eeb16f98-f77a-45e5-b9ff-2107139b8b00.pdf
2025-05-23 16:02:13,997 - pribot - INFO - 元ファイルを削除しました: .../pribot/1747983715751&262296&96ad9vog&eeb16f98-f77a-45e5-b9ff-2107139b8b00.pdf
2025-05-23 16:02:13,997 - pribot - INFO - PDFファイルの処理が完了しました: 1747983715751&262296&96ad9vog&eeb16f98-f77a-45e5-b9ff-2107139b8b00.pdf
2025-05-23 16:02:13,997 - pribot - INFO - 
2025-05-23 16:02:26,161 - pribot - INFO - 新しいPDFファイルを検出: 1747983726398&262296&58e18lg9&b3234a05-43a1-4b84-bbe0-192aaa13009d.pdf
2025-05-23 16:02:26,275 - pribot - INFO - フォーマット識別: 診療費明細書 (ID: 4)
2025-05-23 16:02:26,276 - pribot - INFO - 抽出された医療機関名: 医療法人 そけん小児科
2025-05-23 16:02:26,276 - pribot - INFO - [成功] マッチング成功: 医療法人 そけん小児科
2025-05-23 16:02:26,276 - pribot - INFO - 振り分け先: 医療法人 そけん小児科 -> .../そけん小児科/そけん小児科_自動印刷 (設定: 0_共通)
2025-05-23 16:02:26,277 - pribot - INFO - [成功] ファイルをコピーしました: 1747983726398&262296&58e18lg9&b3234a05-43a1-4b84-bbe0-192aaa13009d.pdf -> .../そけん小児科_自動印刷/1747983726398&262296&58e18lg9&b3234a05-43a1-4b84-bbe0-192aaa13009d.pdf
2025-05-23 16:02:26,278 - pribot - INFO - 元ファイルを削除しました: .../pribot/1747983726398&262296&58e18lg9&b3234a05-43a1-4b84-bbe0-192aaa13009d.pdf
2025-05-23 16:02:26,279 - pribot - INFO - PDFファイルの処理が完了しました: 1747983726398&262296&58e18lg9&b3234a05-43a1-4b84-bbe0-192aaa13009d.pdf
2025-05-23 16:02:26,279 - pribot - INFO - 
2025-05-23 16:02:42,232 - pribot - INFO - 新しいPDFファイルを検出: 1747983745699&0&t1gydh1e&3d2173e1-b733-454a-a300-80d7596a032c.pdf
2025-05-23 16:02:42,479 - pribot - INFO - フォーマット識別: 処方箋 (ID: 5)
2025-05-23 16:02:42,479 - pribot - INFO - 抽出された医療機関名: いたがき総合診療クリニック
2025-05-23 16:02:42,485 - pribot - INFO - [成功] マッチング成功: いたがき総合診療クリニック
2025-05-23 16:02:42,485 - pribot - INFO - 振り分け先: いたがき総合診療クリニック -> .../いたがき総合診療クリニック/自動印刷 (設定: 0_共通)
2025-05-23 16:02:42,487 - pribot - INFO - [成功] ファイルをコピーしました: 1747983745699&0&t1gydh1e&3d2173e1-b733-454a-a300-80d7596a032c.pdf -> .../自動印刷/1747983745699&0&t1gydh1e&3d2173e1-b733-454a-a300-80d7596a032c.pdf
2025-05-23 16:02:42,488 - pribot - INFO - 元ファイルを削除しました: .../pribot/1747983745699&0&t1gydh1e&3d2173e1-b733-454a-a300-80d7596a032c.pdf
2025-05-23 16:02:42,488 - pribot - INFO - PDFファイルの処理が完了しました: 1747983745699&0&t1gydh1e&3d2173e1-b733-454a-a300-80d7596a032c.pdf
2025-05-23 16:02:42,488 - pribot - INFO - 
2025-05-23 16:03:10,719 - pribot - INFO - 新しいPDFファイルを検出: 13666-1.pdf
2025-05-23 16:03:11,177 - pribot - INFO - フォーマット識別: 処方箋 (ID: 5)
2025-05-23 16:03:11,177 - pribot - INFO - 抽出された医療機関名: 西大宮整形外科くれクリニック
2025-05-23 16:03:11,177 - pribot - INFO - [成功] マッチング成功: 西大宮整形外科くれクリニック
2025-05-23 16:03:11,177 - pribot - INFO - 振り分け先: 西大宮整形外科くれクリニック -> .../くれクリニック/くれクリニック_自動印刷 (設定: 0_共通)
2025-05-23 16:03:11,194 - pribot - INFO - [成功] ファイルをコピーしました: 13666-1.pdf -> .../くれクリニック_自動印刷/13666-1.pdf
2025-05-23 16:03:11,194 - pribot - INFO - 元ファイルを削除しました: .../pribot/13666-1.pdf
2025-05-23 16:03:11,194 - pribot - INFO - PDFファイルの処理が完了しました: 13666-1.pdf
2025-05-23 16:03:11,194 - pribot - INFO - 
2025-05-23 16:03:43,469 - pribot - INFO - 新しいPDFファイルを検出: 13666-2.pdf
2025-05-23 16:03:43,575 - pribot - INFO - フォーマット識別: 診療費請求書兼領収書(A5) (ID: 3)
2025-05-23 16:03:43,579 - pribot - INFO - 抽出された医療機関名: 西大宮整形外科くれクリニック
2025-05-23 16:03:43,579 - pribot - INFO - [成功] マッチング成功: 西大宮整形外科くれクリニック
2025-05-23 16:03:43,579 - pribot - INFO - 振り分け先: 西大宮整形外科くれクリニック -> .../くれクリニック/くれクリニック_自動印刷 (設定: 0_共通)
2025-05-23 16:03:43,579 - pribot - INFO - [成功] ファイルをコピーしました: 13666-2.pdf -> .../くれクリニック_自動印刷/13666-2.pdf
2025-05-23 16:03:43,579 - pribot - INFO - 元ファイルを削除しました: .../pribot/13666-2.pdf
2025-05-23 16:03:43,579 - pribot - INFO - PDFファイルの処理が完了しました: 13666-2.pdf
2025-05-23 16:03:43,579 - pribot - INFO - 
2025-05-23 16:05:07,544 - pribot - INFO - 新しいPDFファイルを検出: 1747983895388&1771644&1jzgu6n6&517f1671-d4ef-4fc1-845f-e27841dcaa94.pdf
2025-05-23 16:05:07,643 - pribot - INFO - フォーマット識別: 処方箋 (ID: 5)
2025-05-23 16:05:07,643 - pribot - INFO - 抽出された医療機関名: 医療法人 そけん小児科
2025-05-23 16:05:07,643 - pribot - INFO - [成功] マッチング成功: 医療法人 そけん小児科
2025-05-23 16:05:07,643 - pribot - INFO - 振り分け先: 医療法人 そけん小児科 -> .../そけん小児科/そけん小児科_自動印刷 (設定: 0_共通)
2025-05-23 16:05:07,659 - pribot - INFO - [成功] ファイルをコピーしました: 1747983895388&1771644&1jzgu6n6&517f1671-d4ef-4fc1-845f-e27841dcaa94.pdf -> .../そけん小児科_自動印刷/1747983895388&1771644&1jzgu6n6&517f1671-d4ef-4fc1-845f-e27841dcaa94.pdf
2025-05-23 16:05:07,659 - pribot - INFO - 元ファイルを削除しました: .../pribot/1747983895388&1771644&1jzgu6n6&517f1671-d4ef-4fc1-845f-e27841dcaa94.pdf
2025-05-23 16:05:07,659 - pribot - INFO - PDFファイルの処理が完了しました: 1747983895388&1771644&1jzgu6n6&517f1671-d4ef-4fc1-845f-e27841dcaa94.pdf
2025-05-23 16:05:07,659 - pribot - INFO - 
2025-05-23 16:05:12,259 - pribot - INFO - 新しいPDFファイルを検出: 1747983900399&1771644&kfbb7yt8&36078dd5-4ea9-4e70-af2c-2cc36e70c192.pdf
2025-05-23 16:05:12,363 - pribot - INFO - フォーマット識別: 診療費明細書 (ID: 4)
2025-05-23 16:05:12,363 - pribot - INFO - 抽出された医療機関名: 医療法人 そけん小児科
2025-05-23 16:05:12,363 - pribot - INFO - [成功] マッチング成功: 医療法人 そけん小児科
2025-05-23 16:05:12,363 - pribot - INFO - 振り分け先: 医療法人 そけん小児科 -> .../そけん小児科/そけん小児科_自動印刷 (設定: 0_共通)
2025-05-23 16:05:12,366 - pribot - INFO - [成功] ファイルをコピーしました: 1747983900399&1771644&kfbb7yt8&36078dd5-4ea9-4e70-af2c-2cc36e70c192.pdf -> .../そけん小児科_自動印刷/1747983900399&1771644&kfbb7yt8&36078dd5-4ea9-4e70-af2c-2cc36e70c192.pdf
2025-05-23 16:05:12,368 - pribot - INFO - 元ファイルを削除しました: .../pribot/1747983900399&1771644&kfbb7yt8&36078dd5-4ea9-4e70-af2c-2cc36e70c192.pdf
2025-05-23 16:05:12,368 - pribot - INFO - PDFファイルの処理が完了しました: 1747983900399&1771644&kfbb7yt8&36078dd5-4ea9-4e70-af2c-2cc36e70c192.pdf
2025-05-23 16:05:12,368 - pribot - INFO - 
2025-05-23 16:05:45,498 - pribot - INFO - 新しいPDFファイルを検出: 1747983933871&0&r4qceqzf&0439178a-f067-44da-be57-ec9cc17a2acc.pdf
2025-05-23 16:05:45,599 - pribot - INFO - フォーマット識別: 処方箋 (ID: 5)
2025-05-23 16:05:45,615 - pribot - INFO - 抽出された医療機関名: いたがき総合診療クリニック
2025-05-23 16:05:45,615 - pribot - INFO - [成功] マッチング成功: いたがき総合診療クリニック
2025-05-23 16:05:45,615 - pribot - INFO - 振り分け先: いたがき総合診療クリニック -> .../いたがき総合診療クリニック/自動印刷 (設定: 0_共通)
2025-05-23 16:05:45,615 - pribot - INFO - [成功] ファイルをコピーしました: 1747983933871&0&r4qceqzf&0439178a-f067-44da-be57-ec9cc17a2acc.pdf -> .../自動印刷/1747983933871&0&r4qceqzf&0439178a-f067-44da-be57-ec9cc17a2acc.pdf
2025-05-23 16:05:45,615 - pribot - INFO - 元ファイルを削除しました: .../pribot/1747983933871&0&r4qceqzf&0439178a-f067-44da-be57-ec9cc17a2acc.pdf
2025-05-23 16:05:45,615 - pribot - INFO - PDFファイルの処理が完了しました: 1747983933871&0&r4qceqzf&0439178a-f067-44da-be57-ec9cc17a2acc.pdf
2025-05-23 16:05:45,615 - pribot - INFO - 
2025-05-23 16:05:49,971 - pribot - INFO - 新しいPDFファイルを検出: 1747983938270&0&werqol6q&436fa7d9-d5a3-422a-9051-64289b67294c.pdf
2025-05-23 16:05:50,077 - pribot - INFO - フォーマット識別: 診療費請求書兼領収書(A4) (ID: 1)
2025-05-23 16:05:50,079 - pribot - INFO - 抽出された医療機関名: いたがき総合診療クリニック
2025-05-23 16:05:50,079 - pribot - INFO - [成功] マッチング成功: いたがき総合診療クリニック
2025-05-23 16:05:50,079 - pribot - INFO - 振り分け先: いたがき総合診療クリニック -> .../いたがき総合診療クリニック/自動印刷 (設定: 0_共通)
2025-05-23 16:05:50,080 - pribot - INFO - [成功] ファイルをコピーしました: 1747983938270&0&werqol6q&436fa7d9-d5a3-422a-9051-64289b67294c.pdf -> .../自動印刷/1747983938270&0&werqol6q&436fa7d9-d5a3-422a-9051-64289b67294c.pdf
2025-05-23 16:05:50,082 - pribot - INFO - 元ファイルを削除しました: .../pribot/1747983938270&0&werqol6q&436fa7d9-d5a3-422a-9051-64289b67294c.pdf
2025-05-23 16:05:50,082 - pribot - INFO - PDFファイルの処理が完了しました: 1747983938270&0&werqol6q&436fa7d9-d5a3-422a-9051-64289b67294c.pdf
2025-05-23 16:05:50,082 - pribot - INFO - 
2025-05-23 16:05:53,723 - pribot - INFO - 新しいPDFファイルを検出: 3130-1.pdf
2025-05-23 16:05:53,960 - pribot - INFO - フォーマット識別: 診療費請求書兼領収書(A5) (ID: 3)
2025-05-23 16:05:53,960 - pribot - INFO - 抽出された医療機関名: 西大宮整形外科くれクリニック
2025-05-23 16:05:53,960 - pribot - INFO - [成功] マッチング成功: 西大宮整形外科くれクリニック
2025-05-23 16:05:53,960 - pribot - INFO - 振り分け先: 西大宮整形外科くれクリニック -> .../くれクリニック/くれクリニック_自動印刷 (設定: 0_共通)
2025-05-23 16:05:53,976 - pribot - INFO - [成功] ファイルをコピーしました: 3130-1.pdf -> .../くれクリニック_自動印刷/3130-1.pdf
2025-05-23 16:05:53,976 - pribot - INFO - 元ファイルを削除しました: .../pribot/3130-1.pdf
2025-05-23 16:05:53,979 - pribot - INFO - PDFファイルの処理が完了しました: 3130-1.pdf
2025-05-23 16:05:53,979 - pribot - INFO - 
2025-05-23 16:05:56,981 - pribot - INFO - 新しいPDFファイルを検出: 1747983942830&0&nnob89en&e9394116-5e68-4eef-a2d3-e9847f0efe6e.pdf
2025-05-23 16:05:57,250 - pribot - INFO - フォーマット識別: 診療費明細書 (ID: 4)
2025-05-23 16:05:57,251 - pribot - INFO - 抽出された医療機関名: いたがき総合診療クリニック
2025-05-23 16:05:57,252 - pribot - INFO - [成功] マッチング成功: いたがき総合診療クリニック
2025-05-23 16:05:57,252 - pribot - INFO - 振り分け先: いたがき総合診療クリニック -> .../いたがき総合診療クリニック/自動印刷 (設定: 0_共通)
2025-05-23 16:05:57,254 - pribot - INFO - [成功] ファイルをコピーしました: 1747983942830&0&nnob89en&e9394116-5e68-4eef-a2d3-e9847f0efe6e.pdf -> .../自動印刷/1747983942830&0&nnob89en&e9394116-5e68-4eef-a2d3-e9847f0efe6e.pdf
2025-05-23 16:05:57,255 - pribot - INFO - 元ファイルを削除しました: .../pribot/1747983942830&0&nnob89en&e9394116-5e68-4eef-a2d3-e9847f0efe6e.pdf
2025-05-23 16:05:57,255 - pribot - INFO - PDFファイルの処理が完了しました: 1747983942830&0&nnob89en&e9394116-5e68-4eef-a2d3-e9847f0efe6e.pdf
2025-05-23 16:05:57,255 - pribot - INFO - 
2025-05-23 16:06:06,348 - pribot - INFO - 新しいPDFファイルを検出: 23122.pdf
2025-05-23 16:06:06,441 - pribot - INFO - フォーマット識別: 診療費請求書兼領収書(A5) (ID: 3)
2025-05-23 16:06:06,457 - pribot - INFO - 抽出された医療機関名: 西大宮整形外科くれクリニック
2025-05-23 16:06:06,457 - pribot - INFO - [成功] マッチング成功: 西大宮整形外科くれクリニック
2025-05-23 16:06:06,457 - pribot - INFO - 振り分け先: 西大宮整形外科くれクリニック -> .../くれクリニック/くれクリニック_自動印刷 (設定: 0_共通)
2025-05-23 16:06:06,461 - pribot - INFO - [成功] ファイルをコピーしました: 23122.pdf -> .../くれクリニック_自動印刷/23122.pdf
2025-05-23 16:06:06,461 - pribot - INFO - 元ファイルを削除しました: .../pribot/23122.pdf
2025-05-23 16:06:06,463 - pribot - INFO - PDFファイルの処理が完了しました: 23122.pdf
2025-05-23 16:06:06,463 - pribot - INFO - 
2025-05-23 16:06:33,300 - pribot - INFO - 新しいPDFファイルを検出: 1747983981191&131216&075yqrch&e08c66c6-1517-4e49-a1f1-efdaa4cfa585.pdf
2025-05-23 16:06:33,435 - pribot - INFO - フォーマット識別: 処方箋 (ID: 5)
2025-05-23 16:06:33,435 - pribot - INFO - 抽出された医療機関名: 医療法人 吉松会 照葉浅部クリニック
2025-05-23 16:06:33,435 - pribot - INFO - [成功] マッチング成功: 医療法人 吉松会 照葉浅部クリニック
2025-05-23 16:06:33,435 - pribot - INFO - 振り分け先: 医療法人 吉松会 照葉浅部クリニック -> .../照葉浅部クリニック/照葉浅部クリニック_自動印刷 (設定: 0_共通)
2025-05-23 16:06:33,435 - pribot - INFO - [成功] ファイルをコピーしました: 1747983981191&131216&075yqrch&e08c66c6-1517-4e49-a1f1-efdaa4cfa585.pdf -> .../照葉浅部クリニック_自動印刷/1747983981191&131216&075yqrch&e08c66c6-1517-4e49-a1f1-efdaa4cfa585.pdf
2025-05-23 16:06:33,435 - pribot - INFO - 元ファイルを削除しました: .../pribot/1747983981191&131216&075yqrch&e08c66c6-1517-4e49-a1f1-efdaa4cfa585.pdf
2025-05-23 16:06:33,435 - pribot - INFO - PDFファイルの処理が完了しました: 1747983981191&131216&075yqrch&e08c66c6-1517-4e49-a1f1-efdaa4cfa585.pdf
2025-05-23 16:06:33,435 - pribot - INFO - 
2025-05-23 16:06:38,268 - pribot - INFO - 新しいPDFファイルを検出: 1747983986871&131216&trf94yit&bab67545-09b6-4870-b57f-56fece848773.pdf
2025-05-23 16:06:38,342 - pribot - INFO - フォーマット識別: 診療費明細書 (ID: 4)
2025-05-23 16:06:38,342 - pribot - INFO - 抽出された医療機関名: 医療法人 吉松会 照葉浅部クリニック
2025-05-23 16:06:38,342 - pribot - INFO - [成功] マッチング成功: 医療法人 吉松会 照葉浅部クリニック
2025-05-23 16:06:38,342 - pribot - INFO - 振り分け先: 医療法人 吉松会 照葉浅部クリニック -> .../照葉浅部クリニック/照葉浅部クリニック_自動印刷 (設定: 0_共通)
2025-05-23 16:06:38,342 - pribot - INFO - [成功] ファイルをコピーしました: 1747983986871&131216&trf94yit&bab67545-09b6-4870-b57f-56fece848773.pdf -> .../照葉浅部クリニック_自動印刷/1747983986871&131216&trf94yit&bab67545-09b6-4870-b57f-56fece848773.pdf
2025-05-23 16:06:38,342 - pribot - INFO - 元ファイルを削除しました: .../pribot/1747983986871&131216&trf94yit&bab67545-09b6-4870-b57f-56fece848773.pdf
2025-05-23 16:06:38,342 - pribot - INFO - PDFファイルの処理が完了しました: 1747983986871&131216&trf94yit&bab67545-09b6-4870-b57f-56fece848773.pdf
2025-05-23 16:06:38,342 - pribot - INFO - 
2025-05-23 16:06:41,353 - pribot - INFO - 新しいPDFファイルを検出: 3130-2.pdf
2025-05-23 16:06:41,779 - pribot - INFO - フォーマット識別: 処方箋 (ID: 5)
2025-05-23 16:06:41,779 - pribot - INFO - 抽出された医療機関名: 西大宮整形外科くれクリニック
2025-05-23 16:06:41,779 - pribot - INFO - [成功] マッチング成功: 西大宮整形外科くれクリニック
2025-05-23 16:06:41,779 - pribot - INFO - 振り分け先: 西大宮整形外科くれクリニック -> .../くれクリニック/くれクリニック_自動印刷 (設定: 0_共通)
2025-05-23 16:06:41,779 - pribot - INFO - [成功] ファイルをコピーしました: 3130-2.pdf -> .../くれクリニック_自動印刷/3130-2.pdf
2025-05-23 16:06:41,795 - pribot - INFO - 元ファイルを削除しました: .../pribot/3130-2.pdf
2025-05-23 16:06:41,795 - pribot - INFO - PDFファイルの処理が完了しました: 3130-2.pdf
2025-05-23 16:06:41,795 - pribot - INFO - 
2025-05-23 16:07:28,843 - pribot - INFO - 新しいPDFファイルを検出: 1747984036536&0&j7vra78p&9025e1be-1366-429e-85c7-cd028f32f43c.pdf
2025-05-23 16:07:28,969 - pribot - INFO - フォーマット識別: 処方箋 (ID: 5)
2025-05-23 16:07:28,969 - pribot - INFO - 抽出された医療機関名: 医療法人妙泉会 阿南いしばし医院
2025-05-23 16:07:28,969 - pribot - INFO - [成功] マッチング成功: 医療法人妙泉会 阿南いしばし医院
2025-05-23 16:07:28,969 - pribot - INFO - 振り分け先: 医療法人妙泉会 阿南いしばし医院 -> .../阿南いしばし医院/阿南いしばし医院_自動印刷 (設定: 0_共通)
2025-05-23 16:07:28,969 - pribot - INFO - [成功] ファイルをコピーしました: 1747984036536&0&j7vra78p&9025e1be-1366-429e-85c7-cd028f32f43c.pdf -> .../阿南いしばし医院_自動印刷/1747984036536&0&j7vra78p&9025e1be-1366-429e-85c7-cd028f32f43c.pdf
2025-05-23 16:07:28,978 - pribot - INFO - 元ファイルを削除しました: .../pribot/1747984036536&0&j7vra78p&9025e1be-1366-429e-85c7-cd028f32f43c.pdf
2025-05-23 16:07:28,978 - pribot - INFO - PDFファイルの処理が完了しました: 1747984036536&0&j7vra78p&9025e1be-1366-429e-85c7-cd028f32f43c.pdf
2025-05-23 16:07:28,978 - pribot - INFO - 
2025-05-23 16:08:35,338 - pribot - INFO - 新しいPDFファイルを検出: 1747984100479&0&roce3ccm&f9e12e3f-57fc-4ec4-982e-669266baad3e.pdf
2025-05-23 16:08:35,430 - pribot - INFO - フォーマット識別: 処方箋 (ID: 5)
2025-05-23 16:08:35,430 - pribot - INFO - 抽出された医療機関名: いたがき総合診療クリニック
2025-05-23 16:08:35,430 - pribot - INFO - [成功] マッチング成功: いたがき総合診療クリニック
2025-05-23 16:08:35,430 - pribot - INFO - 振り分け先: いたがき総合診療クリニック -> .../いたがき総合診療クリニック/自動印刷 (設定: 0_共通)
2025-05-23 16:08:35,446 - pribot - INFO - [成功] ファイルをコピーしました: 1747984100479&0&roce3ccm&f9e12e3f-57fc-4ec4-982e-669266baad3e.pdf -> .../自動印刷/1747984100479&0&roce3ccm&f9e12e3f-57fc-4ec4-982e-669266baad3e.pdf
2025-05-23 16:08:35,449 - pribot - INFO - 元ファイルを削除しました: .../pribot/1747984100479&0&roce3ccm&f9e12e3f-57fc-4ec4-982e-669266baad3e.pdf
2025-05-23 16:08:35,449 - pribot - INFO - PDFファイルの処理が完了しました: 1747984100479&0&roce3ccm&f9e12e3f-57fc-4ec4-982e-669266baad3e.pdf
2025-05-23 16:08:35,449 - pribot - INFO - 
2025-05-23 16:08:40,614 - pribot - INFO - 新しいPDFファイルを検出: 1747984108413&0&glhnznbp&3e9fe920-e67d-4025-bf9b-9ba932322beb.pdf
2025-05-23 16:08:40,834 - pribot - INFO - フォーマット識別: 診療費請求書兼領収書(A4) (ID: 1)
2025-05-23 16:08:40,834 - pribot - INFO - 抽出された医療機関名: いたがき総合診療クリニック
2025-05-23 16:08:40,834 - pribot - INFO - [成功] マッチング成功: いたがき総合診療クリニック
2025-05-23 16:08:40,834 - pribot - INFO - 振り分け先: いたがき総合診療クリニック -> .../いたがき総合診療クリニック/自動印刷 (設定: 0_共通)
2025-05-23 16:08:40,834 - pribot - INFO - [成功] ファイルをコピーしました: 1747984108413&0&glhnznbp&3e9fe920-e67d-4025-bf9b-9ba932322beb.pdf -> .../自動印刷/1747984108413&0&glhnznbp&3e9fe920-e67d-4025-bf9b-9ba932322beb.pdf
2025-05-23 16:08:40,834 - pribot - INFO - 元ファイルを削除しました: .../pribot/1747984108413&0&glhnznbp&3e9fe920-e67d-4025-bf9b-9ba932322beb.pdf
2025-05-23 16:08:40,834 - pribot - INFO - PDFファイルの処理が完了しました: 1747984108413&0&glhnznbp&3e9fe920-e67d-4025-bf9b-9ba932322beb.pdf
2025-05-23 16:08:40,842 - pribot - INFO - 
2025-05-23 16:08:45,870 - pribot - INFO - 新しいPDFファイルを検出: 1747984113693&0&eqlxz6oe&4157edaf-84f3-4f5f-b08f-256678fddb8a.pdf
2025-05-23 16:08:46,144 - pribot - INFO - フォーマット識別: 診療費明細書 (ID: 4)
2025-05-23 16:08:46,144 - pribot - INFO - 抽出された医療機関名: いたがき総合診療クリニック
2025-05-23 16:08:46,144 - pribot - INFO - [成功] マッチング成功: いたがき総合診療クリニック
2025-05-23 16:08:46,144 - pribot - INFO - 振り分け先: いたがき総合診療クリニック -> .../いたがき総合診療クリニック/自動印刷 (設定: 0_共通)
2025-05-23 16:08:46,144 - pribot - INFO - [成功] ファイルをコピーしました: 1747984113693&0&eqlxz6oe&4157edaf-84f3-4f5f-b08f-256678fddb8a.pdf -> .../自動印刷/1747984113693&0&eqlxz6oe&4157edaf-84f3-4f5f-b08f-256678fddb8a.pdf
2025-05-23 16:08:46,144 - pribot - INFO - 元ファイルを削除しました: .../pribot/1747984113693&0&eqlxz6oe&4157edaf-84f3-4f5f-b08f-256678fddb8a.pdf
2025-05-23 16:08:46,144 - pribot - INFO - PDFファイルの処理が完了しました: 1747984113693&0&eqlxz6oe&4157edaf-84f3-4f5f-b08f-256678fddb8a.pdf
2025-05-23 16:08:46,144 - pribot - INFO - 
2025-05-23 16:09:15,290 - pribot - INFO - 新しいPDFファイルを検出: 1747984143463&131216&9qwm1pmq&47bd68dc-dbad-4465-a6f7-bbc135e4d6f9.pdf
2025-05-23 16:09:15,420 - pribot - INFO - フォーマット識別: 処方箋 (ID: 5)
2025-05-23 16:09:15,423 - pribot - INFO - 抽出された医療機関名: 医療法人 吉松会 照葉浅部クリニック
2025-05-23 16:09:15,423 - pribot - INFO - [成功] マッチング成功: 医療法人 吉松会 照葉浅部クリニック
2025-05-23 16:09:15,423 - pribot - INFO - 振り分け先: 医療法人 吉松会 照葉浅部クリニック -> .../照葉浅部クリニック/照葉浅部クリニック_自動印刷 (設定: 0_共通)
2025-05-23 16:09:15,425 - pribot - INFO - [成功] ファイルをコピーしました: 1747984143463&131216&9qwm1pmq&47bd68dc-dbad-4465-a6f7-bbc135e4d6f9.pdf -> .../照葉浅部クリニック_自動印刷/1747984143463&131216&9qwm1pmq&47bd68dc-dbad-4465-a6f7-bbc135e4d6f9.pdf
2025-05-23 16:09:15,425 - pribot - INFO - 元ファイルを削除しました: .../pribot/1747984143463&131216&9qwm1pmq&47bd68dc-dbad-4465-a6f7-bbc135e4d6f9.pdf
2025-05-23 16:09:15,425 - pribot - INFO - PDFファイルの処理が完了しました: 1747984143463&131216&9qwm1pmq&47bd68dc-dbad-4465-a6f7-bbc135e4d6f9.pdf
2025-05-23 16:09:15,425 - pribot - INFO - 
2025-05-23 16:09:20,879 - pribot - INFO - 新しいPDFファイルを検出: 1747984148904&131216&yakda1hz&527991f6-f91f-4415-8eb6-0e3b094ff2df.pdf
2025-05-23 16:09:21,103 - pribot - INFO - フォーマット識別: 診療費明細書 (ID: 4)
2025-05-23 16:09:21,119 - pribot - INFO - 抽出された医療機関名: 医療法人 吉松会 照葉浅部クリニック
2025-05-23 16:09:21,119 - pribot - INFO - [成功] マッチング成功: 医療法人 吉松会 照葉浅部クリニック
2025-05-23 16:09:21,119 - pribot - INFO - 振り分け先: 医療法人 吉松会 照葉浅部クリニック -> .../照葉浅部クリニック/照葉浅部クリニック_自動印刷 (設定: 0_共通)
2025-05-23 16:09:21,122 - pribot - INFO - [成功] ファイルをコピーしました: 1747984148904&131216&yakda1hz&527991f6-f91f-4415-8eb6-0e3b094ff2df.pdf -> .../照葉浅部クリニック_自動印刷/1747984148904&131216&yakda1hz&527991f6-f91f-4415-8eb6-0e3b094ff2df.pdf
2025-05-23 16:09:21,124 - pribot - INFO - 元ファイルを削除しました: .../pribot/1747984148904&131216&yakda1hz&527991f6-f91f-4415-8eb6-0e3b094ff2df.pdf
2025-05-23 16:09:21,124 - pribot - INFO - PDFファイルの処理が完了しました: 1747984148904&131216&yakda1hz&527991f6-f91f-4415-8eb6-0e3b094ff2df.pdf
2025-05-23 16:09:21,124 - pribot - INFO - 
2025-05-23 16:10:39,210 - pribot - INFO - 新しいPDFファイルを検出: 1747984224297&0&aygh3ech&cdf9ae41-7c2a-40bd-80b2-810ae68096ae.pdf
2025-05-23 16:10:39,342 - pribot - INFO - フォーマット識別: 処方箋 (ID: 5)
2025-05-23 16:10:39,357 - pribot - INFO - 抽出された医療機関名: メモリーケアクリニック湘南
2025-05-23 16:10:39,357 - pribot - INFO - [成功] マッチング成功: メモリーケアクリニック湘南
2025-05-23 16:10:39,357 - pribot - INFO - 振り分け先: メモリーケアクリニック湘南 -> .../メモリーケアクリニック湘南_自動印刷/請求書兼明細書（A5） (設定: 5_処方箋)
2025-05-23 16:10:39,358 - pribot - INFO - [成功] ファイルをコピーしました: 1747984224297&0&aygh3ech&cdf9ae41-7c2a-40bd-80b2-810ae68096ae.pdf -> .../請求書兼明細書（A5）/1747984224297&0&aygh3ech&cdf9ae41-7c2a-40bd-80b2-810ae68096ae.pdf
2025-05-23 16:10:39,358 - pribot - INFO - 元ファイルを削除しました: .../pribot/1747984224297&0&aygh3ech&cdf9ae41-7c2a-40bd-80b2-810ae68096ae.pdf
2025-05-23 16:10:39,361 - pribot - INFO - PDFファイルの処理が完了しました: 1747984224297&0&aygh3ech&cdf9ae41-7c2a-40bd-80b2-810ae68096ae.pdf
2025-05-23 16:10:39,361 - pribot - INFO - 
2025-05-23 16:11:53,987 - pribot - INFO - 新しいPDFファイルを検出: 1747984293671&264116&dls3dq2b&0f92b144-6f9a-41de-bc44-129cd3c3de36.pdf
2025-05-23 16:11:54,402 - pribot - INFO - フォーマット識別: 処方箋 (ID: 5)
2025-05-23 16:11:54,409 - pribot - INFO - 抽出された医療機関名: メモリーケアクリニック湘南
2025-05-23 16:11:54,409 - pribot - INFO - [成功] マッチング成功: メモリーケアクリニック湘南
2025-05-23 16:11:54,409 - pribot - INFO - 振り分け先: メモリーケアクリニック湘南 -> .../メモリーケアクリニック湘南_自動印刷/請求書兼明細書（A5） (設定: 5_処方箋)
2025-05-23 16:11:54,409 - pribot - INFO - [成功] ファイルをコピーしました: 1747984293671&264116&dls3dq2b&0f92b144-6f9a-41de-bc44-129cd3c3de36.pdf -> .../請求書兼明細書（A5）/1747984293671&264116&dls3dq2b&0f92b144-6f9a-41de-bc44-129cd3c3de36.pdf
2025-05-23 16:11:54,413 - pribot - INFO - 元ファイルを削除しました: .../pribot/1747984293671&264116&dls3dq2b&0f92b144-6f9a-41de-bc44-129cd3c3de36.pdf
2025-05-23 16:11:54,413 - pribot - INFO - PDFファイルの処理が完了しました: 1747984293671&264116&dls3dq2b&0f92b144-6f9a-41de-bc44-129cd3c3de36.pdf
2025-05-23 16:11:54,413 - pribot - INFO - 
2025-05-23 16:13:24,594 - pribot - INFO - 新しいPDFファイルを検出: 9512.pdf
2025-05-23 16:13:24,704 - pribot - INFO - フォーマット識別: 処方箋 (ID: 5)
2025-05-23 16:13:24,704 - pribot - INFO - 抽出された医療機関名: 西大宮整形外科くれクリニック
2025-05-23 16:13:24,704 - pribot - INFO - [成功] マッチング成功: 西大宮整形外科くれクリニック
2025-05-23 16:13:24,704 - pribot - INFO - 振り分け先: 西大宮整形外科くれクリニック -> .../くれクリニック/くれクリニック_自動印刷 (設定: 0_共通)
2025-05-23 16:13:24,704 - pribot - INFO - [成功] ファイルをコピーしました: 9512.pdf -> .../くれクリニック_自動印刷/9512.pdf
2025-05-23 16:13:24,704 - pribot - INFO - 元ファイルを削除しました: .../pribot/9512.pdf
2025-05-23 16:13:24,704 - pribot - INFO - PDFファイルの処理が完了しました: 9512.pdf
2025-05-23 16:13:24,704 - pribot - INFO - 
2025-05-23 16:13:27,715 - pribot - INFO - 新しいPDFファイルを検出: 1747984393976&0&noruzeja&ef95d75a-3b2a-417a-90c8-30778866e857.pdf
2025-05-23 16:13:27,887 - pribot - INFO - フォーマット識別: 処方箋 (ID: 5)
2025-05-23 16:13:27,887 - pribot - INFO - 抽出された医療機関名: 医療法人妙泉会 阿南いしばし医院
2025-05-23 16:13:27,887 - pribot - INFO - [成功] マッチング成功: 医療法人妙泉会 阿南いしばし医院
2025-05-23 16:13:27,887 - pribot - INFO - 振り分け先: 医療法人妙泉会 阿南いしばし医院 -> .../阿南いしばし医院/阿南いしばし医院_自動印刷 (設定: 0_共通)
2025-05-23 16:13:27,903 - pribot - INFO - [成功] ファイルをコピーしました: 1747984393976&0&noruzeja&ef95d75a-3b2a-417a-90c8-30778866e857.pdf -> .../阿南いしばし医院_自動印刷/1747984393976&0&noruzeja&ef95d75a-3b2a-417a-90c8-30778866e857.pdf
2025-05-23 16:13:27,903 - pribot - INFO - 元ファイルを削除しました: .../pribot/1747984393976&0&noruzeja&ef95d75a-3b2a-417a-90c8-30778866e857.pdf
2025-05-23 16:13:27,903 - pribot - INFO - PDFファイルの処理が完了しました: 1747984393976&0&noruzeja&ef95d75a-3b2a-417a-90c8-30778866e857.pdf
2025-05-23 16:13:27,903 - pribot - INFO - 
2025-05-23 16:13:49,616 - pribot - INFO - 新しいPDFファイルを検出: 9512-1.pdf
2025-05-23 16:13:49,708 - pribot - INFO - フォーマット識別: 診療費請求書兼領収書(A5) (ID: 3)
2025-05-23 16:13:49,724 - pribot - INFO - 抽出された医療機関名: 西大宮整形外科くれクリニック
2025-05-23 16:13:49,724 - pribot - INFO - [成功] マッチング成功: 西大宮整形外科くれクリニック
2025-05-23 16:13:49,724 - pribot - INFO - 振り分け先: 西大宮整形外科くれクリニック -> .../くれクリニック/くれクリニック_自動印刷 (設定: 0_共通)
2025-05-23 16:13:49,724 - pribot - INFO - [成功] ファイルをコピーしました: 9512-1.pdf -> .../くれクリニック_自動印刷/9512-1.pdf
2025-05-23 16:13:49,724 - pribot - INFO - 元ファイルを削除しました: .../pribot/9512-1.pdf
2025-05-23 16:13:49,724 - pribot - INFO - PDFファイルの処理が完了しました: 9512-1.pdf
2025-05-23 16:13:49,724 - pribot - INFO - 
2025-05-23 16:15:26,169 - pribot - INFO - 新しいPDFファイルを検出: 9512-1.pdf
2025-05-23 16:15:26,692 - pribot - INFO - フォーマット識別: 処方箋 (ID: 5)
2025-05-23 16:15:26,693 - pribot - INFO - 抽出された医療機関名: 西大宮整形外科くれクリニック
2025-05-23 16:15:26,695 - pribot - INFO - [成功] マッチング成功: 西大宮整形外科くれクリニック
2025-05-23 16:15:26,695 - pribot - INFO - 振り分け先: 西大宮整形外科くれクリニック -> .../くれクリニック/くれクリニック_自動印刷 (設定: 0_共通)
2025-05-23 16:15:26,696 - pribot - INFO - [成功] ファイルをコピーしました: 9512-1.pdf -> .../くれクリニック_自動印刷/9512-1.pdf
2025-05-23 16:15:26,698 - pribot - INFO - 元ファイルを削除しました: .../pribot/9512-1.pdf
2025-05-23 16:15:26,698 - pribot - INFO - PDFファイルの処理が完了しました: 9512-1.pdf
2025-05-23 16:15:26,698 - pribot - INFO - 
2025-05-23 16:17:23,843 - pribot - INFO - 新しいPDFファイルを検出: 13543.pdf
2025-05-23 16:17:23,947 - pribot - INFO - フォーマット識別: 診療費請求書兼領収書(A5) (ID: 3)
2025-05-23 16:17:23,947 - pribot - INFO - 抽出された医療機関名: 西大宮整形外科くれクリニック
2025-05-23 16:17:23,947 - pribot - INFO - [成功] マッチング成功: 西大宮整形外科くれクリニック
2025-05-23 16:17:23,947 - pribot - INFO - 振り分け先: 西大宮整形外科くれクリニック -> .../くれクリニック/くれクリニック_自動印刷 (設定: 0_共通)
2025-05-23 16:17:23,947 - pribot - INFO - [成功] ファイルをコピーしました: 13543.pdf -> .../くれクリニック_自動印刷/13543.pdf
2025-05-23 16:17:23,947 - pribot - INFO - 元ファイルを削除しました: .../pribot/13543.pdf
2025-05-23 16:17:23,947 - pribot - INFO - PDFファイルの処理が完了しました: 13543.pdf
2025-05-23 16:17:23,947 - pribot - INFO - 
2025-05-23 16:17:26,956 - pribot - INFO - 新しいPDFファイルを検出: 9512-2.pdf
2025-05-23 16:17:27,515 - pribot - INFO - フォーマット識別: 診療費請求書兼領収書(A5) (ID: 3)
2025-05-23 16:17:27,515 - pribot - INFO - 抽出された医療機関名: 西大宮整形外科くれクリニック
2025-05-23 16:17:27,515 - pribot - INFO - [成功] マッチング成功: 西大宮整形外科くれクリニック
2025-05-23 16:17:27,515 - pribot - INFO - 振り分け先: 西大宮整形外科くれクリニック -> .../くれクリニック/くれクリニック_自動印刷 (設定: 0_共通)
2025-05-23 16:17:27,531 - pribot - INFO - [成功] ファイルをコピーしました: 9512-2.pdf -> .../くれクリニック_自動印刷/9512-2.pdf
2025-05-23 16:17:27,531 - pribot - INFO - 元ファイルを削除しました: .../pribot/9512-2.pdf
2025-05-23 16:17:27,531 - pribot - INFO - PDFファイルの処理が完了しました: 9512-2.pdf
2025-05-23 16:17:27,531 - pribot - INFO - 
2025-05-23 16:17:42,427 - pribot - INFO - 新しいPDFファイルを検出: 1519.pdf
2025-05-23 16:17:42,580 - pribot - INFO - フォーマット識別: 処方箋 (ID: 5)
2025-05-23 16:17:42,580 - pribot - INFO - 抽出された医療機関名: 西大宮整形外科くれクリニック
2025-05-23 16:17:42,580 - pribot - INFO - [成功] マッチング成功: 西大宮整形外科くれクリニック
2025-05-23 16:17:42,580 - pribot - INFO - 振り分け先: 西大宮整形外科くれクリニック -> .../くれクリニック/くれクリニック_自動印刷 (設定: 0_共通)
2025-05-23 16:17:42,580 - pribot - INFO - [成功] ファイルをコピーしました: 1519.pdf -> .../くれクリニック_自動印刷/1519.pdf
2025-05-23 16:17:42,580 - pribot - INFO - 元ファイルを削除しました: .../pribot/1519.pdf
2025-05-23 16:17:42,580 - pribot - INFO - PDFファイルの処理が完了しました: 1519.pdf
2025-05-23 16:17:42,580 - pribot - INFO - 
2025-05-23 16:17:53,095 - pribot - INFO - 新しいPDFファイルを検出: 1519-2.pdf
2025-05-23 16:17:53,207 - pribot - INFO - フォーマット識別: 診療費請求書兼領収書(A5) (ID: 3)
2025-05-23 16:17:53,224 - pribot - INFO - 抽出された医療機関名: 西大宮整形外科くれクリニック
2025-05-23 16:17:53,224 - pribot - INFO - [成功] マッチング成功: 西大宮整形外科くれクリニック
2025-05-23 16:17:53,224 - pribot - INFO - 振り分け先: 西大宮整形外科くれクリニック -> .../くれクリニック/くれクリニック_自動印刷 (設定: 0_共通)
2025-05-23 16:17:53,224 - pribot - INFO - [成功] ファイルをコピーしました: 1519-2.pdf -> .../くれクリニック_自動印刷/1519-2.pdf
2025-05-23 16:17:53,224 - pribot - INFO - 元ファイルを削除しました: .../pribot/1519-2.pdf
2025-05-23 16:17:53,224 - pribot - INFO - PDFファイルの処理が完了しました: 1519-2.pdf
2025-05-23 16:17:53,224 - pribot - INFO - 
2025-05-23 16:23:53,727 - pribot - INFO - 新しいPDFファイルを検出: 13543.pdf
2025-05-23 16:23:53,848 - pribot - INFO - フォーマット識別: 診療費請求書兼領収書(A5) (ID: 3)
2025-05-23 16:23:53,849 - pribot - INFO - 抽出された医療機関名: 西大宮整形外科くれクリニック
2025-05-23 16:23:53,849 - pribot - INFO - [成功] マッチング成功: 西大宮整形外科くれクリニック
2025-05-23 16:23:53,849 - pribot - INFO - 振り分け先: 西大宮整形外科くれクリニック -> .../くれクリニック/くれクリニック_自動印刷 (設定: 0_共通)
2025-05-23 16:23:53,852 - pribot - INFO - [成功] ファイルをコピーしました: 13543.pdf -> .../くれクリニック_自動印刷/13543.pdf
2025-05-23 16:23:53,852 - pribot - INFO - 元ファイルを削除しました: .../pribot/13543.pdf
2025-05-23 16:23:53,852 - pribot - INFO - PDFファイルの処理が完了しました: 13543.pdf
2025-05-23 16:23:53,852 - pribot - INFO - 
2025-05-23 16:25:42,377 - pribot - INFO - 新しいPDFファイルを検出: 1747985129063&0&jv68wkjv&dbcb26d7-b038-4db3-b07a-502076e1b1d7.pdf
2025-05-23 16:25:42,569 - pribot - INFO - フォーマット識別: 処方箋 (ID: 5)
2025-05-23 16:25:42,571 - pribot - INFO - 抽出された医療機関名: いたがき総合診療クリニック
2025-05-23 16:25:42,571 - pribot - INFO - [成功] マッチング成功: いたがき総合診療クリニック
2025-05-23 16:25:42,571 - pribot - INFO - 振り分け先: いたがき総合診療クリニック -> .../いたがき総合診療クリニック/自動印刷 (設定: 0_共通)
2025-05-23 16:25:42,573 - pribot - INFO - [成功] ファイルをコピーしました: 1747985129063&0&jv68wkjv&dbcb26d7-b038-4db3-b07a-502076e1b1d7.pdf -> .../自動印刷/1747985129063&0&jv68wkjv&dbcb26d7-b038-4db3-b07a-502076e1b1d7.pdf
2025-05-23 16:25:42,574 - pribot - INFO - 元ファイルを削除しました: .../pribot/1747985129063&0&jv68wkjv&dbcb26d7-b038-4db3-b07a-502076e1b1d7.pdf
2025-05-23 16:25:42,574 - pribot - INFO - PDFファイルの処理が完了しました: 1747985129063&0&jv68wkjv&dbcb26d7-b038-4db3-b07a-502076e1b1d7.pdf
2025-05-23 16:25:42,574 - pribot - INFO - 
2025-05-23 16:25:52,514 - pribot - INFO - 新しいPDFファイルを検出: 1747985138417&0&ebmesbe4&a16a037d-f29b-4522-a6a3-7dcd1a630c0b.pdf
2025-05-23 16:25:52,662 - pribot - INFO - フォーマット識別: 診療費請求書兼領収書(A5) (ID: 3)
2025-05-23 16:25:52,662 - pribot - INFO - 抽出された医療機関名: メモリーケアクリニック湘南
2025-05-23 16:25:52,664 - pribot - INFO - [成功] マッチング成功: メモリーケアクリニック湘南
2025-05-23 16:25:52,664 - pribot - INFO - 振り分け先: メモリーケアクリニック湘南 -> .../メモリーケアクリニック湘南_自動印刷/請求書兼明細書（A5） (設定: 3_診療費請求書兼領収書(A5))
2025-05-23 16:25:52,666 - pribot - INFO - [成功] ファイルをコピーしました: 1747985138417&0&ebmesbe4&a16a037d-f29b-4522-a6a3-7dcd1a630c0b.pdf -> .../請求書兼明細書（A5）/1747985138417&0&ebmesbe4&a16a037d-f29b-4522-a6a3-7dcd1a630c0b.pdf
2025-05-23 16:25:52,667 - pribot - INFO - 元ファイルを削除しました: .../pribot/1747985138417&0&ebmesbe4&a16a037d-f29b-4522-a6a3-7dcd1a630c0b.pdf
2025-05-23 16:25:52,667 - pribot - INFO - PDFファイルの処理が完了しました: 1747985138417&0&ebmesbe4&a16a037d-f29b-4522-a6a3-7dcd1a630c0b.pdf
2025-05-23 16:25:52,667 - pribot - INFO - 
