2025-06-01 06:54:02,450 - pribot - INFO - ====== PriBot ログセッション開始 ======
2025-06-01 06:54:02,454 - pribot - INFO - PriBot を開始します
2025-06-01 06:54:02,462 - pribot - INFO - Backlog APIから監視フォルダとエラーフォルダの設定を取得します
2025-06-01 06:54:02,590 - pribot - INFO - 監視フォルダパス: .../診療報酬請求事務集中センターOASIS INNOVATION/pribot
2025-06-01 06:54:02,592 - pribot - INFO - エラーフォルダパス: .../pribot/error
2025-06-01 06:54:02,604 - pribot - INFO - Backlog APIリクエストを開始します
2025-06-01 06:54:02,678 - pribot - INFO - プロジェクト名: PriBot管理
2025-06-01 06:54:02,782 - pribot - INFO - 取得した全課題数: 16
2025-06-01 06:54:02,782 - pribot - INFO - 存在する課題タイプ: 医療機関, PriBot設定
2025-06-01 06:54:02,791 - pribot - INFO - 課題 PRIBOT-2: 振り分け先 '0_共通' = 'C:\Users\miyake2106\OASIS INNOAVTION Dropbox\診療報酬請求事務集中センターOASIS INNOVATION\くれクリニック\くれクリニック_自動印刷'
2025-06-01 06:54:02,791 - pribot - INFO - 課題 PRIBOT-3: 振り分け先 '0_共通' = 'C:\Users\miyake2106\OASIS INNOAVTION Dropbox\診療報酬請求事務集中センターOASIS INNOVATION\いたがき総合診療クリニック\自動印刷'
2025-06-01 06:54:02,791 - pribot - INFO - 課題 PRIBOT-4: 振り分け先 '0_共通' = 'C:\Users\miyake2106\OASIS INNOAVTION Dropbox\診療報酬請求事務集中センターOASIS INNOVATION\そけん小児科\そけん小児科_自動印刷'
2025-06-01 06:54:02,791 - pribot - INFO - 課題 PRIBOT-5: 振り分け先 '0_共通' = 'C:\Users\miyake2106\OASIS INNOAVTION Dropbox\診療報酬請求事務集中センターOASIS INNOVATION\Scan\NGC_自動印刷'
2025-06-01 06:54:02,791 - pribot - INFO - 課題 PRIBOT-6: 振り分け先 '0_共通' = 'C:\Users\miyake2106\OASIS INNOAVTION Dropbox\診療報酬請求事務集中センターOASIS INNOVATION\阿南いしばし医院\阿南いしばし医院_自動印刷'
2025-06-01 06:54:02,791 - pribot - INFO - 課題 PRIBOT-7: 振り分け先 '1_診療費請求書兼領収書(縦)' = 'C:\Users\miyake2106\OASIS INNOAVTION Dropbox\診療報酬請求事務集中センターOASIS INNOVATION\三宅村中央診療所\三宅村中央診療所_自動印刷'
2025-06-01 06:54:02,791 - pribot - INFO - 課題 PRIBOT-8: 振り分け先 '6_お薬手帳' = 'C:\Users\miyake2106\OASIS INNOAVTION Dropbox\診療報酬請求事務集中センターOASIS INNOVATION\三宅村中央診療所\三宅村中央診療所_ラベル（手帳・薬袋）'
2025-06-01 06:54:02,791 - pribot - INFO - 課題 PRIBOT-9: 振り分け先 '7_お薬情報' = 'C:\Users\miyake2106\OASIS INNOAVTION Dropbox\診療報酬請求事務集中センターOASIS INNOVATION\三宅村中央診療所\三宅村中央診療所_薬情'
2025-06-01 06:54:02,791 - pribot - INFO - 課題 PRIBOT-10: 振り分け先 '0_共通' = 'C:\Users\miyake2106\OASIS INNOAVTION Dropbox\診療報酬請求事務集中センターOASIS INNOVATION\照葉浅部クリニック\照葉浅部クリニック_自動印刷'
2025-06-01 06:54:02,791 - pribot - INFO - 課題 PRIBOT-11: 振り分け先 '3_診療費請求書兼領収書(横)' = 'C:\Users\miyake2106\OASIS INNOAVTION Dropbox\診療報酬請求事務集中センターOASIS INNOVATION\メモリーケアクリニック湘南\メモリーケアクリニック湘南_自動印刷\請求書兼明細書（A5）'
2025-06-01 06:54:02,791 - pribot - INFO - 課題 PRIBOT-12: 振り分け先 '5_処方箋' = 'C:\Users\miyake2106\OASIS INNOAVTION Dropbox\診療報酬請求事務集中センターOASIS INNOVATION\メモリーケアクリニック湘南\メモリーケアクリニック湘南_自動印刷\請求書兼明細書（A5）'
2025-06-01 06:54:02,791 - pribot - INFO - 課題 PRIBOT-13: 振り分け先 '7_お薬情報' = 'C:\Users\miyake2106\OASIS INNOAVTION Dropbox\診療報酬請求事務集中センターOASIS INNOVATION\メモリーケアクリニック湘南\メモリーケアクリニック湘南_自動印刷\薬剤情報提供書（A4）'
2025-06-01 06:54:02,791 - pribot - INFO - 課題 PRIBOT-14: 振り分け先 '2_診療費請求書兼領収書(控え付き)' = 'C:\Users\miyake2106\OASIS INNOAVTION Dropbox\診療報酬請求事務集中センターOASIS INNOVATION\ひまわりクリニックきょうごく\ひまわりクリニックきょうごく_自動印刷\請求書'
2025-06-01 06:54:02,791 - pribot - INFO - 課題 PRIBOT-15: 振り分け先 '4_診療費明細書' = 'C:\Users\miyake2106\OASIS INNOAVTION Dropbox\診療報酬請求事務集中センターOASIS INNOVATION\ひまわりクリニックきょうごく\ひまわりクリニックきょうごく_自動印刷\明細書'
2025-06-01 06:54:02,791 - pribot - INFO - 課題 PRIBOT-16: 振り分け先 '8_薬袋シール(三宅村)' = 'C:\Users\miyake2106\OASIS INNOAVTION Dropbox\診療報酬請求事務集中センターOASIS INNOVATION\三宅村中央診療所\三宅村中央診療所_ラベル（手帳・薬袋）'
2025-06-01 06:54:02,791 - pribot - INFO - PriBot 監視対象の医療機関名: 西大宮整形外科くれクリニック, 振り分け設定数: 1
2025-06-01 06:54:02,793 - pribot - INFO - PriBot 監視対象の医療機関名: いたがき総合診療クリニック, 振り分け設定数: 1
2025-06-01 06:54:02,793 - pribot - INFO - PriBot 監視対象の医療機関名: 医療法人 そけん小児科, 振り分け設定数: 1
2025-06-01 06:54:02,793 - pribot - INFO - PriBot 監視対象の医療機関名: 医療法人五一六五ナゴヤガーデンクリニック, 振り分け設定数: 1
2025-06-01 06:54:02,793 - pribot - INFO - PriBot 監視対象の医療機関名: 医療法人妙泉会 阿南いしばし医院, 振り分け設定数: 1
2025-06-01 06:54:02,793 - pribot - INFO - PriBot 監視対象の医療機関名: 三宅村国民健康保険直営中央診療所, 振り分け設定数: 4
2025-06-01 06:54:02,793 - pribot - INFO - PriBot 監視対象の医療機関名: 医療法人 吉松会 照葉浅部クリニック, 振り分け設定数: 1
2025-06-01 06:54:02,793 - pribot - INFO - PriBot 監視対象の医療機関名: メモリーケアクリニック湘南, 振り分け設定数: 3
2025-06-01 06:54:02,793 - pribot - INFO - PriBot 監視対象の医療機関名: ひまわりクリニックきょうごく, 振り分け設定数: 2
2025-06-01 06:54:02,793 - pribot - INFO - 監視対象の医療機関数: 9, スキップした課題数: 1
2025-06-01 06:54:02,793 - pribot - INFO - PriBot 監視フォルダ: C:\Users\miyake2106\OASIS INNOAVTION Dropbox\診療報酬請求事務集中センターOASIS INNOVATION\pribot
2025-06-01 06:54:02,793 - pribot - INFO - PriBot エラーフォルダ: C:\Users\miyake2106\OASIS INNOAVTION Dropbox\診療報酬請求事務集中センターOASIS INNOVATION\pribot\error
2025-06-01 06:54:02,793 - pribot - INFO - PriBot 監視対象の医療機関数: 9
2025-06-01 06:54:02,793 - pribot - INFO - ファイル監視を開始しました
2025-06-01 10:53:53,827 - pribot - INFO - 新しいPDFファイルを検出: 934d4a15-033e-410c-9809-484ef843ec01.pdf
2025-06-01 10:53:54,191 - pribot - INFO - フォーマット識別: 診療費明細書 (ID: 4)
2025-06-01 10:53:54,193 - pribot - INFO - 抽出された医療機関名: いたがき総合診療クリニック
2025-06-01 10:53:54,194 - pribot - INFO - [成功] マッチング成功: いたがき総合診療クリニック
2025-06-01 10:53:54,195 - pribot - INFO - 振り分け先: いたがき総合診療クリニック -> .../いたがき総合診療クリニック/自動印刷 (設定: 0_共通)
2025-06-01 10:53:54,199 - pribot - INFO - [成功] ファイルをコピーしました: 934d4a15-033e-410c-9809-484ef843ec01.pdf -> .../自動印刷/934d4a15-033e-410c-9809-484ef843ec01.pdf
2025-06-01 10:53:54,199 - pribot - INFO - 元ファイルを削除しました: .../pribot/934d4a15-033e-410c-9809-484ef843ec01.pdf
2025-06-01 10:53:54,199 - pribot - INFO - PDFファイルの処理が完了しました: 934d4a15-033e-410c-9809-484ef843ec01.pdf
2025-06-01 10:53:54,201 - pribot - INFO - 
2025-06-01 10:54:01,525 - pribot - INFO - 新しいPDFファイルを検出: d71da6ce-aac6-440e-9192-c268e69d3a48.pdf
2025-06-01 10:54:01,769 - pribot - INFO - フォーマット識別: 診療費請求書兼領収書(縦) (ID: 1)
2025-06-01 10:54:01,769 - pribot - INFO - 抽出された医療機関名: いたがき総合診療クリニック
2025-06-01 10:54:01,783 - pribot - INFO - [成功] マッチング成功: いたがき総合診療クリニック
2025-06-01 10:54:01,783 - pribot - INFO - 振り分け先: いたがき総合診療クリニック -> .../いたがき総合診療クリニック/自動印刷 (設定: 0_共通)
2025-06-01 10:54:01,783 - pribot - INFO - [成功] ファイルをコピーしました: d71da6ce-aac6-440e-9192-c268e69d3a48.pdf -> .../自動印刷/d71da6ce-aac6-440e-9192-c268e69d3a48.pdf
2025-06-01 10:54:01,783 - pribot - INFO - 元ファイルを削除しました: .../pribot/d71da6ce-aac6-440e-9192-c268e69d3a48.pdf
2025-06-01 10:54:01,783 - pribot - INFO - PDFファイルの処理が完了しました: d71da6ce-aac6-440e-9192-c268e69d3a48.pdf
2025-06-01 10:54:01,783 - pribot - INFO - 
2025-06-01 16:14:00,074 - pribot - INFO - 新しいPDFファイルを検出: b552d509-a9ff-4b1a-87cb-406fee69aa56.pdf
2025-06-01 16:14:00,473 - pribot - INFO - フォーマット識別: 診療費明細書 (ID: 4)
2025-06-01 16:14:00,474 - pribot - INFO - 抽出された医療機関名: いたがき総合診療クリニック
2025-06-01 16:14:00,475 - pribot - INFO - [成功] マッチング成功: いたがき総合診療クリニック
2025-06-01 16:14:00,475 - pribot - INFO - 振り分け先: いたがき総合診療クリニック -> .../いたがき総合診療クリニック/自動印刷 (設定: 0_共通)
2025-06-01 16:14:00,477 - pribot - INFO - [成功] ファイルをコピーしました: b552d509-a9ff-4b1a-87cb-406fee69aa56.pdf -> .../自動印刷/b552d509-a9ff-4b1a-87cb-406fee69aa56.pdf
2025-06-01 16:14:00,478 - pribot - INFO - 元ファイルを削除しました: .../pribot/b552d509-a9ff-4b1a-87cb-406fee69aa56.pdf
2025-06-01 16:14:00,480 - pribot - INFO - PDFファイルの処理が完了しました: b552d509-a9ff-4b1a-87cb-406fee69aa56.pdf
2025-06-01 16:14:00,480 - pribot - INFO - 
2025-06-01 16:14:07,884 - pribot - INFO - 新しいPDFファイルを検出: da7f0549-3719-47e6-a183-0acb7553b8d9.pdf
2025-06-01 16:14:08,257 - pribot - INFO - フォーマット識別: 診療費請求書兼領収書(縦) (ID: 1)
2025-06-01 16:14:08,259 - pribot - INFO - 抽出された医療機関名: いたがき総合診療クリニック
2025-06-01 16:14:08,260 - pribot - INFO - [成功] マッチング成功: いたがき総合診療クリニック
2025-06-01 16:14:08,260 - pribot - INFO - 振り分け先: いたがき総合診療クリニック -> .../いたがき総合診療クリニック/自動印刷 (設定: 0_共通)
2025-06-01 16:14:08,260 - pribot - INFO - [成功] ファイルをコピーしました: da7f0549-3719-47e6-a183-0acb7553b8d9.pdf -> .../自動印刷/da7f0549-3719-47e6-a183-0acb7553b8d9.pdf
2025-06-01 16:14:08,260 - pribot - INFO - 元ファイルを削除しました: .../pribot/da7f0549-3719-47e6-a183-0acb7553b8d9.pdf
2025-06-01 16:14:08,260 - pribot - INFO - PDFファイルの処理が完了しました: da7f0549-3719-47e6-a183-0acb7553b8d9.pdf
2025-06-01 16:14:08,260 - pribot - INFO - 
2025-06-01 16:14:18,278 - pribot - INFO - 新しいPDFファイルを検出: 9d2e79b4-8b20-4978-9363-3dc3eea6b85f.pdf
2025-06-01 16:14:18,463 - pribot - INFO - フォーマット識別: 処方箋 (ID: 5)
2025-06-01 16:14:18,478 - pribot - INFO - 抽出された医療機関名: いたがき総合診療クリニック
2025-06-01 16:14:18,478 - pribot - INFO - [成功] マッチング成功: いたがき総合診療クリニック
2025-06-01 16:14:18,478 - pribot - INFO - 振り分け先: いたがき総合診療クリニック -> .../いたがき総合診療クリニック/自動印刷 (設定: 0_共通)
2025-06-01 16:14:18,478 - pribot - INFO - [成功] ファイルをコピーしました: 9d2e79b4-8b20-4978-9363-3dc3eea6b85f.pdf -> .../自動印刷/9d2e79b4-8b20-4978-9363-3dc3eea6b85f.pdf
2025-06-01 16:14:18,478 - pribot - INFO - 元ファイルを削除しました: .../pribot/9d2e79b4-8b20-4978-9363-3dc3eea6b85f.pdf
2025-06-01 16:14:18,478 - pribot - INFO - PDFファイルの処理が完了しました: 9d2e79b4-8b20-4978-9363-3dc3eea6b85f.pdf
2025-06-01 16:14:18,478 - pribot - INFO - 
2025-06-01 17:34:19,085 - pribot - INFO - 新しいPDFファイルを検出: 1748766846162&0&ig45cu7x&b0f61891-3f72-4c63-a777-14481431e4b3.pdf
2025-06-01 17:34:19,493 - pribot - INFO - フォーマット識別: 診療費明細書 (ID: 4)
2025-06-01 17:34:19,493 - pribot - INFO - 抽出された医療機関名: いたがき総合診療クリニック
2025-06-01 17:34:19,493 - pribot - INFO - [成功] マッチング成功: いたがき総合診療クリニック
2025-06-01 17:34:19,493 - pribot - INFO - 振り分け先: いたがき総合診療クリニック -> .../いたがき総合診療クリニック/自動印刷 (設定: 0_共通)
2025-06-01 17:34:19,493 - pribot - INFO - [成功] ファイルをコピーしました: 1748766846162&0&ig45cu7x&b0f61891-3f72-4c63-a777-14481431e4b3.pdf -> .../自動印刷/1748766846162&0&ig45cu7x&b0f61891-3f72-4c63-a777-14481431e4b3.pdf
2025-06-01 17:34:19,505 - pribot - INFO - 元ファイルを削除しました: .../pribot/1748766846162&0&ig45cu7x&b0f61891-3f72-4c63-a777-14481431e4b3.pdf
2025-06-01 17:34:19,505 - pribot - INFO - PDFファイルの処理が完了しました: 1748766846162&0&ig45cu7x&b0f61891-3f72-4c63-a777-14481431e4b3.pdf
2025-06-01 17:34:19,505 - pribot - INFO - 
2025-06-01 17:34:26,084 - pribot - INFO - 新しいPDFファイルを検出: 1748766856338&0&541rsqce&3de88cd2-82d4-41be-b4d4-01266a8bd928.pdf
2025-06-01 17:34:26,646 - pribot - INFO - フォーマット識別: 診療費請求書兼領収書(縦) (ID: 1)
2025-06-01 17:34:26,646 - pribot - INFO - 抽出された医療機関名: いたがき総合診療クリニック
2025-06-01 17:34:26,646 - pribot - INFO - [成功] マッチング成功: いたがき総合診療クリニック
2025-06-01 17:34:26,646 - pribot - INFO - 振り分け先: いたがき総合診療クリニック -> .../いたがき総合診療クリニック/自動印刷 (設定: 0_共通)
2025-06-01 17:34:26,646 - pribot - INFO - [成功] ファイルをコピーしました: 1748766856338&0&541rsqce&3de88cd2-82d4-41be-b4d4-01266a8bd928.pdf -> .../自動印刷/1748766856338&0&541rsqce&3de88cd2-82d4-41be-b4d4-01266a8bd928.pdf
2025-06-01 17:34:26,646 - pribot - INFO - 元ファイルを削除しました: .../pribot/1748766856338&0&541rsqce&3de88cd2-82d4-41be-b4d4-01266a8bd928.pdf
2025-06-01 17:34:26,646 - pribot - INFO - PDFファイルの処理が完了しました: 1748766856338&0&541rsqce&3de88cd2-82d4-41be-b4d4-01266a8bd928.pdf
2025-06-01 17:34:26,646 - pribot - INFO - 
2025-06-01 17:34:30,681 - pribot - INFO - 新しいPDFファイルを検出: 1748766861571&0&6rviliwq&5b5695d9-28df-457e-93b3-b2a83ddff93f.pdf
2025-06-01 17:34:30,876 - pribot - INFO - フォーマット識別: 処方箋 (ID: 5)
2025-06-01 17:34:30,892 - pribot - INFO - 抽出された医療機関名: いたがき総合診療クリニック
2025-06-01 17:34:30,892 - pribot - INFO - [成功] マッチング成功: いたがき総合診療クリニック
2025-06-01 17:34:30,892 - pribot - INFO - 振り分け先: いたがき総合診療クリニック -> .../いたがき総合診療クリニック/自動印刷 (設定: 0_共通)
2025-06-01 17:34:30,892 - pribot - INFO - [成功] ファイルをコピーしました: 1748766861571&0&6rviliwq&5b5695d9-28df-457e-93b3-b2a83ddff93f.pdf -> .../自動印刷/1748766861571&0&6rviliwq&5b5695d9-28df-457e-93b3-b2a83ddff93f.pdf
2025-06-01 17:34:30,892 - pribot - INFO - 元ファイルを削除しました: .../pribot/1748766861571&0&6rviliwq&5b5695d9-28df-457e-93b3-b2a83ddff93f.pdf
2025-06-01 17:34:30,892 - pribot - INFO - PDFファイルの処理が完了しました: 1748766861571&0&6rviliwq&5b5695d9-28df-457e-93b3-b2a83ddff93f.pdf
2025-06-01 17:34:30,892 - pribot - INFO - 
2025-06-01 17:36:42,710 - pribot - INFO - 新しいPDFファイルを検出: 1748766991846&0&eq4klkik&c9edd5b9-58ff-41ef-b15a-7c5a17d9f937.pdf
2025-06-01 17:36:42,809 - pribot - INFO - フォーマット識別: 診療費明細書 (ID: 4)
2025-06-01 17:36:42,809 - pribot - INFO - 抽出された医療機関名: いたがき総合診療クリニック
2025-06-01 17:36:42,809 - pribot - INFO - [成功] マッチング成功: いたがき総合診療クリニック
2025-06-01 17:36:42,809 - pribot - INFO - 振り分け先: いたがき総合診療クリニック -> .../いたがき総合診療クリニック/自動印刷 (設定: 0_共通)
2025-06-01 17:36:42,809 - pribot - INFO - [成功] ファイルをコピーしました: 1748766991846&0&eq4klkik&c9edd5b9-58ff-41ef-b15a-7c5a17d9f937.pdf -> .../自動印刷/1748766991846&0&eq4klkik&c9edd5b9-58ff-41ef-b15a-7c5a17d9f937.pdf
2025-06-01 17:36:42,809 - pribot - INFO - 元ファイルを削除しました: .../pribot/1748766991846&0&eq4klkik&c9edd5b9-58ff-41ef-b15a-7c5a17d9f937.pdf
2025-06-01 17:36:42,809 - pribot - INFO - PDFファイルの処理が完了しました: 1748766991846&0&eq4klkik&c9edd5b9-58ff-41ef-b15a-7c5a17d9f937.pdf
2025-06-01 17:36:42,809 - pribot - INFO - 
2025-06-01 17:36:52,026 - pribot - INFO - 新しいPDFファイルを検出: 1748767001367&0&q9xrhbdv&3b8265b5-e963-4f29-88b1-9e37607915fd.pdf
2025-06-01 17:36:52,114 - pribot - INFO - フォーマット識別: 診療費請求書兼領収書(縦) (ID: 1)
2025-06-01 17:36:52,114 - pribot - INFO - 抽出された医療機関名: いたがき総合診療クリニック
2025-06-01 17:36:52,115 - pribot - INFO - [成功] マッチング成功: いたがき総合診療クリニック
2025-06-01 17:36:52,115 - pribot - INFO - 振り分け先: いたがき総合診療クリニック -> .../いたがき総合診療クリニック/自動印刷 (設定: 0_共通)
2025-06-01 17:36:52,116 - pribot - INFO - [成功] ファイルをコピーしました: 1748767001367&0&q9xrhbdv&3b8265b5-e963-4f29-88b1-9e37607915fd.pdf -> .../自動印刷/1748767001367&0&q9xrhbdv&3b8265b5-e963-4f29-88b1-9e37607915fd.pdf
2025-06-01 17:36:52,117 - pribot - INFO - 元ファイルを削除しました: .../pribot/1748767001367&0&q9xrhbdv&3b8265b5-e963-4f29-88b1-9e37607915fd.pdf
2025-06-01 17:36:52,117 - pribot - INFO - PDFファイルの処理が完了しました: 1748767001367&0&q9xrhbdv&3b8265b5-e963-4f29-88b1-9e37607915fd.pdf
2025-06-01 17:36:52,117 - pribot - INFO - 
2025-06-01 17:36:56,154 - pribot - INFO - 新しいPDFファイルを検出: 1748767007096&0&48yd4ygy&ad559e00-039b-4597-9809-cd3bcfe0ccb8.pdf
2025-06-01 17:36:56,247 - pribot - INFO - フォーマット識別: 処方箋 (ID: 5)
2025-06-01 17:36:56,247 - pribot - INFO - 抽出された医療機関名: いたがき総合診療クリニック
2025-06-01 17:36:56,247 - pribot - INFO - [成功] マッチング成功: いたがき総合診療クリニック
2025-06-01 17:36:56,247 - pribot - INFO - 振り分け先: いたがき総合診療クリニック -> .../いたがき総合診療クリニック/自動印刷 (設定: 0_共通)
2025-06-01 17:36:56,247 - pribot - INFO - [成功] ファイルをコピーしました: 1748767007096&0&48yd4ygy&ad559e00-039b-4597-9809-cd3bcfe0ccb8.pdf -> .../自動印刷/1748767007096&0&48yd4ygy&ad559e00-039b-4597-9809-cd3bcfe0ccb8.pdf
2025-06-01 17:36:56,247 - pribot - INFO - 元ファイルを削除しました: .../pribot/1748767007096&0&48yd4ygy&ad559e00-039b-4597-9809-cd3bcfe0ccb8.pdf
2025-06-01 17:36:56,247 - pribot - INFO - PDFファイルの処理が完了しました: 1748767007096&0&48yd4ygy&ad559e00-039b-4597-9809-cd3bcfe0ccb8.pdf
2025-06-01 17:36:56,258 - pribot - INFO - 
