2025-05-23 15:50:02,709 - pribot - INFO - ====== PriBot ログセッション開始 ======
2025-05-23 15:50:02,712 - pribot - INFO - PriBot を開始します
2025-05-23 15:50:02,716 - pribot - INFO - Backlog APIから監視フォルダとエラーフォルダの設定を取得します
2025-05-23 15:50:02,824 - pribot - INFO - 監視フォルダパス: .../診療報酬請求事務集中センターOASIS INNOVATION/pribot
2025-05-23 15:50:02,824 - pribot - INFO - エラーフォルダパス: .../pribot/error
2025-05-23 15:50:02,838 - pribot - INFO - Backlog APIリクエストを開始します
2025-05-23 15:50:02,901 - pribot - INFO - プロジェクト名: PriBot管理
2025-05-23 15:50:03,019 - pribot - INFO - 取得した全課題数: 16
2025-05-23 15:50:03,019 - pribot - INFO - 存在する課題タイプ: PriBot設定, 医療機関
2025-05-23 15:50:03,019 - pribot - INFO - 課題 PRIBOT-2: 振り分け先 '0_共通' = 'C:\Users\miyake2106\OASIS INNOAVTION Dropbox\診療報酬請求事務集中センターOASIS INNOVATION\くれクリニック\くれクリニック_自動印刷'
2025-05-23 15:50:03,019 - pribot - INFO - 課題 PRIBOT-3: 振り分け先 '0_共通' = 'C:\Users\miyake2106\OASIS INNOAVTION Dropbox\診療報酬請求事務集中センターOASIS INNOVATION\いたがき総合診療クリニック\自動印刷'
2025-05-23 15:50:03,019 - pribot - INFO - 課題 PRIBOT-4: 振り分け先 '0_共通' = 'C:\Users\miyake2106\OASIS INNOAVTION Dropbox\診療報酬請求事務集中センターOASIS INNOVATION\そけん小児科\そけん小児科_自動印刷'
2025-05-23 15:50:03,019 - pribot - INFO - 課題 PRIBOT-5: 振り分け先 '0_共通' = 'C:\Users\miyake2106\OASIS INNOAVTION Dropbox\診療報酬請求事務集中センターOASIS INNOVATION\Scan\NGC_自動印刷'
2025-05-23 15:50:03,019 - pribot - INFO - 課題 PRIBOT-6: 振り分け先 '0_共通' = 'C:\Users\miyake2106\OASIS INNOAVTION Dropbox\診療報酬請求事務集中センターOASIS INNOVATION\阿南いしばし医院\阿南いしばし医院_自動印刷'
2025-05-23 15:50:03,019 - pribot - INFO - 課題 PRIBOT-7: 振り分け先 '1_診療費請求書兼領収書(A4)' = 'C:\Users\miyake2106\OASIS INNOAVTION Dropbox\診療報酬請求事務集中センターOASIS INNOVATION\三宅村中央診療所\三宅村中央診療所_A4'
2025-05-23 15:50:03,019 - pribot - INFO - 課題 PRIBOT-8: 振り分け先 '6_お薬手帳' = 'C:\Users\miyake2106\OASIS INNOAVTION Dropbox\診療報酬請求事務集中センターOASIS INNOVATION\三宅村中央診療所\三宅村中央診療所_ラベル（手帳・薬袋）'
2025-05-23 15:50:03,027 - pribot - INFO - 課題 PRIBOT-9: 振り分け先 '7_お薬情報' = 'C:\Users\miyake2106\OASIS INNOAVTION Dropbox\診療報酬請求事務集中センターOASIS INNOVATION\三宅村中央診療所\三宅村中央診療所_薬情'
2025-05-23 15:50:03,027 - pribot - INFO - 課題 PRIBOT-10: 振り分け先 '0_共通' = 'C:\Users\miyake2106\OASIS INNOAVTION Dropbox\診療報酬請求事務集中センターOASIS INNOVATION\照葉浅部クリニック\照葉浅部クリニック_自動印刷'
2025-05-23 15:50:03,027 - pribot - INFO - 課題 PRIBOT-11: 振り分け先 '3_診療費請求書兼領収書(A5)' = 'C:\Users\miyake2106\OASIS INNOAVTION Dropbox\診療報酬請求事務集中センターOASIS INNOVATION\メモリーケアクリニック湘南\メモリーケアクリニック湘南_自動印刷\請求書兼明細書（A5）'
2025-05-23 15:50:03,027 - pribot - INFO - 課題 PRIBOT-12: 振り分け先 '5_処方箋' = 'C:\Users\miyake2106\OASIS INNOAVTION Dropbox\診療報酬請求事務集中センターOASIS INNOVATION\メモリーケアクリニック湘南\メモリーケアクリニック湘南_自動印刷\請求書兼明細書（A5）'
2025-05-23 15:50:03,027 - pribot - INFO - 課題 PRIBOT-13: 振り分け先 '7_お薬情報' = 'C:\Users\miyake2106\OASIS INNOAVTION Dropbox\診療報酬請求事務集中センターOASIS INNOVATION\メモリーケアクリニック湘南\メモリーケアクリニック湘南_自動印刷\薬剤情報提供書（A4）'
2025-05-23 15:50:03,027 - pribot - INFO - 課題 PRIBOT-14: 振り分け先 '2_診療費請求書兼領収書(A4控え付き)' = 'C:\Users\miyake2106\OASIS INNOAVTION Dropbox\診療報酬請求事務集中センターOASIS INNOVATION\ひまわりクリニックきょうごく\ひまわりクリニックきょうごく_自動印刷\請求書'
2025-05-23 15:50:03,027 - pribot - INFO - 課題 PRIBOT-15: 振り分け先 '4_診療費明細書' = 'C:\Users\miyake2106\OASIS INNOAVTION Dropbox\診療報酬請求事務集中センターOASIS INNOVATION\ひまわりクリニックきょうごく\ひまわりクリニックきょうごく_自動印刷\明細書'
2025-05-23 15:50:03,027 - pribot - INFO - 課題 PRIBOT-16: 振り分け先 '8_薬袋シール(三宅村)' = 'C:\Users\miyake2106\OASIS INNOAVTION Dropbox\診療報酬請求事務集中センターOASIS INNOVATION\三宅村中央診療所\三宅村中央診療所_ラベル（手帳・薬袋）'
2025-05-23 15:50:03,027 - pribot - INFO - PriBot 監視対象の医療機関名: 西大宮整形外科くれクリニック, 振り分け設定数: 1
2025-05-23 15:50:03,027 - pribot - INFO - PriBot 監視対象の医療機関名: いたがき総合診療クリニック, 振り分け設定数: 1
2025-05-23 15:50:03,027 - pribot - INFO - PriBot 監視対象の医療機関名: 医療法人 そけん小児科, 振り分け設定数: 1
2025-05-23 15:50:03,027 - pribot - INFO - PriBot 監視対象の医療機関名: 医療法人五一六五ナゴヤガーデンクリニック, 振り分け設定数: 1
2025-05-23 15:50:03,027 - pribot - INFO - PriBot 監視対象の医療機関名: 医療法人妙泉会 阿南いしばし医院, 振り分け設定数: 1
2025-05-23 15:50:03,027 - pribot - INFO - PriBot 監視対象の医療機関名: 三宅村国民健康保険直営中央診療所, 振り分け設定数: 4
2025-05-23 15:50:03,027 - pribot - INFO - PriBot 監視対象の医療機関名: 医療法人 吉松会 照葉浅部クリニック, 振り分け設定数: 1
2025-05-23 15:50:03,027 - pribot - INFO - PriBot 監視対象の医療機関名: メモリーケアクリニック湘南, 振り分け設定数: 3
2025-05-23 15:50:03,027 - pribot - INFO - PriBot 監視対象の医療機関名: ひまわりクリニックきょうごく, 振り分け設定数: 2
2025-05-23 15:50:03,027 - pribot - INFO - 監視対象の医療機関数: 9, スキップした課題数: 1
2025-05-23 15:50:03,029 - pribot - INFO - PriBot 監視フォルダ: C:\Users\miyake2106\OASIS INNOAVTION Dropbox\診療報酬請求事務集中センターOASIS INNOVATION\pribot
2025-05-23 15:50:03,029 - pribot - INFO - PriBot エラーフォルダ: C:\Users\miyake2106\OASIS INNOAVTION Dropbox\診療報酬請求事務集中センターOASIS INNOVATION\pribot\error
2025-05-23 15:50:03,029 - pribot - INFO - PriBot 監視対象の医療機関数: 9
2025-05-23 15:50:03,029 - pribot - INFO - ファイル監視を開始しました
2025-05-23 15:53:09,482 - pribot - INFO - 新しいPDFファイルを検出: 1747983173574&0&h1ukla3a&ba79b3be-d735-4804-a6a9-1afd1f6ef543.pdf
2025-05-23 15:53:10,014 - pribot - INFO - フォーマット識別: 処方箋 (ID: 5)
2025-05-23 15:53:10,017 - pribot - INFO - 抽出された医療機関名: いたがき総合診療クリニック
2025-05-23 15:53:10,017 - pribot - INFO - [成功] マッチング成功: いたがき総合診療クリニック
2025-05-23 15:53:10,018 - pribot - INFO - 振り分け先: いたがき総合診療クリニック -> .../いたがき総合診療クリニック/自動印刷 (設定: 0_共通)
2025-05-23 15:53:10,020 - pribot - INFO - [成功] ファイルをコピーしました: 1747983173574&0&h1ukla3a&ba79b3be-d735-4804-a6a9-1afd1f6ef543.pdf -> .../自動印刷/1747983173574&0&h1ukla3a&ba79b3be-d735-4804-a6a9-1afd1f6ef543.pdf
2025-05-23 15:53:10,021 - pribot - INFO - 元ファイルを削除しました: .../pribot/1747983173574&0&h1ukla3a&ba79b3be-d735-4804-a6a9-1afd1f6ef543.pdf
2025-05-23 15:53:10,021 - pribot - INFO - PDFファイルの処理が完了しました: 1747983173574&0&h1ukla3a&ba79b3be-d735-4804-a6a9-1afd1f6ef543.pdf
2025-05-23 15:53:10,021 - pribot - INFO - 
2025-05-23 15:53:13,024 - pribot - INFO - 新しいPDFファイルを検出: 1747983171833&264116&34s62lwy&dca2aa3b-c36f-4a22-abc2-5e2ed6f03cc9.pdf
2025-05-23 15:53:13,793 - pribot - INFO - フォーマット識別: 処方箋 (ID: 5)
2025-05-23 15:53:13,800 - pribot - INFO - 抽出された医療機関名: メモリーケアクリニック湘南
2025-05-23 15:53:13,800 - pribot - INFO - [成功] マッチング成功: メモリーケアクリニック湘南
2025-05-23 15:53:13,800 - pribot - INFO - 振り分け先: メモリーケアクリニック湘南 -> .../メモリーケアクリニック湘南_自動印刷/請求書兼明細書（A5） (設定: 5_処方箋)
2025-05-23 15:53:13,800 - pribot - INFO - [成功] ファイルをコピーしました: 1747983171833&264116&34s62lwy&dca2aa3b-c36f-4a22-abc2-5e2ed6f03cc9.pdf -> .../請求書兼明細書（A5）/1747983171833&264116&34s62lwy&dca2aa3b-c36f-4a22-abc2-5e2ed6f03cc9.pdf
2025-05-23 15:53:13,800 - pribot - INFO - 元ファイルを削除しました: .../pribot/1747983171833&264116&34s62lwy&dca2aa3b-c36f-4a22-abc2-5e2ed6f03cc9.pdf
2025-05-23 15:53:13,800 - pribot - INFO - PDFファイルの処理が完了しました: 1747983171833&264116&34s62lwy&dca2aa3b-c36f-4a22-abc2-5e2ed6f03cc9.pdf
2025-05-23 15:53:13,800 - pribot - INFO - 
2025-05-23 15:53:19,579 - pribot - INFO - 新しいPDFファイルを検出: 1747983183638&264116&6rsw78y4&056c23e6-0ef4-4260-9432-7404e827023e.pdf
2025-05-23 15:53:20,117 - pribot - INFO - フォーマット識別: 診療費請求書兼領収書(A5) (ID: 3)
2025-05-23 15:53:20,117 - pribot - INFO - 抽出された医療機関名: メモリーケアクリニック湘南
2025-05-23 15:53:20,117 - pribot - INFO - [成功] マッチング成功: メモリーケアクリニック湘南
2025-05-23 15:53:20,117 - pribot - INFO - 振り分け先: メモリーケアクリニック湘南 -> .../メモリーケアクリニック湘南_自動印刷/請求書兼明細書（A5） (設定: 3_診療費請求書兼領収書(A5))
2025-05-23 15:53:20,117 - pribot - INFO - [成功] ファイルをコピーしました: 1747983183638&264116&6rsw78y4&056c23e6-0ef4-4260-9432-7404e827023e.pdf -> .../請求書兼明細書（A5）/1747983183638&264116&6rsw78y4&056c23e6-0ef4-4260-9432-7404e827023e.pdf
2025-05-23 15:53:20,134 - pribot - INFO - 元ファイルを削除しました: .../pribot/1747983183638&264116&6rsw78y4&056c23e6-0ef4-4260-9432-7404e827023e.pdf
2025-05-23 15:53:20,134 - pribot - INFO - PDFファイルの処理が完了しました: 1747983183638&264116&6rsw78y4&056c23e6-0ef4-4260-9432-7404e827023e.pdf
2025-05-23 15:53:20,134 - pribot - INFO - 
2025-05-23 15:54:06,276 - pribot - INFO - 新しいPDFファイルを検出: 1747983233927&131216&15r6zlk6&51c852e6-6726-4549-a2a7-6446a7241985.pdf
2025-05-23 15:54:06,499 - pribot - INFO - フォーマット識別: 処方箋 (ID: 5)
2025-05-23 15:54:06,503 - pribot - INFO - 抽出された医療機関名: 医療法人 吉松会 照葉浅部クリニック
2025-05-23 15:54:06,503 - pribot - INFO - [成功] マッチング成功: 医療法人 吉松会 照葉浅部クリニック
2025-05-23 15:54:06,503 - pribot - INFO - 振り分け先: 医療法人 吉松会 照葉浅部クリニック -> .../照葉浅部クリニック/照葉浅部クリニック_自動印刷 (設定: 0_共通)
2025-05-23 15:54:06,504 - pribot - INFO - [成功] ファイルをコピーしました: 1747983233927&131216&15r6zlk6&51c852e6-6726-4549-a2a7-6446a7241985.pdf -> .../照葉浅部クリニック_自動印刷/1747983233927&131216&15r6zlk6&51c852e6-6726-4549-a2a7-6446a7241985.pdf
2025-05-23 15:54:06,504 - pribot - INFO - 元ファイルを削除しました: .../pribot/1747983233927&131216&15r6zlk6&51c852e6-6726-4549-a2a7-6446a7241985.pdf
2025-05-23 15:54:06,506 - pribot - INFO - PDFファイルの処理が完了しました: 1747983233927&131216&15r6zlk6&51c852e6-6726-4549-a2a7-6446a7241985.pdf
2025-05-23 15:54:06,506 - pribot - INFO - 
2025-05-23 15:54:11,849 - pribot - INFO - 新しいPDFファイルを検出: 1747983238984&131216&idiphv0j&f217b72b-19db-4096-909a-5562792fbf00.pdf
2025-05-23 15:54:11,948 - pribot - INFO - フォーマット識別: 診療費請求書兼領収書(A4) (ID: 1)
2025-05-23 15:54:11,948 - pribot - INFO - 抽出された医療機関名: 医療法人 吉松会 照葉浅部クリニック
2025-05-23 15:54:11,948 - pribot - INFO - [成功] マッチング成功: 医療法人 吉松会 照葉浅部クリニック
2025-05-23 15:54:11,948 - pribot - INFO - 振り分け先: 医療法人 吉松会 照葉浅部クリニック -> .../照葉浅部クリニック/照葉浅部クリニック_自動印刷 (設定: 0_共通)
2025-05-23 15:54:11,958 - pribot - INFO - [成功] ファイルをコピーしました: 1747983238984&131216&idiphv0j&f217b72b-19db-4096-909a-5562792fbf00.pdf -> .../照葉浅部クリニック_自動印刷/1747983238984&131216&idiphv0j&f217b72b-19db-4096-909a-5562792fbf00.pdf
2025-05-23 15:54:11,958 - pribot - INFO - 元ファイルを削除しました: .../pribot/1747983238984&131216&idiphv0j&f217b72b-19db-4096-909a-5562792fbf00.pdf
2025-05-23 15:54:11,958 - pribot - INFO - PDFファイルの処理が完了しました: 1747983238984&131216&idiphv0j&f217b72b-19db-4096-909a-5562792fbf00.pdf
2025-05-23 15:54:11,958 - pribot - INFO - 
2025-05-23 15:54:15,861 - pribot - INFO - 新しいPDFファイルを検出: 1747983243949&131216&uvpvhsgi&184f79fa-88c8-4eda-a263-f8e7a892158e.pdf
2025-05-23 15:54:16,718 - pribot - INFO - フォーマット識別: 診療費明細書 (ID: 4)
2025-05-23 15:54:16,719 - pribot - INFO - 抽出された医療機関名: 医療法人 吉松会 照葉浅部クリニック
2025-05-23 15:54:16,719 - pribot - INFO - [成功] マッチング成功: 医療法人 吉松会 照葉浅部クリニック
2025-05-23 15:54:16,720 - pribot - INFO - 振り分け先: 医療法人 吉松会 照葉浅部クリニック -> .../照葉浅部クリニック/照葉浅部クリニック_自動印刷 (設定: 0_共通)
2025-05-23 15:54:16,721 - pribot - INFO - [成功] ファイルをコピーしました: 1747983243949&131216&uvpvhsgi&184f79fa-88c8-4eda-a263-f8e7a892158e.pdf -> .../照葉浅部クリニック_自動印刷/1747983243949&131216&uvpvhsgi&184f79fa-88c8-4eda-a263-f8e7a892158e.pdf
2025-05-23 15:54:16,721 - pribot - INFO - 元ファイルを削除しました: .../pribot/1747983243949&131216&uvpvhsgi&184f79fa-88c8-4eda-a263-f8e7a892158e.pdf
2025-05-23 15:54:16,721 - pribot - INFO - PDFファイルの処理が完了しました: 1747983243949&131216&uvpvhsgi&184f79fa-88c8-4eda-a263-f8e7a892158e.pdf
2025-05-23 15:54:16,721 - pribot - INFO - 
