2025-06-08 06:54:02,871 - pribot - INFO - ====== PriBot ログセッション開始 ======
2025-06-08 06:54:02,871 - pribot - INFO - PriBot (完全同期版・重複判定なし) を開始します
2025-06-08 06:54:02,872 - pribot - INFO - Backlog APIからフォルダ設定を取得します
2025-06-08 06:54:03,206 - pribot - INFO - 監視フォルダパス: C:\Users\miyake2106\OASIS INNOAVTION Dropbox\診療報酬請求事務集中センターOASIS INNOVATION\pribot
2025-06-08 06:54:03,206 - pribot - INFO - エラーフォルダパス: C:\Users\miyake2106\OASIS INNOAVTION Dropbox\診療報酬請求事務集中センターOASIS INNOVATION\pribot\error
2025-06-08 06:54:03,206 - pribot - INFO - デバッグフォルダパス: C:\Users\miyake2106\Desktop\wk\PriBot\pribot_debug
2025-06-08 06:54:03,206 - pribot - INFO - Backlog APIリクエストを開始します
2025-06-08 06:54:03,345 - pribot - INFO - 取得した全課題数: 16
2025-06-08 06:54:03,345 - pribot - INFO - 課題 PRIBOT-2: 振り分け先 '0_共通' = 'C:\Users\miyake2106\OASIS INNOAVTION Dropbox\診療報酬請求事務集中センターOASIS INNOVATION\くれクリニック\くれクリニック_自動印刷'
2025-06-08 06:54:03,345 - pribot - INFO - 課題 PRIBOT-3: 振り分け先 '0_共通' = 'C:\Users\miyake2106\OASIS INNOAVTION Dropbox\診療報酬請求事務集中センターOASIS INNOVATION\いたがき総合診療クリニック\自動印刷'
2025-06-08 06:54:03,345 - pribot - INFO - 課題 PRIBOT-4: 振り分け先 '0_共通' = 'C:\Users\miyake2106\OASIS INNOAVTION Dropbox\診療報酬請求事務集中センターOASIS INNOVATION\そけん小児科\そけん小児科_自動印刷'
2025-06-08 06:54:03,345 - pribot - INFO - 課題 PRIBOT-5: 振り分け先 '0_共通' = 'C:\Users\miyake2106\OASIS INNOAVTION Dropbox\診療報酬請求事務集中センターOASIS INNOVATION\Scan\NGC_自動印刷'
2025-06-08 06:54:03,345 - pribot - INFO - 課題 PRIBOT-6: 振り分け先 '0_共通' = 'C:\Users\miyake2106\OASIS INNOAVTION Dropbox\診療報酬請求事務集中センターOASIS INNOVATION\阿南いしばし医院\阿南いしばし医院_自動印刷'
2025-06-08 06:54:03,345 - pribot - INFO - 課題 PRIBOT-7: 振り分け先 '1_診療費請求書兼領収書(縦)' = 'C:\Users\miyake2106\OASIS INNOAVTION Dropbox\診療報酬請求事務集中センターOASIS INNOVATION\三宅村中央診療所\三宅村中央診療所_自動印刷'
2025-06-08 06:54:03,345 - pribot - INFO - 課題 PRIBOT-8: 振り分け先 '6_お薬手帳' = 'C:\Users\miyake2106\OASIS INNOAVTION Dropbox\診療報酬請求事務集中センターOASIS INNOVATION\三宅村中央診療所\三宅村中央診療所_ラベル（手帳・薬袋）'
2025-06-08 06:54:03,345 - pribot - INFO - 課題 PRIBOT-9: 振り分け先 '7_お薬情報' = 'C:\Users\miyake2106\OASIS INNOAVTION Dropbox\診療報酬請求事務集中センターOASIS INNOVATION\三宅村中央診療所\三宅村中央診療所_薬情'
2025-06-08 06:54:03,345 - pribot - INFO - 課題 PRIBOT-10: 振り分け先 '0_共通' = 'C:\Users\miyake2106\OASIS INNOAVTION Dropbox\診療報酬請求事務集中センターOASIS INNOVATION\照葉浅部クリニック\照葉浅部クリニック_自動印刷'
2025-06-08 06:54:03,345 - pribot - INFO - 課題 PRIBOT-11: 振り分け先 '3_診療費請求書兼領収書(横)' = 'C:\Users\miyake2106\OASIS INNOAVTION Dropbox\診療報酬請求事務集中センターOASIS INNOVATION\メモリーケアクリニック湘南\メモリーケアクリニック湘南_自動印刷\請求書兼明細書（A5）'
2025-06-08 06:54:03,345 - pribot - INFO - 課題 PRIBOT-12: 振り分け先 '5_処方箋' = 'C:\Users\miyake2106\OASIS INNOAVTION Dropbox\診療報酬請求事務集中センターOASIS INNOVATION\メモリーケアクリニック湘南\メモリーケアクリニック湘南_自動印刷\請求書兼明細書（A5）'
2025-06-08 06:54:03,345 - pribot - INFO - 課題 PRIBOT-13: 振り分け先 '7_お薬情報' = 'C:\Users\miyake2106\OASIS INNOAVTION Dropbox\診療報酬請求事務集中センターOASIS INNOVATION\メモリーケアクリニック湘南\メモリーケアクリニック湘南_自動印刷\薬剤情報提供書（A4）'
2025-06-08 06:54:03,345 - pribot - INFO - 課題 PRIBOT-14: 振り分け先 '2_診療費請求書兼領収書(控え付き)' = 'C:\Users\miyake2106\OASIS INNOAVTION Dropbox\診療報酬請求事務集中センターOASIS INNOVATION\ひまわりクリニックきょうごく\ひまわりクリニックきょうごく_自動印刷\請求書'
2025-06-08 06:54:03,350 - pribot - INFO - 課題 PRIBOT-15: 振り分け先 '4_診療費明細書' = 'C:\Users\miyake2106\OASIS INNOAVTION Dropbox\診療報酬請求事務集中センターOASIS INNOVATION\ひまわりクリニックきょうごく\ひまわりクリニックきょうごく_自動印刷\明細書'
2025-06-08 06:54:03,350 - pribot - INFO - 課題 PRIBOT-16: 振り分け先 '8_薬袋シール(三宅村)' = 'C:\Users\miyake2106\OASIS INNOAVTION Dropbox\診療報酬請求事務集中センターOASIS INNOVATION\三宅村中央診療所\三宅村中央診療所_ラベル（手帳・薬袋）'
2025-06-08 06:54:03,350 - pribot - INFO - PriBot 監視対象の医療機関名: 西大宮整形外科くれクリニック, 振り分け設定数: 1
2025-06-08 06:54:03,350 - pribot - INFO - PriBot 監視対象の医療機関名: いたがき総合診療クリニック, 振り分け設定数: 1
2025-06-08 06:54:03,350 - pribot - INFO - PriBot 監視対象の医療機関名: 医療法人 そけん小児科, 振り分け設定数: 1
2025-06-08 06:54:03,350 - pribot - INFO - PriBot 監視対象の医療機関名: 医療法人五一六五ナゴヤガーデンクリニック, 振り分け設定数: 1
2025-06-08 06:54:03,350 - pribot - INFO - PriBot 監視対象の医療機関名: 医療法人妙泉会 阿南いしばし医院, 振り分け設定数: 1
2025-06-08 06:54:03,350 - pribot - INFO - PriBot 監視対象の医療機関名: 三宅村国民健康保険直営中央診療所, 振り分け設定数: 4
2025-06-08 06:54:03,350 - pribot - INFO - PriBot 監視対象の医療機関名: 医療法人 吉松会 照葉浅部クリニック, 振り分け設定数: 1
2025-06-08 06:54:03,350 - pribot - INFO - PriBot 監視対象の医療機関名: メモリーケアクリニック湘南, 振り分け設定数: 3
2025-06-08 06:54:03,350 - pribot - INFO - PriBot 監視対象の医療機関名: ひまわりクリニックきょうごく, 振り分け設定数: 2
2025-06-08 06:54:03,350 - pribot - INFO - 監視対象の医療機関数: 9
2025-06-08 06:54:03,350 - pribot - INFO - PriBot 監視フォルダ: C:\Users\miyake2106\OASIS INNOAVTION Dropbox\診療報酬請求事務集中センターOASIS INNOVATION\pribot
2025-06-08 06:54:03,350 - pribot - INFO - PriBot エラーフォルダ: C:\Users\miyake2106\OASIS INNOAVTION Dropbox\診療報酬請求事務集中センターOASIS INNOVATION\pribot\error
2025-06-08 06:54:03,350 - pribot - INFO - PriBot デバッグフォルダ: C:\Users\miyake2106\Desktop\wk\PriBot\pribot_debug
2025-06-08 06:54:03,350 - pribot - INFO - PriBot 監視対象の医療機関数: 9
2025-06-08 06:54:03,350 - pribot - INFO - デバッグファイルのクリーンアップを実行します
2025-06-08 06:54:03,350 - pribot - INFO - 既存ファイルの処理を開始します
2025-06-08 06:54:03,350 - pribot - INFO - 処理対象の既存ファイルはありませんでした
2025-06-08 06:54:03,350 - pribot - INFO - 完全同期版ファイル監視を設定します（重複判定なし）
2025-06-08 06:54:03,350 - pribot - INFO - 完全同期版ファイル監視を開始しました（重複判定なし）
2025-06-08 06:55:03,366 - pribot - INFO - 監視継続中... (経過時間: 6分)
2025-06-08 06:56:03,370 - pribot - INFO - 監視継続中... (経過時間: 12分)
2025-06-08 06:57:03,374 - pribot - INFO - 監視継続中... (経過時間: 18分)
2025-06-08 06:58:03,379 - pribot - INFO - 監視継続中... (経過時間: 24分)
2025-06-08 06:59:03,383 - pribot - INFO - 監視継続中... (経過時間: 30分)
2025-06-08 07:00:03,387 - pribot - INFO - 監視継続中... (経過時間: 36分)
2025-06-08 07:01:03,392 - pribot - INFO - 監視継続中... (経過時間: 42分)
2025-06-08 07:02:03,397 - pribot - INFO - 監視継続中... (経過時間: 48分)
2025-06-08 07:03:03,400 - pribot - INFO - 監視継続中... (経過時間: 54分)
2025-06-08 07:04:03,404 - pribot - INFO - 監視継続中... (経過時間: 60分)
2025-06-08 07:05:03,408 - pribot - INFO - 監視継続中... (経過時間: 66分)
2025-06-08 07:06:03,412 - pribot - INFO - 監視継続中... (経過時間: 72分)
2025-06-08 07:07:03,415 - pribot - INFO - 監視継続中... (経過時間: 78分)
2025-06-08 07:08:03,419 - pribot - INFO - 監視継続中... (経過時間: 84分)
2025-06-08 07:09:03,425 - pribot - INFO - 監視継続中... (経過時間: 90分)
2025-06-08 07:10:03,429 - pribot - INFO - 監視継続中... (経過時間: 96分)
2025-06-08 07:11:03,432 - pribot - INFO - 監視継続中... (経過時間: 102分)
2025-06-08 07:12:03,436 - pribot - INFO - 監視継続中... (経過時間: 108分)
2025-06-08 07:13:03,438 - pribot - INFO - 監視継続中... (経過時間: 114分)
2025-06-08 07:14:03,442 - pribot - INFO - 監視継続中... (経過時間: 120分)
2025-06-08 07:15:03,445 - pribot - INFO - 監視継続中... (経過時間: 126分)
2025-06-08 07:16:03,450 - pribot - INFO - 監視継続中... (経過時間: 132分)
2025-06-08 07:17:03,452 - pribot - INFO - 監視継続中... (経過時間: 138分)
2025-06-08 07:18:03,456 - pribot - INFO - 監視継続中... (経過時間: 144分)
2025-06-08 07:19:03,460 - pribot - INFO - 監視継続中... (経過時間: 150分)
2025-06-08 07:20:03,463 - pribot - INFO - 監視継続中... (経過時間: 156分)
2025-06-08 07:21:03,465 - pribot - INFO - 監視継続中... (経過時間: 162分)
2025-06-08 07:22:03,469 - pribot - INFO - 監視継続中... (経過時間: 168分)
2025-06-08 07:23:03,473 - pribot - INFO - 監視継続中... (経過時間: 174分)
2025-06-08 07:24:03,477 - pribot - INFO - 監視継続中... (経過時間: 180分)
2025-06-08 07:25:03,482 - pribot - INFO - 監視継続中... (経過時間: 186分)
2025-06-08 07:26:03,485 - pribot - INFO - 監視継続中... (経過時間: 192分)
2025-06-08 07:27:03,489 - pribot - INFO - 監視継続中... (経過時間: 198分)
2025-06-08 07:28:03,493 - pribot - INFO - 監視継続中... (経過時間: 204分)
2025-06-08 07:29:03,498 - pribot - INFO - 監視継続中... (経過時間: 210分)
2025-06-08 07:30:03,502 - pribot - INFO - 監視継続中... (経過時間: 216分)
2025-06-08 07:31:03,506 - pribot - INFO - 監視継続中... (経過時間: 222分)
2025-06-08 07:32:03,511 - pribot - INFO - 監視継続中... (経過時間: 228分)
2025-06-08 07:33:03,514 - pribot - INFO - 監視継続中... (経過時間: 234分)
2025-06-08 07:34:03,517 - pribot - INFO - 監視継続中... (経過時間: 240分)
2025-06-08 07:35:03,522 - pribot - INFO - 監視継続中... (経過時間: 246分)
2025-06-08 07:36:03,526 - pribot - INFO - 監視継続中... (経過時間: 252分)
2025-06-08 07:37:03,529 - pribot - INFO - 監視継続中... (経過時間: 258分)
2025-06-08 07:38:03,532 - pribot - INFO - 監視継続中... (経過時間: 264分)
2025-06-08 07:39:03,536 - pribot - INFO - 監視継続中... (経過時間: 270分)
2025-06-08 07:40:03,540 - pribot - INFO - 監視継続中... (経過時間: 276分)
2025-06-08 07:41:03,543 - pribot - INFO - 監視継続中... (経過時間: 282分)
2025-06-08 07:42:03,547 - pribot - INFO - 監視継続中... (経過時間: 288分)
2025-06-08 07:43:03,551 - pribot - INFO - 監視継続中... (経過時間: 294分)
2025-06-08 07:44:03,554 - pribot - INFO - 監視継続中... (経過時間: 300分)
2025-06-08 07:45:03,558 - pribot - INFO - 監視継続中... (経過時間: 306分)
2025-06-08 07:46:03,563 - pribot - INFO - 監視継続中... (経過時間: 312分)
2025-06-08 07:47:03,565 - pribot - INFO - 監視継続中... (経過時間: 318分)
2025-06-08 07:48:03,569 - pribot - INFO - 監視継続中... (経過時間: 324分)
2025-06-08 07:49:03,572 - pribot - INFO - 監視継続中... (経過時間: 330分)
2025-06-08 07:50:03,575 - pribot - INFO - 監視継続中... (経過時間: 336分)
2025-06-08 07:51:03,579 - pribot - INFO - 監視継続中... (経過時間: 342分)
2025-06-08 07:52:03,583 - pribot - INFO - 監視継続中... (経過時間: 348分)
2025-06-08 07:53:03,587 - pribot - INFO - 監視継続中... (経過時間: 354分)
2025-06-08 07:54:03,591 - pribot - INFO - 監視継続中... (経過時間: 360分)
2025-06-08 07:55:03,595 - pribot - INFO - 監視継続中... (経過時間: 366分)
2025-06-08 07:56:03,598 - pribot - INFO - 監視継続中... (経過時間: 372分)
2025-06-08 07:57:03,603 - pribot - INFO - 監視継続中... (経過時間: 378分)
2025-06-08 07:58:03,607 - pribot - INFO - 監視継続中... (経過時間: 384分)
2025-06-08 07:59:03,610 - pribot - INFO - 監視継続中... (経過時間: 390分)
2025-06-08 08:00:03,614 - pribot - INFO - 監視継続中... (経過時間: 396分)
2025-06-08 08:01:03,617 - pribot - INFO - 監視継続中... (経過時間: 402分)
2025-06-08 08:02:03,622 - pribot - INFO - 監視継続中... (経過時間: 408分)
2025-06-08 08:03:03,625 - pribot - INFO - 監視継続中... (経過時間: 414分)
2025-06-08 08:04:03,629 - pribot - INFO - 監視継続中... (経過時間: 420分)
2025-06-08 08:05:03,633 - pribot - INFO - 監視継続中... (経過時間: 426分)
2025-06-08 08:06:03,636 - pribot - INFO - 監視継続中... (経過時間: 432分)
2025-06-08 08:07:03,639 - pribot - INFO - 監視継続中... (経過時間: 438分)
2025-06-08 08:08:03,642 - pribot - INFO - 監視継続中... (経過時間: 444分)
2025-06-08 08:09:03,646 - pribot - INFO - 監視継続中... (経過時間: 450分)
2025-06-08 08:10:03,650 - pribot - INFO - 監視継続中... (経過時間: 456分)
2025-06-08 08:11:03,654 - pribot - INFO - 監視継続中... (経過時間: 462分)
2025-06-08 08:12:03,656 - pribot - INFO - 監視継続中... (経過時間: 468分)
2025-06-08 08:13:03,660 - pribot - INFO - 監視継続中... (経過時間: 474分)
2025-06-08 08:14:03,664 - pribot - INFO - 監視継続中... (経過時間: 480分)
2025-06-08 08:15:03,668 - pribot - INFO - 監視継続中... (経過時間: 486分)
2025-06-08 08:16:03,672 - pribot - INFO - 監視継続中... (経過時間: 492分)
2025-06-08 08:17:03,676 - pribot - INFO - 監視継続中... (経過時間: 498分)
2025-06-08 08:18:03,680 - pribot - INFO - 監視継続中... (経過時間: 504分)
2025-06-08 08:19:03,683 - pribot - INFO - 監視継続中... (経過時間: 510分)
2025-06-08 08:20:03,687 - pribot - INFO - 監視継続中... (経過時間: 516分)
2025-06-08 08:21:03,691 - pribot - INFO - 監視継続中... (経過時間: 522分)
2025-06-08 08:22:03,695 - pribot - INFO - 監視継続中... (経過時間: 528分)
2025-06-08 08:23:03,698 - pribot - INFO - 監視継続中... (経過時間: 534分)
2025-06-08 08:24:03,700 - pribot - INFO - 監視継続中... (経過時間: 540分)
2025-06-08 08:25:03,704 - pribot - INFO - 監視継続中... (経過時間: 546分)
2025-06-08 08:26:03,706 - pribot - INFO - 監視継続中... (経過時間: 552分)
2025-06-08 08:27:03,711 - pribot - INFO - 監視継続中... (経過時間: 558分)
2025-06-08 08:28:03,714 - pribot - INFO - 監視継続中... (経過時間: 564分)
2025-06-08 08:29:03,717 - pribot - INFO - 監視継続中... (経過時間: 570分)
2025-06-08 08:30:03,722 - pribot - INFO - 監視継続中... (経過時間: 576分)
2025-06-08 08:31:03,726 - pribot - INFO - 監視継続中... (経過時間: 582分)
2025-06-08 08:32:03,730 - pribot - INFO - 監視継続中... (経過時間: 588分)
2025-06-08 08:33:03,734 - pribot - INFO - 監視継続中... (経過時間: 594分)
2025-06-08 08:34:03,738 - pribot - INFO - 監視継続中... (経過時間: 600分)
2025-06-08 08:35:03,741 - pribot - INFO - 監視継続中... (経過時間: 606分)
2025-06-08 08:36:03,744 - pribot - INFO - 監視継続中... (経過時間: 612分)
2025-06-08 08:37:03,748 - pribot - INFO - 監視継続中... (経過時間: 618分)
2025-06-08 08:38:03,752 - pribot - INFO - 監視継続中... (経過時間: 624分)
2025-06-08 08:39:03,755 - pribot - INFO - 監視継続中... (経過時間: 630分)
2025-06-08 08:40:03,759 - pribot - INFO - 監視継続中... (経過時間: 636分)
2025-06-08 08:41:03,763 - pribot - INFO - 監視継続中... (経過時間: 642分)
2025-06-08 08:42:03,767 - pribot - INFO - 監視継続中... (経過時間: 648分)
2025-06-08 08:43:03,769 - pribot - INFO - 監視継続中... (経過時間: 654分)
2025-06-08 08:44:03,773 - pribot - INFO - 監視継続中... (経過時間: 660分)
2025-06-08 08:45:03,777 - pribot - INFO - 監視継続中... (経過時間: 666分)
2025-06-08 08:46:03,781 - pribot - INFO - 監視継続中... (経過時間: 672分)
2025-06-08 08:47:03,784 - pribot - INFO - 監視継続中... (経過時間: 678分)
2025-06-08 08:48:03,788 - pribot - INFO - 監視継続中... (経過時間: 684分)
2025-06-08 08:49:03,793 - pribot - INFO - 監視継続中... (経過時間: 690分)
2025-06-08 08:50:03,796 - pribot - INFO - 監視継続中... (経過時間: 696分)
2025-06-08 08:51:03,799 - pribot - INFO - 監視継続中... (経過時間: 702分)
2025-06-08 08:52:03,803 - pribot - INFO - 監視継続中... (経過時間: 708分)
2025-06-08 08:53:03,807 - pribot - INFO - 監視継続中... (経過時間: 714分)
2025-06-08 08:54:03,810 - pribot - INFO - 監視継続中... (経過時間: 720分)
2025-06-08 08:55:03,812 - pribot - INFO - 監視継続中... (経過時間: 726分)
2025-06-08 08:56:03,816 - pribot - INFO - 監視継続中... (経過時間: 732分)
2025-06-08 08:57:03,820 - pribot - INFO - 監視継続中... (経過時間: 738分)
2025-06-08 08:58:03,823 - pribot - INFO - 監視継続中... (経過時間: 744分)
2025-06-08 08:59:03,827 - pribot - INFO - 監視継続中... (経過時間: 750分)
2025-06-08 09:00:03,830 - pribot - INFO - 監視継続中... (経過時間: 756分)
2025-06-08 09:01:03,834 - pribot - INFO - 監視継続中... (経過時間: 762分)
2025-06-08 09:02:03,837 - pribot - INFO - 監視継続中... (経過時間: 768分)
2025-06-08 09:03:03,840 - pribot - INFO - 監視継続中... (経過時間: 774分)
2025-06-08 09:04:03,845 - pribot - INFO - 監視継続中... (経過時間: 780分)
2025-06-08 09:05:03,848 - pribot - INFO - 監視継続中... (経過時間: 786分)
2025-06-08 09:06:03,853 - pribot - INFO - 監視継続中... (経過時間: 792分)
2025-06-08 09:07:03,857 - pribot - INFO - 監視継続中... (経過時間: 798分)
2025-06-08 09:08:03,860 - pribot - INFO - 監視継続中... (経過時間: 804分)
2025-06-08 09:09:03,865 - pribot - INFO - 監視継続中... (経過時間: 810分)
2025-06-08 09:10:03,869 - pribot - INFO - 監視継続中... (経過時間: 816分)
2025-06-08 09:11:03,873 - pribot - INFO - 監視継続中... (経過時間: 822分)
2025-06-08 09:12:03,877 - pribot - INFO - 監視継続中... (経過時間: 828分)
2025-06-08 09:13:03,881 - pribot - INFO - 監視継続中... (経過時間: 834分)
2025-06-08 09:14:03,885 - pribot - INFO - 監視継続中... (経過時間: 840分)
2025-06-08 09:15:03,888 - pribot - INFO - 監視継続中... (経過時間: 846分)
2025-06-08 09:16:03,891 - pribot - INFO - 監視継続中... (経過時間: 852分)
2025-06-08 09:17:03,895 - pribot - INFO - 監視継続中... (経過時間: 858分)
2025-06-08 09:18:03,898 - pribot - INFO - 監視継続中... (経過時間: 864分)
2025-06-08 09:19:03,902 - pribot - INFO - 監視継続中... (経過時間: 870分)
2025-06-08 09:20:03,906 - pribot - INFO - 監視継続中... (経過時間: 876分)
2025-06-08 09:21:03,910 - pribot - INFO - 監視継続中... (経過時間: 882分)
2025-06-08 09:22:03,913 - pribot - INFO - 監視継続中... (経過時間: 888分)
2025-06-08 09:23:03,917 - pribot - INFO - 監視継続中... (経過時間: 894分)
2025-06-08 09:24:03,921 - pribot - INFO - 監視継続中... (経過時間: 900分)
2025-06-08 09:25:03,925 - pribot - INFO - 監視継続中... (経過時間: 906分)
2025-06-08 09:26:03,929 - pribot - INFO - 監視継続中... (経過時間: 912分)
2025-06-08 09:27:03,933 - pribot - INFO - 監視継続中... (経過時間: 918分)
2025-06-08 09:28:03,937 - pribot - INFO - 監視継続中... (経過時間: 924分)
2025-06-08 09:29:03,941 - pribot - INFO - 監視継続中... (経過時間: 930分)
2025-06-08 09:30:03,945 - pribot - INFO - 監視継続中... (経過時間: 936分)
2025-06-08 09:31:03,949 - pribot - INFO - 監視継続中... (経過時間: 942分)
2025-06-08 09:32:03,952 - pribot - INFO - 監視継続中... (経過時間: 948分)
2025-06-08 09:33:03,955 - pribot - INFO - 監視継続中... (経過時間: 954分)
2025-06-08 09:34:03,958 - pribot - INFO - 監視継続中... (経過時間: 960分)
2025-06-08 09:35:03,963 - pribot - INFO - 監視継続中... (経過時間: 966分)
2025-06-08 09:36:03,966 - pribot - INFO - 監視継続中... (経過時間: 972分)
2025-06-08 09:37:03,970 - pribot - INFO - 監視継続中... (経過時間: 978分)
2025-06-08 09:38:03,974 - pribot - INFO - 監視継続中... (経過時間: 984分)
2025-06-08 09:39:03,977 - pribot - INFO - 監視継続中... (経過時間: 990分)
2025-06-08 09:40:03,980 - pribot - INFO - 監視継続中... (経過時間: 996分)
2025-06-08 09:41:03,984 - pribot - INFO - 監視継続中... (経過時間: 1002分)
2025-06-08 09:42:03,987 - pribot - INFO - 監視継続中... (経過時間: 1008分)
2025-06-08 09:43:03,990 - pribot - INFO - 監視継続中... (経過時間: 1014分)
2025-06-08 09:44:03,994 - pribot - INFO - 監視継続中... (経過時間: 1020分)
2025-06-08 09:45:03,997 - pribot - INFO - 監視継続中... (経過時間: 1026分)
2025-06-08 09:46:04,002 - pribot - INFO - 監視継続中... (経過時間: 1032分)
2025-06-08 09:47:04,005 - pribot - INFO - 監視継続中... (経過時間: 1038分)
2025-06-08 09:48:04,008 - pribot - INFO - 監視継続中... (経過時間: 1044分)
2025-06-08 09:49:04,011 - pribot - INFO - 監視継続中... (経過時間: 1050分)
2025-06-08 09:50:04,015 - pribot - INFO - 監視継続中... (経過時間: 1056分)
2025-06-08 09:51:04,019 - pribot - INFO - 監視継続中... (経過時間: 1062分)
2025-06-08 09:52:04,022 - pribot - INFO - 監視継続中... (経過時間: 1068分)
2025-06-08 09:53:04,025 - pribot - INFO - 監視継続中... (経過時間: 1074分)
2025-06-08 09:54:04,029 - pribot - INFO - 監視継続中... (経過時間: 1080分)
2025-06-08 09:55:04,032 - pribot - INFO - 監視継続中... (経過時間: 1086分)
2025-06-08 09:56:04,035 - pribot - INFO - 監視継続中... (経過時間: 1092分)
2025-06-08 09:57:04,038 - pribot - INFO - 監視継続中... (経過時間: 1098分)
2025-06-08 09:58:04,042 - pribot - INFO - 監視継続中... (経過時間: 1104分)
2025-06-08 09:59:04,046 - pribot - INFO - 監視継続中... (経過時間: 1110分)
2025-06-08 10:00:04,051 - pribot - INFO - 監視継続中... (経過時間: 1116分)
2025-06-08 10:01:04,055 - pribot - INFO - 監視継続中... (経過時間: 1122分)
2025-06-08 10:02:04,059 - pribot - INFO - 監視継続中... (経過時間: 1128分)
2025-06-08 10:03:04,063 - pribot - INFO - 監視継続中... (経過時間: 1134分)
2025-06-08 10:04:04,067 - pribot - INFO - 監視継続中... (経過時間: 1140分)
2025-06-08 10:05:04,072 - pribot - INFO - 監視継続中... (経過時間: 1146分)
2025-06-08 10:06:04,076 - pribot - INFO - 監視継続中... (経過時間: 1152分)
2025-06-08 10:07:04,080 - pribot - INFO - 監視継続中... (経過時間: 1158分)
2025-06-08 10:08:04,083 - pribot - INFO - 監視継続中... (経過時間: 1164分)
2025-06-08 10:09:04,086 - pribot - INFO - 監視継続中... (経過時間: 1170分)
2025-06-08 10:10:04,090 - pribot - INFO - 監視継続中... (経過時間: 1176分)
2025-06-08 10:11:04,092 - pribot - INFO - 監視継続中... (経過時間: 1182分)
2025-06-08 10:12:04,096 - pribot - INFO - 監視継続中... (経過時間: 1188分)
2025-06-08 10:13:04,100 - pribot - INFO - 監視継続中... (経過時間: 1194分)
2025-06-08 10:14:04,103 - pribot - INFO - 監視継続中... (経過時間: 1200分)
2025-06-08 10:15:04,107 - pribot - INFO - 監視継続中... (経過時間: 1206分)
2025-06-08 10:16:04,111 - pribot - INFO - 監視継続中... (経過時間: 1212分)
2025-06-08 10:17:04,114 - pribot - INFO - 監視継続中... (経過時間: 1218分)
2025-06-08 10:18:04,119 - pribot - INFO - 監視継続中... (経過時間: 1224分)
2025-06-08 10:19:04,123 - pribot - INFO - 監視継続中... (経過時間: 1230分)
2025-06-08 10:20:04,127 - pribot - INFO - 監視継続中... (経過時間: 1236分)
2025-06-08 10:21:04,131 - pribot - INFO - 監視継続中... (経過時間: 1242分)
2025-06-08 10:22:04,134 - pribot - INFO - 監視継続中... (経過時間: 1248分)
2025-06-08 10:23:04,139 - pribot - INFO - 監視継続中... (経過時間: 1254分)
2025-06-08 10:24:04,142 - pribot - INFO - 監視継続中... (経過時間: 1260分)
2025-06-08 10:25:04,146 - pribot - INFO - 監視継続中... (経過時間: 1266分)
2025-06-08 10:26:04,150 - pribot - INFO - 監視継続中... (経過時間: 1272分)
2025-06-08 10:27:04,153 - pribot - INFO - 監視継続中... (経過時間: 1278分)
2025-06-08 10:28:04,156 - pribot - INFO - 監視継続中... (経過時間: 1284分)
2025-06-08 10:29:04,160 - pribot - INFO - 監視継続中... (経過時間: 1290分)
2025-06-08 10:30:04,164 - pribot - INFO - 監視継続中... (経過時間: 1296分)
2025-06-08 10:31:04,168 - pribot - INFO - 監視継続中... (経過時間: 1302分)
2025-06-08 10:32:04,170 - pribot - INFO - 監視継続中... (経過時間: 1308分)
2025-06-08 10:33:04,174 - pribot - INFO - 監視継続中... (経過時間: 1314分)
2025-06-08 10:34:04,178 - pribot - INFO - 監視継続中... (経過時間: 1320分)
2025-06-08 10:35:04,181 - pribot - INFO - 監視継続中... (経過時間: 1326分)
2025-06-08 10:36:04,185 - pribot - INFO - 監視継続中... (経過時間: 1332分)
2025-06-08 10:37:04,188 - pribot - INFO - 監視継続中... (経過時間: 1338分)
2025-06-08 10:38:04,191 - pribot - INFO - 監視継続中... (経過時間: 1344分)
2025-06-08 10:39:04,195 - pribot - INFO - 監視継続中... (経過時間: 1350分)
2025-06-08 10:40:04,198 - pribot - INFO - 監視継続中... (経過時間: 1356分)
2025-06-08 10:41:04,200 - pribot - INFO - 監視継続中... (経過時間: 1362分)
2025-06-08 10:42:04,203 - pribot - INFO - 監視継続中... (経過時間: 1368分)
2025-06-08 10:43:04,206 - pribot - INFO - 監視継続中... (経過時間: 1374分)
2025-06-08 10:44:04,209 - pribot - INFO - 監視継続中... (経過時間: 1380分)
2025-06-08 10:45:04,212 - pribot - INFO - 監視継続中... (経過時間: 1386分)
2025-06-08 10:46:04,215 - pribot - INFO - 監視継続中... (経過時間: 1392分)
2025-06-08 10:47:04,219 - pribot - INFO - 監視継続中... (経過時間: 1398分)
2025-06-08 10:48:04,222 - pribot - INFO - 監視継続中... (経過時間: 1404分)
2025-06-08 10:49:04,225 - pribot - INFO - 監視継続中... (経過時間: 1410分)
2025-06-08 10:50:04,228 - pribot - INFO - 監視継続中... (経過時間: 1416分)
2025-06-08 10:51:04,232 - pribot - INFO - 監視継続中... (経過時間: 1422分)
2025-06-08 10:52:04,235 - pribot - INFO - 監視継続中... (経過時間: 1428分)
2025-06-08 10:53:04,238 - pribot - INFO - 監視継続中... (経過時間: 1434分)
2025-06-08 10:54:04,241 - pribot - INFO - 監視継続中... (経過時間: 1440分)
2025-06-08 10:55:04,246 - pribot - INFO - 監視継続中... (経過時間: 1446分)
2025-06-08 10:56:04,249 - pribot - INFO - 監視継続中... (経過時間: 1452分)
2025-06-08 10:57:04,253 - pribot - INFO - 監視継続中... (経過時間: 1458分)
2025-06-08 10:58:04,256 - pribot - INFO - 監視継続中... (経過時間: 1464分)
2025-06-08 10:59:04,261 - pribot - INFO - 監視継続中... (経過時間: 1470分)
2025-06-08 11:00:04,264 - pribot - INFO - 監視継続中... (経過時間: 1476分)
2025-06-08 11:01:04,267 - pribot - INFO - 監視継続中... (経過時間: 1482分)
2025-06-08 11:02:04,271 - pribot - INFO - 監視継続中... (経過時間: 1488分)
2025-06-08 11:03:04,275 - pribot - INFO - 監視継続中... (経過時間: 1494分)
2025-06-08 11:04:04,278 - pribot - INFO - 監視継続中... (経過時間: 1500分)
2025-06-08 11:05:04,282 - pribot - INFO - 監視継続中... (経過時間: 1506分)
2025-06-08 11:06:04,286 - pribot - INFO - 監視継続中... (経過時間: 1512分)
2025-06-08 11:07:04,289 - pribot - INFO - 監視継続中... (経過時間: 1518分)
2025-06-08 11:08:04,292 - pribot - INFO - 監視継続中... (経過時間: 1524分)
2025-06-08 11:09:04,296 - pribot - INFO - 監視継続中... (経過時間: 1530分)
2025-06-08 11:10:04,301 - pribot - INFO - 監視継続中... (経過時間: 1536分)
2025-06-08 11:11:04,304 - pribot - INFO - 監視継続中... (経過時間: 1542分)
2025-06-08 11:12:04,308 - pribot - INFO - 監視継続中... (経過時間: 1548分)
2025-06-08 11:13:04,311 - pribot - INFO - 監視継続中... (経過時間: 1554分)
2025-06-08 11:14:04,315 - pribot - INFO - 監視継続中... (経過時間: 1560分)
2025-06-08 11:15:04,320 - pribot - INFO - 監視継続中... (経過時間: 1566分)
2025-06-08 11:16:04,325 - pribot - INFO - 監視継続中... (経過時間: 1572分)
2025-06-08 11:17:04,328 - pribot - INFO - 監視継続中... (経過時間: 1578分)
2025-06-08 11:18:04,332 - pribot - INFO - 監視継続中... (経過時間: 1584分)
2025-06-08 11:19:04,336 - pribot - INFO - 監視継続中... (経過時間: 1590分)
2025-06-08 11:20:04,338 - pribot - INFO - 監視継続中... (経過時間: 1596分)
2025-06-08 11:21:04,341 - pribot - INFO - 監視継続中... (経過時間: 1602分)
2025-06-08 11:22:04,344 - pribot - INFO - 監視継続中... (経過時間: 1608分)
2025-06-08 11:23:04,348 - pribot - INFO - 監視継続中... (経過時間: 1614分)
2025-06-08 11:24:04,351 - pribot - INFO - 監視継続中... (経過時間: 1620分)
2025-06-08 11:25:04,354 - pribot - INFO - 監視継続中... (経過時間: 1626分)
2025-06-08 11:26:04,358 - pribot - INFO - 監視継続中... (経過時間: 1632分)
2025-06-08 11:27:04,362 - pribot - INFO - 監視継続中... (経過時間: 1638分)
2025-06-08 11:28:04,365 - pribot - INFO - 監視継続中... (経過時間: 1644分)
2025-06-08 11:29:04,369 - pribot - INFO - 監視継続中... (経過時間: 1650分)
2025-06-08 11:30:04,372 - pribot - INFO - 監視継続中... (経過時間: 1656分)
2025-06-08 11:31:04,375 - pribot - INFO - 監視継続中... (経過時間: 1662分)
2025-06-08 11:32:04,378 - pribot - INFO - 監視継続中... (経過時間: 1668分)
2025-06-08 11:33:04,382 - pribot - INFO - 監視継続中... (経過時間: 1674分)
2025-06-08 11:34:04,386 - pribot - INFO - 監視継続中... (経過時間: 1680分)
2025-06-08 11:35:04,390 - pribot - INFO - 監視継続中... (経過時間: 1686分)
2025-06-08 11:36:04,393 - pribot - INFO - 監視継続中... (経過時間: 1692分)
2025-06-08 11:37:04,397 - pribot - INFO - 監視継続中... (経過時間: 1698分)
2025-06-08 11:38:04,401 - pribot - INFO - 監視継続中... (経過時間: 1704分)
2025-06-08 11:39:04,405 - pribot - INFO - 監視継続中... (経過時間: 1710分)
2025-06-08 11:40:04,410 - pribot - INFO - 監視継続中... (経過時間: 1716分)
2025-06-08 11:41:04,414 - pribot - INFO - 監視継続中... (経過時間: 1722分)
2025-06-08 11:42:04,418 - pribot - INFO - 監視継続中... (経過時間: 1728分)
2025-06-08 11:43:04,422 - pribot - INFO - 監視継続中... (経過時間: 1734分)
2025-06-08 11:44:04,426 - pribot - INFO - 監視継続中... (経過時間: 1740分)
2025-06-08 11:45:04,428 - pribot - INFO - 監視継続中... (経過時間: 1746分)
2025-06-08 11:46:04,431 - pribot - INFO - 監視継続中... (経過時間: 1752分)
2025-06-08 11:47:04,434 - pribot - INFO - 監視継続中... (経過時間: 1758分)
2025-06-08 11:48:04,437 - pribot - INFO - 監視継続中... (経過時間: 1764分)
2025-06-08 11:49:04,441 - pribot - INFO - 監視継続中... (経過時間: 1770分)
2025-06-08 11:50:04,445 - pribot - INFO - 監視継続中... (経過時間: 1776分)
2025-06-08 11:51:04,449 - pribot - INFO - 監視継続中... (経過時間: 1782分)
2025-06-08 11:52:04,452 - pribot - INFO - 監視継続中... (経過時間: 1788分)
2025-06-08 11:53:04,456 - pribot - INFO - 監視継続中... (経過時間: 1794分)
2025-06-08 11:54:04,458 - pribot - INFO - 監視継続中... (経過時間: 1800分)
2025-06-08 11:55:04,463 - pribot - INFO - 監視継続中... (経過時間: 1806分)
2025-06-08 11:56:04,466 - pribot - INFO - 監視継続中... (経過時間: 1812分)
2025-06-08 11:57:04,470 - pribot - INFO - 監視継続中... (経過時間: 1818分)
2025-06-08 11:58:04,474 - pribot - INFO - 監視継続中... (経過時間: 1824分)
2025-06-08 11:59:04,477 - pribot - INFO - 監視継続中... (経過時間: 1830分)
2025-06-08 12:00:04,481 - pribot - INFO - 監視継続中... (経過時間: 1836分)
2025-06-08 12:01:04,485 - pribot - INFO - 監視継続中... (経過時間: 1842分)
2025-06-08 12:02:04,489 - pribot - INFO - 監視継続中... (経過時間: 1848分)
2025-06-08 12:03:04,493 - pribot - INFO - 監視継続中... (経過時間: 1854分)
2025-06-08 12:04:04,496 - pribot - INFO - 監視継続中... (経過時間: 1860分)
2025-06-08 12:05:04,499 - pribot - INFO - 監視継続中... (経過時間: 1866分)
2025-06-08 12:06:04,501 - pribot - INFO - 監視継続中... (経過時間: 1872分)
2025-06-08 12:07:04,504 - pribot - INFO - 監視継続中... (経過時間: 1878分)
2025-06-08 12:08:04,508 - pribot - INFO - 監視継続中... (経過時間: 1884分)
2025-06-08 12:09:04,512 - pribot - INFO - 監視継続中... (経過時間: 1890分)
2025-06-08 12:10:04,515 - pribot - INFO - 監視継続中... (経過時間: 1896分)
2025-06-08 12:11:04,520 - pribot - INFO - 監視継続中... (経過時間: 1902分)
2025-06-08 12:12:04,522 - pribot - INFO - 監視継続中... (経過時間: 1908分)
2025-06-08 12:13:04,526 - pribot - INFO - 監視継続中... (経過時間: 1914分)
2025-06-08 12:14:04,529 - pribot - INFO - 監視継続中... (経過時間: 1920分)
2025-06-08 12:15:04,532 - pribot - INFO - 監視継続中... (経過時間: 1926分)
2025-06-08 12:16:04,536 - pribot - INFO - 監視継続中... (経過時間: 1932分)
2025-06-08 12:17:04,539 - pribot - INFO - 監視継続中... (経過時間: 1938分)
2025-06-08 12:18:04,542 - pribot - INFO - 監視継続中... (経過時間: 1944分)
2025-06-08 12:19:04,546 - pribot - INFO - 監視継続中... (経過時間: 1950分)
2025-06-08 12:20:04,549 - pribot - INFO - 監視継続中... (経過時間: 1956分)
2025-06-08 12:21:04,553 - pribot - INFO - 監視継続中... (経過時間: 1962分)
2025-06-08 12:22:04,557 - pribot - INFO - 監視継続中... (経過時間: 1968分)
2025-06-08 12:23:04,561 - pribot - INFO - 監視継続中... (経過時間: 1974分)
2025-06-08 12:24:04,565 - pribot - INFO - 監視継続中... (経過時間: 1980分)
2025-06-08 12:25:04,568 - pribot - INFO - 監視継続中... (経過時間: 1986分)
2025-06-08 12:26:04,572 - pribot - INFO - 監視継続中... (経過時間: 1992分)
2025-06-08 12:27:04,577 - pribot - INFO - 監視継続中... (経過時間: 1998分)
2025-06-08 12:28:04,579 - pribot - INFO - 監視継続中... (経過時間: 2004分)
2025-06-08 12:29:04,583 - pribot - INFO - 監視継続中... (経過時間: 2010分)
2025-06-08 12:30:04,587 - pribot - INFO - 監視継続中... (経過時間: 2016分)
2025-06-08 12:31:04,591 - pribot - INFO - 監視継続中... (経過時間: 2022分)
2025-06-08 12:32:04,594 - pribot - INFO - 監視継続中... (経過時間: 2028分)
2025-06-08 12:33:04,597 - pribot - INFO - 監視継続中... (経過時間: 2034分)
2025-06-08 12:34:04,601 - pribot - INFO - 監視継続中... (経過時間: 2040分)
2025-06-08 12:35:04,605 - pribot - INFO - 監視継続中... (経過時間: 2046分)
2025-06-08 12:36:04,607 - pribot - INFO - 監視継続中... (経過時間: 2052分)
2025-06-08 12:37:04,611 - pribot - INFO - 監視継続中... (経過時間: 2058分)
2025-06-08 12:38:04,614 - pribot - INFO - 監視継続中... (経過時間: 2064分)
2025-06-08 12:39:04,618 - pribot - INFO - 監視継続中... (経過時間: 2070分)
2025-06-08 12:40:04,620 - pribot - INFO - 監視継続中... (経過時間: 2076分)
2025-06-08 12:41:04,624 - pribot - INFO - 監視継続中... (経過時間: 2082分)
2025-06-08 12:42:04,627 - pribot - INFO - 監視継続中... (経過時間: 2088分)
2025-06-08 12:43:04,632 - pribot - INFO - 監視継続中... (経過時間: 2094分)
2025-06-08 12:44:04,635 - pribot - INFO - 監視継続中... (経過時間: 2100分)
2025-06-08 12:45:04,639 - pribot - INFO - 監視継続中... (経過時間: 2106分)
2025-06-08 12:46:04,644 - pribot - INFO - 監視継続中... (経過時間: 2112分)
2025-06-08 12:47:04,648 - pribot - INFO - 監視継続中... (経過時間: 2118分)
2025-06-08 12:48:04,651 - pribot - INFO - 監視継続中... (経過時間: 2124分)
2025-06-08 12:49:04,656 - pribot - INFO - 監視継続中... (経過時間: 2130分)
2025-06-08 12:50:04,659 - pribot - INFO - 監視継続中... (経過時間: 2136分)
2025-06-08 12:51:04,663 - pribot - INFO - 監視継続中... (経過時間: 2142分)
2025-06-08 12:52:04,666 - pribot - INFO - 監視継続中... (経過時間: 2148分)
2025-06-08 12:53:04,670 - pribot - INFO - 監視継続中... (経過時間: 2154分)
2025-06-08 12:54:04,674 - pribot - INFO - 監視継続中... (経過時間: 2160分)
2025-06-08 12:55:04,678 - pribot - INFO - 監視継続中... (経過時間: 2166分)
2025-06-08 12:56:04,680 - pribot - INFO - 監視継続中... (経過時間: 2172分)
2025-06-08 12:57:04,684 - pribot - INFO - 監視継続中... (経過時間: 2178分)
2025-06-08 12:58:04,688 - pribot - INFO - 監視継続中... (経過時間: 2184分)
2025-06-08 12:59:04,692 - pribot - INFO - 監視継続中... (経過時間: 2190分)
2025-06-08 13:00:04,695 - pribot - INFO - 監視継続中... (経過時間: 2196分)
2025-06-08 13:01:04,699 - pribot - INFO - 監視継続中... (経過時間: 2202分)
2025-06-08 13:02:04,703 - pribot - INFO - 監視継続中... (経過時間: 2208分)
2025-06-08 13:03:04,706 - pribot - INFO - 監視継続中... (経過時間: 2214分)
2025-06-08 13:04:04,710 - pribot - INFO - 監視継続中... (経過時間: 2220分)
2025-06-08 13:05:04,714 - pribot - INFO - 監視継続中... (経過時間: 2226分)
2025-06-08 13:06:04,718 - pribot - INFO - 監視継続中... (経過時間: 2232分)
2025-06-08 13:07:04,722 - pribot - INFO - 監視継続中... (経過時間: 2238分)
2025-06-08 13:08:04,724 - pribot - INFO - 監視継続中... (経過時間: 2244分)
2025-06-08 13:09:04,728 - pribot - INFO - 監視継続中... (経過時間: 2250分)
2025-06-08 13:10:04,732 - pribot - INFO - 監視継続中... (経過時間: 2256分)
2025-06-08 13:11:04,737 - pribot - INFO - 監視継続中... (経過時間: 2262分)
2025-06-08 13:12:04,740 - pribot - INFO - 監視継続中... (経過時間: 2268分)
2025-06-08 13:13:04,744 - pribot - INFO - 監視継続中... (経過時間: 2274分)
2025-06-08 13:14:04,748 - pribot - INFO - 監視継続中... (経過時間: 2280分)
2025-06-08 13:15:04,751 - pribot - INFO - 監視継続中... (経過時間: 2286分)
2025-06-08 13:16:04,754 - pribot - INFO - 監視継続中... (経過時間: 2292分)
2025-06-08 13:17:04,758 - pribot - INFO - 監視継続中... (経過時間: 2298分)
2025-06-08 13:18:04,762 - pribot - INFO - 監視継続中... (経過時間: 2304分)
2025-06-08 13:19:04,766 - pribot - INFO - 監視継続中... (経過時間: 2310分)
2025-06-08 13:20:04,768 - pribot - INFO - 監視継続中... (経過時間: 2316分)
2025-06-08 13:21:04,771 - pribot - INFO - 監視継続中... (経過時間: 2322分)
2025-06-08 13:22:04,773 - pribot - INFO - 監視継続中... (経過時間: 2328分)
2025-06-08 13:23:04,777 - pribot - INFO - 監視継続中... (経過時間: 2334分)
2025-06-08 13:24:04,780 - pribot - INFO - 監視継続中... (経過時間: 2340分)
2025-06-08 13:25:04,785 - pribot - INFO - 監視継続中... (経過時間: 2346分)
2025-06-08 13:26:04,789 - pribot - INFO - 監視継続中... (経過時間: 2352分)
2025-06-08 13:27:04,792 - pribot - INFO - 監視継続中... (経過時間: 2358分)
2025-06-08 13:28:04,795 - pribot - INFO - 監視継続中... (経過時間: 2364分)
2025-06-08 13:29:04,798 - pribot - INFO - 監視継続中... (経過時間: 2370分)
2025-06-08 13:30:04,803 - pribot - INFO - 監視継続中... (経過時間: 2376分)
2025-06-08 13:31:04,806 - pribot - INFO - 監視継続中... (経過時間: 2382分)
2025-06-08 13:32:04,809 - pribot - INFO - 監視継続中... (経過時間: 2388分)
2025-06-08 13:33:04,814 - pribot - INFO - 監視継続中... (経過時間: 2394分)
2025-06-08 13:34:04,818 - pribot - INFO - 監視継続中... (経過時間: 2400分)
2025-06-08 13:35:04,822 - pribot - INFO - 監視継続中... (経過時間: 2406分)
2025-06-08 13:36:04,825 - pribot - INFO - 監視継続中... (経過時間: 2412分)
2025-06-08 13:37:04,828 - pribot - INFO - 監視継続中... (経過時間: 2418分)
2025-06-08 13:38:04,831 - pribot - INFO - 監視継続中... (経過時間: 2424分)
2025-06-08 13:39:04,835 - pribot - INFO - 監視継続中... (経過時間: 2430分)
2025-06-08 13:40:04,839 - pribot - INFO - 監視継続中... (経過時間: 2436分)
2025-06-08 13:41:04,843 - pribot - INFO - 監視継続中... (経過時間: 2442分)
2025-06-08 13:42:04,847 - pribot - INFO - 監視継続中... (経過時間: 2448分)
2025-06-08 13:43:04,851 - pribot - INFO - 監視継続中... (経過時間: 2454分)
2025-06-08 13:44:04,855 - pribot - INFO - 監視継続中... (経過時間: 2460分)
2025-06-08 13:45:04,858 - pribot - INFO - 監視継続中... (経過時間: 2466分)
2025-06-08 13:46:04,862 - pribot - INFO - 監視継続中... (経過時間: 2472分)
2025-06-08 13:47:04,864 - pribot - INFO - 監視継続中... (経過時間: 2478分)
2025-06-08 13:48:04,868 - pribot - INFO - 監視継続中... (経過時間: 2484分)
2025-06-08 13:49:04,873 - pribot - INFO - 監視継続中... (経過時間: 2490分)
2025-06-08 13:50:04,876 - pribot - INFO - 監視継続中... (経過時間: 2496分)
2025-06-08 13:51:04,880 - pribot - INFO - 監視継続中... (経過時間: 2502分)
2025-06-08 13:52:04,883 - pribot - INFO - 監視継続中... (経過時間: 2508分)
2025-06-08 13:53:04,887 - pribot - INFO - 監視継続中... (経過時間: 2514分)
2025-06-08 13:54:04,891 - pribot - INFO - 監視継続中... (経過時間: 2520分)
2025-06-08 13:55:04,894 - pribot - INFO - 監視継続中... (経過時間: 2526分)
2025-06-08 13:56:04,898 - pribot - INFO - 監視継続中... (経過時間: 2532分)
2025-06-08 13:57:04,902 - pribot - INFO - 監視継続中... (経過時間: 2538分)
2025-06-08 13:58:04,905 - pribot - INFO - 監視継続中... (経過時間: 2544分)
2025-06-08 13:59:04,909 - pribot - INFO - 監視継続中... (経過時間: 2550分)
2025-06-08 14:00:04,913 - pribot - INFO - 監視継続中... (経過時間: 2556分)
2025-06-08 14:01:04,917 - pribot - INFO - 監視継続中... (経過時間: 2562分)
2025-06-08 14:02:04,920 - pribot - INFO - 監視継続中... (経過時間: 2568分)
2025-06-08 14:03:04,923 - pribot - INFO - 監視継続中... (経過時間: 2574分)
2025-06-08 14:04:04,926 - pribot - INFO - 監視継続中... (経過時間: 2580分)
2025-06-08 14:05:04,930 - pribot - INFO - 監視継続中... (経過時間: 2586分)
2025-06-08 14:06:04,933 - pribot - INFO - 監視継続中... (経過時間: 2592分)
2025-06-08 14:07:04,936 - pribot - INFO - 監視継続中... (経過時間: 2598分)
2025-06-08 14:08:04,941 - pribot - INFO - 監視継続中... (経過時間: 2604分)
2025-06-08 14:09:04,945 - pribot - INFO - 監視継続中... (経過時間: 2610分)
2025-06-08 14:10:04,951 - pribot - INFO - 監視継続中... (経過時間: 2616分)
2025-06-08 14:11:04,954 - pribot - INFO - 監視継続中... (経過時間: 2622分)
2025-06-08 14:12:04,957 - pribot - INFO - 監視継続中... (経過時間: 2628分)
2025-06-08 14:13:04,960 - pribot - INFO - 監視継続中... (経過時間: 2634分)
2025-06-08 14:14:04,964 - pribot - INFO - 監視継続中... (経過時間: 2640分)
2025-06-08 14:15:04,967 - pribot - INFO - 監視継続中... (経過時間: 2646分)
2025-06-08 14:16:04,971 - pribot - INFO - 監視継続中... (経過時間: 2652分)
2025-06-08 14:17:04,975 - pribot - INFO - 監視継続中... (経過時間: 2658分)
2025-06-08 14:18:04,980 - pribot - INFO - 監視継続中... (経過時間: 2664分)
2025-06-08 14:19:04,983 - pribot - INFO - 監視継続中... (経過時間: 2670分)
2025-06-08 14:20:04,987 - pribot - INFO - 監視継続中... (経過時間: 2676分)
2025-06-08 14:21:04,990 - pribot - INFO - 監視継続中... (経過時間: 2682分)
2025-06-08 14:22:04,994 - pribot - INFO - 監視継続中... (経過時間: 2688分)
2025-06-08 14:23:04,999 - pribot - INFO - 監視継続中... (経過時間: 2694分)
2025-06-08 14:24:05,002 - pribot - INFO - 監視継続中... (経過時間: 2700分)
2025-06-08 14:25:05,005 - pribot - INFO - 監視継続中... (経過時間: 2706分)
2025-06-08 14:26:05,008 - pribot - INFO - 監視継続中... (経過時間: 2712分)
2025-06-08 14:27:05,012 - pribot - INFO - 監視継続中... (経過時間: 2718分)
2025-06-08 14:28:05,015 - pribot - INFO - 監視継続中... (経過時間: 2724分)
2025-06-08 14:29:05,019 - pribot - INFO - 監視継続中... (経過時間: 2730分)
2025-06-08 14:30:05,023 - pribot - INFO - 監視継続中... (経過時間: 2736分)
2025-06-08 14:31:05,027 - pribot - INFO - 監視継続中... (経過時間: 2742分)
2025-06-08 14:32:05,031 - pribot - INFO - 監視継続中... (経過時間: 2748分)
2025-06-08 14:33:05,035 - pribot - INFO - 監視継続中... (経過時間: 2754分)
2025-06-08 14:34:05,038 - pribot - INFO - 監視継続中... (経過時間: 2760分)
2025-06-08 14:35:05,041 - pribot - INFO - 監視継続中... (経過時間: 2766分)
2025-06-08 14:36:05,043 - pribot - INFO - 監視継続中... (経過時間: 2772分)
2025-06-08 14:37:05,046 - pribot - INFO - 監視継続中... (経過時間: 2778分)
2025-06-08 14:38:05,049 - pribot - INFO - 監視継続中... (経過時間: 2784分)
2025-06-08 14:39:05,052 - pribot - INFO - 監視継続中... (経過時間: 2790分)
2025-06-08 14:40:05,055 - pribot - INFO - 監視継続中... (経過時間: 2796分)
2025-06-08 14:41:05,059 - pribot - INFO - 監視継続中... (経過時間: 2802分)
2025-06-08 14:42:05,061 - pribot - INFO - 監視継続中... (経過時間: 2808分)
2025-06-08 14:43:05,065 - pribot - INFO - 監視継続中... (経過時間: 2814分)
2025-06-08 14:44:05,068 - pribot - INFO - 監視継続中... (経過時間: 2820分)
2025-06-08 14:45:05,072 - pribot - INFO - 監視継続中... (経過時間: 2826分)
2025-06-08 14:46:05,076 - pribot - INFO - 監視継続中... (経過時間: 2832分)
2025-06-08 14:47:05,079 - pribot - INFO - 監視継続中... (経過時間: 2838分)
2025-06-08 14:48:05,084 - pribot - INFO - 監視継続中... (経過時間: 2844分)
2025-06-08 14:49:05,087 - pribot - INFO - 監視継続中... (経過時間: 2850分)
2025-06-08 14:50:05,091 - pribot - INFO - 監視継続中... (経過時間: 2856分)
2025-06-08 14:51:05,096 - pribot - INFO - 監視継続中... (経過時間: 2862分)
2025-06-08 14:52:05,100 - pribot - INFO - 監視継続中... (経過時間: 2868分)
2025-06-08 14:53:05,103 - pribot - INFO - 監視継続中... (経過時間: 2874分)
2025-06-08 14:54:05,107 - pribot - INFO - 監視継続中... (経過時間: 2880分)
2025-06-08 14:55:05,111 - pribot - INFO - 監視継続中... (経過時間: 2886分)
2025-06-08 14:56:05,115 - pribot - INFO - 監視継続中... (経過時間: 2892分)
2025-06-08 14:57:05,119 - pribot - INFO - 監視継続中... (経過時間: 2898分)
2025-06-08 14:58:05,122 - pribot - INFO - 監視継続中... (経過時間: 2904分)
2025-06-08 14:59:05,127 - pribot - INFO - 監視継続中... (経過時間: 2910分)
2025-06-08 15:00:05,131 - pribot - INFO - 監視継続中... (経過時間: 2916分)
2025-06-08 15:01:05,134 - pribot - INFO - 監視継続中... (経過時間: 2922分)
2025-06-08 15:02:05,137 - pribot - INFO - 監視継続中... (経過時間: 2928分)
2025-06-08 15:03:05,141 - pribot - INFO - 監視継続中... (経過時間: 2934分)
2025-06-08 15:04:05,145 - pribot - INFO - 監視継続中... (経過時間: 2940分)
2025-06-08 15:05:05,148 - pribot - INFO - 監視継続中... (経過時間: 2946分)
2025-06-08 15:06:05,151 - pribot - INFO - 監視継続中... (経過時間: 2952分)
2025-06-08 15:07:05,154 - pribot - INFO - 監視継続中... (経過時間: 2958分)
2025-06-08 15:08:05,157 - pribot - INFO - 監視継続中... (経過時間: 2964分)
2025-06-08 15:09:05,160 - pribot - INFO - 監視継続中... (経過時間: 2970分)
2025-06-08 15:10:05,162 - pribot - INFO - 監視継続中... (経過時間: 2976分)
2025-06-08 15:11:05,165 - pribot - INFO - 監視継続中... (経過時間: 2982分)
2025-06-08 15:12:05,167 - pribot - INFO - 監視継続中... (経過時間: 2988分)
2025-06-08 15:13:05,171 - pribot - INFO - 監視継続中... (経過時間: 2994分)
2025-06-08 15:14:05,173 - pribot - INFO - 監視継続中... (経過時間: 3000分)
2025-06-08 15:15:05,177 - pribot - INFO - 監視継続中... (経過時間: 3006分)
2025-06-08 15:16:05,181 - pribot - INFO - 監視継続中... (経過時間: 3012分)
2025-06-08 15:17:05,185 - pribot - INFO - 監視継続中... (経過時間: 3018分)
2025-06-08 15:18:05,188 - pribot - INFO - 監視継続中... (経過時間: 3024分)
2025-06-08 15:19:05,193 - pribot - INFO - 監視継続中... (経過時間: 3030分)
2025-06-08 15:20:05,197 - pribot - INFO - 監視継続中... (経過時間: 3036分)
2025-06-08 15:21:05,201 - pribot - INFO - 監視継続中... (経過時間: 3042分)
2025-06-08 15:22:05,206 - pribot - INFO - 監視継続中... (経過時間: 3048分)
2025-06-08 15:23:05,210 - pribot - INFO - 監視継続中... (経過時間: 3054分)
2025-06-08 15:24:05,213 - pribot - INFO - 監視継続中... (経過時間: 3060分)
2025-06-08 15:25:05,217 - pribot - INFO - 監視継続中... (経過時間: 3066分)
2025-06-08 15:26:05,221 - pribot - INFO - 監視継続中... (経過時間: 3072分)
2025-06-08 15:27:05,224 - pribot - INFO - 監視継続中... (経過時間: 3078分)
2025-06-08 15:28:05,228 - pribot - INFO - 監視継続中... (経過時間: 3084分)
2025-06-08 15:29:05,233 - pribot - INFO - 監視継続中... (経過時間: 3090分)
2025-06-08 15:30:05,236 - pribot - INFO - 監視継続中... (経過時間: 3096分)
2025-06-08 15:31:05,240 - pribot - INFO - 監視継続中... (経過時間: 3102分)
2025-06-08 15:32:05,244 - pribot - INFO - 監視継続中... (経過時間: 3108分)
2025-06-08 15:33:05,248 - pribot - INFO - 監視継続中... (経過時間: 3114分)
2025-06-08 15:34:05,251 - pribot - INFO - 監視継続中... (経過時間: 3120分)
2025-06-08 15:35:05,255 - pribot - INFO - 監視継続中... (経過時間: 3126分)
2025-06-08 15:36:05,259 - pribot - INFO - 監視継続中... (経過時間: 3132分)
2025-06-08 15:37:05,264 - pribot - INFO - 監視継続中... (経過時間: 3138分)
2025-06-08 15:38:05,267 - pribot - INFO - 監視継続中... (経過時間: 3144分)
2025-06-08 15:39:05,270 - pribot - INFO - 監視継続中... (経過時間: 3150分)
2025-06-08 15:40:05,274 - pribot - INFO - 監視継続中... (経過時間: 3156分)
2025-06-08 15:41:05,279 - pribot - INFO - 監視継続中... (経過時間: 3162分)
2025-06-08 15:42:05,282 - pribot - INFO - 監視継続中... (経過時間: 3168分)
2025-06-08 15:43:05,286 - pribot - INFO - 監視継続中... (経過時間: 3174分)
2025-06-08 15:44:05,291 - pribot - INFO - 監視継続中... (経過時間: 3180分)
2025-06-08 15:45:05,293 - pribot - INFO - 監視継続中... (経過時間: 3186分)
2025-06-08 15:46:05,296 - pribot - INFO - 監視継続中... (経過時間: 3192分)
2025-06-08 15:47:05,300 - pribot - INFO - 監視継続中... (経過時間: 3198分)
2025-06-08 15:48:05,304 - pribot - INFO - 監視継続中... (経過時間: 3204分)
2025-06-08 15:49:05,307 - pribot - INFO - 監視継続中... (経過時間: 3210分)
2025-06-08 15:50:05,310 - pribot - INFO - 監視継続中... (経過時間: 3216分)
2025-06-08 15:51:05,313 - pribot - INFO - 監視継続中... (経過時間: 3222分)
2025-06-08 15:52:05,317 - pribot - INFO - 監視継続中... (経過時間: 3228分)
2025-06-08 15:53:05,319 - pribot - INFO - 監視継続中... (経過時間: 3234分)
2025-06-08 15:54:05,322 - pribot - INFO - 監視継続中... (経過時間: 3240分)
2025-06-08 15:55:05,327 - pribot - INFO - 監視継続中... (経過時間: 3246分)
2025-06-08 15:56:05,331 - pribot - INFO - 監視継続中... (経過時間: 3252分)
2025-06-08 15:57:05,335 - pribot - INFO - 監視継続中... (経過時間: 3258分)
2025-06-08 15:58:05,339 - pribot - INFO - 監視継続中... (経過時間: 3264分)
2025-06-08 15:59:05,341 - pribot - INFO - 監視継続中... (経過時間: 3270分)
2025-06-08 16:00:05,345 - pribot - INFO - 監視継続中... (経過時間: 3276分)
2025-06-08 16:01:05,349 - pribot - INFO - 監視継続中... (経過時間: 3282分)
2025-06-08 16:02:05,354 - pribot - INFO - 監視継続中... (経過時間: 3288分)
2025-06-08 16:03:05,357 - pribot - INFO - 監視継続中... (経過時間: 3294分)
2025-06-08 16:04:05,361 - pribot - INFO - 監視継続中... (経過時間: 3300分)
2025-06-08 16:05:05,365 - pribot - INFO - 監視継続中... (経過時間: 3306分)
2025-06-08 16:06:05,369 - pribot - INFO - 監視継続中... (経過時間: 3312分)
2025-06-08 16:07:05,373 - pribot - INFO - 監視継続中... (経過時間: 3318分)
2025-06-08 16:08:05,378 - pribot - INFO - 監視継続中... (経過時間: 3324分)
2025-06-08 16:09:05,382 - pribot - INFO - 監視継続中... (経過時間: 3330分)
2025-06-08 16:10:05,386 - pribot - INFO - 監視継続中... (経過時間: 3336分)
2025-06-08 16:11:05,390 - pribot - INFO - 監視継続中... (経過時間: 3342分)
2025-06-08 16:12:05,393 - pribot - INFO - 監視継続中... (経過時間: 3348分)
2025-06-08 16:13:05,397 - pribot - INFO - 監視継続中... (経過時間: 3354分)
2025-06-08 16:14:05,401 - pribot - INFO - 監視継続中... (経過時間: 3360分)
2025-06-08 16:15:05,404 - pribot - INFO - 監視継続中... (経過時間: 3366分)
2025-06-08 16:16:05,408 - pribot - INFO - 監視継続中... (経過時間: 3372分)
2025-06-08 16:17:05,412 - pribot - INFO - 監視継続中... (経過時間: 3378分)
2025-06-08 16:18:05,415 - pribot - INFO - 監視継続中... (経過時間: 3384分)
2025-06-08 16:19:05,419 - pribot - INFO - 監視継続中... (経過時間: 3390分)
2025-06-08 16:20:05,423 - pribot - INFO - 監視継続中... (経過時間: 3396分)
2025-06-08 16:21:05,426 - pribot - INFO - 監視継続中... (経過時間: 3402分)
2025-06-08 16:22:05,430 - pribot - INFO - 監視継続中... (経過時間: 3408分)
2025-06-08 16:23:05,433 - pribot - INFO - 監視継続中... (経過時間: 3414分)
2025-06-08 16:24:05,437 - pribot - INFO - 監視継続中... (経過時間: 3420分)
2025-06-08 16:25:05,440 - pribot - INFO - 監視継続中... (経過時間: 3426分)
2025-06-08 16:26:05,442 - pribot - INFO - 監視継続中... (経過時間: 3432分)
2025-06-08 16:27:05,445 - pribot - INFO - 監視継続中... (経過時間: 3438分)
2025-06-08 16:28:05,448 - pribot - INFO - 監視継続中... (経過時間: 3444分)
2025-06-08 16:29:05,453 - pribot - INFO - 監視継続中... (経過時間: 3450分)
2025-06-08 16:30:05,456 - pribot - INFO - 監視継続中... (経過時間: 3456分)
2025-06-08 16:31:05,459 - pribot - INFO - 監視継続中... (経過時間: 3462分)
2025-06-08 16:32:05,463 - pribot - INFO - 監視継続中... (経過時間: 3468分)
2025-06-08 16:33:05,467 - pribot - INFO - 監視継続中... (経過時間: 3474分)
2025-06-08 16:34:05,470 - pribot - INFO - 監視継続中... (経過時間: 3480分)
2025-06-08 16:35:05,475 - pribot - INFO - 監視継続中... (経過時間: 3486分)
2025-06-08 16:36:05,479 - pribot - INFO - 監視継続中... (経過時間: 3492分)
2025-06-08 16:37:05,481 - pribot - INFO - 監視継続中... (経過時間: 3498分)
2025-06-08 16:38:05,486 - pribot - INFO - 監視継続中... (経過時間: 3504分)
2025-06-08 16:39:05,489 - pribot - INFO - 監視継続中... (経過時間: 3510分)
2025-06-08 16:40:05,493 - pribot - INFO - 監視継続中... (経過時間: 3516分)
2025-06-08 16:41:05,496 - pribot - INFO - 監視継続中... (経過時間: 3522分)
2025-06-08 16:42:05,501 - pribot - INFO - 監視継続中... (経過時間: 3528分)
2025-06-08 16:43:05,505 - pribot - INFO - 監視継続中... (経過時間: 3534分)
2025-06-08 16:44:05,508 - pribot - INFO - 監視継続中... (経過時間: 3540分)
2025-06-08 16:45:05,513 - pribot - INFO - 監視継続中... (経過時間: 3546分)
2025-06-08 16:46:05,516 - pribot - INFO - 監視継続中... (経過時間: 3552分)
2025-06-08 16:47:05,521 - pribot - INFO - 監視継続中... (経過時間: 3558分)
2025-06-08 16:48:05,525 - pribot - INFO - 監視継続中... (経過時間: 3564分)
2025-06-08 16:49:05,529 - pribot - INFO - 監視継続中... (経過時間: 3570分)
2025-06-08 16:50:05,533 - pribot - INFO - 監視継続中... (経過時間: 3576分)
2025-06-08 16:51:05,536 - pribot - INFO - 監視継続中... (経過時間: 3582分)
2025-06-08 16:52:05,540 - pribot - INFO - 監視継続中... (経過時間: 3588分)
2025-06-08 16:53:05,544 - pribot - INFO - 監視継続中... (経過時間: 3594分)
2025-06-08 16:54:05,548 - pribot - INFO - 監視継続中... (経過時間: 3600分)
2025-06-08 16:55:05,552 - pribot - INFO - 監視継続中... (経過時間: 3606分)
2025-06-08 16:56:05,556 - pribot - INFO - 監視継続中... (経過時間: 3612分)
2025-06-08 16:57:05,560 - pribot - INFO - 監視継続中... (経過時間: 3618分)
2025-06-08 16:58:05,562 - pribot - INFO - 監視継続中... (経過時間: 3624分)
2025-06-08 16:59:05,566 - pribot - INFO - 監視継続中... (経過時間: 3630分)
2025-06-08 17:00:05,570 - pribot - INFO - 監視継続中... (経過時間: 3636分)
2025-06-08 17:01:05,574 - pribot - INFO - 監視継続中... (経過時間: 3642分)
2025-06-08 17:02:05,579 - pribot - INFO - 監視継続中... (経過時間: 3648分)
2025-06-08 17:03:05,581 - pribot - INFO - 監視継続中... (経過時間: 3654分)
2025-06-08 17:04:05,586 - pribot - INFO - 監視継続中... (経過時間: 3660分)
2025-06-08 17:05:05,588 - pribot - INFO - 監視継続中... (経過時間: 3666分)
2025-06-08 17:06:05,591 - pribot - INFO - 監視継続中... (経過時間: 3672分)
2025-06-08 17:07:05,594 - pribot - INFO - 監視継続中... (経過時間: 3678分)
2025-06-08 17:08:05,597 - pribot - INFO - 監視継続中... (経過時間: 3684分)
2025-06-08 17:09:05,600 - pribot - INFO - 監視継続中... (経過時間: 3690分)
2025-06-08 17:10:05,603 - pribot - INFO - 監視継続中... (経過時間: 3696分)
2025-06-08 17:11:05,605 - pribot - INFO - 監視継続中... (経過時間: 3702分)
2025-06-08 17:12:05,608 - pribot - INFO - 監視継続中... (経過時間: 3708分)
2025-06-08 17:13:05,611 - pribot - INFO - 監視継続中... (経過時間: 3714分)
2025-06-08 17:14:05,614 - pribot - INFO - 監視継続中... (経過時間: 3720分)
2025-06-08 17:15:05,617 - pribot - INFO - 監視継続中... (経過時間: 3726分)
2025-06-08 17:16:05,619 - pribot - INFO - 監視継続中... (経過時間: 3732分)
2025-06-08 17:17:05,623 - pribot - INFO - 監視継続中... (経過時間: 3738分)
2025-06-08 17:18:05,627 - pribot - INFO - 監視継続中... (経過時間: 3744分)
2025-06-08 17:19:05,630 - pribot - INFO - 監視継続中... (経過時間: 3750分)
2025-06-08 17:20:05,634 - pribot - INFO - 監視継続中... (経過時間: 3756分)
2025-06-08 17:21:05,638 - pribot - INFO - 監視継続中... (経過時間: 3762分)
2025-06-08 17:22:05,642 - pribot - INFO - 監視継続中... (経過時間: 3768分)
2025-06-08 17:23:05,646 - pribot - INFO - 監視継続中... (経過時間: 3774分)
2025-06-08 17:24:05,649 - pribot - INFO - 監視継続中... (経過時間: 3780分)
2025-06-08 17:25:05,653 - pribot - INFO - 監視継続中... (経過時間: 3786分)
2025-06-08 17:26:05,656 - pribot - INFO - 監視継続中... (経過時間: 3792分)
2025-06-08 17:27:05,661 - pribot - INFO - 監視継続中... (経過時間: 3798分)
2025-06-08 17:28:05,665 - pribot - INFO - 監視継続中... (経過時間: 3804分)
2025-06-08 17:29:05,669 - pribot - INFO - 監視継続中... (経過時間: 3810分)
2025-06-08 17:30:05,672 - pribot - INFO - 監視継続中... (経過時間: 3816分)
2025-06-08 17:31:05,676 - pribot - INFO - 監視継続中... (経過時間: 3822分)
2025-06-08 17:32:05,679 - pribot - INFO - 監視継続中... (経過時間: 3828分)
2025-06-08 17:33:05,683 - pribot - INFO - 監視継続中... (経過時間: 3834分)
2025-06-08 17:34:05,687 - pribot - INFO - 監視継続中... (経過時間: 3840分)
2025-06-08 17:35:05,691 - pribot - INFO - 監視継続中... (経過時間: 3846分)
2025-06-08 17:36:05,693 - pribot - INFO - 監視継続中... (経過時間: 3852分)
2025-06-08 17:37:05,697 - pribot - INFO - 監視継続中... (経過時間: 3858分)
2025-06-08 17:38:05,700 - pribot - INFO - 監視継続中... (経過時間: 3864分)
2025-06-08 17:39:05,704 - pribot - INFO - 監視継続中... (経過時間: 3870分)
2025-06-08 17:40:05,707 - pribot - INFO - 監視継続中... (経過時間: 3876分)
2025-06-08 17:41:05,710 - pribot - INFO - 監視継続中... (経過時間: 3882分)
2025-06-08 17:42:05,714 - pribot - INFO - 監視継続中... (経過時間: 3888分)
2025-06-08 17:43:05,716 - pribot - INFO - 監視継続中... (経過時間: 3894分)
2025-06-08 17:44:05,720 - pribot - INFO - 監視継続中... (経過時間: 3900分)
2025-06-08 17:45:05,723 - pribot - INFO - 監視継続中... (経過時間: 3906分)
2025-06-08 17:46:05,726 - pribot - INFO - 監視継続中... (経過時間: 3912分)
2025-06-08 17:47:05,730 - pribot - INFO - 監視継続中... (経過時間: 3918分)
2025-06-08 17:48:05,733 - pribot - INFO - 監視継続中... (経過時間: 3924分)
2025-06-08 17:49:05,737 - pribot - INFO - 監視継続中... (経過時間: 3930分)
2025-06-08 17:50:05,741 - pribot - INFO - 監視継続中... (経過時間: 3936分)
2025-06-08 17:51:05,745 - pribot - INFO - 監視継続中... (経過時間: 3942分)
2025-06-08 17:52:05,749 - pribot - INFO - 監視継続中... (経過時間: 3948分)
2025-06-08 17:53:05,752 - pribot - INFO - 監視継続中... (経過時間: 3954分)
2025-06-08 17:54:05,757 - pribot - INFO - 監視継続中... (経過時間: 3960分)
2025-06-08 17:55:05,760 - pribot - INFO - 監視継続中... (経過時間: 3966分)
2025-06-08 17:56:05,764 - pribot - INFO - 監視継続中... (経過時間: 3972分)
2025-06-08 17:57:05,768 - pribot - INFO - 監視継続中... (経過時間: 3978分)
2025-06-08 17:58:05,772 - pribot - INFO - 監視継続中... (経過時間: 3984分)
2025-06-08 17:59:05,776 - pribot - INFO - 監視継続中... (経過時間: 3990分)
2025-06-08 18:00:05,781 - pribot - INFO - 監視継続中... (経過時間: 3996分)
2025-06-08 18:01:05,784 - pribot - INFO - 監視継続中... (経過時間: 4002分)
2025-06-08 18:02:05,787 - pribot - INFO - 監視継続中... (経過時間: 4008分)
2025-06-08 18:03:05,792 - pribot - INFO - 監視継続中... (経過時間: 4014分)
2025-06-08 18:04:05,795 - pribot - INFO - 監視継続中... (経過時間: 4020分)
2025-06-08 18:05:05,799 - pribot - INFO - 監視継続中... (経過時間: 4026分)
2025-06-08 18:06:05,803 - pribot - INFO - 監視継続中... (経過時間: 4032分)
2025-06-08 18:07:05,807 - pribot - INFO - 監視継続中... (経過時間: 4038分)
2025-06-08 18:08:05,810 - pribot - INFO - 監視継続中... (経過時間: 4044分)
2025-06-08 18:09:05,815 - pribot - INFO - 監視継続中... (経過時間: 4050分)
2025-06-08 18:10:05,818 - pribot - INFO - 監視継続中... (経過時間: 4056分)
2025-06-08 18:11:05,821 - pribot - INFO - 監視継続中... (経過時間: 4062分)
2025-06-08 18:12:05,825 - pribot - INFO - 監視継続中... (経過時間: 4068分)
2025-06-08 18:13:05,828 - pribot - INFO - 監視継続中... (経過時間: 4074分)
2025-06-08 18:14:05,831 - pribot - INFO - 監視継続中... (経過時間: 4080分)
2025-06-08 18:15:05,835 - pribot - INFO - 監視継続中... (経過時間: 4086分)
2025-06-08 18:16:05,838 - pribot - INFO - 監視継続中... (経過時間: 4092分)
2025-06-08 18:17:05,843 - pribot - INFO - 監視継続中... (経過時間: 4098分)
2025-06-08 18:18:05,846 - pribot - INFO - 監視継続中... (経過時間: 4104分)
2025-06-08 18:19:05,849 - pribot - INFO - 監視継続中... (経過時間: 4110分)
2025-06-08 18:20:05,853 - pribot - INFO - 監視継続中... (経過時間: 4116分)
2025-06-08 18:21:05,857 - pribot - INFO - 監視継続中... (経過時間: 4122分)
2025-06-08 18:22:05,861 - pribot - INFO - 監視継続中... (経過時間: 4128分)
2025-06-08 18:23:05,864 - pribot - INFO - 監視継続中... (経過時間: 4134分)
2025-06-08 18:24:05,866 - pribot - INFO - 監視継続中... (経過時間: 4140分)
2025-06-08 18:25:05,871 - pribot - INFO - 監視継続中... (経過時間: 4146分)
2025-06-08 18:26:05,874 - pribot - INFO - 監視継続中... (経過時間: 4152分)
2025-06-08 18:27:05,878 - pribot - INFO - 監視継続中... (経過時間: 4158分)
2025-06-08 18:28:05,882 - pribot - INFO - 監視継続中... (経過時間: 4164分)
2025-06-08 18:29:05,885 - pribot - INFO - 監視継続中... (経過時間: 4170分)
2025-06-08 18:30:05,889 - pribot - INFO - 監視継続中... (経過時間: 4176分)
2025-06-08 18:31:05,892 - pribot - INFO - 監視継続中... (経過時間: 4182分)
2025-06-08 18:32:05,896 - pribot - INFO - 監視継続中... (経過時間: 4188分)
2025-06-08 18:33:05,900 - pribot - INFO - 監視継続中... (経過時間: 4194分)
2025-06-08 18:34:05,904 - pribot - INFO - 監視継続中... (経過時間: 4200分)
2025-06-08 18:35:05,908 - pribot - INFO - 監視継続中... (経過時間: 4206分)
2025-06-08 18:36:05,912 - pribot - INFO - 監視継続中... (経過時間: 4212分)
2025-06-08 18:37:05,916 - pribot - INFO - 監視継続中... (経過時間: 4218分)
2025-06-08 18:38:05,920 - pribot - INFO - 監視継続中... (経過時間: 4224分)
2025-06-08 18:39:05,924 - pribot - INFO - 監視継続中... (経過時間: 4230分)
2025-06-08 18:40:05,929 - pribot - INFO - 監視継続中... (経過時間: 4236分)
2025-06-08 18:41:05,932 - pribot - INFO - 監視継続中... (経過時間: 4242分)
2025-06-08 18:42:05,935 - pribot - INFO - 監視継続中... (経過時間: 4248分)
2025-06-08 18:43:05,938 - pribot - INFO - 監視継続中... (経過時間: 4254分)
2025-06-08 18:44:05,941 - pribot - INFO - 監視継続中... (経過時間: 4260分)
2025-06-08 18:45:05,945 - pribot - INFO - 監視継続中... (経過時間: 4266分)
2025-06-08 18:46:05,949 - pribot - INFO - 監視継続中... (経過時間: 4272分)
2025-06-08 18:47:05,953 - pribot - INFO - 監視継続中... (経過時間: 4278分)
2025-06-08 18:48:05,956 - pribot - INFO - 監視継続中... (経過時間: 4284分)
2025-06-08 18:49:05,960 - pribot - INFO - 監視継続中... (経過時間: 4290分)
2025-06-08 18:50:05,964 - pribot - INFO - 監視継続中... (経過時間: 4296分)
2025-06-08 18:51:05,968 - pribot - INFO - 監視継続中... (経過時間: 4302分)
2025-06-08 18:52:05,971 - pribot - INFO - 監視継続中... (経過時間: 4308分)
2025-06-08 18:53:05,974 - pribot - INFO - 監視継続中... (経過時間: 4314分)
2025-06-08 18:54:05,978 - pribot - INFO - 監視継続中... (経過時間: 4320分)
2025-06-08 18:55:05,983 - pribot - INFO - 監視継続中... (経過時間: 4326分)
2025-06-08 18:56:05,987 - pribot - INFO - 監視継続中... (経過時間: 4332分)
2025-06-08 18:57:05,990 - pribot - INFO - 監視継続中... (経過時間: 4338分)
2025-06-08 18:58:05,994 - pribot - INFO - 監視継続中... (経過時間: 4344分)
2025-06-08 18:59:05,997 - pribot - INFO - 監視継続中... (経過時間: 4350分)
2025-06-08 19:00:06,001 - pribot - INFO - 監視継続中... (経過時間: 4356分)
2025-06-08 19:01:06,005 - pribot - INFO - 監視継続中... (経過時間: 4362分)
2025-06-08 19:02:06,008 - pribot - INFO - 監視継続中... (経過時間: 4368分)
2025-06-08 19:03:06,011 - pribot - INFO - 監視継続中... (経過時間: 4374分)
2025-06-08 19:04:06,014 - pribot - INFO - 監視継続中... (経過時間: 4380分)
2025-06-08 19:05:06,018 - pribot - INFO - 監視継続中... (経過時間: 4386分)
2025-06-08 19:06:06,021 - pribot - INFO - 監視継続中... (経過時間: 4392分)
2025-06-08 19:07:06,025 - pribot - INFO - 監視継続中... (経過時間: 4398分)
2025-06-08 19:08:06,029 - pribot - INFO - 監視継続中... (経過時間: 4404分)
2025-06-08 19:09:06,032 - pribot - INFO - 監視継続中... (経過時間: 4410分)
2025-06-08 19:10:06,035 - pribot - INFO - 監視継続中... (経過時間: 4416分)
2025-06-08 19:11:06,039 - pribot - INFO - 監視継続中... (経過時間: 4422分)
2025-06-08 19:12:06,043 - pribot - INFO - 監視継続中... (経過時間: 4428分)
2025-06-08 19:13:06,047 - pribot - INFO - 監視継続中... (経過時間: 4434分)
2025-06-08 19:14:06,050 - pribot - INFO - 監視継続中... (経過時間: 4440分)
2025-06-08 19:15:06,053 - pribot - INFO - 監視継続中... (経過時間: 4446分)
2025-06-08 19:16:06,057 - pribot - INFO - 監視継続中... (経過時間: 4452分)
2025-06-08 19:17:06,060 - pribot - INFO - 監視継続中... (経過時間: 4458分)
2025-06-08 19:18:06,064 - pribot - INFO - 監視継続中... (経過時間: 4464分)
2025-06-08 19:19:06,069 - pribot - INFO - 監視継続中... (経過時間: 4470分)
2025-06-08 19:20:06,074 - pribot - INFO - 監視継続中... (経過時間: 4476分)
2025-06-08 19:21:06,079 - pribot - INFO - 監視継続中... (経過時間: 4482分)
2025-06-08 19:22:06,083 - pribot - INFO - 監視継続中... (経過時間: 4488分)
2025-06-08 19:23:06,086 - pribot - INFO - 監視継続中... (経過時間: 4494分)
2025-06-08 19:24:06,090 - pribot - INFO - 監視継続中... (経過時間: 4500分)
2025-06-08 19:25:06,094 - pribot - INFO - 監視継続中... (経過時間: 4506分)
2025-06-08 19:26:06,097 - pribot - INFO - 監視継続中... (経過時間: 4512分)
2025-06-08 19:27:06,102 - pribot - INFO - 監視継続中... (経過時間: 4518分)
2025-06-08 19:28:06,105 - pribot - INFO - 監視継続中... (経過時間: 4524分)
2025-06-08 19:29:06,110 - pribot - INFO - 監視継続中... (経過時間: 4530分)
2025-06-08 19:30:06,113 - pribot - INFO - 監視継続中... (経過時間: 4536分)
2025-06-08 19:31:06,118 - pribot - INFO - 監視継続中... (経過時間: 4542分)
2025-06-08 19:32:06,121 - pribot - INFO - 監視継続中... (経過時間: 4548分)
2025-06-08 19:33:06,125 - pribot - INFO - 監視継続中... (経過時間: 4554分)
2025-06-08 19:34:06,129 - pribot - INFO - 監視継続中... (経過時間: 4560分)
2025-06-08 19:35:06,132 - pribot - INFO - 監視継続中... (経過時間: 4566分)
2025-06-08 19:36:06,136 - pribot - INFO - 監視継続中... (経過時間: 4572分)
2025-06-08 19:37:06,139 - pribot - INFO - 監視継続中... (経過時間: 4578分)
2025-06-08 19:38:06,142 - pribot - INFO - 監視継続中... (経過時間: 4584分)
2025-06-08 19:39:06,147 - pribot - INFO - 監視継続中... (経過時間: 4590分)
2025-06-08 19:40:06,151 - pribot - INFO - 監視継続中... (経過時間: 4596分)
2025-06-08 19:41:06,154 - pribot - INFO - 監視継続中... (経過時間: 4602分)
2025-06-08 19:42:06,158 - pribot - INFO - 監視継続中... (経過時間: 4608分)
2025-06-08 19:43:06,162 - pribot - INFO - 監視継続中... (経過時間: 4614分)
2025-06-08 19:44:06,165 - pribot - INFO - 監視継続中... (経過時間: 4620分)
2025-06-08 19:45:06,169 - pribot - INFO - 監視継続中... (経過時間: 4626分)
2025-06-08 19:46:06,173 - pribot - INFO - 監視継続中... (経過時間: 4632分)
2025-06-08 19:47:06,178 - pribot - INFO - 監視継続中... (経過時間: 4638分)
2025-06-08 19:48:06,182 - pribot - INFO - 監視継続中... (経過時間: 4644分)
2025-06-08 19:49:06,186 - pribot - INFO - 監視継続中... (経過時間: 4650分)
2025-06-08 19:50:06,190 - pribot - INFO - 監視継続中... (経過時間: 4656分)
2025-06-08 19:51:06,193 - pribot - INFO - 監視継続中... (経過時間: 4662分)
2025-06-08 19:52:06,196 - pribot - INFO - 監視継続中... (経過時間: 4668分)
2025-06-08 19:53:06,198 - pribot - INFO - 監視継続中... (経過時間: 4674分)
2025-06-08 19:54:06,203 - pribot - INFO - 監視継続中... (経過時間: 4680分)
2025-06-08 19:55:06,207 - pribot - INFO - 監視継続中... (経過時間: 4686分)
2025-06-08 19:56:06,211 - pribot - INFO - 監視継続中... (経過時間: 4692分)
2025-06-08 19:57:06,214 - pribot - INFO - 監視継続中... (経過時間: 4698分)
2025-06-08 19:58:06,219 - pribot - INFO - 監視継続中... (経過時間: 4704分)
2025-06-08 19:59:06,223 - pribot - INFO - 監視継続中... (経過時間: 4710分)
2025-06-08 20:00:06,227 - pribot - INFO - 監視継続中... (経過時間: 4716分)
2025-06-08 20:01:06,230 - pribot - INFO - 監視継続中... (経過時間: 4722分)
2025-06-08 20:02:06,233 - pribot - INFO - 監視継続中... (経過時間: 4728分)
2025-06-08 20:03:06,236 - pribot - INFO - 監視継続中... (経過時間: 4734分)
2025-06-08 20:04:06,239 - pribot - INFO - 監視継続中... (経過時間: 4740分)
2025-06-08 20:05:06,242 - pribot - INFO - 監視継続中... (経過時間: 4746分)
2025-06-08 20:06:06,246 - pribot - INFO - 監視継続中... (経過時間: 4752分)
2025-06-08 20:07:06,249 - pribot - INFO - 監視継続中... (経過時間: 4758分)
2025-06-08 20:08:06,252 - pribot - INFO - 監視継続中... (経過時間: 4764分)
2025-06-08 20:09:06,256 - pribot - INFO - 監視継続中... (経過時間: 4770分)
2025-06-08 20:10:06,259 - pribot - INFO - 監視継続中... (経過時間: 4776分)
2025-06-08 20:11:06,263 - pribot - INFO - 監視継続中... (経過時間: 4782分)
2025-06-08 20:12:06,267 - pribot - INFO - 監視継続中... (経過時間: 4788分)
2025-06-08 20:13:06,271 - pribot - INFO - 監視継続中... (経過時間: 4794分)
2025-06-08 20:14:06,275 - pribot - INFO - 監視継続中... (経過時間: 4800分)
2025-06-08 20:15:06,279 - pribot - INFO - 監視継続中... (経過時間: 4806分)
2025-06-08 20:16:06,282 - pribot - INFO - 監視継続中... (経過時間: 4812分)
2025-06-08 20:17:06,285 - pribot - INFO - 監視継続中... (経過時間: 4818分)
2025-06-08 20:18:06,289 - pribot - INFO - 監視継続中... (経過時間: 4824分)
2025-06-08 20:19:06,293 - pribot - INFO - 監視継続中... (経過時間: 4830分)
2025-06-08 20:20:06,297 - pribot - INFO - 監視継続中... (経過時間: 4836分)
2025-06-08 20:21:06,300 - pribot - INFO - 監視継続中... (経過時間: 4842分)
2025-06-08 20:22:06,303 - pribot - INFO - 監視継続中... (経過時間: 4848分)
2025-06-08 20:23:06,307 - pribot - INFO - 監視継続中... (経過時間: 4854分)
2025-06-08 20:24:06,312 - pribot - INFO - 監視継続中... (経過時間: 4860分)
2025-06-08 20:25:06,316 - pribot - INFO - 監視継続中... (経過時間: 4866分)
2025-06-08 20:26:06,319 - pribot - INFO - 監視継続中... (経過時間: 4872分)
2025-06-08 20:27:06,324 - pribot - INFO - 監視継続中... (経過時間: 4878分)
2025-06-08 20:28:06,328 - pribot - INFO - 監視継続中... (経過時間: 4884分)
2025-06-08 20:29:06,332 - pribot - INFO - 監視継続中... (経過時間: 4890分)
2025-06-08 20:30:06,336 - pribot - INFO - 監視継続中... (経過時間: 4896分)
2025-06-08 20:31:06,341 - pribot - INFO - 監視継続中... (経過時間: 4902分)
2025-06-08 20:32:06,344 - pribot - INFO - 監視継続中... (経過時間: 4908分)
2025-06-08 20:33:06,348 - pribot - INFO - 監視継続中... (経過時間: 4914分)
2025-06-08 20:34:06,352 - pribot - INFO - 監視継続中... (経過時間: 4920分)
2025-06-08 20:35:06,355 - pribot - INFO - 監視継続中... (経過時間: 4926分)
2025-06-08 20:36:06,359 - pribot - INFO - 監視継続中... (経過時間: 4932分)
2025-06-08 20:37:06,363 - pribot - INFO - 監視継続中... (経過時間: 4938分)
2025-06-08 20:38:06,366 - pribot - INFO - 監視継続中... (経過時間: 4944分)
2025-06-08 20:39:06,370 - pribot - INFO - 監視継続中... (経過時間: 4950分)
2025-06-08 20:40:06,373 - pribot - INFO - 監視継続中... (経過時間: 4956分)
2025-06-08 20:41:06,377 - pribot - INFO - 監視継続中... (経過時間: 4962分)
2025-06-08 20:42:06,379 - pribot - INFO - 監視継続中... (経過時間: 4968分)
2025-06-08 20:43:06,384 - pribot - INFO - 監視継続中... (経過時間: 4974分)
2025-06-08 20:44:06,387 - pribot - INFO - 監視継続中... (経過時間: 4980分)
2025-06-08 20:45:06,391 - pribot - INFO - 監視継続中... (経過時間: 4986分)
2025-06-08 20:46:06,395 - pribot - INFO - 監視継続中... (経過時間: 4992分)
2025-06-08 20:47:06,400 - pribot - INFO - 監視継続中... (経過時間: 4998分)
2025-06-08 20:48:06,404 - pribot - INFO - 監視継続中... (経過時間: 5004分)
2025-06-08 20:49:06,407 - pribot - INFO - 監視継続中... (経過時間: 5010分)
2025-06-08 20:50:06,411 - pribot - INFO - 監視継続中... (経過時間: 5016分)
2025-06-08 20:51:06,415 - pribot - INFO - 監視継続中... (経過時間: 5022分)
2025-06-08 20:52:06,418 - pribot - INFO - 監視継続中... (経過時間: 5028分)
2025-06-08 20:53:06,422 - pribot - INFO - 監視継続中... (経過時間: 5034分)
2025-06-08 20:54:06,425 - pribot - INFO - 監視継続中... (経過時間: 5040分)
2025-06-08 20:55:06,429 - pribot - INFO - 監視継続中... (経過時間: 5046分)
2025-06-08 20:56:06,433 - pribot - INFO - 監視継続中... (経過時間: 5052分)
2025-06-08 20:57:06,437 - pribot - INFO - 監視継続中... (経過時間: 5058分)
2025-06-08 20:58:06,440 - pribot - INFO - 監視継続中... (経過時間: 5064分)
2025-06-08 20:59:06,444 - pribot - INFO - 監視継続中... (経過時間: 5070分)
2025-06-08 21:00:06,447 - pribot - INFO - 監視継続中... (経過時間: 5076分)
2025-06-08 21:01:06,450 - pribot - INFO - 監視継続中... (経過時間: 5082分)
2025-06-08 21:02:06,453 - pribot - INFO - 監視継続中... (経過時間: 5088分)
2025-06-08 21:03:06,457 - pribot - INFO - 監視継続中... (経過時間: 5094分)
2025-06-08 21:04:06,461 - pribot - INFO - 監視継続中... (経過時間: 5100分)
2025-06-08 21:05:06,465 - pribot - INFO - 監視継続中... (経過時間: 5106分)
2025-06-08 21:06:06,468 - pribot - INFO - 監視継続中... (経過時間: 5112分)
2025-06-08 21:07:06,472 - pribot - INFO - 監視継続中... (経過時間: 5118分)
2025-06-08 21:08:06,476 - pribot - INFO - 監視継続中... (経過時間: 5124分)
2025-06-08 21:09:06,481 - pribot - INFO - 監視継続中... (経過時間: 5130分)
2025-06-08 21:10:06,484 - pribot - INFO - 監視継続中... (経過時間: 5136分)
2025-06-08 21:11:06,488 - pribot - INFO - 監視継続中... (経過時間: 5142分)
2025-06-08 21:12:06,492 - pribot - INFO - 監視継続中... (経過時間: 5148分)
2025-06-08 21:13:06,496 - pribot - INFO - 監視継続中... (経過時間: 5154分)
2025-06-08 21:14:06,500 - pribot - INFO - 監視継続中... (経過時間: 5160分)
2025-06-08 21:15:06,503 - pribot - INFO - 監視継続中... (経過時間: 5166分)
2025-06-08 21:16:06,507 - pribot - INFO - 監視継続中... (経過時間: 5172分)
2025-06-08 21:17:06,510 - pribot - INFO - 監視継続中... (経過時間: 5178分)
2025-06-08 21:18:06,512 - pribot - INFO - 監視継続中... (経過時間: 5184分)
2025-06-08 21:19:06,517 - pribot - INFO - 監視継続中... (経過時間: 5190分)
2025-06-08 21:20:06,520 - pribot - INFO - 監視継続中... (経過時間: 5196分)
2025-06-08 21:21:06,524 - pribot - INFO - 監視継続中... (経過時間: 5202分)
2025-06-08 21:22:06,527 - pribot - INFO - 監視継続中... (経過時間: 5208分)
2025-06-08 21:23:06,531 - pribot - INFO - 監視継続中... (経過時間: 5214分)
2025-06-08 21:24:06,535 - pribot - INFO - 監視継続中... (経過時間: 5220分)
2025-06-08 21:25:06,538 - pribot - INFO - 監視継続中... (経過時間: 5226分)
2025-06-08 21:26:06,542 - pribot - INFO - 監視継続中... (経過時間: 5232分)
2025-06-08 21:27:06,546 - pribot - INFO - 監視継続中... (経過時間: 5238分)
2025-06-08 21:28:06,549 - pribot - INFO - 監視継続中... (経過時間: 5244分)
2025-06-08 21:29:06,553 - pribot - INFO - 監視継続中... (経過時間: 5250分)
2025-06-08 21:30:06,557 - pribot - INFO - 監視継続中... (経過時間: 5256分)
2025-06-08 21:31:06,561 - pribot - INFO - 監視継続中... (経過時間: 5262分)
2025-06-08 21:32:06,564 - pribot - INFO - 監視継続中... (経過時間: 5268分)
2025-06-08 21:33:06,569 - pribot - INFO - 監視継続中... (経過時間: 5274分)
2025-06-08 21:34:06,572 - pribot - INFO - 監視継続中... (経過時間: 5280分)
2025-06-08 21:35:06,577 - pribot - INFO - 監視継続中... (経過時間: 5286分)
2025-06-08 21:36:06,580 - pribot - INFO - 監視継続中... (経過時間: 5292分)
2025-06-08 21:37:06,584 - pribot - INFO - 監視継続中... (経過時間: 5298分)
2025-06-08 21:38:06,588 - pribot - INFO - 監視継続中... (経過時間: 5304分)
2025-06-08 21:39:06,593 - pribot - INFO - 監視継続中... (経過時間: 5310分)
2025-06-08 21:40:06,597 - pribot - INFO - 監視継続中... (経過時間: 5316分)
2025-06-08 21:41:06,599 - pribot - INFO - 監視継続中... (経過時間: 5322分)
2025-06-08 21:42:06,603 - pribot - INFO - 監視継続中... (経過時間: 5328分)
2025-06-08 21:43:06,606 - pribot - INFO - 監視継続中... (経過時間: 5334分)
2025-06-08 21:44:06,609 - pribot - INFO - 監視継続中... (経過時間: 5340分)
2025-06-08 21:45:06,613 - pribot - INFO - 監視継続中... (経過時間: 5346分)
2025-06-08 21:46:06,617 - pribot - INFO - 監視継続中... (経過時間: 5352分)
2025-06-08 21:47:06,621 - pribot - INFO - 監視継続中... (経過時間: 5358分)
2025-06-08 21:48:06,625 - pribot - INFO - 監視継続中... (経過時間: 5364分)
2025-06-08 21:49:06,629 - pribot - INFO - 監視継続中... (経過時間: 5370分)
2025-06-08 21:50:06,633 - pribot - INFO - 監視継続中... (経過時間: 5376分)
2025-06-08 21:51:06,638 - pribot - INFO - 監視継続中... (経過時間: 5382分)
2025-06-08 21:52:06,641 - pribot - INFO - 監視継続中... (経過時間: 5388分)
2025-06-08 21:53:06,645 - pribot - INFO - 監視継続中... (経過時間: 5394分)
2025-06-08 21:54:06,649 - pribot - INFO - 監視継続中... (経過時間: 5400分)
2025-06-08 21:55:06,652 - pribot - INFO - 監視継続中... (経過時間: 5406分)
2025-06-08 21:56:06,657 - pribot - INFO - 監視継続中... (経過時間: 5412分)
2025-06-08 21:57:06,660 - pribot - INFO - 監視継続中... (経過時間: 5418分)
2025-06-08 21:58:06,664 - pribot - INFO - 監視継続中... (経過時間: 5424分)
2025-06-08 21:59:06,668 - pribot - INFO - 監視継続中... (経過時間: 5430分)
2025-06-08 22:00:06,672 - pribot - INFO - 監視継続中... (経過時間: 5436分)
2025-06-08 22:01:06,675 - pribot - INFO - 監視継続中... (経過時間: 5442分)
2025-06-08 22:02:06,678 - pribot - INFO - 監視継続中... (経過時間: 5448分)
2025-06-08 22:03:06,682 - pribot - INFO - 監視継続中... (経過時間: 5454分)
2025-06-08 22:04:06,686 - pribot - INFO - 監視継続中... (経過時間: 5460分)
2025-06-08 22:05:06,691 - pribot - INFO - 監視継続中... (経過時間: 5466分)
2025-06-08 22:06:06,693 - pribot - INFO - 監視継続中... (経過時間: 5472分)
2025-06-08 22:07:06,698 - pribot - INFO - 監視継続中... (経過時間: 5478分)
2025-06-08 22:08:06,703 - pribot - INFO - 監視継続中... (経過時間: 5484分)
2025-06-08 22:09:06,707 - pribot - INFO - 監視継続中... (経過時間: 5490分)
2025-06-08 22:10:06,710 - pribot - INFO - 監視継続中... (経過時間: 5496分)
2025-06-08 22:11:06,713 - pribot - INFO - 監視継続中... (経過時間: 5502分)
2025-06-08 22:12:06,717 - pribot - INFO - 監視継続中... (経過時間: 5508分)
2025-06-08 22:13:06,721 - pribot - INFO - 監視継続中... (経過時間: 5514分)
2025-06-08 22:14:06,725 - pribot - INFO - 監視継続中... (経過時間: 5520分)
2025-06-08 22:15:06,728 - pribot - INFO - 監視継続中... (経過時間: 5526分)
2025-06-08 22:16:06,732 - pribot - INFO - 監視継続中... (経過時間: 5532分)
2025-06-08 22:17:06,736 - pribot - INFO - 監視継続中... (経過時間: 5538分)
2025-06-08 22:18:06,739 - pribot - INFO - 監視継続中... (経過時間: 5544分)
2025-06-08 22:19:06,743 - pribot - INFO - 監視継続中... (経過時間: 5550分)
2025-06-08 22:20:06,747 - pribot - INFO - 監視継続中... (経過時間: 5556分)
2025-06-08 22:21:06,751 - pribot - INFO - 監視継続中... (経過時間: 5562分)
2025-06-08 22:22:06,755 - pribot - INFO - 監視継続中... (経過時間: 5568分)
2025-06-08 22:23:06,760 - pribot - INFO - 監視継続中... (経過時間: 5574分)
2025-06-08 22:24:06,764 - pribot - INFO - 監視継続中... (経過時間: 5580分)
2025-06-08 22:25:06,768 - pribot - INFO - 監視継続中... (経過時間: 5586分)
2025-06-08 22:26:06,772 - pribot - INFO - 監視継続中... (経過時間: 5592分)
2025-06-08 22:27:06,776 - pribot - INFO - 監視継続中... (経過時間: 5598分)
2025-06-08 22:28:06,781 - pribot - INFO - 監視継続中... (経過時間: 5604分)
2025-06-08 22:29:06,785 - pribot - INFO - 監視継続中... (経過時間: 5610分)
2025-06-08 22:30:06,789 - pribot - INFO - 監視継続中... (経過時間: 5616分)
2025-06-08 22:31:06,793 - pribot - INFO - 監視継続中... (経過時間: 5622分)
2025-06-08 22:32:06,797 - pribot - INFO - 監視継続中... (経過時間: 5628分)
2025-06-08 22:33:06,801 - pribot - INFO - 監視継続中... (経過時間: 5634分)
2025-06-08 22:34:06,805 - pribot - INFO - 監視継続中... (経過時間: 5640分)
2025-06-08 22:35:06,808 - pribot - INFO - 監視継続中... (経過時間: 5646分)
2025-06-08 22:36:06,812 - pribot - INFO - 監視継続中... (経過時間: 5652分)
2025-06-08 22:37:06,815 - pribot - INFO - 監視継続中... (経過時間: 5658分)
2025-06-08 22:38:06,819 - pribot - INFO - 監視継続中... (経過時間: 5664分)
2025-06-08 22:39:06,822 - pribot - INFO - 監視継続中... (経過時間: 5670分)
2025-06-08 22:40:06,826 - pribot - INFO - 監視継続中... (経過時間: 5676分)
2025-06-08 22:41:06,830 - pribot - INFO - 監視継続中... (経過時間: 5682分)
2025-06-08 22:42:06,834 - pribot - INFO - 監視継続中... (経過時間: 5688分)
2025-06-08 22:43:06,838 - pribot - INFO - 監視継続中... (経過時間: 5694分)
2025-06-08 22:44:06,842 - pribot - INFO - 監視継続中... (経過時間: 5700分)
2025-06-08 22:45:06,846 - pribot - INFO - 監視継続中... (経過時間: 5706分)
2025-06-08 22:46:06,850 - pribot - INFO - 監視継続中... (経過時間: 5712分)
2025-06-08 22:47:06,853 - pribot - INFO - 監視継続中... (経過時間: 5718分)
2025-06-08 22:48:06,856 - pribot - INFO - 監視継続中... (経過時間: 5724分)
2025-06-08 22:49:06,860 - pribot - INFO - 監視継続中... (経過時間: 5730分)
2025-06-08 22:50:06,863 - pribot - INFO - 監視継続中... (経過時間: 5736分)
2025-06-08 22:51:06,867 - pribot - INFO - 監視継続中... (経過時間: 5742分)
2025-06-08 22:52:06,871 - pribot - INFO - 監視継続中... (経過時間: 5748分)
2025-06-08 22:53:06,875 - pribot - INFO - 監視継続中... (経過時間: 5754分)
2025-06-08 22:54:06,878 - pribot - INFO - 監視継続中... (経過時間: 5760分)
2025-06-08 22:55:06,881 - pribot - INFO - 監視継続中... (経過時間: 5766分)
2025-06-08 22:56:06,884 - pribot - INFO - 監視継続中... (経過時間: 5772分)
2025-06-08 22:57:06,889 - pribot - INFO - 監視継続中... (経過時間: 5778分)
2025-06-08 22:58:06,893 - pribot - INFO - 監視継続中... (経過時間: 5784分)
2025-06-08 22:59:06,895 - pribot - INFO - 監視継続中... (経過時間: 5790分)
2025-06-08 23:00:06,899 - pribot - INFO - 監視継続中... (経過時間: 5796分)
