2025-05-15 14:17:30,009 - pribot - INFO - ====== PriBot ログセッション開始 ======
2025-05-15 14:17:30,010 - pribot - INFO - PriBot を開始します
2025-05-15 14:17:30,013 - pribot - INFO - Backlog APIから監視フォルダとエラーフォルダの設定を取得します
2025-05-15 14:17:30,165 - pribot - INFO - 監視フォルダパス: .../PriBot検証用/PriBot監視フォルダ
2025-05-15 14:17:30,165 - pribot - INFO - エラーフォルダパス: .../PriBot検証用/PriBot振り分けエラー
2025-05-15 14:17:30,168 - pribot - INFO - Backlog APIリクエストを開始します
2025-05-15 14:17:30,242 - pribot - INFO - プロジェクト名: 検証-PriBot管理
2025-05-15 14:17:30,350 - pribot - INFO - 取得した全課題数: 13
2025-05-15 14:17:30,351 - pribot - WARNING - [警告] 課題 TEST_PRIBOT-2: 振り分け先設定がありません
2025-05-15 14:17:30,351 - pribot - WARNING - [警告] 課題 TEST_PRIBOT-3: 振り分け先設定がありません
2025-05-15 14:17:30,351 - pribot - WARNING - [警告] 課題 TEST_PRIBOT-4: 振り分け先設定がありません
2025-05-15 14:17:30,351 - pribot - WARNING - [警告] 課題 TEST_PRIBOT-5: 振り分け先設定がありません
2025-05-15 14:17:30,351 - pribot - WARNING - [警告] 課題 TEST_PRIBOT-6: 振り分け先設定がありません
2025-05-15 14:17:30,351 - pribot - WARNING - [警告] 課題 TEST_PRIBOT-7: 振り分け先設定がありません
2025-05-15 14:17:30,352 - pribot - WARNING - [警告] 課題 TEST_PRIBOT-8: 振り分け先設定がありません
2025-05-15 14:17:30,352 - pribot - WARNING - [警告] 課題 TEST_PRIBOT-9: 振り分け先設定がありません
2025-05-15 14:17:30,352 - pribot - WARNING - [警告] 課題 TEST_PRIBOT-10: 振り分け先設定がありません
2025-05-15 14:17:30,352 - pribot - WARNING - [警告] 課題 TEST_PRIBOT-11: 振り分け先設定がありません
2025-05-15 14:17:30,352 - pribot - WARNING - [警告] 課題 TEST_PRIBOT-12: 振り分け先設定がありません
2025-05-15 14:17:30,352 - pribot - WARNING - [警告] 課題 TEST_PRIBOT-13: 振り分け先設定がありません
2025-05-15 14:17:30,352 - pribot - WARNING - [警告] 条件を満たす医療機関が見つかりませんでした
2025-05-15 14:17:30,353 - pribot - ERROR - [エラー] 医療機関情報の取得に失敗しました。終了します。
2025-05-15 14:26:20,513 - pribot - INFO - PriBot を開始します
2025-05-15 14:26:20,514 - pribot - INFO - Backlog APIから監視フォルダとエラーフォルダの設定を取得します
2025-05-15 14:26:20,671 - pribot - INFO - 監視フォルダパス: .../PriBot検証用/PriBot監視フォルダ
2025-05-15 14:26:20,671 - pribot - INFO - エラーフォルダパス: .../PriBot検証用/PriBot振り分けエラー
2025-05-15 14:26:20,672 - pribot - INFO - Backlog APIリクエストを開始します
2025-05-15 14:26:20,729 - pribot - INFO - プロジェクト名: 検証-PriBot管理
2025-05-15 14:26:20,979 - pribot - INFO - 取得した全課題数: 13
2025-05-15 14:26:20,979 - pribot - INFO - 存在する課題タイプ: PriBot設定, 医療機関
2025-05-15 14:26:20,980 - pribot - WARNING - [警告] 課題 TEST_PRIBOT-2: 振り分け先設定がありません
2025-05-15 14:26:20,980 - pribot - WARNING - [警告] 課題 TEST_PRIBOT-3: 振り分け先設定がありません
2025-05-15 14:26:20,980 - pribot - WARNING - [警告] 課題 TEST_PRIBOT-4: 振り分け先設定がありません
2025-05-15 14:26:20,980 - pribot - WARNING - [警告] 課題 TEST_PRIBOT-5: 振り分け先設定がありません
2025-05-15 14:26:20,981 - pribot - WARNING - [警告] 課題 TEST_PRIBOT-6: 振り分け先設定がありません
2025-05-15 14:26:20,981 - pribot - WARNING - [警告] 課題 TEST_PRIBOT-7: 振り分け先設定がありません
2025-05-15 14:26:20,981 - pribot - WARNING - [警告] 課題 TEST_PRIBOT-8: 振り分け先設定がありません
2025-05-15 14:26:20,981 - pribot - WARNING - [警告] 課題 TEST_PRIBOT-9: 振り分け先設定がありません
2025-05-15 14:26:20,981 - pribot - WARNING - [警告] 課題 TEST_PRIBOT-10: 振り分け先設定がありません
2025-05-15 14:26:20,982 - pribot - WARNING - [警告] 課題 TEST_PRIBOT-11: 振り分け先設定がありません
2025-05-15 14:26:20,982 - pribot - WARNING - [警告] 課題 TEST_PRIBOT-12: 振り分け先設定がありません
2025-05-15 14:26:20,982 - pribot - WARNING - [警告] 課題 TEST_PRIBOT-13: 振り分け先設定がありません
2025-05-15 14:26:20,982 - pribot - WARNING - [警告] 条件を満たす医療機関が見つかりませんでした
2025-05-15 14:26:20,982 - pribot - INFO - スキップした課題数: 1 (タイプ不一致), 0 (ポーリングOFF), 12 (振り分け先なし)
2025-05-15 14:26:20,983 - pribot - ERROR - [エラー] 医療機関情報の取得に失敗しました。終了します。
2025-05-15 14:33:00,682 - pribot - INFO - PriBot を開始します
2025-05-15 14:33:00,683 - pribot - INFO - Backlog APIから監視フォルダとエラーフォルダの設定を取得します
2025-05-15 14:33:00,796 - pribot - INFO - 監視フォルダパス: .../PriBot検証用/PriBot監視フォルダ
2025-05-15 14:33:00,796 - pribot - INFO - エラーフォルダパス: .../PriBot検証用/PriBot振り分けエラー
2025-05-15 14:33:00,798 - pribot - INFO - Backlog APIリクエストを開始します
2025-05-15 14:33:00,908 - pribot - INFO - プロジェクト名: 検証-PriBot管理
2025-05-15 14:33:01,101 - pribot - INFO - 取得した全課題数: 13
2025-05-15 14:33:01,102 - pribot - INFO - 存在する課題タイプ: 医療機関, PriBot設定
2025-05-15 14:33:01,102 - pribot - WARNING - [警告] 課題 TEST_PRIBOT-2: 振り分け先設定がありません
2025-05-15 14:33:01,103 - pribot - WARNING - [警告] 課題 TEST_PRIBOT-3: 振り分け先設定がありません
2025-05-15 14:33:01,103 - pribot - WARNING - [警告] 課題 TEST_PRIBOT-4: 振り分け先設定がありません
2025-05-15 14:33:01,104 - pribot - WARNING - [警告] 課題 TEST_PRIBOT-5: 振り分け先設定がありません
2025-05-15 14:33:01,104 - pribot - WARNING - [警告] 課題 TEST_PRIBOT-6: 振り分け先設定がありません
2025-05-15 14:33:01,104 - pribot - WARNING - [警告] 課題 TEST_PRIBOT-7: 振り分け先設定がありません
2025-05-15 14:33:01,105 - pribot - WARNING - [警告] 課題 TEST_PRIBOT-8: 振り分け先設定がありません
2025-05-15 14:33:01,105 - pribot - WARNING - [警告] 課題 TEST_PRIBOT-9: 振り分け先設定がありません
2025-05-15 14:33:01,105 - pribot - WARNING - [警告] 課題 TEST_PRIBOT-10: 振り分け先設定がありません
2025-05-15 14:33:01,105 - pribot - WARNING - [警告] 課題 TEST_PRIBOT-11: 振り分け先設定がありません
2025-05-15 14:33:01,106 - pribot - WARNING - [警告] 課題 TEST_PRIBOT-12: 振り分け先設定がありません
2025-05-15 14:33:01,106 - pribot - WARNING - [警告] 課題 TEST_PRIBOT-13: 振り分け先設定がありません
2025-05-15 14:33:01,106 - pribot - WARNING - [警告] 条件を満たす医療機関が見つかりませんでした
2025-05-15 14:33:01,106 - pribot - INFO - スキップした課題数: 1 (タイプ不一致), 0 (ポーリングOFF), 12 (振り分け先なし)
2025-05-15 14:33:01,106 - pribot - WARNING - [警告] 医療機関情報が設定されていません。テスト用に仮の医療機関を作成します。
2025-05-15 14:33:01,107 - pribot - INFO - テスト用医療機関を作成しました: テスト医療機関
2025-05-15 14:33:01,108 - pribot - INFO - PriBot 監視フォルダ: C:\Users\miyake2107\OASIS INNOAVTION Dropbox\診療報酬請求事務集中センターOASIS INNOVATION\テスト\PriBot検証用\PriBot監視フォルダ
2025-05-15 14:33:01,109 - pribot - INFO - PriBot エラーフォルダ: C:\Users\miyake2107\OASIS INNOAVTION Dropbox\診療報酬請求事務集中センターOASIS INNOVATION\テスト\PriBot検証用\PriBot振り分けエラー
2025-05-15 14:33:01,109 - pribot - INFO - PriBot 監視対象の医療機関数: 1
2025-05-15 14:33:01,112 - pribot - INFO - ファイル監視を開始しました
2025-05-15 14:34:31,837 - pribot - INFO - ファイル監視を終了しました
2025-05-15 14:42:11,690 - pribot - INFO - PriBot を開始します
2025-05-15 14:42:11,690 - pribot - INFO - Backlog APIから監視フォルダとエラーフォルダの設定を取得します
2025-05-15 14:42:11,814 - pribot - INFO - 監視フォルダパス: .../PriBot検証用/PriBot監視フォルダ
2025-05-15 14:42:11,814 - pribot - INFO - エラーフォルダパス: .../PriBot検証用/PriBot振り分けエラー
2025-05-15 14:42:11,816 - pribot - INFO - Backlog APIリクエストを開始します
2025-05-15 14:42:12,029 - pribot - INFO - プロジェクト名: 検証-PriBot管理
2025-05-15 14:42:12,142 - pribot - INFO - 取得した全課題数: 13
2025-05-15 14:42:12,142 - pribot - INFO - 存在する課題タイプ: 医療機関, PriBot設定
2025-05-15 14:42:12,143 - pribot - INFO - 課題 TEST_PRIBOT-2: 振り分け先 '0_共通' = 'C:\Users\miyake2107\OASIS INNOAVTION Dropbox\診療報酬請求事務集中センターOASIS INNOVATION\テスト\PriBot検証用\くれクリニック'
2025-05-15 14:42:12,143 - pribot - INFO - PriBot 監視対象の医療機関名: 西大宮整形外科くれクリニック, 振り分け設定数: 1
2025-05-15 14:42:12,144 - pribot - INFO - 課題 TEST_PRIBOT-3: 振り分け先 '0_共通' = 'C:\Users\miyake2107\OASIS INNOAVTION Dropbox\診療報酬請求事務集中センターOASIS INNOVATION\テスト\PriBot検証用\いたがき総合診療クリニック'
2025-05-15 14:42:12,144 - pribot - INFO - PriBot 監視対象の医療機関名: いたがき総合診療クリニック, 振り分け設定数: 1
2025-05-15 14:42:12,145 - pribot - INFO - 課題 TEST_PRIBOT-4: 振り分け先 '0_共通' = 'C:\Users\miyake2107\OASIS INNOAVTION Dropbox\診療報酬請求事務集中センターOASIS INNOVATION\テスト\PriBot検証用\そけん小児科'
2025-05-15 14:42:12,145 - pribot - INFO - PriBot 監視対象の医療機関名: 医療法人 そけん小児科, 振り分け設定数: 1
2025-05-15 14:42:12,146 - pribot - INFO - 課題 TEST_PRIBOT-5: 振り分け先 '0_共通' = 'C:\Users\miyake2107\OASIS INNOAVTION Dropbox\診療報酬請求事務集中センターOASIS INNOVATION\テスト\PriBot検証用\ナゴヤガーデンクリニック'
2025-05-15 14:42:12,146 - pribot - INFO - PriBot 監視対象の医療機関名: 医療法人五一六五ナゴヤガーデンクリニック, 振り分け設定数: 1
2025-05-15 14:42:12,146 - pribot - INFO - 課題 TEST_PRIBOT-6: 振り分け先 '0_共通' = 'C:\Users\miyake2107\OASIS INNOAVTION Dropbox\診療報酬請求事務集中センターOASIS INNOVATION\テスト\PriBot検証用\阿南いしばし医院'
2025-05-15 14:42:12,147 - pribot - INFO - PriBot 監視対象の医療機関名: 医療法人妙泉会 阿南いしばし医院, 振り分け設定数: 1
2025-05-15 14:42:12,147 - pribot - INFO - 課題 TEST_PRIBOT-7: 振り分け先 '1_請求書' = 'C:\Users\miyake2107\OASIS INNOAVTION Dropbox\診療報酬請求事務集中センターOASIS INNOVATION\テスト\PriBot検証用\三宅村_請求書'
2025-05-15 14:42:12,147 - pribot - INFO - PriBot 監視対象の医療機関名: 三宅村国民健康保険直営中央診療所, 振り分け設定数: 1
2025-05-15 14:42:12,147 - pribot - INFO - 課題 TEST_PRIBOT-8: 振り分け先 '5_薬袋シール' = 'C:\Users\miyake2107\OASIS INNOAVTION Dropbox\診療報酬請求事務集中センターOASIS INNOVATION\テスト\PriBot検証用\三宅村_薬袋シール'
2025-05-15 14:42:12,148 - pribot - INFO - PriBot 監視対象の医療機関名: 三宅村国民健康保険直営中央診療所, 振り分け設定数: 1
2025-05-15 14:42:12,148 - pribot - INFO - 課題 TEST_PRIBOT-9: 振り分け先 '6_薬情' = 'C:\Users\miyake2107\OASIS INNOAVTION Dropbox\診療報酬請求事務集中センターOASIS INNOVATION\テスト\PriBot検証用\三宅村_薬情'
2025-05-15 14:42:12,148 - pribot - INFO - PriBot 監視対象の医療機関名: 三宅村国民健康保険直営中央診療所, 振り分け設定数: 1
2025-05-15 14:42:12,148 - pribot - INFO - 課題 TEST_PRIBOT-10: 振り分け先 '0_共通' = 'C:\Users\miyake2107\OASIS INNOAVTION Dropbox\診療報酬請求事務集中センターOASIS INNOVATION\テスト\PriBot検証用\照葉浅部クリニック'
2025-05-15 14:42:12,149 - pribot - INFO - PriBot 監視対象の医療機関名: 医療法人 吉松会 照葉浅部クリニック, 振り分け設定数: 1
2025-05-15 14:42:12,149 - pribot - INFO - 課題 TEST_PRIBOT-11: 振り分け先 '3_請求明細書' = 'C:\Users\miyake2107\OASIS INNOAVTION Dropbox\診療報酬請求事務集中センターOASIS INNOVATION\テスト\PriBot検証用\メモリーケアクリニック_請求明細書'
2025-05-15 14:42:12,149 - pribot - INFO - PriBot 監視対象の医療機関名: メモリーケアクリニック湘南, 振り分け設定数: 1
2025-05-15 14:42:12,149 - pribot - INFO - 課題 TEST_PRIBOT-12: 振り分け先 '4_処方箋' = 'C:\Users\miyake2107\OASIS INNOAVTION Dropbox\診療報酬請求事務集中センターOASIS INNOVATION\テスト\PriBot検証用\メモリーケアクリニック_処方箋'
2025-05-15 14:42:12,150 - pribot - INFO - PriBot 監視対象の医療機関名: メモリーケアクリニック湘南, 振り分け設定数: 1
2025-05-15 14:42:12,150 - pribot - INFO - 課題 TEST_PRIBOT-13: 振り分け先 '6_薬情' = 'C:\Users\miyake2107\OASIS INNOAVTION Dropbox\診療報酬請求事務集中センターOASIS INNOVATION\テスト\PriBot検証用\メモリーケアクリニック_薬情'
2025-05-15 14:42:12,150 - pribot - INFO - PriBot 監視対象の医療機関名: メモリーケアクリニック湘南, 振り分け設定数: 1
2025-05-15 14:42:12,150 - pribot - INFO - 監視対象の医療機関数: 12, スキップした課題数: 1
2025-05-15 14:42:12,153 - pribot - INFO - PriBot 監視フォルダ: C:\Users\miyake2107\OASIS INNOAVTION Dropbox\診療報酬請求事務集中センターOASIS INNOVATION\テスト\PriBot検証用\PriBot監視フォルダ
2025-05-15 14:42:12,153 - pribot - INFO - PriBot エラーフォルダ: C:\Users\miyake2107\OASIS INNOAVTION Dropbox\診療報酬請求事務集中センターOASIS INNOVATION\テスト\PriBot検証用\PriBot振り分けエラー
2025-05-15 14:42:12,153 - pribot - INFO - PriBot 監視対象の医療機関数: 12
2025-05-15 14:42:12,154 - pribot - INFO - ファイル監視を開始しました
2025-05-15 14:50:18,398 - pribot - INFO - 新しいPDFファイルを検出: くれクリニック処方せん.pdf
2025-05-15 14:50:18,479 - pribot - INFO - フォーマット識別: 処方箋 (ID: 4)
2025-05-15 14:50:18,480 - pribot - INFO - 抽出された医療機関名: 西大宮整形外科くれクリニック
2025-05-15 14:50:18,480 - pribot - INFO - [成功] マッチング成功: 西大宮整形外科くれクリニック
2025-05-15 14:50:18,481 - pribot - INFO - 振り分け先: 西大宮整形外科くれクリニック -> .../PriBot検証用/くれクリニック (設定: 0_共通)
2025-05-15 14:50:18,483 - pribot - INFO - [成功] ファイルをコピーしました: くれクリニック処方せん.pdf -> .../くれクリニック/くれクリニック処方せん.pdf
2025-05-15 14:50:18,483 - pribot - INFO - 元ファイルを削除しました: .../PriBot監視フォルダ/くれクリニック処方せん.pdf
2025-05-15 14:50:18,483 - pribot - INFO - PDFファイルの処理が完了しました: くれクリニック処方せん.pdf
2025-05-15 14:50:18,484 - pribot - INFO - 
2025-05-15 14:50:21,486 - pribot - INFO - 新しいPDFファイルを検出: くれクリニック診療費請求書兼領収書.pdf
2025-05-15 14:50:21,550 - pribot - INFO - フォーマット識別: 請求明細書 (ID: 3)
2025-05-15 14:50:21,552 - pribot - INFO - 抽出された医療機関名: 西大宮整形外科くれクリニック
2025-05-15 14:50:21,553 - pribot - INFO - [成功] マッチング成功: 西大宮整形外科くれクリニック
2025-05-15 14:50:21,553 - pribot - INFO - 振り分け先: 西大宮整形外科くれクリニック -> .../PriBot検証用/くれクリニック (設定: 0_共通)
2025-05-15 14:50:21,556 - pribot - INFO - [成功] ファイルをコピーしました: くれクリニック診療費請求書兼領収書.pdf -> .../くれクリニック/くれクリニック診療費請求書兼領収書.pdf
2025-05-15 14:50:21,557 - pribot - INFO - 元ファイルを削除しました: .../PriBot監視フォルダ/くれクリニック診療費請求書兼領収書.pdf
2025-05-15 14:50:21,557 - pribot - INFO - PDFファイルの処理が完了しました: くれクリニック診療費請求書兼領収書.pdf
2025-05-15 14:50:21,557 - pribot - INFO - 
2025-05-15 14:50:24,559 - pribot - INFO - 新しいPDFファイルを検出: そけん小児科処方せん.pdf
2025-05-15 14:50:24,616 - pribot - INFO - フォーマット識別: 処方箋 (ID: 4)
2025-05-15 14:50:24,616 - pribot - INFO - 抽出された医療機関名: ・ （枝番）
2025-05-15 14:50:24,616 - pribot - WARNING - [警告] PDFに対応する医療機関が見つかりません: クリニック名 ・ （枝番）
2025-05-15 14:50:24,616 - pribot - WARNING - [警告] PDFに対応する医療機関が見つかりません: そけん小児科処方せん.pdf, クリニック名: ・ （枝番）
2025-05-15 14:50:24,618 - pribot - INFO - ファイルをエラーディレクトリに移動しました: そけん小児科処方せん.pdf -> .../PriBot振り分けエラー/そけん小児科処方せん.pdf
2025-05-15 14:50:24,620 - pribot - INFO - 
2025-05-15 14:50:27,622 - pribot - INFO - 新しいPDFファイルを検出: そけん小児科処方せん_new.pdf
2025-05-15 14:50:27,691 - pribot - INFO - フォーマット識別: 処方箋 (ID: 4)
2025-05-15 14:50:27,693 - pribot - INFO - 抽出された医療機関名: 医療法人 そけん小児科
2025-05-15 14:50:27,694 - pribot - INFO - [成功] マッチング成功: 医療法人 そけん小児科
2025-05-15 14:50:27,694 - pribot - INFO - 振り分け先: 医療法人 そけん小児科 -> .../PriBot検証用/そけん小児科 (設定: 0_共通)
2025-05-15 14:50:27,695 - pribot - INFO - [成功] ファイルをコピーしました: そけん小児科処方せん_new.pdf -> .../そけん小児科/そけん小児科処方せん_new.pdf
2025-05-15 14:50:27,695 - pribot - INFO - 元ファイルを削除しました: .../PriBot監視フォルダ/そけん小児科処方せん_new.pdf
2025-05-15 14:50:27,695 - pribot - INFO - PDFファイルの処理が完了しました: そけん小児科処方せん_new.pdf
2025-05-15 14:50:27,696 - pribot - INFO - 
2025-05-15 14:50:30,697 - pribot - INFO - 新しいPDFファイルを検出: そけん小児科診療費明細書.pdf
2025-05-15 14:50:30,728 - pribot - INFO - フォーマット識別: 明細書 (ID: 2)
2025-05-15 14:50:30,729 - pribot - INFO - 抽出された医療機関名: 医療法人 そけん小児科
2025-05-15 14:50:30,729 - pribot - INFO - [成功] マッチング成功: 医療法人 そけん小児科
2025-05-15 14:50:30,729 - pribot - INFO - 振り分け先: 医療法人 そけん小児科 -> .../PriBot検証用/そけん小児科 (設定: 0_共通)
2025-05-15 14:50:30,730 - pribot - INFO - [成功] ファイルをコピーしました: そけん小児科診療費明細書.pdf -> .../そけん小児科/そけん小児科診療費明細書.pdf
2025-05-15 14:50:30,731 - pribot - INFO - 元ファイルを削除しました: .../PriBot監視フォルダ/そけん小児科診療費明細書.pdf
2025-05-15 14:50:30,731 - pribot - INFO - PDFファイルの処理が完了しました: そけん小児科診療費明細書.pdf
2025-05-15 14:50:30,731 - pribot - INFO - 
2025-05-15 14:50:33,734 - pribot - INFO - 新しいPDFファイルを検出: ナゴヤガーデンクリニック診療費請求書兼領収書.pdf
2025-05-15 14:50:33,782 - pribot - INFO - フォーマット識別: 請求明細書 (ID: 3)
2025-05-15 14:50:33,784 - pribot - INFO - 抽出された医療機関名: 医療法人五一六五ナゴヤガーデンクリニック
2025-05-15 14:50:33,784 - pribot - INFO - [成功] マッチング成功: 医療法人五一六五ナゴヤガーデンクリニック
2025-05-15 14:50:33,784 - pribot - INFO - 振り分け先: 医療法人五一六五ナゴヤガーデンクリニック -> .../PriBot検証用/ナゴヤガーデンクリニック (設定: 0_共通)
2025-05-15 14:50:33,786 - pribot - INFO - [成功] ファイルをコピーしました: ナゴヤガーデンクリニック診療費請求書兼領収書.pdf -> .../ナゴヤガーデンクリニック/ナゴヤガーデンクリニック診療費請求書兼領収書.pdf
2025-05-15 14:50:33,787 - pribot - INFO - 元ファイルを削除しました: .../PriBot監視フォルダ/ナゴヤガーデンクリニック診療費請求書兼領収書.pdf
2025-05-15 14:50:33,787 - pribot - INFO - PDFファイルの処理が完了しました: ナゴヤガーデンクリニック診療費請求書兼領収書.pdf
2025-05-15 14:50:33,787 - pribot - INFO - 
2025-05-15 14:50:36,789 - pribot - INFO - 新しいPDFファイルを検出: ナゴヤガーデンクリニック診療費明細書.pdf
2025-05-15 14:50:36,816 - pribot - INFO - フォーマット識別: 明細書 (ID: 2)
2025-05-15 14:50:36,816 - pribot - INFO - 抽出された医療機関名: イオンモール名古屋ＮｏｒｉｔａｋｅＧａｒｄｅｎ３Ｆ
医療法人五一六五ナゴヤガーデンクリニック
2025-05-15 14:50:36,816 - pribot - INFO - [成功] マッチング成功: 医療法人五一六五ナゴヤガーデンクリニック
2025-05-15 14:50:36,816 - pribot - INFO - 振り分け先: 医療法人五一六五ナゴヤガーデンクリニック -> .../PriBot検証用/ナゴヤガーデンクリニック (設定: 0_共通)
2025-05-15 14:50:36,820 - pribot - INFO - [成功] ファイルをコピーしました: ナゴヤガーデンクリニック診療費明細書.pdf -> .../ナゴヤガーデンクリニック/ナゴヤガーデンクリニック診療費明細書.pdf
2025-05-15 14:50:36,820 - pribot - INFO - 元ファイルを削除しました: .../PriBot監視フォルダ/ナゴヤガーデンクリニック診療費明細書.pdf
2025-05-15 14:50:36,821 - pribot - INFO - PDFファイルの処理が完了しました: ナゴヤガーデンクリニック診療費明細書.pdf
2025-05-15 14:50:36,821 - pribot - INFO - 
2025-05-15 14:50:39,822 - pribot - INFO - 新しいPDFファイルを検出: メモリーケアクリニック処方せん.pdf
2025-05-15 14:50:39,879 - pribot - INFO - フォーマット識別: 処方箋 (ID: 4)
2025-05-15 14:50:39,879 - pribot - INFO - 抽出された医療機関名: メモリーケアクリニック湘南
2025-05-15 14:50:39,880 - pribot - INFO - [成功] マッチング成功: メモリーケアクリニック湘南
2025-05-15 14:50:39,880 - pribot - WARNING - [警告] 医療機関 メモリーケアクリニック湘南 に適用可能な振り分け設定がありません
2025-05-15 14:50:39,880 - pribot - WARNING - [警告] PDFに対応する医療機関が見つかりません: メモリーケアクリニック処方せん.pdf, クリニック名: メモリーケアクリニック湘南
2025-05-15 14:50:39,882 - pribot - INFO - ファイルをエラーディレクトリに移動しました: メモリーケアクリニック処方せん.pdf -> .../PriBot振り分けエラー/メモリーケアクリニック処方せん.pdf
2025-05-15 14:50:39,882 - pribot - INFO - 
2025-05-15 14:50:42,884 - pribot - INFO - 新しいPDFファイルを検出: メモリーケアクリニック診療費請求書兼領収書.pdf
2025-05-15 14:50:42,938 - pribot - INFO - フォーマット識別: 請求明細書 (ID: 3)
2025-05-15 14:50:42,939 - pribot - INFO - 抽出された医療機関名: メモリーケアクリニック湘南
2025-05-15 14:50:42,939 - pribot - INFO - [成功] マッチング成功: メモリーケアクリニック湘南
2025-05-15 14:50:42,940 - pribot - INFO - 振り分け先: メモリーケアクリニック湘南 -> .../PriBot検証用/メモリーケアクリニック_請求明細書 (設定: 3_請求明細書)
2025-05-15 14:50:42,941 - pribot - INFO - [成功] ファイルをコピーしました: メモリーケアクリニック診療費請求書兼領収書.pdf -> .../メモリーケアクリニック_請求明細書/メモリーケアクリニック診療費請求書兼領収書.pdf
2025-05-15 14:50:42,941 - pribot - INFO - 元ファイルを削除しました: .../PriBot監視フォルダ/メモリーケアクリニック診療費請求書兼領収書.pdf
2025-05-15 14:50:42,941 - pribot - INFO - PDFファイルの処理が完了しました: メモリーケアクリニック診療費請求書兼領収書.pdf
2025-05-15 14:50:42,941 - pribot - INFO - 
2025-05-15 14:50:45,942 - pribot - INFO - 新しいPDFファイルを検出: メモリーケアクリニック薬剤情報.pdf
2025-05-15 14:50:45,960 - pribot - INFO - フォーマット識別: 薬情 (ID: 6)
2025-05-15 14:50:45,961 - pribot - INFO - 半角スペースを削除した医療機関名: メモリーケアクリニック湘南
2025-05-15 14:50:45,961 - pribot - INFO - 抽出された医療機関名: メモリーケアクリニック湘南
2025-05-15 14:50:45,962 - pribot - INFO - [成功] マッチング成功: メモリーケアクリニック湘南
2025-05-15 14:50:45,962 - pribot - WARNING - [警告] 医療機関 メモリーケアクリニック湘南 に適用可能な振り分け設定がありません
2025-05-15 14:50:45,962 - pribot - WARNING - [警告] PDFに対応する医療機関が見つかりません: メモリーケアクリニック薬剤情報.pdf, クリニック名: メモリーケアクリニック湘南
2025-05-15 14:50:45,963 - pribot - INFO - ファイルをエラーディレクトリに移動しました: メモリーケアクリニック薬剤情報.pdf -> .../PriBot振り分けエラー/メモリーケアクリニック薬剤情報.pdf
2025-05-15 14:50:45,963 - pribot - INFO - 
2025-05-15 14:50:48,964 - pribot - INFO - 新しいPDFファイルを検出: 阿南いしばし医院処方せん.pdf
2025-05-15 14:50:49,020 - pribot - INFO - フォーマット識別: 処方箋 (ID: 4)
2025-05-15 14:50:49,021 - pribot - INFO - 抽出された医療機関名: 医療法人妙泉会 阿南いしばし医院
2025-05-15 14:50:49,022 - pribot - INFO - [成功] マッチング成功: 医療法人妙泉会 阿南いしばし医院
2025-05-15 14:50:49,023 - pribot - INFO - 振り分け先: 医療法人妙泉会 阿南いしばし医院 -> .../PriBot検証用/阿南いしばし医院 (設定: 0_共通)
2025-05-15 14:50:49,024 - pribot - INFO - [成功] ファイルをコピーしました: 阿南いしばし医院処方せん.pdf -> .../阿南いしばし医院/阿南いしばし医院処方せん.pdf
2025-05-15 14:50:49,024 - pribot - INFO - 元ファイルを削除しました: .../PriBot監視フォルダ/阿南いしばし医院処方せん.pdf
2025-05-15 14:50:49,024 - pribot - INFO - PDFファイルの処理が完了しました: 阿南いしばし医院処方せん.pdf
2025-05-15 14:50:49,025 - pribot - INFO - 
2025-05-15 14:50:52,026 - pribot - INFO - 新しいPDFファイルを検出: 阿南いしばし医院診療費請求書兼領収書.pdf
2025-05-15 14:50:52,074 - pribot - INFO - フォーマット識別: 請求明細書 (ID: 3)
2025-05-15 14:50:52,075 - pribot - INFO - 抽出された医療機関名: 医療法人妙泉会 阿南いしばし医院
2025-05-15 14:50:52,076 - pribot - INFO - [成功] マッチング成功: 医療法人妙泉会 阿南いしばし医院
2025-05-15 14:50:52,076 - pribot - INFO - 振り分け先: 医療法人妙泉会 阿南いしばし医院 -> .../PriBot検証用/阿南いしばし医院 (設定: 0_共通)
2025-05-15 14:50:52,077 - pribot - INFO - [成功] ファイルをコピーしました: 阿南いしばし医院診療費請求書兼領収書.pdf -> .../阿南いしばし医院/阿南いしばし医院診療費請求書兼領収書.pdf
2025-05-15 14:50:52,078 - pribot - INFO - 元ファイルを削除しました: .../PriBot監視フォルダ/阿南いしばし医院診療費請求書兼領収書.pdf
2025-05-15 14:50:52,078 - pribot - INFO - PDFファイルの処理が完了しました: 阿南いしばし医院診療費請求書兼領収書.pdf
2025-05-15 14:50:52,078 - pribot - INFO - 
2025-05-15 14:50:55,080 - pribot - INFO - 新しいPDFファイルを検出: 阿南いしばし医院診療費明細書.pdf
2025-05-15 14:50:55,115 - pribot - INFO - フォーマット識別: 明細書 (ID: 2)
2025-05-15 14:50:55,116 - pribot - INFO - 抽出された医療機関名: 医療法人妙泉会 阿南いしばし医院
2025-05-15 14:50:55,116 - pribot - INFO - [成功] マッチング成功: 医療法人妙泉会 阿南いしばし医院
2025-05-15 14:50:55,116 - pribot - INFO - 振り分け先: 医療法人妙泉会 阿南いしばし医院 -> .../PriBot検証用/阿南いしばし医院 (設定: 0_共通)
2025-05-15 14:50:55,118 - pribot - INFO - [成功] ファイルをコピーしました: 阿南いしばし医院診療費明細書.pdf -> .../阿南いしばし医院/阿南いしばし医院診療費明細書.pdf
2025-05-15 14:50:55,119 - pribot - INFO - 元ファイルを削除しました: .../PriBot監視フォルダ/阿南いしばし医院診療費明細書.pdf
2025-05-15 14:50:55,119 - pribot - INFO - PDFファイルの処理が完了しました: 阿南いしばし医院診療費明細書.pdf
2025-05-15 14:50:55,119 - pribot - INFO - 
2025-05-15 14:50:58,122 - pribot - INFO - 新しいPDFファイルを検出: 三宅村中央診療所おくすり手帳.pdf
2025-05-15 14:50:58,136 - pribot - INFO - フォーマット識別: 薬袋シール (ID: 5)
2025-05-15 14:50:58,138 - pribot - INFO - 抽出された医療機関名: 三宅村国民健康保険直営中央診療所
2025-05-15 14:50:58,138 - pribot - INFO - [成功] マッチング成功: 三宅村国民健康保険直営中央診療所
2025-05-15 14:50:58,138 - pribot - WARNING - [警告] 医療機関 三宅村国民健康保険直営中央診療所 に適用可能な振り分け設定がありません
2025-05-15 14:50:58,138 - pribot - WARNING - [警告] PDFに対応する医療機関が見つかりません: 三宅村中央診療所おくすり手帳.pdf, クリニック名: 三宅村国民健康保険直営中央診療所
2025-05-15 14:50:58,141 - pribot - INFO - ファイルをエラーディレクトリに移動しました: 三宅村中央診療所おくすり手帳.pdf -> .../PriBot振り分けエラー/三宅村中央診療所おくすり手帳.pdf
2025-05-15 14:50:58,142 - pribot - INFO - 
2025-05-15 14:51:01,144 - pribot - INFO - 新しいPDFファイルを検出: 三宅村中央診療所診療費請求書兼領収書.pdf
2025-05-15 14:51:01,187 - pribot - INFO - フォーマット識別: 請求書 (ID: 1)
2025-05-15 14:51:01,188 - pribot - INFO - 抽出された医療機関名: 三宅村国民健康保険直営中央診療所
2025-05-15 14:51:01,188 - pribot - INFO - [成功] マッチング成功: 三宅村国民健康保険直営中央診療所
2025-05-15 14:51:01,188 - pribot - INFO - 振り分け先: 三宅村国民健康保険直営中央診療所 -> .../PriBot検証用/三宅村_請求書 (設定: 1_請求書)
2025-05-15 14:51:01,189 - pribot - INFO - [成功] ファイルをコピーしました: 三宅村中央診療所診療費請求書兼領収書.pdf -> .../三宅村_請求書/三宅村中央診療所診療費請求書兼領収書.pdf
2025-05-15 14:51:01,190 - pribot - INFO - 元ファイルを削除しました: .../PriBot監視フォルダ/三宅村中央診療所診療費請求書兼領収書.pdf
2025-05-15 14:51:01,190 - pribot - INFO - PDFファイルの処理が完了しました: 三宅村中央診療所診療費請求書兼領収書.pdf
2025-05-15 14:51:01,191 - pribot - INFO - 
2025-05-15 14:51:04,192 - pribot - INFO - 新しいPDFファイルを検出: 三宅村中央診療所薬剤情報.pdf
2025-05-15 14:51:04,220 - pribot - INFO - フォーマット識別: 薬情 (ID: 6)
2025-05-15 14:51:04,222 - pribot - INFO - 半角スペースを削除した医療機関名: 三宅村国民健康保険直営中央診療所
2025-05-15 14:51:04,222 - pribot - INFO - 抽出された医療機関名: 三宅村国民健康保険直営中央診療所
2025-05-15 14:51:04,222 - pribot - INFO - [成功] マッチング成功: 三宅村国民健康保険直営中央診療所
2025-05-15 14:51:04,222 - pribot - WARNING - [警告] 医療機関 三宅村国民健康保険直営中央診療所 に適用可能な振り分け設定がありません
2025-05-15 14:51:04,222 - pribot - WARNING - [警告] PDFに対応する医療機関が見つかりません: 三宅村中央診療所薬剤情報.pdf, クリニック名: 三宅村国民健康保険直営中央診療所
2025-05-15 14:51:04,223 - pribot - INFO - ファイルをエラーディレクトリに移動しました: 三宅村中央診療所薬剤情報.pdf -> .../PriBot振り分けエラー/三宅村中央診療所薬剤情報.pdf
2025-05-15 14:51:04,223 - pribot - INFO - 
2025-05-15 14:51:07,226 - pribot - INFO - 新しいPDFファイルを検出: 照葉浅部クリニック処方せん.pdf
2025-05-15 14:51:07,282 - pribot - INFO - フォーマット識別: 処方箋 (ID: 4)
2025-05-15 14:51:07,285 - pribot - INFO - 抽出された医療機関名: 医療法人 吉松会 照葉浅部クリニック
2025-05-15 14:51:07,285 - pribot - INFO - [成功] マッチング成功: 医療法人 吉松会 照葉浅部クリニック
2025-05-15 14:51:07,285 - pribot - INFO - 振り分け先: 医療法人 吉松会 照葉浅部クリニック -> .../PriBot検証用/照葉浅部クリニック (設定: 0_共通)
2025-05-15 14:51:07,286 - pribot - INFO - [成功] ファイルをコピーしました: 照葉浅部クリニック処方せん.pdf -> .../照葉浅部クリニック/照葉浅部クリニック処方せん.pdf
2025-05-15 14:51:07,287 - pribot - INFO - 元ファイルを削除しました: .../PriBot監視フォルダ/照葉浅部クリニック処方せん.pdf
2025-05-15 14:51:07,287 - pribot - INFO - PDFファイルの処理が完了しました: 照葉浅部クリニック処方せん.pdf
2025-05-15 14:51:07,288 - pribot - INFO - 
2025-05-15 14:51:10,288 - pribot - INFO - 新しいPDFファイルを検出: 照葉浅部クリニック診療費請求書兼領収書.pdf
2025-05-15 14:51:10,343 - pribot - INFO - フォーマット識別: 請求書 (ID: 1)
2025-05-15 14:51:10,343 - pribot - INFO - 抽出された医療機関名: 医療法人 吉松会 照葉浅部クリニック
2025-05-15 14:51:10,344 - pribot - INFO - [成功] マッチング成功: 医療法人 吉松会 照葉浅部クリニック
2025-05-15 14:51:10,344 - pribot - INFO - 振り分け先: 医療法人 吉松会 照葉浅部クリニック -> .../PriBot検証用/照葉浅部クリニック (設定: 0_共通)
2025-05-15 14:51:10,346 - pribot - INFO - [成功] ファイルをコピーしました: 照葉浅部クリニック診療費請求書兼領収書.pdf -> .../照葉浅部クリニック/照葉浅部クリニック診療費請求書兼領収書.pdf
2025-05-15 14:51:10,347 - pribot - INFO - 元ファイルを削除しました: .../PriBot監視フォルダ/照葉浅部クリニック診療費請求書兼領収書.pdf
2025-05-15 14:51:10,347 - pribot - INFO - PDFファイルの処理が完了しました: 照葉浅部クリニック診療費請求書兼領収書.pdf
2025-05-15 14:51:10,347 - pribot - INFO - 
2025-05-15 14:51:13,349 - pribot - INFO - 新しいPDFファイルを検出: 照葉浅部クリニック明細書.pdf
2025-05-15 14:51:13,380 - pribot - INFO - フォーマット識別: 明細書 (ID: 2)
2025-05-15 14:51:13,380 - pribot - INFO - 抽出された医療機関名: 医療法人 吉松会 照葉浅部クリニック
2025-05-15 14:51:13,381 - pribot - INFO - [成功] マッチング成功: 医療法人 吉松会 照葉浅部クリニック
2025-05-15 14:51:13,381 - pribot - INFO - 振り分け先: 医療法人 吉松会 照葉浅部クリニック -> .../PriBot検証用/照葉浅部クリニック (設定: 0_共通)
2025-05-15 14:51:13,382 - pribot - INFO - [成功] ファイルをコピーしました: 照葉浅部クリニック明細書.pdf -> .../照葉浅部クリニック/照葉浅部クリニック明細書.pdf
2025-05-15 14:51:13,382 - pribot - INFO - 元ファイルを削除しました: .../PriBot監視フォルダ/照葉浅部クリニック明細書.pdf
2025-05-15 14:51:13,383 - pribot - INFO - PDFファイルの処理が完了しました: 照葉浅部クリニック明細書.pdf
2025-05-15 14:51:13,383 - pribot - INFO - 
2025-05-15 14:51:16,384 - pribot - INFO - 新しいPDFファイルを検出: いたがき総合診療クリニック診療費処方せん.pdf
2025-05-15 14:51:16,443 - pribot - INFO - フォーマット識別: 処方箋 (ID: 4)
2025-05-15 14:51:16,444 - pribot - INFO - 抽出された医療機関名: いたがき総合診療クリニック
2025-05-15 14:51:16,445 - pribot - INFO - [成功] マッチング成功: いたがき総合診療クリニック
2025-05-15 14:51:16,445 - pribot - INFO - 振り分け先: いたがき総合診療クリニック -> .../PriBot検証用/いたがき総合診療クリニック (設定: 0_共通)
2025-05-15 14:51:16,446 - pribot - INFO - [成功] ファイルをコピーしました: いたがき総合診療クリニック診療費処方せん.pdf -> .../いたがき総合診療クリニック/いたがき総合診療クリニック診療費処方せん.pdf
2025-05-15 14:51:16,446 - pribot - INFO - 元ファイルを削除しました: .../PriBot監視フォルダ/いたがき総合診療クリニック診療費処方せん.pdf
2025-05-15 14:51:16,446 - pribot - INFO - PDFファイルの処理が完了しました: いたがき総合診療クリニック診療費処方せん.pdf
2025-05-15 14:51:16,446 - pribot - INFO - 
2025-05-15 14:51:19,448 - pribot - INFO - 新しいPDFファイルを検出: いたがき総合診療クリニック診療費請求書兼領収書.pdf
2025-05-15 14:51:19,495 - pribot - INFO - フォーマット識別: 請求書 (ID: 1)
2025-05-15 14:51:19,496 - pribot - INFO - 抽出された医療機関名: いたがき総合診療クリニック
2025-05-15 14:51:19,497 - pribot - INFO - [成功] マッチング成功: いたがき総合診療クリニック
2025-05-15 14:51:19,497 - pribot - INFO - 振り分け先: いたがき総合診療クリニック -> .../PriBot検証用/いたがき総合診療クリニック (設定: 0_共通)
2025-05-15 14:51:19,498 - pribot - INFO - [成功] ファイルをコピーしました: いたがき総合診療クリニック診療費請求書兼領収書.pdf -> .../いたがき総合診療クリニック/いたがき総合診療クリニック診療費請求書兼領収書.pdf
2025-05-15 14:51:19,498 - pribot - INFO - 元ファイルを削除しました: .../PriBot監視フォルダ/いたがき総合診療クリニック診療費請求書兼領収書.pdf
2025-05-15 14:51:19,499 - pribot - INFO - PDFファイルの処理が完了しました: いたがき総合診療クリニック診療費請求書兼領収書.pdf
2025-05-15 14:51:19,499 - pribot - INFO - 
2025-05-15 14:51:22,501 - pribot - INFO - 新しいPDFファイルを検出: いたがき総合診療クリニック診療費明細書.pdf
2025-05-15 14:51:22,533 - pribot - INFO - フォーマット識別: 明細書 (ID: 2)
2025-05-15 14:51:22,534 - pribot - INFO - 抽出された医療機関名: いたがき総合診療クリニック
2025-05-15 14:51:22,534 - pribot - INFO - [成功] マッチング成功: いたがき総合診療クリニック
2025-05-15 14:51:22,535 - pribot - INFO - 振り分け先: いたがき総合診療クリニック -> .../PriBot検証用/いたがき総合診療クリニック (設定: 0_共通)
2025-05-15 14:51:22,536 - pribot - INFO - [成功] ファイルをコピーしました: いたがき総合診療クリニック診療費明細書.pdf -> .../いたがき総合診療クリニック/いたがき総合診療クリニック診療費明細書.pdf
2025-05-15 14:51:22,537 - pribot - INFO - 元ファイルを削除しました: .../PriBot監視フォルダ/いたがき総合診療クリニック診療費明細書.pdf
2025-05-15 14:51:22,537 - pribot - INFO - PDFファイルの処理が完了しました: いたがき総合診療クリニック診療費明細書.pdf
2025-05-15 14:51:22,537 - pribot - INFO - 
2025-05-15 14:51:44,654 - pribot - INFO - ファイル監視を終了しました
2025-05-15 14:53:42,897 - pribot - INFO - PriBot を開始します
2025-05-15 14:53:42,897 - pribot - INFO - Backlog APIから監視フォルダとエラーフォルダの設定を取得します
2025-05-15 14:53:43,229 - pribot - INFO - 監視フォルダパス: .../PriBot検証用/PriBot監視フォルダ
2025-05-15 14:53:43,230 - pribot - INFO - エラーフォルダパス: .../PriBot検証用/PriBot振り分けエラー
2025-05-15 14:53:43,231 - pribot - INFO - Backlog APIリクエストを開始します
2025-05-15 14:53:43,313 - pribot - INFO - プロジェクト名: 検証-PriBot管理
2025-05-15 14:53:43,373 - pribot - INFO - 取得した全課題数: 13
2025-05-15 14:53:43,373 - pribot - INFO - 存在する課題タイプ: 医療機関, PriBot設定
2025-05-15 14:53:43,373 - pribot - INFO - 課題 TEST_PRIBOT-2: 振り分け先 '0_共通' = 'C:\Users\miyake2107\OASIS INNOAVTION Dropbox\診療報酬請求事務集中センターOASIS INNOVATION\テスト\PriBot検証用\くれクリニック'
2025-05-15 14:53:43,373 - pribot - INFO - PriBot 監視対象の医療機関名: 西大宮整形外科くれクリニック, 振り分け設定数: 1
2025-05-15 14:53:43,374 - pribot - INFO - 課題 TEST_PRIBOT-3: 振り分け先 '0_共通' = 'C:\Users\miyake2107\OASIS INNOAVTION Dropbox\診療報酬請求事務集中センターOASIS INNOVATION\テスト\PriBot検証用\いたがき総合診療クリニック'
2025-05-15 14:53:43,374 - pribot - INFO - PriBot 監視対象の医療機関名: いたがき総合診療クリニック, 振り分け設定数: 1
2025-05-15 14:53:43,374 - pribot - INFO - 課題 TEST_PRIBOT-4: 振り分け先 '0_共通' = 'C:\Users\miyake2107\OASIS INNOAVTION Dropbox\診療報酬請求事務集中センターOASIS INNOVATION\テスト\PriBot検証用\そけん小児科'
2025-05-15 14:53:43,374 - pribot - INFO - PriBot 監視対象の医療機関名: 医療法人 そけん小児科, 振り分け設定数: 1
2025-05-15 14:53:43,374 - pribot - INFO - 課題 TEST_PRIBOT-5: 振り分け先 '0_共通' = 'C:\Users\miyake2107\OASIS INNOAVTION Dropbox\診療報酬請求事務集中センターOASIS INNOVATION\テスト\PriBot検証用\ナゴヤガーデンクリニック'
2025-05-15 14:53:43,374 - pribot - INFO - PriBot 監視対象の医療機関名: 医療法人五一六五ナゴヤガーデンクリニック, 振り分け設定数: 1
2025-05-15 14:53:43,374 - pribot - INFO - 課題 TEST_PRIBOT-6: 振り分け先 '0_共通' = 'C:\Users\miyake2107\OASIS INNOAVTION Dropbox\診療報酬請求事務集中センターOASIS INNOVATION\テスト\PriBot検証用\阿南いしばし医院'
2025-05-15 14:53:43,374 - pribot - INFO - PriBot 監視対象の医療機関名: 医療法人妙泉会 阿南いしばし医院, 振り分け設定数: 1
2025-05-15 14:53:43,374 - pribot - INFO - 課題 TEST_PRIBOT-7: 振り分け先 '1_請求書' = 'C:\Users\miyake2107\OASIS INNOAVTION Dropbox\診療報酬請求事務集中センターOASIS INNOVATION\テスト\PriBot検証用\三宅村_請求書'
2025-05-15 14:53:43,375 - pribot - INFO - PriBot 監視対象の医療機関名: 三宅村国民健康保険直営中央診療所, 振り分け設定数: 1
2025-05-15 14:53:43,375 - pribot - INFO - 課題 TEST_PRIBOT-8: 振り分け先 '5_薬袋シール' = 'C:\Users\miyake2107\OASIS INNOAVTION Dropbox\診療報酬請求事務集中センターOASIS INNOVATION\テスト\PriBot検証用\三宅村_薬袋シール'
2025-05-15 14:53:43,375 - pribot - INFO - PriBot 監視対象の医療機関名: 三宅村国民健康保険直営中央診療所, 振り分け設定数: 1
2025-05-15 14:53:43,375 - pribot - INFO - 課題 TEST_PRIBOT-9: 振り分け先 '6_薬情' = 'C:\Users\miyake2107\OASIS INNOAVTION Dropbox\診療報酬請求事務集中センターOASIS INNOVATION\テスト\PriBot検証用\三宅村_薬情'
2025-05-15 14:53:43,375 - pribot - INFO - PriBot 監視対象の医療機関名: 三宅村国民健康保険直営中央診療所, 振り分け設定数: 1
2025-05-15 14:53:43,375 - pribot - INFO - 課題 TEST_PRIBOT-10: 振り分け先 '0_共通' = 'C:\Users\miyake2107\OASIS INNOAVTION Dropbox\診療報酬請求事務集中センターOASIS INNOVATION\テスト\PriBot検証用\照葉浅部クリニック'
2025-05-15 14:53:43,375 - pribot - INFO - PriBot 監視対象の医療機関名: 医療法人 吉松会 照葉浅部クリニック, 振り分け設定数: 1
2025-05-15 14:53:43,375 - pribot - INFO - 課題 TEST_PRIBOT-11: 振り分け先 '3_請求明細書' = 'C:\Users\miyake2107\OASIS INNOAVTION Dropbox\診療報酬請求事務集中センターOASIS INNOVATION\テスト\PriBot検証用\メモリーケアクリニック_請求明細書'
2025-05-15 14:53:43,375 - pribot - INFO - PriBot 監視対象の医療機関名: メモリーケアクリニック湘南, 振り分け設定数: 1
2025-05-15 14:53:43,375 - pribot - INFO - 課題 TEST_PRIBOT-12: 振り分け先 '4_処方箋' = 'C:\Users\miyake2107\OASIS INNOAVTION Dropbox\診療報酬請求事務集中センターOASIS INNOVATION\テスト\PriBot検証用\メモリーケアクリニック_処方箋'
2025-05-15 14:53:43,376 - pribot - INFO - PriBot 監視対象の医療機関名: メモリーケアクリニック湘南, 振り分け設定数: 1
2025-05-15 14:53:43,376 - pribot - INFO - 課題 TEST_PRIBOT-13: 振り分け先 '6_薬情' = 'C:\Users\miyake2107\OASIS INNOAVTION Dropbox\診療報酬請求事務集中センターOASIS INNOVATION\テスト\PriBot検証用\メモリーケアクリニック_薬情'
2025-05-15 14:53:43,376 - pribot - INFO - PriBot 監視対象の医療機関名: メモリーケアクリニック湘南, 振り分け設定数: 1
2025-05-15 14:53:43,376 - pribot - INFO - 監視対象の医療機関数: 12, スキップした課題数: 1
2025-05-15 14:53:43,376 - pribot - INFO - PriBot 監視フォルダ: C:\Users\miyake2107\OASIS INNOAVTION Dropbox\診療報酬請求事務集中センターOASIS INNOVATION\テスト\PriBot検証用\PriBot監視フォルダ
2025-05-15 14:53:43,377 - pribot - INFO - PriBot エラーフォルダ: C:\Users\miyake2107\OASIS INNOAVTION Dropbox\診療報酬請求事務集中センターOASIS INNOVATION\テスト\PriBot検証用\PriBot振り分けエラー
2025-05-15 14:53:43,377 - pribot - INFO - PriBot 監視対象の医療機関数: 12
2025-05-15 14:53:43,377 - pribot - INFO - ファイル監視を開始しました
2025-05-15 14:53:59,315 - pribot - INFO - 新しいPDFファイルを検出: 三宅村中央診療所薬剤情報.pdf
2025-05-15 14:53:59,355 - pribot - INFO - フォーマット識別: 薬情 (ID: 6)
2025-05-15 14:53:59,356 - pribot - INFO - 半角スペースを削除した医療機関名: 三宅村国民健康保険直営中央診療所
2025-05-15 14:53:59,356 - pribot - INFO - 抽出された医療機関名: 三宅村国民健康保険直営中央診療所
2025-05-15 14:53:59,356 - pribot - INFO - [成功] マッチング成功: 三宅村国民健康保険直営中央診療所
2025-05-15 14:53:59,356 - pribot - WARNING - [警告] 医療機関 三宅村国民健康保険直営中央診療所 に適用可能な振り分け設定がありません
2025-05-15 14:53:59,356 - pribot - WARNING - [警告] PDFに対応する医療機関が見つかりません: 三宅村中央診療所薬剤情報.pdf, クリニック名: 三宅村国民健康保険直営中央診療所
2025-05-15 14:53:59,359 - pribot - INFO - ファイルをエラーディレクトリに移動しました: 三宅村中央診療所薬剤情報.pdf -> .../PriBot振り分けエラー/三宅村中央診療所薬剤情報_20250515145359.pdf
2025-05-15 14:53:59,360 - pribot - INFO - 
2025-05-15 14:54:02,363 - pribot - INFO - 新しいPDFファイルを検出: メモリーケアクリニック処方せん.pdf
2025-05-15 14:54:02,430 - pribot - INFO - フォーマット識別: 処方箋 (ID: 4)
2025-05-15 14:54:02,431 - pribot - INFO - 抽出された医療機関名: メモリーケアクリニック湘南
2025-05-15 14:54:02,432 - pribot - INFO - [成功] マッチング成功: メモリーケアクリニック湘南
2025-05-15 14:54:02,432 - pribot - WARNING - [警告] 医療機関 メモリーケアクリニック湘南 に適用可能な振り分け設定がありません
2025-05-15 14:54:02,432 - pribot - WARNING - [警告] PDFに対応する医療機関が見つかりません: メモリーケアクリニック処方せん.pdf, クリニック名: メモリーケアクリニック湘南
2025-05-15 14:54:02,433 - pribot - INFO - ファイルをエラーディレクトリに移動しました: メモリーケアクリニック処方せん.pdf -> .../PriBot振り分けエラー/メモリーケアクリニック処方せん_20250515145402.pdf
2025-05-15 14:54:02,434 - pribot - INFO - 
2025-05-15 14:54:05,435 - pribot - INFO - 新しいPDFファイルを検出: メモリーケアクリニック薬剤情報.pdf
2025-05-15 14:54:05,462 - pribot - INFO - フォーマット識別: 薬情 (ID: 6)
2025-05-15 14:54:05,463 - pribot - INFO - 半角スペースを削除した医療機関名: メモリーケアクリニック湘南
2025-05-15 14:54:05,463 - pribot - INFO - 抽出された医療機関名: メモリーケアクリニック湘南
2025-05-15 14:54:05,464 - pribot - INFO - [成功] マッチング成功: メモリーケアクリニック湘南
2025-05-15 14:54:05,464 - pribot - WARNING - [警告] 医療機関 メモリーケアクリニック湘南 に適用可能な振り分け設定がありません
2025-05-15 14:54:05,464 - pribot - WARNING - [警告] PDFに対応する医療機関が見つかりません: メモリーケアクリニック薬剤情報.pdf, クリニック名: メモリーケアクリニック湘南
2025-05-15 14:54:05,465 - pribot - INFO - ファイルをエラーディレクトリに移動しました: メモリーケアクリニック薬剤情報.pdf -> .../PriBot振り分けエラー/メモリーケアクリニック薬剤情報_20250515145405.pdf
2025-05-15 14:54:05,465 - pribot - INFO - 
2025-05-15 14:54:08,466 - pribot - INFO - 新しいPDFファイルを検出: 三宅村中央診療所おくすり手帳.pdf
2025-05-15 14:54:08,481 - pribot - INFO - フォーマット識別: 薬袋シール (ID: 5)
2025-05-15 14:54:08,481 - pribot - INFO - 抽出された医療機関名: 三宅村国民健康保険直営中央診療所
2025-05-15 14:54:08,482 - pribot - INFO - [成功] マッチング成功: 三宅村国民健康保険直営中央診療所
2025-05-15 14:54:08,482 - pribot - WARNING - [警告] 医療機関 三宅村国民健康保険直営中央診療所 に適用可能な振り分け設定がありません
2025-05-15 14:54:08,482 - pribot - WARNING - [警告] PDFに対応する医療機関が見つかりません: 三宅村中央診療所おくすり手帳.pdf, クリニック名: 三宅村国民健康保険直営中央診療所
2025-05-15 14:54:08,484 - pribot - INFO - ファイルをエラーディレクトリに移動しました: 三宅村中央診療所おくすり手帳.pdf -> .../PriBot振り分けエラー/三宅村中央診療所おくすり手帳_20250515145408.pdf
2025-05-15 14:54:08,485 - pribot - INFO - 
2025-05-15 14:54:12,163 - pribot - INFO - ファイル監視を終了しました
2025-05-15 14:58:32,395 - pribot - INFO - PriBot を開始します
2025-05-15 14:58:32,396 - pribot - INFO - Backlog APIから監視フォルダとエラーフォルダの設定を取得します
2025-05-15 14:58:32,487 - pribot - INFO - 監視フォルダパス: .../PriBot検証用/PriBot監視フォルダ
2025-05-15 14:58:32,488 - pribot - INFO - エラーフォルダパス: .../PriBot検証用/PriBot振り分けエラー
2025-05-15 14:58:32,489 - pribot - INFO - Backlog APIリクエストを開始します
2025-05-15 14:58:32,566 - pribot - INFO - プロジェクト名: 検証-PriBot管理
2025-05-15 14:58:32,678 - pribot - INFO - 取得した全課題数: 13
2025-05-15 14:58:32,678 - pribot - INFO - 存在する課題タイプ: 医療機関, PriBot設定
2025-05-15 14:58:32,679 - pribot - INFO - 課題 TEST_PRIBOT-2: 振り分け先 '0_共通' = 'C:\Users\miyake2107\OASIS INNOAVTION Dropbox\診療報酬請求事務集中センターOASIS INNOVATION\テスト\PriBot検証用\くれクリニック'
2025-05-15 14:58:32,679 - pribot - INFO - PriBot 監視対象の医療機関名: 西大宮整形外科くれクリニック, 振り分け設定数: 1
2025-05-15 14:58:32,679 - pribot - INFO - 課題 TEST_PRIBOT-3: 振り分け先 '0_共通' = 'C:\Users\miyake2107\OASIS INNOAVTION Dropbox\診療報酬請求事務集中センターOASIS INNOVATION\テスト\PriBot検証用\いたがき総合診療クリニック'
2025-05-15 14:58:32,679 - pribot - INFO - PriBot 監視対象の医療機関名: いたがき総合診療クリニック, 振り分け設定数: 1
2025-05-15 14:58:32,679 - pribot - INFO - 課題 TEST_PRIBOT-4: 振り分け先 '0_共通' = 'C:\Users\miyake2107\OASIS INNOAVTION Dropbox\診療報酬請求事務集中センターOASIS INNOVATION\テスト\PriBot検証用\そけん小児科'
2025-05-15 14:58:32,681 - pribot - INFO - PriBot 監視対象の医療機関名: 医療法人 そけん小児科, 振り分け設定数: 1
2025-05-15 14:58:32,681 - pribot - INFO - 課題 TEST_PRIBOT-5: 振り分け先 '0_共通' = 'C:\Users\miyake2107\OASIS INNOAVTION Dropbox\診療報酬請求事務集中センターOASIS INNOVATION\テスト\PriBot検証用\ナゴヤガーデンクリニック'
2025-05-15 14:58:32,681 - pribot - INFO - PriBot 監視対象の医療機関名: 医療法人五一六五ナゴヤガーデンクリニック, 振り分け設定数: 1
2025-05-15 14:58:32,681 - pribot - INFO - 課題 TEST_PRIBOT-6: 振り分け先 '0_共通' = 'C:\Users\miyake2107\OASIS INNOAVTION Dropbox\診療報酬請求事務集中センターOASIS INNOVATION\テスト\PriBot検証用\阿南いしばし医院'
2025-05-15 14:58:32,681 - pribot - INFO - PriBot 監視対象の医療機関名: 医療法人妙泉会 阿南いしばし医院, 振り分け設定数: 1
2025-05-15 14:58:32,681 - pribot - INFO - 課題 TEST_PRIBOT-7: 振り分け先 '1_請求書' = 'C:\Users\miyake2107\OASIS INNOAVTION Dropbox\診療報酬請求事務集中センターOASIS INNOVATION\テスト\PriBot検証用\三宅村_請求書'
2025-05-15 14:58:32,682 - pribot - INFO - PriBot 監視対象の医療機関名: 三宅村国民健康保険直営中央診療所, 振り分け設定数: 1
2025-05-15 14:58:32,682 - pribot - INFO - 課題 TEST_PRIBOT-8: 振り分け先 '5_薬袋シール' = 'C:\Users\miyake2107\OASIS INNOAVTION Dropbox\診療報酬請求事務集中センターOASIS INNOVATION\テスト\PriBot検証用\三宅村_薬袋シール'
2025-05-15 14:58:32,682 - pribot - INFO - PriBot 監視対象の医療機関名: 三宅村国民健康保険直営中央診療所, 振り分け設定数: 1
2025-05-15 14:58:32,682 - pribot - INFO - 課題 TEST_PRIBOT-9: 振り分け先 '6_薬情' = 'C:\Users\miyake2107\OASIS INNOAVTION Dropbox\診療報酬請求事務集中センターOASIS INNOVATION\テスト\PriBot検証用\三宅村_薬情'
2025-05-15 14:58:32,682 - pribot - INFO - PriBot 監視対象の医療機関名: 三宅村国民健康保険直営中央診療所, 振り分け設定数: 1
2025-05-15 14:58:32,682 - pribot - INFO - 課題 TEST_PRIBOT-10: 振り分け先 '0_共通' = 'C:\Users\miyake2107\OASIS INNOAVTION Dropbox\診療報酬請求事務集中センターOASIS INNOVATION\テスト\PriBot検証用\照葉浅部クリニック'
2025-05-15 14:58:32,682 - pribot - INFO - PriBot 監視対象の医療機関名: 医療法人 吉松会 照葉浅部クリニック, 振り分け設定数: 1
2025-05-15 14:58:32,684 - pribot - INFO - 課題 TEST_PRIBOT-11: 振り分け先 '3_請求明細書' = 'C:\Users\miyake2107\OASIS INNOAVTION Dropbox\診療報酬請求事務集中センターOASIS INNOVATION\テスト\PriBot検証用\メモリーケアクリニック_請求明細書'
2025-05-15 14:58:32,684 - pribot - INFO - PriBot 監視対象の医療機関名: メモリーケアクリニック湘南, 振り分け設定数: 1
2025-05-15 14:58:32,684 - pribot - INFO - 課題 TEST_PRIBOT-12: 振り分け先 '4_処方箋' = 'C:\Users\miyake2107\OASIS INNOAVTION Dropbox\診療報酬請求事務集中センターOASIS INNOVATION\テスト\PriBot検証用\メモリーケアクリニック_処方箋'
2025-05-15 14:58:32,685 - pribot - INFO - PriBot 監視対象の医療機関名: メモリーケアクリニック湘南, 振り分け設定数: 1
2025-05-15 14:58:32,685 - pribot - INFO - 課題 TEST_PRIBOT-13: 振り分け先 '6_薬情' = 'C:\Users\miyake2107\OASIS INNOAVTION Dropbox\診療報酬請求事務集中センターOASIS INNOVATION\テスト\PriBot検証用\メモリーケアクリニック_薬情'
2025-05-15 14:58:32,685 - pribot - INFO - PriBot 監視対象の医療機関名: メモリーケアクリニック湘南, 振り分け設定数: 1
2025-05-15 14:58:32,685 - pribot - INFO - 監視対象の医療機関数: 12, スキップした課題数: 1
2025-05-15 14:58:32,687 - pribot - INFO - PriBot 監視フォルダ: C:\Users\miyake2107\OASIS INNOAVTION Dropbox\診療報酬請求事務集中センターOASIS INNOVATION\テスト\PriBot検証用\PriBot監視フォルダ
2025-05-15 14:58:32,687 - pribot - INFO - PriBot エラーフォルダ: C:\Users\miyake2107\OASIS INNOAVTION Dropbox\診療報酬請求事務集中センターOASIS INNOVATION\テスト\PriBot検証用\PriBot振り分けエラー
2025-05-15 14:58:32,687 - pribot - INFO - PriBot 監視対象の医療機関数: 12
2025-05-15 14:58:32,689 - pribot - INFO - ファイル監視を開始しました
2025-05-15 14:58:37,037 - pribot - INFO - 新しいPDFファイルを検出: 三宅村中央診療所薬剤情報.pdf
2025-05-15 14:58:37,076 - pribot - INFO - フォーマット識別: 薬情 (ID: 6)
2025-05-15 14:58:37,077 - pribot - INFO - 半角スペースを削除した医療機関名: 三宅村国民健康保険直営中央診療所
2025-05-15 14:58:37,077 - pribot - INFO - 抽出された医療機関名: 三宅村国民健康保険直営中央診療所
2025-05-15 14:58:37,077 - pribot - INFO - [成功] マッチング成功: 三宅村国民健康保険直営中央診療所
2025-05-15 14:58:37,078 - pribot - WARNING - [警告] 医療機関 三宅村国民健康保険直営中央診療所 に適用可能な振り分け設定がありません
2025-05-15 14:58:37,078 - pribot - WARNING - [警告] PDFに対応する医療機関が見つかりません: 三宅村中央診療所薬剤情報.pdf, クリニック名: 三宅村国民健康保険直営中央診療所
2025-05-15 14:58:37,079 - pribot - INFO - ファイルをエラーディレクトリに移動しました: 三宅村中央診療所薬剤情報.pdf -> .../PriBot振り分けエラー/三宅村中央診療所薬剤情報_20250515145837.pdf
2025-05-15 14:58:37,080 - pribot - INFO - 
2025-05-15 14:58:40,082 - pribot - INFO - 新しいPDFファイルを検出: メモリーケアクリニック処方せん_20250515145402.pdf
2025-05-15 14:58:40,138 - pribot - INFO - フォーマット識別: 処方箋 (ID: 4)
2025-05-15 14:58:40,139 - pribot - INFO - 抽出された医療機関名: メモリーケアクリニック湘南
2025-05-15 14:58:40,140 - pribot - INFO - [成功] マッチング成功: メモリーケアクリニック湘南
2025-05-15 14:58:40,140 - pribot - WARNING - [警告] 医療機関 メモリーケアクリニック湘南 に適用可能な振り分け設定がありません
2025-05-15 14:58:40,140 - pribot - WARNING - [警告] PDFに対応する医療機関が見つかりません: メモリーケアクリニック処方せん_20250515145402.pdf, クリニック名: メモリーケアクリニック湘南
2025-05-15 14:58:40,141 - pribot - INFO - ファイルをエラーディレクトリに移動しました: メモリーケアクリニック処方せん_20250515145402.pdf -> .../PriBot振り分けエラー/メモリーケアクリニック処方せん_20250515145402_20250515145840.pdf
2025-05-15 14:58:40,142 - pribot - INFO - 
2025-05-15 14:58:43,143 - pribot - INFO - 新しいPDFファイルを検出: メモリーケアクリニック薬剤情報_20250515145405.pdf
2025-05-15 14:58:43,164 - pribot - INFO - フォーマット識別: 薬情 (ID: 6)
2025-05-15 14:58:43,165 - pribot - INFO - 半角スペースを削除した医療機関名: メモリーケアクリニック湘南
2025-05-15 14:58:43,165 - pribot - INFO - 抽出された医療機関名: メモリーケアクリニック湘南
2025-05-15 14:58:43,166 - pribot - INFO - [成功] マッチング成功: メモリーケアクリニック湘南
2025-05-15 14:58:43,166 - pribot - WARNING - [警告] 医療機関 メモリーケアクリニック湘南 に適用可能な振り分け設定がありません
2025-05-15 14:58:43,166 - pribot - WARNING - [警告] PDFに対応する医療機関が見つかりません: メモリーケアクリニック薬剤情報_20250515145405.pdf, クリニック名: メモリーケアクリニック湘南
2025-05-15 14:58:43,168 - pribot - INFO - ファイルをエラーディレクトリに移動しました: メモリーケアクリニック薬剤情報_20250515145405.pdf -> .../PriBot振り分けエラー/メモリーケアクリニック薬剤情報_20250515145405_20250515145843.pdf
2025-05-15 14:58:43,169 - pribot - INFO - 
2025-05-15 14:58:46,171 - pribot - INFO - 新しいPDFファイルを検出: 三宅村中央診療所おくすり手帳.pdf
2025-05-15 14:58:46,184 - pribot - INFO - フォーマット識別: 薬袋シール (ID: 5)
2025-05-15 14:58:46,185 - pribot - INFO - 抽出された医療機関名: 三宅村国民健康保険直営中央診療所
2025-05-15 14:58:46,185 - pribot - INFO - [成功] マッチング成功: 三宅村国民健康保険直営中央診療所
2025-05-15 14:58:46,185 - pribot - WARNING - [警告] 医療機関 三宅村国民健康保険直営中央診療所 に適用可能な振り分け設定がありません
2025-05-15 14:58:46,185 - pribot - WARNING - [警告] PDFに対応する医療機関が見つかりません: 三宅村中央診療所おくすり手帳.pdf, クリニック名: 三宅村国民健康保険直営中央診療所
2025-05-15 14:58:46,187 - pribot - INFO - ファイルをエラーディレクトリに移動しました: 三宅村中央診療所おくすり手帳.pdf -> .../PriBot振り分けエラー/三宅村中央診療所おくすり手帳_20250515145846.pdf
2025-05-15 14:58:46,190 - pribot - INFO - 
2025-05-15 14:58:51,268 - pribot - INFO - ファイル監視を終了しました
2025-05-15 15:04:20,326 - pribot - INFO - PriBot を開始します
2025-05-15 15:04:20,327 - pribot - INFO - Backlog APIから監視フォルダとエラーフォルダの設定を取得します
2025-05-15 15:04:20,461 - pribot - INFO - 監視フォルダパス: .../PriBot検証用/PriBot監視フォルダ
2025-05-15 15:04:20,461 - pribot - INFO - エラーフォルダパス: .../PriBot検証用/PriBot振り分けエラー
2025-05-15 15:04:20,462 - pribot - INFO - Backlog APIリクエストを開始します
2025-05-15 15:04:20,529 - pribot - INFO - プロジェクト名: 検証-PriBot管理
2025-05-15 15:04:20,636 - pribot - INFO - 取得した全課題数: 13
2025-05-15 15:04:20,637 - pribot - INFO - 存在する課題タイプ: 医療機関, PriBot設定
2025-05-15 15:04:20,637 - pribot - INFO - 課題 TEST_PRIBOT-2: 振り分け先 '0_共通' = 'C:\Users\miyake2107\OASIS INNOAVTION Dropbox\診療報酬請求事務集中センターOASIS INNOVATION\テスト\PriBot検証用\くれクリニック'
2025-05-15 15:04:20,638 - pribot - INFO - PriBot 監視対象の医療機関名: 西大宮整形外科くれクリニック, 振り分け設定数: 1
2025-05-15 15:04:20,639 - pribot - INFO - 課題 TEST_PRIBOT-3: 振り分け先 '0_共通' = 'C:\Users\miyake2107\OASIS INNOAVTION Dropbox\診療報酬請求事務集中センターOASIS INNOVATION\テスト\PriBot検証用\いたがき総合診療クリニック'
2025-05-15 15:04:20,639 - pribot - INFO - PriBot 監視対象の医療機関名: いたがき総合診療クリニック, 振り分け設定数: 1
2025-05-15 15:04:20,639 - pribot - INFO - 課題 TEST_PRIBOT-4: 振り分け先 '0_共通' = 'C:\Users\miyake2107\OASIS INNOAVTION Dropbox\診療報酬請求事務集中センターOASIS INNOVATION\テスト\PriBot検証用\そけん小児科'
2025-05-15 15:04:20,640 - pribot - INFO - PriBot 監視対象の医療機関名: 医療法人 そけん小児科, 振り分け設定数: 1
2025-05-15 15:04:20,640 - pribot - INFO - 課題 TEST_PRIBOT-5: 振り分け先 '0_共通' = 'C:\Users\miyake2107\OASIS INNOAVTION Dropbox\診療報酬請求事務集中センターOASIS INNOVATION\テスト\PriBot検証用\ナゴヤガーデンクリニック'
2025-05-15 15:04:20,641 - pribot - INFO - PriBot 監視対象の医療機関名: 医療法人五一六五ナゴヤガーデンクリニック, 振り分け設定数: 1
2025-05-15 15:04:20,641 - pribot - INFO - 課題 TEST_PRIBOT-6: 振り分け先 '0_共通' = 'C:\Users\miyake2107\OASIS INNOAVTION Dropbox\診療報酬請求事務集中センターOASIS INNOVATION\テスト\PriBot検証用\阿南いしばし医院'
2025-05-15 15:04:20,641 - pribot - INFO - PriBot 監視対象の医療機関名: 医療法人妙泉会 阿南いしばし医院, 振り分け設定数: 1
2025-05-15 15:04:20,641 - pribot - INFO - 課題 TEST_PRIBOT-7: 振り分け先 '1_請求書' = 'C:\Users\miyake2107\OASIS INNOAVTION Dropbox\診療報酬請求事務集中センターOASIS INNOVATION\テスト\PriBot検証用\三宅村_請求書'
2025-05-15 15:04:20,641 - pribot - INFO - PriBot 監視対象の医療機関名: 三宅村国民健康保険直営中央診療所, 振り分け設定数: 1
2025-05-15 15:04:20,642 - pribot - INFO - 課題 TEST_PRIBOT-8: 振り分け先 '5_薬袋シール' = 'C:\Users\miyake2107\OASIS INNOAVTION Dropbox\診療報酬請求事務集中センターOASIS INNOVATION\テスト\PriBot検証用\三宅村_薬袋シール'
2025-05-15 15:04:20,642 - pribot - INFO - PriBot 監視対象の医療機関名: 三宅村国民健康保険直営中央診療所, 振り分け設定数: 1
2025-05-15 15:04:20,642 - pribot - INFO - 課題 TEST_PRIBOT-9: 振り分け先 '6_薬情' = 'C:\Users\miyake2107\OASIS INNOAVTION Dropbox\診療報酬請求事務集中センターOASIS INNOVATION\テスト\PriBot検証用\三宅村_薬情'
2025-05-15 15:04:20,642 - pribot - INFO - PriBot 監視対象の医療機関名: 三宅村国民健康保険直営中央診療所, 振り分け設定数: 1
2025-05-15 15:04:20,642 - pribot - INFO - 課題 TEST_PRIBOT-10: 振り分け先 '0_共通' = 'C:\Users\miyake2107\OASIS INNOAVTION Dropbox\診療報酬請求事務集中センターOASIS INNOVATION\テスト\PriBot検証用\照葉浅部クリニック'
2025-05-15 15:04:20,643 - pribot - INFO - PriBot 監視対象の医療機関名: 医療法人 吉松会 照葉浅部クリニック, 振り分け設定数: 1
2025-05-15 15:04:20,643 - pribot - INFO - 課題 TEST_PRIBOT-11: 振り分け先 '3_請求明細書' = 'C:\Users\miyake2107\OASIS INNOAVTION Dropbox\診療報酬請求事務集中センターOASIS INNOVATION\テスト\PriBot検証用\メモリーケアクリニック_請求明細書'
2025-05-15 15:04:20,644 - pribot - INFO - PriBot 監視対象の医療機関名: メモリーケアクリニック湘南, 振り分け設定数: 1
2025-05-15 15:04:20,644 - pribot - INFO - 課題 TEST_PRIBOT-12: 振り分け先 '4_処方箋' = 'C:\Users\miyake2107\OASIS INNOAVTION Dropbox\診療報酬請求事務集中センターOASIS INNOVATION\テスト\PriBot検証用\メモリーケアクリニック_処方箋'
2025-05-15 15:04:20,644 - pribot - INFO - PriBot 監視対象の医療機関名: メモリーケアクリニック湘南, 振り分け設定数: 1
2025-05-15 15:04:20,644 - pribot - INFO - 課題 TEST_PRIBOT-13: 振り分け先 '6_薬情' = 'C:\Users\miyake2107\OASIS INNOAVTION Dropbox\診療報酬請求事務集中センターOASIS INNOVATION\テスト\PriBot検証用\メモリーケアクリニック_薬情'
2025-05-15 15:04:20,644 - pribot - INFO - PriBot 監視対象の医療機関名: メモリーケアクリニック湘南, 振り分け設定数: 1
2025-05-15 15:04:20,644 - pribot - INFO - 監視対象の医療機関数: 12, スキップした課題数: 1
2025-05-15 15:04:20,645 - pribot - INFO - PriBot 監視フォルダ: C:\Users\miyake2107\OASIS INNOAVTION Dropbox\診療報酬請求事務集中センターOASIS INNOVATION\テスト\PriBot検証用\PriBot監視フォルダ
2025-05-15 15:04:20,646 - pribot - INFO - PriBot エラーフォルダ: C:\Users\miyake2107\OASIS INNOAVTION Dropbox\診療報酬請求事務集中センターOASIS INNOVATION\テスト\PriBot検証用\PriBot振り分けエラー
2025-05-15 15:04:20,646 - pribot - INFO - PriBot 監視対象の医療機関数: 12
2025-05-15 15:04:20,647 - pribot - INFO - ファイル監視を開始しました
2025-05-15 15:04:38,290 - pribot - INFO - 新しいPDFファイルを検出: 三宅村中央診療所薬剤情報.pdf
2025-05-15 15:04:38,332 - pribot - INFO - フォーマット識別: 薬情 (ID: 6)
2025-05-15 15:04:38,333 - pribot - INFO - 半角スペースを削除した医療機関名: 三宅村国民健康保険直営中央診療所
2025-05-15 15:04:38,333 - pribot - INFO - 抽出された医療機関名: 三宅村国民健康保険直営中央診療所
2025-05-15 15:04:38,333 - pribot - INFO - 検索フォーマットキー: '6_薬情'
2025-05-15 15:04:38,333 - pribot - INFO - [成功] マッチング成功: 三宅村国民健康保険直営中央診療所
2025-05-15 15:04:38,333 - pribot - INFO - 振り分け設定キー: '1_請求書', バイト表現: b'1_\xe8\xab\x8b\xe6\xb1\x82\xe6\x9b\xb8'
2025-05-15 15:04:38,333 - pribot - WARNING - [警告] 医療機関 三宅村国民健康保険直営中央診療所 に適用可能な振り分け設定がありません
2025-05-15 15:04:38,334 - pribot - WARNING - [警告] PDFに対応する医療機関が見つかりません: 三宅村中央診療所薬剤情報.pdf, クリニック名: 三宅村国民健康保険直営中央診療所
2025-05-15 15:04:38,336 - pribot - INFO - ファイルをエラーディレクトリに移動しました: 三宅村中央診療所薬剤情報.pdf -> .../PriBot振り分けエラー/三宅村中央診療所薬剤情報_20250515150438.pdf
2025-05-15 15:04:38,336 - pribot - INFO - 
2025-05-15 15:04:41,338 - pribot - INFO - 新しいPDFファイルを検出: メモリーケアクリニック処方せん_20250515145402.pdf
2025-05-15 15:04:41,397 - pribot - INFO - フォーマット識別: 処方箋 (ID: 4)
2025-05-15 15:04:41,398 - pribot - INFO - 抽出された医療機関名: メモリーケアクリニック湘南
2025-05-15 15:04:41,399 - pribot - INFO - 検索フォーマットキー: '4_処方箋'
2025-05-15 15:04:41,399 - pribot - INFO - [成功] マッチング成功: メモリーケアクリニック湘南
2025-05-15 15:04:41,399 - pribot - INFO - 振り分け設定キー: '3_請求明細書', バイト表現: b'3_\xe8\xab\x8b\xe6\xb1\x82\xe6\x98\x8e\xe7\xb4\xb0\xe6\x9b\xb8'
2025-05-15 15:04:41,399 - pribot - WARNING - [警告] 医療機関 メモリーケアクリニック湘南 に適用可能な振り分け設定がありません
2025-05-15 15:04:41,399 - pribot - WARNING - [警告] PDFに対応する医療機関が見つかりません: メモリーケアクリニック処方せん_20250515145402.pdf, クリニック名: メモリーケアクリニック湘南
2025-05-15 15:04:41,401 - pribot - INFO - ファイルをエラーディレクトリに移動しました: メモリーケアクリニック処方せん_20250515145402.pdf -> .../PriBot振り分けエラー/メモリーケアクリニック処方せん_20250515145402_20250515150441.pdf
2025-05-15 15:04:41,403 - pribot - INFO - 
2025-05-15 15:04:44,405 - pribot - INFO - 新しいPDFファイルを検出: メモリーケアクリニック薬剤情報_20250515145405.pdf
2025-05-15 15:04:44,427 - pribot - INFO - フォーマット識別: 薬情 (ID: 6)
2025-05-15 15:04:44,427 - pribot - INFO - 半角スペースを削除した医療機関名: メモリーケアクリニック湘南
2025-05-15 15:04:44,428 - pribot - INFO - 抽出された医療機関名: メモリーケアクリニック湘南
2025-05-15 15:04:44,428 - pribot - INFO - 検索フォーマットキー: '6_薬情'
2025-05-15 15:04:44,428 - pribot - INFO - [成功] マッチング成功: メモリーケアクリニック湘南
2025-05-15 15:04:44,428 - pribot - INFO - 振り分け設定キー: '3_請求明細書', バイト表現: b'3_\xe8\xab\x8b\xe6\xb1\x82\xe6\x98\x8e\xe7\xb4\xb0\xe6\x9b\xb8'
2025-05-15 15:04:44,428 - pribot - WARNING - [警告] 医療機関 メモリーケアクリニック湘南 に適用可能な振り分け設定がありません
2025-05-15 15:04:44,428 - pribot - WARNING - [警告] PDFに対応する医療機関が見つかりません: メモリーケアクリニック薬剤情報_20250515145405.pdf, クリニック名: メモリーケアクリニック湘南
2025-05-15 15:04:44,432 - pribot - INFO - ファイルをエラーディレクトリに移動しました: メモリーケアクリニック薬剤情報_20250515145405.pdf -> .../PriBot振り分けエラー/メモリーケアクリニック薬剤情報_20250515145405_20250515150444.pdf
2025-05-15 15:04:44,432 - pribot - INFO - 
2025-05-15 15:04:47,434 - pribot - INFO - 新しいPDFファイルを検出: 三宅村中央診療所おくすり手帳.pdf
2025-05-15 15:04:47,448 - pribot - INFO - フォーマット識別: 薬袋シール (ID: 5)
2025-05-15 15:04:47,448 - pribot - INFO - 抽出された医療機関名: 三宅村国民健康保険直営中央診療所
2025-05-15 15:04:47,449 - pribot - INFO - 検索フォーマットキー: '5_薬袋シール'
2025-05-15 15:04:47,449 - pribot - INFO - [成功] マッチング成功: 三宅村国民健康保険直営中央診療所
2025-05-15 15:04:47,449 - pribot - INFO - 振り分け設定キー: '1_請求書', バイト表現: b'1_\xe8\xab\x8b\xe6\xb1\x82\xe6\x9b\xb8'
2025-05-15 15:04:47,449 - pribot - WARNING - [警告] 医療機関 三宅村国民健康保険直営中央診療所 に適用可能な振り分け設定がありません
2025-05-15 15:04:47,451 - pribot - WARNING - [警告] PDFに対応する医療機関が見つかりません: 三宅村中央診療所おくすり手帳.pdf, クリニック名: 三宅村国民健康保険直営中央診療所
2025-05-15 15:04:47,453 - pribot - INFO - ファイルをエラーディレクトリに移動しました: 三宅村中央診療所おくすり手帳.pdf -> .../PriBot振り分けエラー/三宅村中央診療所おくすり手帳_20250515150447.pdf
2025-05-15 15:04:47,453 - pribot - INFO - 
2025-05-15 15:05:01,033 - pribot - INFO - ファイル監視を終了しました
2025-05-15 15:07:51,441 - pribot - INFO - PriBot を開始します
2025-05-15 15:07:51,442 - pribot - INFO - Backlog APIから監視フォルダとエラーフォルダの設定を取得します
2025-05-15 15:07:51,569 - pribot - INFO - 監視フォルダパス: .../PriBot検証用/PriBot監視フォルダ
2025-05-15 15:07:51,570 - pribot - INFO - エラーフォルダパス: .../PriBot検証用/PriBot振り分けエラー
2025-05-15 15:07:51,570 - pribot - INFO - Backlog APIリクエストを開始します
2025-05-15 15:07:51,649 - pribot - INFO - プロジェクト名: 検証-PriBot管理
2025-05-15 15:07:51,733 - pribot - INFO - 取得した全課題数: 13
2025-05-15 15:07:51,739 - pribot - INFO - 存在する課題タイプ: 医療機関, PriBot設定
2025-05-15 15:07:51,740 - pribot - INFO - 課題 TEST_PRIBOT-2: 振り分け先 '0_共通' = 'C:\Users\miyake2107\OASIS INNOAVTION Dropbox\診療報酬請求事務集中センターOASIS INNOVATION\テスト\PriBot検証用\くれクリニック'
2025-05-15 15:07:51,741 - pribot - INFO - PriBot 監視対象の医療機関名: 西大宮整形外科くれクリニック, 振り分け設定数: 1
2025-05-15 15:07:51,741 - pribot - INFO - 課題 TEST_PRIBOT-3: 振り分け先 '0_共通' = 'C:\Users\miyake2107\OASIS INNOAVTION Dropbox\診療報酬請求事務集中センターOASIS INNOVATION\テスト\PriBot検証用\いたがき総合診療クリニック'
2025-05-15 15:07:51,741 - pribot - INFO - PriBot 監視対象の医療機関名: いたがき総合診療クリニック, 振り分け設定数: 1
2025-05-15 15:07:51,741 - pribot - INFO - 課題 TEST_PRIBOT-4: 振り分け先 '0_共通' = 'C:\Users\miyake2107\OASIS INNOAVTION Dropbox\診療報酬請求事務集中センターOASIS INNOVATION\テスト\PriBot検証用\そけん小児科'
2025-05-15 15:07:51,741 - pribot - INFO - PriBot 監視対象の医療機関名: 医療法人 そけん小児科, 振り分け設定数: 1
2025-05-15 15:07:51,742 - pribot - INFO - 課題 TEST_PRIBOT-5: 振り分け先 '0_共通' = 'C:\Users\miyake2107\OASIS INNOAVTION Dropbox\診療報酬請求事務集中センターOASIS INNOVATION\テスト\PriBot検証用\ナゴヤガーデンクリニック'
2025-05-15 15:07:51,742 - pribot - INFO - PriBot 監視対象の医療機関名: 医療法人五一六五ナゴヤガーデンクリニック, 振り分け設定数: 1
2025-05-15 15:07:51,742 - pribot - INFO - 課題 TEST_PRIBOT-6: 振り分け先 '0_共通' = 'C:\Users\miyake2107\OASIS INNOAVTION Dropbox\診療報酬請求事務集中センターOASIS INNOVATION\テスト\PriBot検証用\阿南いしばし医院'
2025-05-15 15:07:51,742 - pribot - INFO - PriBot 監視対象の医療機関名: 医療法人妙泉会 阿南いしばし医院, 振り分け設定数: 1
2025-05-15 15:07:51,742 - pribot - INFO - 課題 TEST_PRIBOT-7: 振り分け先 '1_請求書' = 'C:\Users\miyake2107\OASIS INNOAVTION Dropbox\診療報酬請求事務集中センターOASIS INNOVATION\テスト\PriBot検証用\三宅村_請求書'
2025-05-15 15:07:51,742 - pribot - INFO - PriBot 監視対象の医療機関名: 三宅村国民健康保険直営中央診療所, 振り分け設定数: 1
2025-05-15 15:07:51,742 - pribot - INFO - 課題 TEST_PRIBOT-8: 振り分け先 '5_薬袋シール' = 'C:\Users\miyake2107\OASIS INNOAVTION Dropbox\診療報酬請求事務集中センターOASIS INNOVATION\テスト\PriBot検証用\三宅村_薬袋シール'
2025-05-15 15:07:51,743 - pribot - INFO - PriBot 監視対象の医療機関名: 三宅村国民健康保険直営中央診療所, 振り分け設定数: 1
2025-05-15 15:07:51,743 - pribot - INFO - 課題 TEST_PRIBOT-9: 振り分け先 '6_薬情' = 'C:\Users\miyake2107\OASIS INNOAVTION Dropbox\診療報酬請求事務集中センターOASIS INNOVATION\テスト\PriBot検証用\三宅村_薬情'
2025-05-15 15:07:51,743 - pribot - INFO - PriBot 監視対象の医療機関名: 三宅村国民健康保険直営中央診療所, 振り分け設定数: 1
2025-05-15 15:07:51,743 - pribot - INFO - 課題 TEST_PRIBOT-10: 振り分け先 '0_共通' = 'C:\Users\miyake2107\OASIS INNOAVTION Dropbox\診療報酬請求事務集中センターOASIS INNOVATION\テスト\PriBot検証用\照葉浅部クリニック'
2025-05-15 15:07:51,743 - pribot - INFO - PriBot 監視対象の医療機関名: 医療法人 吉松会 照葉浅部クリニック, 振り分け設定数: 1
2025-05-15 15:07:51,743 - pribot - INFO - 課題 TEST_PRIBOT-11: 振り分け先 '3_請求明細書' = 'C:\Users\miyake2107\OASIS INNOAVTION Dropbox\診療報酬請求事務集中センターOASIS INNOVATION\テスト\PriBot検証用\メモリーケアクリニック_請求明細書'
2025-05-15 15:07:51,743 - pribot - INFO - PriBot 監視対象の医療機関名: メモリーケアクリニック湘南, 振り分け設定数: 1
2025-05-15 15:07:51,743 - pribot - INFO - 課題 TEST_PRIBOT-12: 振り分け先 '4_処方箋' = 'C:\Users\miyake2107\OASIS INNOAVTION Dropbox\診療報酬請求事務集中センターOASIS INNOVATION\テスト\PriBot検証用\メモリーケアクリニック_処方箋'
2025-05-15 15:07:51,744 - pribot - INFO - PriBot 監視対象の医療機関名: メモリーケアクリニック湘南, 振り分け設定数: 1
2025-05-15 15:07:51,744 - pribot - INFO - 課題 TEST_PRIBOT-13: 振り分け先 '6_薬情' = 'C:\Users\miyake2107\OASIS INNOAVTION Dropbox\診療報酬請求事務集中センターOASIS INNOVATION\テスト\PriBot検証用\メモリーケアクリニック_薬情'
2025-05-15 15:07:51,744 - pribot - INFO - PriBot 監視対象の医療機関名: メモリーケアクリニック湘南, 振り分け設定数: 1
2025-05-15 15:07:51,744 - pribot - INFO - 監視対象の医療機関数: 12, スキップした課題数: 1
2025-05-15 15:07:51,746 - pribot - INFO - PriBot 監視フォルダ: C:\Users\miyake2107\OASIS INNOAVTION Dropbox\診療報酬請求事務集中センターOASIS INNOVATION\テスト\PriBot検証用\PriBot監視フォルダ
2025-05-15 15:07:51,746 - pribot - INFO - PriBot エラーフォルダ: C:\Users\miyake2107\OASIS INNOAVTION Dropbox\診療報酬請求事務集中センターOASIS INNOVATION\テスト\PriBot検証用\PriBot振り分けエラー
2025-05-15 15:07:51,747 - pribot - INFO - PriBot 監視対象の医療機関数: 12
2025-05-15 15:07:51,748 - pribot - INFO - ファイル監視を開始しました
2025-05-15 15:08:07,394 - pribot - INFO - 新しいPDFファイルを検出: 三宅村中央診療所薬剤情報.pdf
2025-05-15 15:08:07,434 - pribot - INFO - フォーマット識別: 薬情 (ID: 6)
2025-05-15 15:08:07,435 - pribot - INFO - 半角スペースを削除した医療機関名: 三宅村国民健康保険直営中央診療所
2025-05-15 15:08:07,436 - pribot - INFO - 抽出された医療機関名: 三宅村国民健康保険直営中央診療所
2025-05-15 15:08:07,436 - pribot - INFO - [成功] マッチング成功: 三宅村国民健康保険直営中央診療所
2025-05-15 15:08:07,436 - pribot - WARNING - [警告] 医療機関 三宅村国民健康保険直営中央診療所 に適用可能な振り分け設定がありません
2025-05-15 15:08:07,437 - pribot - WARNING - [警告] PDFに対応する医療機関が見つかりません: 三宅村中央診療所薬剤情報.pdf, クリニック名: 三宅村国民健康保険直営中央診療所
2025-05-15 15:08:07,438 - pribot - INFO - ファイルをエラーディレクトリに移動しました: 三宅村中央診療所薬剤情報.pdf -> .../PriBot振り分けエラー/三宅村中央診療所薬剤情報_20250515150807.pdf
2025-05-15 15:08:07,439 - pribot - INFO - 
2025-05-15 15:08:10,441 - pribot - INFO - 新しいPDFファイルを検出: メモリーケアクリニック処方せん_20250515145402.pdf
2025-05-15 15:08:10,505 - pribot - INFO - フォーマット識別: 処方箋 (ID: 4)
2025-05-15 15:08:10,507 - pribot - INFO - 抽出された医療機関名: メモリーケアクリニック湘南
2025-05-15 15:08:10,507 - pribot - INFO - [成功] マッチング成功: メモリーケアクリニック湘南
2025-05-15 15:08:10,507 - pribot - WARNING - [警告] 医療機関 メモリーケアクリニック湘南 に適用可能な振り分け設定がありません
2025-05-15 15:08:10,507 - pribot - WARNING - [警告] PDFに対応する医療機関が見つかりません: メモリーケアクリニック処方せん_20250515145402.pdf, クリニック名: メモリーケアクリニック湘南
2025-05-15 15:08:10,509 - pribot - INFO - ファイルをエラーディレクトリに移動しました: メモリーケアクリニック処方せん_20250515145402.pdf -> .../PriBot振り分けエラー/メモリーケアクリニック処方せん_20250515145402_20250515150810.pdf
2025-05-15 15:08:10,509 - pribot - INFO - 
2025-05-15 15:08:13,511 - pribot - INFO - 新しいPDFファイルを検出: メモリーケアクリニック薬剤情報_20250515145405.pdf
2025-05-15 15:08:13,533 - pribot - INFO - フォーマット識別: 薬情 (ID: 6)
2025-05-15 15:08:13,535 - pribot - INFO - 半角スペースを削除した医療機関名: メモリーケアクリニック湘南
2025-05-15 15:08:13,535 - pribot - INFO - 抽出された医療機関名: メモリーケアクリニック湘南
2025-05-15 15:08:13,536 - pribot - INFO - [成功] マッチング成功: メモリーケアクリニック湘南
2025-05-15 15:08:13,536 - pribot - WARNING - [警告] 医療機関 メモリーケアクリニック湘南 に適用可能な振り分け設定がありません
2025-05-15 15:08:13,536 - pribot - WARNING - [警告] PDFに対応する医療機関が見つかりません: メモリーケアクリニック薬剤情報_20250515145405.pdf, クリニック名: メモリーケアクリニック湘南
2025-05-15 15:08:13,538 - pribot - INFO - ファイルをエラーディレクトリに移動しました: メモリーケアクリニック薬剤情報_20250515145405.pdf -> .../PriBot振り分けエラー/メモリーケアクリニック薬剤情報_20250515145405_20250515150813.pdf
2025-05-15 15:08:13,539 - pribot - INFO - 
2025-05-15 15:08:16,540 - pribot - INFO - 新しいPDFファイルを検出: 三宅村中央診療所おくすり手帳.pdf
2025-05-15 15:08:16,553 - pribot - INFO - フォーマット識別: 薬袋シール (ID: 5)
2025-05-15 15:08:16,553 - pribot - INFO - 抽出された医療機関名: 三宅村国民健康保険直営中央診療所
2025-05-15 15:08:16,554 - pribot - INFO - [成功] マッチング成功: 三宅村国民健康保険直営中央診療所
2025-05-15 15:08:16,554 - pribot - WARNING - [警告] 医療機関 三宅村国民健康保険直営中央診療所 に適用可能な振り分け設定がありません
2025-05-15 15:08:16,555 - pribot - WARNING - [警告] PDFに対応する医療機関が見つかりません: 三宅村中央診療所おくすり手帳.pdf, クリニック名: 三宅村国民健康保険直営中央診療所
2025-05-15 15:08:16,557 - pribot - INFO - ファイルをエラーディレクトリに移動しました: 三宅村中央診療所おくすり手帳.pdf -> .../PriBot振り分けエラー/三宅村中央診療所おくすり手帳_20250515150816.pdf
2025-05-15 15:08:16,559 - pribot - INFO - 
2025-05-15 15:09:12,184 - pribot - INFO - ファイル監視を終了しました
2025-05-15 15:10:01,555 - pribot - INFO - PriBot を開始します
2025-05-15 15:10:01,555 - pribot - INFO - Backlog APIから監視フォルダとエラーフォルダの設定を取得します
2025-05-15 15:10:01,644 - pribot - INFO - 監視フォルダパス: .../PriBot検証用/PriBot監視フォルダ
2025-05-15 15:10:01,645 - pribot - INFO - エラーフォルダパス: .../PriBot検証用/PriBot振り分けエラー
2025-05-15 15:10:01,645 - pribot - INFO - Backlog APIリクエストを開始します
2025-05-15 15:10:01,712 - pribot - INFO - プロジェクト名: 検証-PriBot管理
2025-05-15 15:10:01,814 - pribot - INFO - 取得した全課題数: 13
2025-05-15 15:10:01,814 - pribot - INFO - 存在する課題タイプ: PriBot設定, 医療機関
2025-05-15 15:10:01,814 - pribot - INFO - 課題 TEST_PRIBOT-2: 振り分け先 '0_共通' = 'C:\Users\miyake2107\OASIS INNOAVTION Dropbox\診療報酬請求事務集中センターOASIS INNOVATION\テスト\PriBot検証用\くれクリニック'
2025-05-15 15:10:01,814 - pribot - INFO - PriBot 監視対象の医療機関名: 西大宮整形外科くれクリニック, 振り分け設定数: 1
2025-05-15 15:10:01,814 - pribot - INFO - 課題 TEST_PRIBOT-3: 振り分け先 '0_共通' = 'C:\Users\miyake2107\OASIS INNOAVTION Dropbox\診療報酬請求事務集中センターOASIS INNOVATION\テスト\PriBot検証用\いたがき総合診療クリニック'
2025-05-15 15:10:01,814 - pribot - INFO - PriBot 監視対象の医療機関名: いたがき総合診療クリニック, 振り分け設定数: 1
2025-05-15 15:10:01,814 - pribot - INFO - 課題 TEST_PRIBOT-4: 振り分け先 '0_共通' = 'C:\Users\miyake2107\OASIS INNOAVTION Dropbox\診療報酬請求事務集中センターOASIS INNOVATION\テスト\PriBot検証用\そけん小児科'
2025-05-15 15:10:01,815 - pribot - INFO - PriBot 監視対象の医療機関名: 医療法人 そけん小児科, 振り分け設定数: 1
2025-05-15 15:10:01,815 - pribot - INFO - 課題 TEST_PRIBOT-5: 振り分け先 '0_共通' = 'C:\Users\miyake2107\OASIS INNOAVTION Dropbox\診療報酬請求事務集中センターOASIS INNOVATION\テスト\PriBot検証用\ナゴヤガーデンクリニック'
2025-05-15 15:10:01,815 - pribot - INFO - PriBot 監視対象の医療機関名: 医療法人五一六五ナゴヤガーデンクリニック, 振り分け設定数: 1
2025-05-15 15:10:01,815 - pribot - INFO - 課題 TEST_PRIBOT-6: 振り分け先 '0_共通' = 'C:\Users\miyake2107\OASIS INNOAVTION Dropbox\診療報酬請求事務集中センターOASIS INNOVATION\テスト\PriBot検証用\阿南いしばし医院'
2025-05-15 15:10:01,815 - pribot - INFO - PriBot 監視対象の医療機関名: 医療法人妙泉会 阿南いしばし医院, 振り分け設定数: 1
2025-05-15 15:10:01,815 - pribot - INFO - 課題 TEST_PRIBOT-7: 振り分け先 '1_請求書' = 'C:\Users\miyake2107\OASIS INNOAVTION Dropbox\診療報酬請求事務集中センターOASIS INNOVATION\テスト\PriBot検証用\三宅村_請求書'
2025-05-15 15:10:01,815 - pribot - INFO - PriBot 監視対象の医療機関名: 三宅村国民健康保険直営中央診療所, 振り分け設定数: 1
2025-05-15 15:10:01,815 - pribot - INFO - 課題 TEST_PRIBOT-8: 振り分け先 '5_薬袋シール' = 'C:\Users\miyake2107\OASIS INNOAVTION Dropbox\診療報酬請求事務集中センターOASIS INNOVATION\テスト\PriBot検証用\三宅村_薬袋シール'
2025-05-15 15:10:01,815 - pribot - INFO - PriBot 監視対象の医療機関名: 三宅村国民健康保険直営中央診療所, 振り分け設定数: 1
2025-05-15 15:10:01,815 - pribot - INFO - 課題 TEST_PRIBOT-9: 振り分け先 '6_薬情' = 'C:\Users\miyake2107\OASIS INNOAVTION Dropbox\診療報酬請求事務集中センターOASIS INNOVATION\テスト\PriBot検証用\三宅村_薬情'
2025-05-15 15:10:01,816 - pribot - INFO - PriBot 監視対象の医療機関名: 三宅村国民健康保険直営中央診療所, 振り分け設定数: 1
2025-05-15 15:10:01,816 - pribot - INFO - 課題 TEST_PRIBOT-10: 振り分け先 '0_共通' = 'C:\Users\miyake2107\OASIS INNOAVTION Dropbox\診療報酬請求事務集中センターOASIS INNOVATION\テスト\PriBot検証用\照葉浅部クリニック'
2025-05-15 15:10:01,816 - pribot - INFO - PriBot 監視対象の医療機関名: 医療法人 吉松会 照葉浅部クリニック, 振り分け設定数: 1
2025-05-15 15:10:01,816 - pribot - INFO - 課題 TEST_PRIBOT-11: 振り分け先 '3_請求明細書' = 'C:\Users\miyake2107\OASIS INNOAVTION Dropbox\診療報酬請求事務集中センターOASIS INNOVATION\テスト\PriBot検証用\メモリーケアクリニック_請求明細書'
2025-05-15 15:10:01,816 - pribot - INFO - PriBot 監視対象の医療機関名: メモリーケアクリニック湘南, 振り分け設定数: 1
2025-05-15 15:10:01,816 - pribot - INFO - 課題 TEST_PRIBOT-12: 振り分け先 '4_処方箋' = 'C:\Users\miyake2107\OASIS INNOAVTION Dropbox\診療報酬請求事務集中センターOASIS INNOVATION\テスト\PriBot検証用\メモリーケアクリニック_処方箋'
2025-05-15 15:10:01,816 - pribot - INFO - PriBot 監視対象の医療機関名: メモリーケアクリニック湘南, 振り分け設定数: 1
2025-05-15 15:10:01,816 - pribot - INFO - 課題 TEST_PRIBOT-13: 振り分け先 '6_薬情' = 'C:\Users\miyake2107\OASIS INNOAVTION Dropbox\診療報酬請求事務集中センターOASIS INNOVATION\テスト\PriBot検証用\メモリーケアクリニック_薬情'
2025-05-15 15:10:01,816 - pribot - INFO - PriBot 監視対象の医療機関名: メモリーケアクリニック湘南, 振り分け設定数: 1
2025-05-15 15:10:01,816 - pribot - INFO - 監視対象の医療機関数: 12, スキップした課題数: 1
2025-05-15 15:10:01,817 - pribot - INFO - PriBot 監視フォルダ: C:\Users\miyake2107\OASIS INNOAVTION Dropbox\診療報酬請求事務集中センターOASIS INNOVATION\テスト\PriBot検証用\PriBot監視フォルダ
2025-05-15 15:10:01,817 - pribot - INFO - PriBot エラーフォルダ: C:\Users\miyake2107\OASIS INNOAVTION Dropbox\診療報酬請求事務集中センターOASIS INNOVATION\テスト\PriBot検証用\PriBot振り分けエラー
2025-05-15 15:10:01,817 - pribot - INFO - PriBot 監視対象の医療機関数: 12
2025-05-15 15:10:01,818 - pribot - INFO - ファイル監視を開始しました
2025-05-15 15:10:06,546 - pribot - INFO - 新しいPDFファイルを検出: メモリーケアクリニック薬剤情報.pdf
2025-05-15 15:10:06,576 - pribot - INFO - フォーマット識別: 薬情 (ID: 6)
2025-05-15 15:10:06,577 - pribot - INFO - 半角スペースを削除した医療機関名: メモリーケアクリニック湘南
2025-05-15 15:10:06,577 - pribot - INFO - 抽出された医療機関名: メモリーケアクリニック湘南
2025-05-15 15:10:06,578 - pribot - INFO - [成功] マッチング成功: メモリーケアクリニック湘南
2025-05-15 15:10:06,578 - pribot - WARNING - [警告] 医療機関 メモリーケアクリニック湘南 に適用可能な振り分け設定がありません
2025-05-15 15:10:06,579 - pribot - WARNING - [警告] PDFに対応する医療機関が見つかりません: メモリーケアクリニック薬剤情報.pdf, クリニック名: メモリーケアクリニック湘南
2025-05-15 15:10:06,580 - pribot - INFO - ファイルをエラーディレクトリに移動しました: メモリーケアクリニック薬剤情報.pdf -> .../PriBot振り分けエラー/メモリーケアクリニック薬剤情報_20250515151006.pdf
2025-05-15 15:10:06,581 - pribot - INFO - 
2025-05-15 15:10:09,583 - pribot - INFO - 新しいPDFファイルを検出: メモリーケアクリニック処方せん.pdf
2025-05-15 15:10:09,640 - pribot - INFO - フォーマット識別: 処方箋 (ID: 4)
2025-05-15 15:10:09,641 - pribot - INFO - 抽出された医療機関名: メモリーケアクリニック湘南
2025-05-15 15:10:09,642 - pribot - INFO - [成功] マッチング成功: メモリーケアクリニック湘南
2025-05-15 15:10:09,642 - pribot - WARNING - [警告] 医療機関 メモリーケアクリニック湘南 に適用可能な振り分け設定がありません
2025-05-15 15:10:09,642 - pribot - WARNING - [警告] PDFに対応する医療機関が見つかりません: メモリーケアクリニック処方せん.pdf, クリニック名: メモリーケアクリニック湘南
2025-05-15 15:10:09,644 - pribot - INFO - ファイルをエラーディレクトリに移動しました: メモリーケアクリニック処方せん.pdf -> .../PriBot振り分けエラー/メモリーケアクリニック処方せん_20250515151009.pdf
2025-05-15 15:10:09,644 - pribot - INFO - 
2025-05-15 15:10:12,646 - pribot - INFO - 新しいPDFファイルを検出: メモリーケアクリニック診療費請求書兼領収書.pdf
2025-05-15 15:10:12,703 - pribot - INFO - フォーマット識別: 請求明細書 (ID: 3)
2025-05-15 15:10:12,705 - pribot - INFO - 抽出された医療機関名: メモリーケアクリニック湘南
2025-05-15 15:10:12,705 - pribot - INFO - [成功] マッチング成功: メモリーケアクリニック湘南
2025-05-15 15:10:12,705 - pribot - INFO - 振り分け先: メモリーケアクリニック湘南 -> .../PriBot検証用/メモリーケアクリニック_請求明細書 (設定: 3_請求明細書)
2025-05-15 15:10:12,707 - pribot - INFO - [成功] ファイルをコピーしました: メモリーケアクリニック診療費請求書兼領収書.pdf -> .../メモリーケアクリニック_請求明細書/メモリーケアクリニック診療費請求書兼領収書.pdf
2025-05-15 15:10:12,707 - pribot - INFO - 元ファイルを削除しました: .../PriBot監視フォルダ/メモリーケアクリニック診療費請求書兼領収書.pdf
2025-05-15 15:10:12,708 - pribot - INFO - PDFファイルの処理が完了しました: メモリーケアクリニック診療費請求書兼領収書.pdf
2025-05-15 15:10:12,708 - pribot - INFO - 
2025-05-15 15:10:29,819 - pribot - INFO - ファイル監視を終了しました
2025-05-15 15:10:46,709 - pribot - INFO - PriBot を開始します
2025-05-15 15:10:46,709 - pribot - INFO - Backlog APIから監視フォルダとエラーフォルダの設定を取得します
2025-05-15 15:10:46,804 - pribot - INFO - 監視フォルダパス: .../PriBot検証用/PriBot監視フォルダ
2025-05-15 15:10:46,804 - pribot - INFO - エラーフォルダパス: .../PriBot検証用/PriBot振り分けエラー
2025-05-15 15:10:46,806 - pribot - INFO - Backlog APIリクエストを開始します
2025-05-15 15:10:46,873 - pribot - INFO - プロジェクト名: 検証-PriBot管理
2025-05-15 15:10:46,930 - pribot - INFO - 取得した全課題数: 13
2025-05-15 15:10:46,931 - pribot - INFO - 存在する課題タイプ: 医療機関, PriBot設定
2025-05-15 15:10:46,931 - pribot - INFO - 課題 TEST_PRIBOT-2: 振り分け先 '0_共通' = 'C:\Users\miyake2107\OASIS INNOAVTION Dropbox\診療報酬請求事務集中センターOASIS INNOVATION\テスト\PriBot検証用\くれクリニック'
2025-05-15 15:10:46,931 - pribot - INFO - 課題 TEST_PRIBOT-3: 振り分け先 '0_共通' = 'C:\Users\miyake2107\OASIS INNOAVTION Dropbox\診療報酬請求事務集中センターOASIS INNOVATION\テスト\PriBot検証用\いたがき総合診療クリニック'
2025-05-15 15:10:46,931 - pribot - INFO - 課題 TEST_PRIBOT-4: 振り分け先 '0_共通' = 'C:\Users\miyake2107\OASIS INNOAVTION Dropbox\診療報酬請求事務集中センターOASIS INNOVATION\テスト\PriBot検証用\そけん小児科'
2025-05-15 15:10:46,933 - pribot - INFO - 課題 TEST_PRIBOT-5: 振り分け先 '0_共通' = 'C:\Users\miyake2107\OASIS INNOAVTION Dropbox\診療報酬請求事務集中センターOASIS INNOVATION\テスト\PriBot検証用\ナゴヤガーデンクリニック'
2025-05-15 15:10:46,933 - pribot - INFO - 課題 TEST_PRIBOT-6: 振り分け先 '0_共通' = 'C:\Users\miyake2107\OASIS INNOAVTION Dropbox\診療報酬請求事務集中センターOASIS INNOVATION\テスト\PriBot検証用\阿南いしばし医院'
2025-05-15 15:10:46,933 - pribot - INFO - 課題 TEST_PRIBOT-7: 振り分け先 '1_請求書' = 'C:\Users\miyake2107\OASIS INNOAVTION Dropbox\診療報酬請求事務集中センターOASIS INNOVATION\テスト\PriBot検証用\三宅村_請求書'
2025-05-15 15:10:46,933 - pribot - INFO - 課題 TEST_PRIBOT-8: 振り分け先 '5_薬袋シール' = 'C:\Users\miyake2107\OASIS INNOAVTION Dropbox\診療報酬請求事務集中センターOASIS INNOVATION\テスト\PriBot検証用\三宅村_薬袋シール'
2025-05-15 15:10:46,933 - pribot - INFO - 課題 TEST_PRIBOT-9: 振り分け先 '6_薬情' = 'C:\Users\miyake2107\OASIS INNOAVTION Dropbox\診療報酬請求事務集中センターOASIS INNOVATION\テスト\PriBot検証用\三宅村_薬情'
2025-05-15 15:10:46,933 - pribot - INFO - 課題 TEST_PRIBOT-10: 振り分け先 '0_共通' = 'C:\Users\miyake2107\OASIS INNOAVTION Dropbox\診療報酬請求事務集中センターOASIS INNOVATION\テスト\PriBot検証用\照葉浅部クリニック'
2025-05-15 15:10:46,935 - pribot - INFO - 課題 TEST_PRIBOT-11: 振り分け先 '3_請求明細書' = 'C:\Users\miyake2107\OASIS INNOAVTION Dropbox\診療報酬請求事務集中センターOASIS INNOVATION\テスト\PriBot検証用\メモリーケアクリニック_請求明細書'
2025-05-15 15:10:46,935 - pribot - INFO - 課題 TEST_PRIBOT-12: 振り分け先 '4_処方箋' = 'C:\Users\miyake2107\OASIS INNOAVTION Dropbox\診療報酬請求事務集中センターOASIS INNOVATION\テスト\PriBot検証用\メモリーケアクリニック_処方箋'
2025-05-15 15:10:46,935 - pribot - INFO - 課題 TEST_PRIBOT-13: 振り分け先 '6_薬情' = 'C:\Users\miyake2107\OASIS INNOAVTION Dropbox\診療報酬請求事務集中センターOASIS INNOVATION\テスト\PriBot検証用\メモリーケアクリニック_薬情'
2025-05-15 15:10:46,936 - pribot - INFO - PriBot 監視対象の医療機関名: 西大宮整形外科くれクリニック, 振り分け設定数: 1
2025-05-15 15:10:46,936 - pribot - INFO - PriBot 監視対象の医療機関名: いたがき総合診療クリニック, 振り分け設定数: 1
2025-05-15 15:10:46,936 - pribot - INFO - PriBot 監視対象の医療機関名: 医療法人 そけん小児科, 振り分け設定数: 1
2025-05-15 15:10:46,936 - pribot - INFO - PriBot 監視対象の医療機関名: 医療法人五一六五ナゴヤガーデンクリニック, 振り分け設定数: 1
2025-05-15 15:10:46,936 - pribot - INFO - PriBot 監視対象の医療機関名: 医療法人妙泉会 阿南いしばし医院, 振り分け設定数: 1
2025-05-15 15:10:46,936 - pribot - INFO - PriBot 監視対象の医療機関名: 三宅村国民健康保険直営中央診療所, 振り分け設定数: 3
2025-05-15 15:10:46,936 - pribot - INFO - PriBot 監視対象の医療機関名: 医療法人 吉松会 照葉浅部クリニック, 振り分け設定数: 1
2025-05-15 15:10:46,936 - pribot - INFO - PriBot 監視対象の医療機関名: メモリーケアクリニック湘南, 振り分け設定数: 3
2025-05-15 15:10:46,936 - pribot - INFO - 監視対象の医療機関数: 8, スキップした課題数: 1
2025-05-15 15:10:46,938 - pribot - INFO - PriBot 監視フォルダ: C:\Users\miyake2107\OASIS INNOAVTION Dropbox\診療報酬請求事務集中センターOASIS INNOVATION\テスト\PriBot検証用\PriBot監視フォルダ
2025-05-15 15:10:46,938 - pribot - INFO - PriBot エラーフォルダ: C:\Users\miyake2107\OASIS INNOAVTION Dropbox\診療報酬請求事務集中センターOASIS INNOVATION\テスト\PriBot検証用\PriBot振り分けエラー
2025-05-15 15:10:46,938 - pribot - INFO - PriBot 監視対象の医療機関数: 8
2025-05-15 15:10:46,938 - pribot - INFO - ファイル監視を開始しました
2025-05-15 15:11:02,064 - pribot - INFO - 新しいPDFファイルを検出: メモリーケアクリニック薬剤情報.pdf
2025-05-15 15:11:02,100 - pribot - INFO - フォーマット識別: 薬情 (ID: 6)
2025-05-15 15:11:02,101 - pribot - INFO - 半角スペースを削除した医療機関名: メモリーケアクリニック湘南
2025-05-15 15:11:02,101 - pribot - INFO - 抽出された医療機関名: メモリーケアクリニック湘南
2025-05-15 15:11:02,101 - pribot - INFO - [成功] マッチング成功: メモリーケアクリニック湘南
2025-05-15 15:11:02,102 - pribot - INFO - 振り分け先: メモリーケアクリニック湘南 -> .../PriBot検証用/メモリーケアクリニック_薬情 (設定: 6_薬情)
2025-05-15 15:11:02,103 - pribot - INFO - [成功] ファイルをコピーしました: メモリーケアクリニック薬剤情報.pdf -> .../メモリーケアクリニック_薬情/メモリーケアクリニック薬剤情報.pdf
2025-05-15 15:11:02,104 - pribot - INFO - 元ファイルを削除しました: .../PriBot監視フォルダ/メモリーケアクリニック薬剤情報.pdf
2025-05-15 15:11:02,104 - pribot - INFO - PDFファイルの処理が完了しました: メモリーケアクリニック薬剤情報.pdf
2025-05-15 15:11:02,104 - pribot - INFO - 
2025-05-15 15:11:05,107 - pribot - INFO - 新しいPDFファイルを検出: メモリーケアクリニック処方せん.pdf
2025-05-15 15:11:05,164 - pribot - INFO - フォーマット識別: 処方箋 (ID: 4)
2025-05-15 15:11:05,164 - pribot - INFO - 抽出された医療機関名: メモリーケアクリニック湘南
2025-05-15 15:11:05,165 - pribot - INFO - [成功] マッチング成功: メモリーケアクリニック湘南
2025-05-15 15:11:05,166 - pribot - INFO - 振り分け先: メモリーケアクリニック湘南 -> .../PriBot検証用/メモリーケアクリニック_処方箋 (設定: 4_処方箋)
2025-05-15 15:11:05,167 - pribot - INFO - [成功] ファイルをコピーしました: メモリーケアクリニック処方せん.pdf -> .../メモリーケアクリニック_処方箋/メモリーケアクリニック処方せん.pdf
2025-05-15 15:11:05,167 - pribot - INFO - 元ファイルを削除しました: .../PriBot監視フォルダ/メモリーケアクリニック処方せん.pdf
2025-05-15 15:11:05,167 - pribot - INFO - PDFファイルの処理が完了しました: メモリーケアクリニック処方せん.pdf
2025-05-15 15:11:05,168 - pribot - INFO - 
2025-05-15 15:11:08,169 - pribot - INFO - 新しいPDFファイルを検出: メモリーケアクリニック診療費請求書兼領収書.pdf
2025-05-15 15:11:08,221 - pribot - INFO - フォーマット識別: 請求明細書 (ID: 3)
2025-05-15 15:11:08,222 - pribot - INFO - 抽出された医療機関名: メモリーケアクリニック湘南
2025-05-15 15:11:08,224 - pribot - INFO - [成功] マッチング成功: メモリーケアクリニック湘南
2025-05-15 15:11:08,224 - pribot - INFO - 振り分け先: メモリーケアクリニック湘南 -> .../PriBot検証用/メモリーケアクリニック_請求明細書 (設定: 3_請求明細書)
2025-05-15 15:11:08,226 - pribot - INFO - [成功] ファイルをコピーしました: メモリーケアクリニック診療費請求書兼領収書.pdf -> .../メモリーケアクリニック_請求明細書/メモリーケアクリニック診療費請求書兼領収書.pdf
2025-05-15 15:11:08,226 - pribot - INFO - 元ファイルを削除しました: .../PriBot監視フォルダ/メモリーケアクリニック診療費請求書兼領収書.pdf
2025-05-15 15:11:08,226 - pribot - INFO - PDFファイルの処理が完了しました: メモリーケアクリニック診療費請求書兼領収書.pdf
2025-05-15 15:11:08,226 - pribot - INFO - 
2025-05-15 15:11:28,694 - pribot - INFO - 新しいPDFファイルを検出: メモリーケアクリニック薬剤情報.pdf
2025-05-15 15:11:28,729 - pribot - INFO - フォーマット識別: 薬情 (ID: 6)
2025-05-15 15:11:28,730 - pribot - INFO - 半角スペースを削除した医療機関名: メモリーケアクリニック湘南
2025-05-15 15:11:28,730 - pribot - INFO - 抽出された医療機関名: メモリーケアクリニック湘南
2025-05-15 15:11:28,730 - pribot - INFO - [成功] マッチング成功: メモリーケアクリニック湘南
2025-05-15 15:11:28,730 - pribot - INFO - 振り分け先: メモリーケアクリニック湘南 -> .../PriBot検証用/メモリーケアクリニック_薬情 (設定: 6_薬情)
2025-05-15 15:11:28,731 - pribot - INFO - [成功] ファイルをコピーしました: メモリーケアクリニック薬剤情報.pdf -> .../メモリーケアクリニック_薬情/メモリーケアクリニック薬剤情報.pdf
2025-05-15 15:11:28,732 - pribot - INFO - 元ファイルを削除しました: .../PriBot監視フォルダ/メモリーケアクリニック薬剤情報.pdf
2025-05-15 15:11:28,732 - pribot - INFO - PDFファイルの処理が完了しました: メモリーケアクリニック薬剤情報.pdf
2025-05-15 15:11:28,733 - pribot - INFO - 
2025-05-15 15:11:31,734 - pribot - INFO - 新しいPDFファイルを検出: 阿南いしばし医院処方せん.pdf
2025-05-15 15:11:31,799 - pribot - INFO - フォーマット識別: 処方箋 (ID: 4)
2025-05-15 15:11:31,801 - pribot - INFO - 抽出された医療機関名: 医療法人妙泉会 阿南いしばし医院
2025-05-15 15:11:31,801 - pribot - INFO - [成功] マッチング成功: 医療法人妙泉会 阿南いしばし医院
2025-05-15 15:11:31,801 - pribot - INFO - 振り分け先: 医療法人妙泉会 阿南いしばし医院 -> .../PriBot検証用/阿南いしばし医院 (設定: 0_共通)
2025-05-15 15:11:31,802 - pribot - INFO - [成功] ファイルをコピーしました: 阿南いしばし医院処方せん.pdf -> .../阿南いしばし医院/阿南いしばし医院処方せん.pdf
2025-05-15 15:11:31,803 - pribot - INFO - 元ファイルを削除しました: .../PriBot監視フォルダ/阿南いしばし医院処方せん.pdf
2025-05-15 15:11:31,803 - pribot - INFO - PDFファイルの処理が完了しました: 阿南いしばし医院処方せん.pdf
2025-05-15 15:11:31,803 - pribot - INFO - 
2025-05-15 15:11:34,805 - pribot - INFO - 新しいPDFファイルを検出: 阿南いしばし医院診療費請求書兼領収書.pdf
2025-05-15 15:11:34,854 - pribot - INFO - フォーマット識別: 請求明細書 (ID: 3)
2025-05-15 15:11:34,855 - pribot - INFO - 抽出された医療機関名: 医療法人妙泉会 阿南いしばし医院
2025-05-15 15:11:34,855 - pribot - INFO - [成功] マッチング成功: 医療法人妙泉会 阿南いしばし医院
2025-05-15 15:11:34,855 - pribot - INFO - 振り分け先: 医療法人妙泉会 阿南いしばし医院 -> .../PriBot検証用/阿南いしばし医院 (設定: 0_共通)
2025-05-15 15:11:34,857 - pribot - INFO - [成功] ファイルをコピーしました: 阿南いしばし医院診療費請求書兼領収書.pdf -> .../阿南いしばし医院/阿南いしばし医院診療費請求書兼領収書.pdf
2025-05-15 15:11:34,857 - pribot - INFO - 元ファイルを削除しました: .../PriBot監視フォルダ/阿南いしばし医院診療費請求書兼領収書.pdf
2025-05-15 15:11:34,857 - pribot - INFO - PDFファイルの処理が完了しました: 阿南いしばし医院診療費請求書兼領収書.pdf
2025-05-15 15:11:34,858 - pribot - INFO - 
2025-05-15 15:11:37,859 - pribot - INFO - 新しいPDFファイルを検出: 阿南いしばし医院診療費明細書.pdf
2025-05-15 15:11:37,886 - pribot - INFO - フォーマット識別: 明細書 (ID: 2)
2025-05-15 15:11:37,887 - pribot - INFO - 抽出された医療機関名: 医療法人妙泉会 阿南いしばし医院
2025-05-15 15:11:37,887 - pribot - INFO - [成功] マッチング成功: 医療法人妙泉会 阿南いしばし医院
2025-05-15 15:11:37,887 - pribot - INFO - 振り分け先: 医療法人妙泉会 阿南いしばし医院 -> .../PriBot検証用/阿南いしばし医院 (設定: 0_共通)
2025-05-15 15:11:37,889 - pribot - INFO - [成功] ファイルをコピーしました: 阿南いしばし医院診療費明細書.pdf -> .../阿南いしばし医院/阿南いしばし医院診療費明細書.pdf
2025-05-15 15:11:37,890 - pribot - INFO - 元ファイルを削除しました: .../PriBot監視フォルダ/阿南いしばし医院診療費明細書.pdf
2025-05-15 15:11:37,890 - pribot - INFO - PDFファイルの処理が完了しました: 阿南いしばし医院診療費明細書.pdf
2025-05-15 15:11:37,890 - pribot - INFO - 
2025-05-15 15:11:40,892 - pribot - INFO - 新しいPDFファイルを検出: 三宅村中央診療所おくすり手帳.pdf
2025-05-15 15:11:40,905 - pribot - INFO - フォーマット識別: 薬袋シール (ID: 5)
2025-05-15 15:11:40,906 - pribot - INFO - 抽出された医療機関名: 三宅村国民健康保険直営中央診療所
2025-05-15 15:11:40,906 - pribot - INFO - [成功] マッチング成功: 三宅村国民健康保険直営中央診療所
2025-05-15 15:11:40,907 - pribot - INFO - 振り分け先: 三宅村国民健康保険直営中央診療所 -> .../PriBot検証用/三宅村_薬袋シール (設定: 5_薬袋シール)
2025-05-15 15:11:40,908 - pribot - INFO - [成功] ファイルをコピーしました: 三宅村中央診療所おくすり手帳.pdf -> .../三宅村_薬袋シール/三宅村中央診療所おくすり手帳.pdf
2025-05-15 15:11:40,909 - pribot - INFO - 元ファイルを削除しました: .../PriBot監視フォルダ/三宅村中央診療所おくすり手帳.pdf
2025-05-15 15:11:40,909 - pribot - INFO - PDFファイルの処理が完了しました: 三宅村中央診療所おくすり手帳.pdf
2025-05-15 15:11:40,909 - pribot - INFO - 
2025-05-15 15:11:43,911 - pribot - INFO - 新しいPDFファイルを検出: 三宅村中央診療所診療費請求書兼領収書.pdf
2025-05-15 15:11:43,952 - pribot - INFO - フォーマット識別: 請求書 (ID: 1)
2025-05-15 15:11:43,953 - pribot - INFO - 抽出された医療機関名: 三宅村国民健康保険直営中央診療所
2025-05-15 15:11:43,954 - pribot - INFO - [成功] マッチング成功: 三宅村国民健康保険直営中央診療所
2025-05-15 15:11:43,954 - pribot - INFO - 振り分け先: 三宅村国民健康保険直営中央診療所 -> .../PriBot検証用/三宅村_請求書 (設定: 1_請求書)
2025-05-15 15:11:43,955 - pribot - INFO - [成功] ファイルをコピーしました: 三宅村中央診療所診療費請求書兼領収書.pdf -> .../三宅村_請求書/三宅村中央診療所診療費請求書兼領収書.pdf
2025-05-15 15:11:43,956 - pribot - INFO - 元ファイルを削除しました: .../PriBot監視フォルダ/三宅村中央診療所診療費請求書兼領収書.pdf
2025-05-15 15:11:43,957 - pribot - INFO - PDFファイルの処理が完了しました: 三宅村中央診療所診療費請求書兼領収書.pdf
2025-05-15 15:11:43,957 - pribot - INFO - 
2025-05-15 15:11:46,958 - pribot - INFO - 新しいPDFファイルを検出: 三宅村中央診療所薬剤情報.pdf
2025-05-15 15:11:46,984 - pribot - INFO - フォーマット識別: 薬情 (ID: 6)
2025-05-15 15:11:46,984 - pribot - INFO - 半角スペースを削除した医療機関名: 三宅村国民健康保険直営中央診療所
2025-05-15 15:11:46,985 - pribot - INFO - 抽出された医療機関名: 三宅村国民健康保険直営中央診療所
2025-05-15 15:11:46,985 - pribot - INFO - [成功] マッチング成功: 三宅村国民健康保険直営中央診療所
2025-05-15 15:11:46,986 - pribot - INFO - 振り分け先: 三宅村国民健康保険直営中央診療所 -> .../PriBot検証用/三宅村_薬情 (設定: 6_薬情)
2025-05-15 15:11:46,987 - pribot - INFO - [成功] ファイルをコピーしました: 三宅村中央診療所薬剤情報.pdf -> .../三宅村_薬情/三宅村中央診療所薬剤情報.pdf
2025-05-15 15:11:46,988 - pribot - INFO - 元ファイルを削除しました: .../PriBot監視フォルダ/三宅村中央診療所薬剤情報.pdf
2025-05-15 15:11:46,988 - pribot - INFO - PDFファイルの処理が完了しました: 三宅村中央診療所薬剤情報.pdf
2025-05-15 15:11:46,988 - pribot - INFO - 
2025-05-15 15:11:49,990 - pribot - INFO - 新しいPDFファイルを検出: 照葉浅部クリニック処方せん.pdf
2025-05-15 15:11:50,046 - pribot - INFO - フォーマット識別: 処方箋 (ID: 4)
2025-05-15 15:11:50,047 - pribot - INFO - 抽出された医療機関名: 医療法人 吉松会 照葉浅部クリニック
2025-05-15 15:11:50,047 - pribot - INFO - [成功] マッチング成功: 医療法人 吉松会 照葉浅部クリニック
2025-05-15 15:11:50,047 - pribot - INFO - 振り分け先: 医療法人 吉松会 照葉浅部クリニック -> .../PriBot検証用/照葉浅部クリニック (設定: 0_共通)
2025-05-15 15:11:50,049 - pribot - INFO - [成功] ファイルをコピーしました: 照葉浅部クリニック処方せん.pdf -> .../照葉浅部クリニック/照葉浅部クリニック処方せん.pdf
2025-05-15 15:11:50,049 - pribot - INFO - 元ファイルを削除しました: .../PriBot監視フォルダ/照葉浅部クリニック処方せん.pdf
2025-05-15 15:11:50,049 - pribot - INFO - PDFファイルの処理が完了しました: 照葉浅部クリニック処方せん.pdf
2025-05-15 15:11:50,049 - pribot - INFO - 
2025-05-15 15:11:53,051 - pribot - INFO - 新しいPDFファイルを検出: 照葉浅部クリニック診療費請求書兼領収書.pdf
2025-05-15 15:11:53,095 - pribot - INFO - フォーマット識別: 請求書 (ID: 1)
2025-05-15 15:11:53,096 - pribot - INFO - 抽出された医療機関名: 医療法人 吉松会 照葉浅部クリニック
2025-05-15 15:11:53,096 - pribot - INFO - [成功] マッチング成功: 医療法人 吉松会 照葉浅部クリニック
2025-05-15 15:11:53,096 - pribot - INFO - 振り分け先: 医療法人 吉松会 照葉浅部クリニック -> .../PriBot検証用/照葉浅部クリニック (設定: 0_共通)
2025-05-15 15:11:53,097 - pribot - INFO - [成功] ファイルをコピーしました: 照葉浅部クリニック診療費請求書兼領収書.pdf -> .../照葉浅部クリニック/照葉浅部クリニック診療費請求書兼領収書.pdf
2025-05-15 15:11:53,098 - pribot - INFO - 元ファイルを削除しました: .../PriBot監視フォルダ/照葉浅部クリニック診療費請求書兼領収書.pdf
2025-05-15 15:11:53,098 - pribot - INFO - PDFファイルの処理が完了しました: 照葉浅部クリニック診療費請求書兼領収書.pdf
2025-05-15 15:11:53,098 - pribot - INFO - 
2025-05-15 15:11:56,099 - pribot - INFO - 新しいPDFファイルを検出: 照葉浅部クリニック明細書.pdf
2025-05-15 15:11:56,129 - pribot - INFO - フォーマット識別: 明細書 (ID: 2)
2025-05-15 15:11:56,130 - pribot - INFO - 抽出された医療機関名: 医療法人 吉松会 照葉浅部クリニック
2025-05-15 15:11:56,130 - pribot - INFO - [成功] マッチング成功: 医療法人 吉松会 照葉浅部クリニック
2025-05-15 15:11:56,130 - pribot - INFO - 振り分け先: 医療法人 吉松会 照葉浅部クリニック -> .../PriBot検証用/照葉浅部クリニック (設定: 0_共通)
2025-05-15 15:11:56,132 - pribot - INFO - [成功] ファイルをコピーしました: 照葉浅部クリニック明細書.pdf -> .../照葉浅部クリニック/照葉浅部クリニック明細書.pdf
2025-05-15 15:11:56,132 - pribot - INFO - 元ファイルを削除しました: .../PriBot監視フォルダ/照葉浅部クリニック明細書.pdf
2025-05-15 15:11:56,132 - pribot - INFO - PDFファイルの処理が完了しました: 照葉浅部クリニック明細書.pdf
2025-05-15 15:11:56,133 - pribot - INFO - 
2025-05-15 15:11:59,134 - pribot - INFO - 新しいPDFファイルを検出: いたがき総合診療クリニック診療費処方せん.pdf
2025-05-15 15:11:59,205 - pribot - INFO - フォーマット識別: 処方箋 (ID: 4)
2025-05-15 15:11:59,206 - pribot - INFO - 抽出された医療機関名: いたがき総合診療クリニック
2025-05-15 15:11:59,206 - pribot - INFO - [成功] マッチング成功: いたがき総合診療クリニック
2025-05-15 15:11:59,207 - pribot - INFO - 振り分け先: いたがき総合診療クリニック -> .../PriBot検証用/いたがき総合診療クリニック (設定: 0_共通)
2025-05-15 15:11:59,208 - pribot - INFO - [成功] ファイルをコピーしました: いたがき総合診療クリニック診療費処方せん.pdf -> .../いたがき総合診療クリニック/いたがき総合診療クリニック診療費処方せん.pdf
2025-05-15 15:11:59,208 - pribot - INFO - 元ファイルを削除しました: .../PriBot監視フォルダ/いたがき総合診療クリニック診療費処方せん.pdf
2025-05-15 15:11:59,208 - pribot - INFO - PDFファイルの処理が完了しました: いたがき総合診療クリニック診療費処方せん.pdf
2025-05-15 15:11:59,208 - pribot - INFO - 
2025-05-15 15:12:02,210 - pribot - INFO - 新しいPDFファイルを検出: いたがき総合診療クリニック診療費請求書兼領収書.pdf
2025-05-15 15:12:02,247 - pribot - INFO - フォーマット識別: 請求書 (ID: 1)
2025-05-15 15:12:02,248 - pribot - INFO - 抽出された医療機関名: いたがき総合診療クリニック
2025-05-15 15:12:02,248 - pribot - INFO - [成功] マッチング成功: いたがき総合診療クリニック
2025-05-15 15:12:02,248 - pribot - INFO - 振り分け先: いたがき総合診療クリニック -> .../PriBot検証用/いたがき総合診療クリニック (設定: 0_共通)
2025-05-15 15:12:02,249 - pribot - INFO - [成功] ファイルをコピーしました: いたがき総合診療クリニック診療費請求書兼領収書.pdf -> .../いたがき総合診療クリニック/いたがき総合診療クリニック診療費請求書兼領収書.pdf
2025-05-15 15:12:02,250 - pribot - INFO - 元ファイルを削除しました: .../PriBot監視フォルダ/いたがき総合診療クリニック診療費請求書兼領収書.pdf
2025-05-15 15:12:02,250 - pribot - INFO - PDFファイルの処理が完了しました: いたがき総合診療クリニック診療費請求書兼領収書.pdf
2025-05-15 15:12:02,250 - pribot - INFO - 
2025-05-15 15:12:05,252 - pribot - INFO - 新しいPDFファイルを検出: いたがき総合診療クリニック診療費明細書.pdf
2025-05-15 15:12:05,272 - pribot - INFO - フォーマット識別: 明細書 (ID: 2)
2025-05-15 15:12:05,273 - pribot - INFO - 抽出された医療機関名: いたがき総合診療クリニック
2025-05-15 15:12:05,273 - pribot - INFO - [成功] マッチング成功: いたがき総合診療クリニック
2025-05-15 15:12:05,273 - pribot - INFO - 振り分け先: いたがき総合診療クリニック -> .../PriBot検証用/いたがき総合診療クリニック (設定: 0_共通)
2025-05-15 15:12:05,275 - pribot - INFO - [成功] ファイルをコピーしました: いたがき総合診療クリニック診療費明細書.pdf -> .../いたがき総合診療クリニック/いたがき総合診療クリニック診療費明細書.pdf
2025-05-15 15:12:05,276 - pribot - INFO - 元ファイルを削除しました: .../PriBot監視フォルダ/いたがき総合診療クリニック診療費明細書.pdf
2025-05-15 15:12:05,276 - pribot - INFO - PDFファイルの処理が完了しました: いたがき総合診療クリニック診療費明細書.pdf
2025-05-15 15:12:05,276 - pribot - INFO - 
2025-05-15 15:12:08,277 - pribot - INFO - 新しいPDFファイルを検出: くれクリニック処方せん.pdf
2025-05-15 15:12:08,332 - pribot - INFO - フォーマット識別: 処方箋 (ID: 4)
2025-05-15 15:12:08,333 - pribot - INFO - 抽出された医療機関名: 西大宮整形外科くれクリニック
2025-05-15 15:12:08,333 - pribot - INFO - [成功] マッチング成功: 西大宮整形外科くれクリニック
2025-05-15 15:12:08,333 - pribot - INFO - 振り分け先: 西大宮整形外科くれクリニック -> .../PriBot検証用/くれクリニック (設定: 0_共通)
2025-05-15 15:12:08,336 - pribot - INFO - [成功] ファイルをコピーしました: くれクリニック処方せん.pdf -> .../くれクリニック/くれクリニック処方せん.pdf
2025-05-15 15:12:08,336 - pribot - INFO - 元ファイルを削除しました: .../PriBot監視フォルダ/くれクリニック処方せん.pdf
2025-05-15 15:12:08,336 - pribot - INFO - PDFファイルの処理が完了しました: くれクリニック処方せん.pdf
2025-05-15 15:12:08,337 - pribot - INFO - 
2025-05-15 15:12:11,338 - pribot - INFO - 新しいPDFファイルを検出: くれクリニック診療費請求書兼領収書.pdf
2025-05-15 15:12:11,391 - pribot - INFO - フォーマット識別: 請求明細書 (ID: 3)
2025-05-15 15:12:11,393 - pribot - INFO - 抽出された医療機関名: 西大宮整形外科くれクリニック
2025-05-15 15:12:11,393 - pribot - INFO - [成功] マッチング成功: 西大宮整形外科くれクリニック
2025-05-15 15:12:11,393 - pribot - INFO - 振り分け先: 西大宮整形外科くれクリニック -> .../PriBot検証用/くれクリニック (設定: 0_共通)
2025-05-15 15:12:11,394 - pribot - INFO - [成功] ファイルをコピーしました: くれクリニック診療費請求書兼領収書.pdf -> .../くれクリニック/くれクリニック診療費請求書兼領収書.pdf
2025-05-15 15:12:11,394 - pribot - INFO - 元ファイルを削除しました: .../PriBot監視フォルダ/くれクリニック診療費請求書兼領収書.pdf
2025-05-15 15:12:11,394 - pribot - INFO - PDFファイルの処理が完了しました: くれクリニック診療費請求書兼領収書.pdf
2025-05-15 15:12:11,396 - pribot - INFO - 
2025-05-15 15:12:14,397 - pribot - INFO - 新しいPDFファイルを検出: そけん小児科処方せん.pdf
2025-05-15 15:12:14,467 - pribot - INFO - フォーマット識別: 処方箋 (ID: 4)
2025-05-15 15:12:14,469 - pribot - INFO - 抽出された医療機関名: ・ （枝番）
2025-05-15 15:12:14,470 - pribot - WARNING - [警告] PDFに対応する医療機関が見つかりません: そけん小児科処方せん.pdf, クリニック名: ・ （枝番）
2025-05-15 15:12:14,471 - pribot - INFO - ファイルをエラーディレクトリに移動しました: そけん小児科処方せん.pdf -> .../PriBot振り分けエラー/そけん小児科処方せん.pdf
2025-05-15 15:12:14,471 - pribot - INFO - 
2025-05-15 15:12:17,473 - pribot - INFO - 新しいPDFファイルを検出: そけん小児科処方せん_new.pdf
2025-05-15 15:12:17,530 - pribot - INFO - フォーマット識別: 処方箋 (ID: 4)
2025-05-15 15:12:17,531 - pribot - INFO - 抽出された医療機関名: 医療法人 そけん小児科
2025-05-15 15:12:17,531 - pribot - INFO - [成功] マッチング成功: 医療法人 そけん小児科
2025-05-15 15:12:17,532 - pribot - INFO - 振り分け先: 医療法人 そけん小児科 -> .../PriBot検証用/そけん小児科 (設定: 0_共通)
2025-05-15 15:12:17,533 - pribot - INFO - [成功] ファイルをコピーしました: そけん小児科処方せん_new.pdf -> .../そけん小児科/そけん小児科処方せん_new.pdf
2025-05-15 15:12:17,534 - pribot - INFO - 元ファイルを削除しました: .../PriBot監視フォルダ/そけん小児科処方せん_new.pdf
2025-05-15 15:12:17,534 - pribot - INFO - PDFファイルの処理が完了しました: そけん小児科処方せん_new.pdf
2025-05-15 15:12:17,534 - pribot - INFO - 
2025-05-15 15:12:20,536 - pribot - INFO - 新しいPDFファイルを検出: そけん小児科診療費明細書.pdf
2025-05-15 15:12:20,566 - pribot - INFO - フォーマット識別: 明細書 (ID: 2)
2025-05-15 15:12:20,567 - pribot - INFO - 抽出された医療機関名: 医療法人 そけん小児科
2025-05-15 15:12:20,567 - pribot - INFO - [成功] マッチング成功: 医療法人 そけん小児科
2025-05-15 15:12:20,568 - pribot - INFO - 振り分け先: 医療法人 そけん小児科 -> .../PriBot検証用/そけん小児科 (設定: 0_共通)
2025-05-15 15:12:20,570 - pribot - INFO - [成功] ファイルをコピーしました: そけん小児科診療費明細書.pdf -> .../そけん小児科/そけん小児科診療費明細書.pdf
2025-05-15 15:12:20,572 - pribot - INFO - 元ファイルを削除しました: .../PriBot監視フォルダ/そけん小児科診療費明細書.pdf
2025-05-15 15:12:20,572 - pribot - INFO - PDFファイルの処理が完了しました: そけん小児科診療費明細書.pdf
2025-05-15 15:12:20,572 - pribot - INFO - 
2025-05-15 15:12:23,575 - pribot - INFO - 新しいPDFファイルを検出: ナゴヤガーデンクリニック診療費請求書兼領収書.pdf
2025-05-15 15:12:23,622 - pribot - INFO - フォーマット識別: 請求明細書 (ID: 3)
2025-05-15 15:12:23,623 - pribot - INFO - 抽出された医療機関名: 医療法人五一六五ナゴヤガーデンクリニック
2025-05-15 15:12:23,623 - pribot - INFO - [成功] マッチング成功: 医療法人五一六五ナゴヤガーデンクリニック
2025-05-15 15:12:23,623 - pribot - INFO - 振り分け先: 医療法人五一六五ナゴヤガーデンクリニック -> .../PriBot検証用/ナゴヤガーデンクリニック (設定: 0_共通)
2025-05-15 15:12:23,624 - pribot - INFO - [成功] ファイルをコピーしました: ナゴヤガーデンクリニック診療費請求書兼領収書.pdf -> .../ナゴヤガーデンクリニック/ナゴヤガーデンクリニック診療費請求書兼領収書.pdf
2025-05-15 15:12:23,625 - pribot - INFO - 元ファイルを削除しました: .../PriBot監視フォルダ/ナゴヤガーデンクリニック診療費請求書兼領収書.pdf
2025-05-15 15:12:23,625 - pribot - INFO - PDFファイルの処理が完了しました: ナゴヤガーデンクリニック診療費請求書兼領収書.pdf
2025-05-15 15:12:23,625 - pribot - INFO - 
2025-05-15 15:12:26,627 - pribot - INFO - 新しいPDFファイルを検出: ナゴヤガーデンクリニック診療費明細書.pdf
2025-05-15 15:12:26,655 - pribot - INFO - フォーマット識別: 明細書 (ID: 2)
2025-05-15 15:12:26,656 - pribot - INFO - 抽出された医療機関名: イオンモール名古屋ＮｏｒｉｔａｋｅＧａｒｄｅｎ３Ｆ
医療法人五一六五ナゴヤガーデンクリニック
2025-05-15 15:12:26,656 - pribot - INFO - [成功] マッチング成功: 医療法人五一六五ナゴヤガーデンクリニック
2025-05-15 15:12:26,656 - pribot - INFO - 振り分け先: 医療法人五一六五ナゴヤガーデンクリニック -> .../PriBot検証用/ナゴヤガーデンクリニック (設定: 0_共通)
2025-05-15 15:12:26,658 - pribot - INFO - [成功] ファイルをコピーしました: ナゴヤガーデンクリニック診療費明細書.pdf -> .../ナゴヤガーデンクリニック/ナゴヤガーデンクリニック診療費明細書.pdf
2025-05-15 15:12:26,659 - pribot - INFO - 元ファイルを削除しました: .../PriBot監視フォルダ/ナゴヤガーデンクリニック診療費明細書.pdf
2025-05-15 15:12:26,659 - pribot - INFO - PDFファイルの処理が完了しました: ナゴヤガーデンクリニック診療費明細書.pdf
2025-05-15 15:12:26,659 - pribot - INFO - 
2025-05-15 15:12:29,661 - pribot - INFO - 新しいPDFファイルを検出: メモリーケアクリニック処方せん.pdf
2025-05-15 15:12:29,723 - pribot - INFO - フォーマット識別: 処方箋 (ID: 4)
2025-05-15 15:12:29,724 - pribot - INFO - 抽出された医療機関名: メモリーケアクリニック湘南
2025-05-15 15:12:29,724 - pribot - INFO - [成功] マッチング成功: メモリーケアクリニック湘南
2025-05-15 15:12:29,724 - pribot - INFO - 振り分け先: メモリーケアクリニック湘南 -> .../PriBot検証用/メモリーケアクリニック_処方箋 (設定: 4_処方箋)
2025-05-15 15:12:29,726 - pribot - INFO - [成功] ファイルをコピーしました: メモリーケアクリニック処方せん.pdf -> .../メモリーケアクリニック_処方箋/メモリーケアクリニック処方せん.pdf
2025-05-15 15:12:29,727 - pribot - INFO - 元ファイルを削除しました: .../PriBot監視フォルダ/メモリーケアクリニック処方せん.pdf
2025-05-15 15:12:29,727 - pribot - INFO - PDFファイルの処理が完了しました: メモリーケアクリニック処方せん.pdf
2025-05-15 15:12:29,727 - pribot - INFO - 
2025-05-15 15:12:32,728 - pribot - INFO - 新しいPDFファイルを検出: メモリーケアクリニック診療費請求書兼領収書.pdf
2025-05-15 15:12:32,783 - pribot - INFO - フォーマット識別: 請求明細書 (ID: 3)
2025-05-15 15:12:32,785 - pribot - INFO - 抽出された医療機関名: メモリーケアクリニック湘南
2025-05-15 15:12:32,785 - pribot - INFO - [成功] マッチング成功: メモリーケアクリニック湘南
2025-05-15 15:12:32,786 - pribot - INFO - 振り分け先: メモリーケアクリニック湘南 -> .../PriBot検証用/メモリーケアクリニック_請求明細書 (設定: 3_請求明細書)
2025-05-15 15:12:32,787 - pribot - INFO - [成功] ファイルをコピーしました: メモリーケアクリニック診療費請求書兼領収書.pdf -> .../メモリーケアクリニック_請求明細書/メモリーケアクリニック診療費請求書兼領収書.pdf
2025-05-15 15:12:32,787 - pribot - INFO - 元ファイルを削除しました: .../PriBot監視フォルダ/メモリーケアクリニック診療費請求書兼領収書.pdf
2025-05-15 15:12:32,787 - pribot - INFO - PDFファイルの処理が完了しました: メモリーケアクリニック診療費請求書兼領収書.pdf
2025-05-15 15:12:32,789 - pribot - INFO - 
2025-05-15 15:37:39,752 - pribot - INFO - ファイル監視を終了しました
