2025-06-22 06:54:02,887 - pribot - INFO - ====== PriBot ログセッション開始 ======
2025-06-22 06:54:02,887 - pribot - INFO - PriBot (完全同期版・重複判定なし) を開始します
2025-06-22 06:54:02,903 - pribot - INFO - Backlog APIからフォルダ設定を取得します
2025-06-22 06:54:03,167 - pribot - INFO - 監視フォルダパス: C:\Users\miyake2106\OASIS INNOAVTION Dropbox\診療報酬請求事務集中センターOASIS INNOVATION\pribot
2025-06-22 06:54:03,167 - pribot - INFO - エラーフォルダパス: C:\Users\miyake2106\OASIS INNOAVTION Dropbox\診療報酬請求事務集中センターOASIS INNOVATION\pribot\error
2025-06-22 06:54:03,167 - pribot - INFO - デバッグフォルダパス: C:\Users\miyake2106\Desktop\wk\PriBot\pribot_debug
2025-06-22 06:54:03,167 - pribot - INFO - Backlog APIリクエストを開始します
2025-06-22 06:54:03,302 - pribot - INFO - 取得した全課題数: 16
2025-06-22 06:54:03,302 - pribot - INFO - 課題 PRIBOT-2: 振り分け先 '0_共通' = 'C:\Users\miyake2106\OASIS INNOAVTION Dropbox\診療報酬請求事務集中センターOASIS INNOVATION\くれクリニック\くれクリニック_自動印刷'
2025-06-22 06:54:03,302 - pribot - INFO - 課題 PRIBOT-3: 振り分け先 '0_共通' = 'C:\Users\miyake2106\OASIS INNOAVTION Dropbox\診療報酬請求事務集中センターOASIS INNOVATION\いたがき総合診療クリニック\自動印刷'
2025-06-22 06:54:03,302 - pribot - INFO - 課題 PRIBOT-4: 振り分け先 '0_共通' = 'C:\Users\miyake2106\OASIS INNOAVTION Dropbox\診療報酬請求事務集中センターOASIS INNOVATION\そけん小児科\そけん小児科_自動印刷'
2025-06-22 06:54:03,302 - pribot - INFO - 課題 PRIBOT-5: 振り分け先 '0_共通' = 'C:\Users\miyake2106\OASIS INNOAVTION Dropbox\診療報酬請求事務集中センターOASIS INNOVATION\Scan\NGC_自動印刷'
2025-06-22 06:54:03,302 - pribot - INFO - 課題 PRIBOT-6: 振り分け先 '0_共通' = 'C:\Users\miyake2106\OASIS INNOAVTION Dropbox\診療報酬請求事務集中センターOASIS INNOVATION\阿南いしばし医院\阿南いしばし医院_自動印刷'
2025-06-22 06:54:03,302 - pribot - INFO - 課題 PRIBOT-7: 振り分け先 '1_診療費請求書兼領収書(縦)' = 'C:\Users\miyake2106\OASIS INNOAVTION Dropbox\診療報酬請求事務集中センターOASIS INNOVATION\三宅村中央診療所\三宅村中央診療所_自動印刷'
2025-06-22 06:54:03,302 - pribot - INFO - 課題 PRIBOT-8: 振り分け先 '6_お薬手帳' = 'C:\Users\miyake2106\OASIS INNOAVTION Dropbox\診療報酬請求事務集中センターOASIS INNOVATION\三宅村中央診療所\三宅村中央診療所_ラベル（手帳・薬袋）'
2025-06-22 06:54:03,302 - pribot - INFO - 課題 PRIBOT-9: 振り分け先 '7_お薬情報' = 'C:\Users\miyake2106\OASIS INNOAVTION Dropbox\診療報酬請求事務集中センターOASIS INNOVATION\三宅村中央診療所\三宅村中央診療所_薬情'
2025-06-22 06:54:03,302 - pribot - INFO - 課題 PRIBOT-10: 振り分け先 '0_共通' = 'C:\Users\miyake2106\OASIS INNOAVTION Dropbox\診療報酬請求事務集中センターOASIS INNOVATION\照葉浅部クリニック\照葉浅部クリニック_自動印刷'
2025-06-22 06:54:03,302 - pribot - INFO - 課題 PRIBOT-11: 振り分け先 '3_診療費請求書兼領収書(横)' = 'C:\Users\miyake2106\OASIS INNOAVTION Dropbox\診療報酬請求事務集中センターOASIS INNOVATION\メモリーケアクリニック湘南\メモリーケアクリニック湘南_自動印刷\請求書兼明細書（A5）'
2025-06-22 06:54:03,302 - pribot - INFO - 課題 PRIBOT-12: 振り分け先 '5_処方箋' = 'C:\Users\miyake2106\OASIS INNOAVTION Dropbox\診療報酬請求事務集中センターOASIS INNOVATION\メモリーケアクリニック湘南\メモリーケアクリニック湘南_自動印刷\請求書兼明細書（A5）'
2025-06-22 06:54:03,302 - pribot - INFO - 課題 PRIBOT-13: 振り分け先 '7_お薬情報' = 'C:\Users\miyake2106\OASIS INNOAVTION Dropbox\診療報酬請求事務集中センターOASIS INNOVATION\メモリーケアクリニック湘南\メモリーケアクリニック湘南_自動印刷\薬剤情報提供書（A4）'
2025-06-22 06:54:03,302 - pribot - INFO - 課題 PRIBOT-14: 振り分け先 '2_診療費請求書兼領収書(控え付き)' = 'C:\Users\miyake2106\OASIS INNOAVTION Dropbox\診療報酬請求事務集中センターOASIS INNOVATION\ひまわりクリニックきょうごく\ひまわりクリニックきょうごく_自動印刷\請求書'
2025-06-22 06:54:03,302 - pribot - INFO - 課題 PRIBOT-15: 振り分け先 '4_診療費明細書' = 'C:\Users\miyake2106\OASIS INNOAVTION Dropbox\診療報酬請求事務集中センターOASIS INNOVATION\ひまわりクリニックきょうごく\ひまわりクリニックきょうごく_自動印刷\明細書'
2025-06-22 06:54:03,302 - pribot - INFO - 課題 PRIBOT-16: 振り分け先 '8_薬袋シール(三宅村)' = 'C:\Users\miyake2106\OASIS INNOAVTION Dropbox\診療報酬請求事務集中センターOASIS INNOVATION\三宅村中央診療所\三宅村中央診療所_ラベル（手帳・薬袋）'
2025-06-22 06:54:03,302 - pribot - INFO - PriBot 監視対象の医療機関名: 西大宮整形外科くれクリニック, 振り分け設定数: 1
2025-06-22 06:54:03,302 - pribot - INFO - PriBot 監視対象の医療機関名: いたがき総合診療クリニック, 振り分け設定数: 1
2025-06-22 06:54:03,302 - pribot - INFO - PriBot 監視対象の医療機関名: 医療法人 そけん小児科, 振り分け設定数: 1
2025-06-22 06:54:03,302 - pribot - INFO - PriBot 監視対象の医療機関名: 医療法人五一六五ナゴヤガーデンクリニック, 振り分け設定数: 1
2025-06-22 06:54:03,302 - pribot - INFO - PriBot 監視対象の医療機関名: 医療法人妙泉会 阿南いしばし医院, 振り分け設定数: 1
2025-06-22 06:54:03,302 - pribot - INFO - PriBot 監視対象の医療機関名: 三宅村国民健康保険直営中央診療所, 振り分け設定数: 4
2025-06-22 06:54:03,302 - pribot - INFO - PriBot 監視対象の医療機関名: 医療法人 吉松会 照葉浅部クリニック, 振り分け設定数: 1
2025-06-22 06:54:03,302 - pribot - INFO - PriBot 監視対象の医療機関名: メモリーケアクリニック湘南, 振り分け設定数: 3
2025-06-22 06:54:03,302 - pribot - INFO - PriBot 監視対象の医療機関名: ひまわりクリニックきょうごく, 振り分け設定数: 2
2025-06-22 06:54:03,302 - pribot - INFO - 監視対象の医療機関数: 9
2025-06-22 06:54:03,302 - pribot - INFO - PriBot 監視フォルダ: C:\Users\miyake2106\OASIS INNOAVTION Dropbox\診療報酬請求事務集中センターOASIS INNOVATION\pribot
2025-06-22 06:54:03,302 - pribot - INFO - PriBot エラーフォルダ: C:\Users\miyake2106\OASIS INNOAVTION Dropbox\診療報酬請求事務集中センターOASIS INNOVATION\pribot\error
2025-06-22 06:54:03,302 - pribot - INFO - PriBot デバッグフォルダ: C:\Users\miyake2106\Desktop\wk\PriBot\pribot_debug
2025-06-22 06:54:03,302 - pribot - INFO - PriBot 監視対象の医療機関数: 9
2025-06-22 06:54:03,302 - pribot - INFO - デバッグファイルのクリーンアップを実行します
2025-06-22 06:54:03,349 - pribot - INFO - 既存ファイルの処理を開始します
2025-06-22 06:54:03,349 - pribot - INFO - 処理対象の既存ファイルはありませんでした
2025-06-22 06:54:03,349 - pribot - INFO - 完全同期版ファイル監視を設定します（重複判定なし）
2025-06-22 06:54:03,349 - pribot - INFO - 完全同期版ファイル監視を開始しました（重複判定なし）
2025-06-22 06:55:03,365 - pribot - INFO - 監視継続中... (経過時間: 6分)
2025-06-22 06:56:03,368 - pribot - INFO - 監視継続中... (経過時間: 12分)
2025-06-22 06:57:03,372 - pribot - INFO - 監視継続中... (経過時間: 18分)
2025-06-22 06:58:03,376 - pribot - INFO - 監視継続中... (経過時間: 24分)
2025-06-22 06:59:03,381 - pribot - INFO - 監視継続中... (経過時間: 30分)
2025-06-22 07:00:03,385 - pribot - INFO - 監視継続中... (経過時間: 36分)
2025-06-22 07:01:03,389 - pribot - INFO - 監視継続中... (経過時間: 42分)
2025-06-22 07:02:03,393 - pribot - INFO - 監視継続中... (経過時間: 48分)
2025-06-22 07:03:03,398 - pribot - INFO - 監視継続中... (経過時間: 54分)
2025-06-22 07:04:03,401 - pribot - INFO - 監視継続中... (経過時間: 60分)
2025-06-22 07:05:03,406 - pribot - INFO - 監視継続中... (経過時間: 66分)
2025-06-22 07:06:03,410 - pribot - INFO - 監視継続中... (経過時間: 72分)
2025-06-22 07:07:03,414 - pribot - INFO - 監視継続中... (経過時間: 78分)
2025-06-22 07:08:03,418 - pribot - INFO - 監視継続中... (経過時間: 84分)
2025-06-22 07:09:03,421 - pribot - INFO - 監視継続中... (経過時間: 90分)
2025-06-22 07:10:03,425 - pribot - INFO - 監視継続中... (経過時間: 96分)
2025-06-22 07:11:03,430 - pribot - INFO - 監視継続中... (経過時間: 102分)
2025-06-22 07:12:03,434 - pribot - INFO - 監視継続中... (経過時間: 108分)
2025-06-22 07:13:03,438 - pribot - INFO - 監視継続中... (経過時間: 114分)
2025-06-22 07:14:03,441 - pribot - INFO - 監視継続中... (経過時間: 120分)
2025-06-22 07:15:03,444 - pribot - INFO - 監視継続中... (経過時間: 126分)
2025-06-22 07:16:03,448 - pribot - INFO - 監視継続中... (経過時間: 132分)
2025-06-22 07:17:03,452 - pribot - INFO - 監視継続中... (経過時間: 138分)
2025-06-22 07:18:03,455 - pribot - INFO - 監視継続中... (経過時間: 144分)
2025-06-22 07:19:03,459 - pribot - INFO - 監視継続中... (経過時間: 150分)
2025-06-22 07:20:03,462 - pribot - INFO - 監視継続中... (経過時間: 156分)
2025-06-22 07:21:03,465 - pribot - INFO - 監視継続中... (経過時間: 162分)
2025-06-22 07:22:03,468 - pribot - INFO - 監視継続中... (経過時間: 168分)
2025-06-22 07:23:03,472 - pribot - INFO - 監視継続中... (経過時間: 174分)
2025-06-22 07:24:03,476 - pribot - INFO - 監視継続中... (経過時間: 180分)
2025-06-22 07:25:03,480 - pribot - INFO - 監視継続中... (経過時間: 186分)
2025-06-22 07:26:03,482 - pribot - INFO - 監視継続中... (経過時間: 192分)
2025-06-22 07:27:03,486 - pribot - INFO - 監視継続中... (経過時間: 198分)
2025-06-22 07:28:03,490 - pribot - INFO - 監視継続中... (経過時間: 204分)
2025-06-22 07:29:03,494 - pribot - INFO - 監視継続中... (経過時間: 210分)
2025-06-22 07:30:03,499 - pribot - INFO - 監視継続中... (経過時間: 216分)
2025-06-22 07:31:03,503 - pribot - INFO - 監視継続中... (経過時間: 222分)
2025-06-22 07:32:03,507 - pribot - INFO - 監視継続中... (経過時間: 228分)
2025-06-22 07:33:03,511 - pribot - INFO - 監視継続中... (経過時間: 234分)
2025-06-22 07:34:03,514 - pribot - INFO - 監視継続中... (経過時間: 240分)
2025-06-22 07:35:03,517 - pribot - INFO - 監視継続中... (経過時間: 246分)
2025-06-22 07:36:03,521 - pribot - INFO - 監視継続中... (経過時間: 252分)
2025-06-22 07:37:03,526 - pribot - INFO - 監視継続中... (経過時間: 258分)
2025-06-22 07:38:03,529 - pribot - INFO - 監視継続中... (経過時間: 264分)
2025-06-22 07:39:03,533 - pribot - INFO - 監視継続中... (経過時間: 270分)
2025-06-22 07:40:03,536 - pribot - INFO - 監視継続中... (経過時間: 276分)
2025-06-22 07:41:03,538 - pribot - INFO - 監視継続中... (経過時間: 282分)
2025-06-22 07:42:03,542 - pribot - INFO - 監視継続中... (経過時間: 288分)
2025-06-22 07:43:03,546 - pribot - INFO - 監視継続中... (経過時間: 294分)
2025-06-22 07:44:03,550 - pribot - INFO - 監視継続中... (経過時間: 300分)
2025-06-22 07:45:03,553 - pribot - INFO - 監視継続中... (経過時間: 306分)
2025-06-22 07:46:03,557 - pribot - INFO - 監視継続中... (経過時間: 312分)
2025-06-22 07:47:03,561 - pribot - INFO - 監視継続中... (経過時間: 318分)
2025-06-22 07:48:03,565 - pribot - INFO - 監視継続中... (経過時間: 324分)
2025-06-22 07:49:03,568 - pribot - INFO - 監視継続中... (経過時間: 330分)
2025-06-22 07:50:03,570 - pribot - INFO - 監視継続中... (経過時間: 336分)
2025-06-22 07:51:03,574 - pribot - INFO - 監視継続中... (経過時間: 342分)
2025-06-22 07:52:03,577 - pribot - INFO - 監視継続中... (経過時間: 348分)
2025-06-22 07:53:03,580 - pribot - INFO - 監視継続中... (経過時間: 354分)
2025-06-22 07:54:03,584 - pribot - INFO - 監視継続中... (経過時間: 360分)
2025-06-22 07:55:03,588 - pribot - INFO - 監視継続中... (経過時間: 366分)
2025-06-22 07:56:03,592 - pribot - INFO - 監視継続中... (経過時間: 372分)
2025-06-22 07:57:03,596 - pribot - INFO - 監視継続中... (経過時間: 378分)
2025-06-22 07:58:03,600 - pribot - INFO - 監視継続中... (経過時間: 384分)
2025-06-22 07:59:03,605 - pribot - INFO - 監視継続中... (経過時間: 390分)
2025-06-22 08:00:03,609 - pribot - INFO - 監視継続中... (経過時間: 396分)
2025-06-22 08:01:03,613 - pribot - INFO - 監視継続中... (経過時間: 402分)
2025-06-22 08:02:03,617 - pribot - INFO - 監視継続中... (経過時間: 408分)
2025-06-22 08:03:03,620 - pribot - INFO - 監視継続中... (経過時間: 414分)
2025-06-22 08:04:03,623 - pribot - INFO - 監視継続中... (経過時間: 420分)
2025-06-22 08:05:03,626 - pribot - INFO - 監視継続中... (経過時間: 426分)
2025-06-22 08:06:03,630 - pribot - INFO - 監視継続中... (経過時間: 432分)
2025-06-22 08:07:03,634 - pribot - INFO - 監視継続中... (経過時間: 438分)
2025-06-22 08:08:03,638 - pribot - INFO - 監視継続中... (経過時間: 444分)
2025-06-22 08:09:03,643 - pribot - INFO - 監視継続中... (経過時間: 450分)
2025-06-22 08:10:03,646 - pribot - INFO - 監視継続中... (経過時間: 456分)
2025-06-22 08:11:03,651 - pribot - INFO - 監視継続中... (経過時間: 462分)
2025-06-22 08:12:03,654 - pribot - INFO - 監視継続中... (経過時間: 468分)
2025-06-22 08:13:03,657 - pribot - INFO - 監視継続中... (経過時間: 474分)
2025-06-22 08:14:03,661 - pribot - INFO - 監視継続中... (経過時間: 480分)
2025-06-22 08:15:03,665 - pribot - INFO - 監視継続中... (経過時間: 486分)
2025-06-22 08:16:03,668 - pribot - INFO - 監視継続中... (経過時間: 492分)
2025-06-22 08:17:03,672 - pribot - INFO - 監視継続中... (経過時間: 498分)
2025-06-22 08:18:03,675 - pribot - INFO - 監視継続中... (経過時間: 504分)
2025-06-22 08:19:03,681 - pribot - INFO - 監視継続中... (経過時間: 510分)
2025-06-22 08:20:03,684 - pribot - INFO - 監視継続中... (経過時間: 516分)
2025-06-22 08:21:03,689 - pribot - INFO - 監視継続中... (経過時間: 522分)
2025-06-22 08:22:03,693 - pribot - INFO - 監視継続中... (経過時間: 528分)
2025-06-22 08:23:03,697 - pribot - INFO - 監視継続中... (経過時間: 534分)
2025-06-22 08:24:03,701 - pribot - INFO - 監視継続中... (経過時間: 540分)
2025-06-22 08:25:03,705 - pribot - INFO - 監視継続中... (経過時間: 546分)
2025-06-22 08:26:03,709 - pribot - INFO - 監視継続中... (経過時間: 552分)
2025-06-22 08:27:03,713 - pribot - INFO - 監視継続中... (経過時間: 558分)
2025-06-22 08:28:03,717 - pribot - INFO - 監視継続中... (経過時間: 564分)
2025-06-22 08:29:03,722 - pribot - INFO - 監視継続中... (経過時間: 570分)
2025-06-22 08:30:03,725 - pribot - INFO - 監視継続中... (経過時間: 576分)
2025-06-22 08:31:03,729 - pribot - INFO - 監視継続中... (経過時間: 582分)
2025-06-22 08:32:03,732 - pribot - INFO - 監視継続中... (経過時間: 588分)
2025-06-22 08:33:03,736 - pribot - INFO - 監視継続中... (経過時間: 594分)
2025-06-22 08:34:03,740 - pribot - INFO - 監視継続中... (経過時間: 600分)
2025-06-22 08:35:03,744 - pribot - INFO - 監視継続中... (経過時間: 606分)
2025-06-22 08:36:03,748 - pribot - INFO - 監視継続中... (経過時間: 612分)
2025-06-22 08:37:03,751 - pribot - INFO - 監視継続中... (経過時間: 618分)
2025-06-22 08:38:03,755 - pribot - INFO - 監視継続中... (経過時間: 624分)
2025-06-22 08:39:03,757 - pribot - INFO - 監視継続中... (経過時間: 630分)
2025-06-22 08:40:03,760 - pribot - INFO - 監視継続中... (経過時間: 636分)
2025-06-22 08:41:03,764 - pribot - INFO - 監視継続中... (経過時間: 642分)
2025-06-22 08:42:03,767 - pribot - INFO - 監視継続中... (経過時間: 648分)
2025-06-22 08:43:03,771 - pribot - INFO - 監視継続中... (経過時間: 654分)
2025-06-22 08:44:03,776 - pribot - INFO - 監視継続中... (経過時間: 660分)
2025-06-22 08:45:03,778 - pribot - INFO - 監視継続中... (経過時間: 666分)
2025-06-22 08:46:03,782 - pribot - INFO - 監視継続中... (経過時間: 672分)
2025-06-22 08:47:03,785 - pribot - INFO - 監視継続中... (経過時間: 678分)
2025-06-22 08:48:03,789 - pribot - INFO - 監視継続中... (経過時間: 684分)
2025-06-22 08:49:03,792 - pribot - INFO - 監視継続中... (経過時間: 690分)
2025-06-22 08:50:03,796 - pribot - INFO - 監視継続中... (経過時間: 696分)
2025-06-22 08:51:03,800 - pribot - INFO - 監視継続中... (経過時間: 702分)
2025-06-22 08:52:03,804 - pribot - INFO - 監視継続中... (経過時間: 708分)
2025-06-22 08:53:03,808 - pribot - INFO - 監視継続中... (経過時間: 714分)
2025-06-22 08:54:03,811 - pribot - INFO - 監視継続中... (経過時間: 720分)
2025-06-22 08:55:03,815 - pribot - INFO - 監視継続中... (経過時間: 726分)
2025-06-22 08:56:03,819 - pribot - INFO - 監視継続中... (経過時間: 732分)
2025-06-22 08:57:03,824 - pribot - INFO - 監視継続中... (経過時間: 738分)
2025-06-22 08:58:03,827 - pribot - INFO - 監視継続中... (経過時間: 744分)
2025-06-22 08:59:03,831 - pribot - INFO - 監視継続中... (経過時間: 750分)
2025-06-22 09:00:03,834 - pribot - INFO - 監視継続中... (経過時間: 756分)
2025-06-22 09:01:03,838 - pribot - INFO - 監視継続中... (経過時間: 762分)
2025-06-22 09:02:03,842 - pribot - INFO - 監視継続中... (経過時間: 768分)
2025-06-22 09:03:03,845 - pribot - INFO - 監視継続中... (経過時間: 774分)
2025-06-22 09:04:03,849 - pribot - INFO - 監視継続中... (経過時間: 780分)
2025-06-22 09:05:03,853 - pribot - INFO - 監視継続中... (経過時間: 786分)
2025-06-22 09:06:03,857 - pribot - INFO - 監視継続中... (経過時間: 792分)
2025-06-22 09:07:03,862 - pribot - INFO - 監視継続中... (経過時間: 798分)
2025-06-22 09:08:03,864 - pribot - INFO - 監視継続中... (経過時間: 804分)
2025-06-22 09:09:03,871 - pribot - INFO - 監視継続中... (経過時間: 810分)
2025-06-22 09:09:36,941 - pribot - INFO - 新しいPDFファイルを検出: 1750550966241&525990&iyu16esa&e2610c76-a6e9-4649-9cfa-6bf97866f2a1.pdf
2025-06-22 09:09:36,943 - pribot - INFO - PDFファイルの処理を開始: 1750550966241&525990&iyu16esa&e2610c76-a6e9-4649-9cfa-6bf97866f2a1.pdf
2025-06-22 09:09:37,312 - pribot - INFO - フォーマット識別: 診療費明細書 (ID: 4)
2025-06-22 09:09:37,312 - pribot - INFO - 抽出された医療機関名: いたがき総合診療クリニック
2025-06-22 09:09:37,312 - pribot - INFO - [成功] マッチング成功: いたがき総合診療クリニック
2025-06-22 09:09:37,318 - pribot - INFO - 振り分け先: いたがき総合診療クリニック -> .../いたがき総合診療クリニック/自動印刷 (設定: 0_共通)
2025-06-22 09:09:37,318 - pribot - INFO - [成功] ファイルを移動しました: 1750550966241&525990&iyu16esa&e2610c76-a6e9-4649-9cfa-6bf97866f2a1.pdf -> .../自動印刷/1750550966241&525990&iyu16esa&e2610c76-a6e9-4649-9cfa-6bf97866f2a1.pdf
2025-06-22 09:09:37,318 - pribot - INFO - PDFファイルの処理が完了しました: 1750550966241&525990&iyu16esa&e2610c76-a6e9-4649-9cfa-6bf97866f2a1.pdf
2025-06-22 09:09:37,318 - pribot - INFO - 
2025-06-22 09:09:40,322 - pribot - INFO - 新しいPDFファイルを検出: 1750550971050&525990&izcx30s9&12b2b0b5-8ab9-4f9d-831a-a59adc075de0.pdf
2025-06-22 09:09:40,322 - pribot - INFO - PDFファイルの処理を開始: 1750550971050&525990&izcx30s9&12b2b0b5-8ab9-4f9d-831a-a59adc075de0.pdf
2025-06-22 09:09:40,709 - pribot - INFO - フォーマット識別: 診療費請求書兼領収書(縦) (ID: 1)
2025-06-22 09:09:40,709 - pribot - INFO - 抽出された医療機関名: いたがき総合診療クリニック
2025-06-22 09:09:40,709 - pribot - INFO - [成功] マッチング成功: いたがき総合診療クリニック
2025-06-22 09:09:40,709 - pribot - INFO - 振り分け先: いたがき総合診療クリニック -> .../いたがき総合診療クリニック/自動印刷 (設定: 0_共通)
2025-06-22 09:09:40,709 - pribot - INFO - [成功] ファイルを移動しました: 1750550971050&525990&izcx30s9&12b2b0b5-8ab9-4f9d-831a-a59adc075de0.pdf -> .../自動印刷/1750550971050&525990&izcx30s9&12b2b0b5-8ab9-4f9d-831a-a59adc075de0.pdf
2025-06-22 09:09:40,709 - pribot - INFO - PDFファイルの処理が完了しました: 1750550971050&525990&izcx30s9&12b2b0b5-8ab9-4f9d-831a-a59adc075de0.pdf
2025-06-22 09:09:40,709 - pribot - INFO - 
2025-06-22 09:09:46,202 - pribot - INFO - 新しいPDFファイルを検出: 1750550976782&525990&a8ivjf1v&9563ece4-e1eb-4285-ab5b-c3568d2af0e6.pdf
2025-06-22 09:09:46,202 - pribot - INFO - PDFファイルの処理を開始: 1750550976782&525990&a8ivjf1v&9563ece4-e1eb-4285-ab5b-c3568d2af0e6.pdf
2025-06-22 09:09:46,337 - pribot - INFO - フォーマット識別: 処方箋 (ID: 5)
2025-06-22 09:09:46,340 - pribot - INFO - 抽出された医療機関名: いたがき総合診療クリニック
2025-06-22 09:09:46,340 - pribot - INFO - [成功] マッチング成功: いたがき総合診療クリニック
2025-06-22 09:09:46,340 - pribot - INFO - 振り分け先: いたがき総合診療クリニック -> .../いたがき総合診療クリニック/自動印刷 (設定: 0_共通)
2025-06-22 09:09:46,341 - pribot - INFO - [成功] ファイルを移動しました: 1750550976782&525990&a8ivjf1v&9563ece4-e1eb-4285-ab5b-c3568d2af0e6.pdf -> .../自動印刷/1750550976782&525990&a8ivjf1v&9563ece4-e1eb-4285-ab5b-c3568d2af0e6.pdf
2025-06-22 09:09:46,341 - pribot - INFO - PDFファイルの処理が完了しました: 1750550976782&525990&a8ivjf1v&9563ece4-e1eb-4285-ab5b-c3568d2af0e6.pdf
2025-06-22 09:09:46,341 - pribot - INFO - 
2025-06-22 09:10:03,886 - pribot - INFO - 監視継続中... (経過時間: 816分)
2025-06-22 09:11:03,889 - pribot - INFO - 監視継続中... (経過時間: 822分)
2025-06-22 09:12:03,894 - pribot - INFO - 監視継続中... (経過時間: 828分)
2025-06-22 09:13:03,898 - pribot - INFO - 監視継続中... (経過時間: 834分)
2025-06-22 09:14:03,901 - pribot - INFO - 監視継続中... (経過時間: 840分)
2025-06-22 09:15:03,904 - pribot - INFO - 監視継続中... (経過時間: 846分)
2025-06-22 09:16:03,908 - pribot - INFO - 監視継続中... (経過時間: 852分)
2025-06-22 09:17:03,912 - pribot - INFO - 監視継続中... (経過時間: 858分)
2025-06-22 09:18:03,915 - pribot - INFO - 監視継続中... (経過時間: 864分)
2025-06-22 09:19:03,919 - pribot - INFO - 監視継続中... (経過時間: 870分)
2025-06-22 09:20:03,923 - pribot - INFO - 監視継続中... (経過時間: 876分)
2025-06-22 09:21:03,927 - pribot - INFO - 監視継続中... (経過時間: 882分)
2025-06-22 09:22:03,932 - pribot - INFO - 監視継続中... (経過時間: 888分)
2025-06-22 09:23:03,935 - pribot - INFO - 監視継続中... (経過時間: 894分)
2025-06-22 09:24:03,940 - pribot - INFO - 監視継続中... (経過時間: 900分)
2025-06-22 09:25:03,943 - pribot - INFO - 監視継続中... (経過時間: 906分)
2025-06-22 09:26:03,947 - pribot - INFO - 監視継続中... (経過時間: 912分)
2025-06-22 09:27:03,950 - pribot - INFO - 監視継続中... (経過時間: 918分)
2025-06-22 09:28:03,953 - pribot - INFO - 監視継続中... (経過時間: 924分)
2025-06-22 09:29:03,957 - pribot - INFO - 監視継続中... (経過時間: 930分)
2025-06-22 09:30:03,961 - pribot - INFO - 監視継続中... (経過時間: 936分)
2025-06-22 09:31:03,964 - pribot - INFO - 監視継続中... (経過時間: 942分)
2025-06-22 09:32:03,968 - pribot - INFO - 監視継続中... (経過時間: 948分)
2025-06-22 09:33:03,972 - pribot - INFO - 監視継続中... (経過時間: 954分)
2025-06-22 09:34:03,977 - pribot - INFO - 監視継続中... (経過時間: 960分)
2025-06-22 09:35:03,980 - pribot - INFO - 監視継続中... (経過時間: 966分)
2025-06-22 09:36:03,985 - pribot - INFO - 監視継続中... (経過時間: 972分)
2025-06-22 09:37:03,989 - pribot - INFO - 監視継続中... (経過時間: 978分)
2025-06-22 09:38:03,992 - pribot - INFO - 監視継続中... (経過時間: 984分)
2025-06-22 09:39:03,996 - pribot - INFO - 監視継続中... (経過時間: 990分)
2025-06-22 09:40:04,000 - pribot - INFO - 監視継続中... (経過時間: 996分)
2025-06-22 09:41:04,004 - pribot - INFO - 監視継続中... (経過時間: 1002分)
2025-06-22 09:42:04,008 - pribot - INFO - 監視継続中... (経過時間: 1008分)
2025-06-22 09:43:04,012 - pribot - INFO - 監視継続中... (経過時間: 1014分)
2025-06-22 09:44:04,015 - pribot - INFO - 監視継続中... (経過時間: 1020分)
2025-06-22 09:45:04,019 - pribot - INFO - 監視継続中... (経過時間: 1026分)
2025-06-22 09:46:04,022 - pribot - INFO - 監視継続中... (経過時間: 1032分)
2025-06-22 09:47:04,026 - pribot - INFO - 監視継続中... (経過時間: 1038分)
2025-06-22 09:48:04,030 - pribot - INFO - 監視継続中... (経過時間: 1044分)
2025-06-22 09:49:04,034 - pribot - INFO - 監視継続中... (経過時間: 1050分)
2025-06-22 09:50:04,039 - pribot - INFO - 監視継続中... (経過時間: 1056分)
2025-06-22 09:51:04,043 - pribot - INFO - 監視継続中... (経過時間: 1062分)
2025-06-22 09:52:04,046 - pribot - INFO - 監視継続中... (経過時間: 1068分)
2025-06-22 09:53:04,050 - pribot - INFO - 監視継続中... (経過時間: 1074分)
2025-06-22 09:54:04,054 - pribot - INFO - 監視継続中... (経過時間: 1080分)
2025-06-22 09:55:04,058 - pribot - INFO - 監視継続中... (経過時間: 1086分)
2025-06-22 09:56:04,062 - pribot - INFO - 監視継続中... (経過時間: 1092分)
2025-06-22 09:57:04,065 - pribot - INFO - 監視継続中... (経過時間: 1098分)
2025-06-22 09:58:04,069 - pribot - INFO - 監視継続中... (経過時間: 1104分)
2025-06-22 09:59:04,074 - pribot - INFO - 監視継続中... (経過時間: 1110分)
2025-06-22 10:00:04,078 - pribot - INFO - 監視継続中... (経過時間: 1116分)
2025-06-22 10:01:04,082 - pribot - INFO - 監視継続中... (経過時間: 1122分)
2025-06-22 10:02:04,086 - pribot - INFO - 監視継続中... (経過時間: 1128分)
2025-06-22 10:03:04,090 - pribot - INFO - 監視継続中... (経過時間: 1134分)
2025-06-22 10:04:04,094 - pribot - INFO - 監視継続中... (経過時間: 1140分)
2025-06-22 10:05:04,098 - pribot - INFO - 監視継続中... (経過時間: 1146分)
2025-06-22 10:06:04,102 - pribot - INFO - 監視継続中... (経過時間: 1152分)
2025-06-22 10:07:04,105 - pribot - INFO - 監視継続中... (経過時間: 1158分)
2025-06-22 10:08:04,110 - pribot - INFO - 監視継続中... (経過時間: 1164分)
2025-06-22 10:09:04,113 - pribot - INFO - 監視継続中... (経過時間: 1170分)
2025-06-22 10:10:04,118 - pribot - INFO - 監視継続中... (経過時間: 1176分)
2025-06-22 10:11:04,123 - pribot - INFO - 監視継続中... (経過時間: 1182分)
2025-06-22 10:12:04,128 - pribot - INFO - 監視継続中... (経過時間: 1188分)
2025-06-22 10:13:04,132 - pribot - INFO - 監視継続中... (経過時間: 1194分)
2025-06-22 10:14:04,136 - pribot - INFO - 監視継続中... (経過時間: 1200分)
2025-06-22 10:15:04,140 - pribot - INFO - 監視継続中... (経過時間: 1206分)
2025-06-22 10:16:04,144 - pribot - INFO - 監視継続中... (経過時間: 1212分)
2025-06-22 10:17:04,149 - pribot - INFO - 監視継続中... (経過時間: 1218分)
2025-06-22 10:18:04,154 - pribot - INFO - 監視継続中... (経過時間: 1224分)
2025-06-22 10:19:04,157 - pribot - INFO - 監視継続中... (経過時間: 1230分)
2025-06-22 10:20:04,162 - pribot - INFO - 監視継続中... (経過時間: 1236分)
2025-06-22 10:21:04,167 - pribot - INFO - 監視継続中... (経過時間: 1242分)
2025-06-22 10:22:04,171 - pribot - INFO - 監視継続中... (経過時間: 1248分)
2025-06-22 10:23:04,174 - pribot - INFO - 監視継続中... (経過時間: 1254分)
2025-06-22 10:24:04,178 - pribot - INFO - 監視継続中... (経過時間: 1260分)
2025-06-22 10:25:04,182 - pribot - INFO - 監視継続中... (経過時間: 1266分)
2025-06-22 10:26:04,185 - pribot - INFO - 監視継続中... (経過時間: 1272分)
2025-06-22 10:27:04,189 - pribot - INFO - 監視継続中... (経過時間: 1278分)
2025-06-22 10:28:04,194 - pribot - INFO - 監視継続中... (経過時間: 1284分)
2025-06-22 10:29:04,198 - pribot - INFO - 監視継続中... (経過時間: 1290分)
2025-06-22 10:30:04,202 - pribot - INFO - 監視継続中... (経過時間: 1296分)
2025-06-22 10:31:04,207 - pribot - INFO - 監視継続中... (経過時間: 1302分)
2025-06-22 10:32:04,210 - pribot - INFO - 監視継続中... (経過時間: 1308分)
2025-06-22 10:33:04,213 - pribot - INFO - 監視継続中... (経過時間: 1314分)
2025-06-22 10:34:04,217 - pribot - INFO - 監視継続中... (経過時間: 1320分)
2025-06-22 10:35:04,221 - pribot - INFO - 監視継続中... (経過時間: 1326分)
2025-06-22 10:36:04,226 - pribot - INFO - 監視継続中... (経過時間: 1332分)
2025-06-22 10:37:04,230 - pribot - INFO - 監視継続中... (経過時間: 1338分)
2025-06-22 10:38:04,234 - pribot - INFO - 監視継続中... (経過時間: 1344分)
2025-06-22 10:39:04,238 - pribot - INFO - 監視継続中... (経過時間: 1350分)
2025-06-22 10:40:04,241 - pribot - INFO - 監視継続中... (経過時間: 1356分)
2025-06-22 10:41:04,246 - pribot - INFO - 監視継続中... (経過時間: 1362分)
2025-06-22 10:42:04,251 - pribot - INFO - 監視継続中... (経過時間: 1368分)
2025-06-22 10:43:04,256 - pribot - INFO - 監視継続中... (経過時間: 1374分)
2025-06-22 10:44:04,259 - pribot - INFO - 監視継続中... (経過時間: 1380分)
2025-06-22 10:45:04,263 - pribot - INFO - 監視継続中... (経過時間: 1386分)
2025-06-22 10:46:04,267 - pribot - INFO - 監視継続中... (経過時間: 1392分)
2025-06-22 10:47:04,271 - pribot - INFO - 監視継続中... (経過時間: 1398分)
2025-06-22 10:48:04,275 - pribot - INFO - 監視継続中... (経過時間: 1404分)
2025-06-22 10:49:04,279 - pribot - INFO - 監視継続中... (経過時間: 1410分)
2025-06-22 10:50:04,282 - pribot - INFO - 監視継続中... (経過時間: 1416分)
2025-06-22 10:51:04,285 - pribot - INFO - 監視継続中... (経過時間: 1422分)
2025-06-22 10:52:04,289 - pribot - INFO - 監視継続中... (経過時間: 1428分)
2025-06-22 10:53:04,294 - pribot - INFO - 監視継続中... (経過時間: 1434分)
2025-06-22 10:54:04,298 - pribot - INFO - 監視継続中... (経過時間: 1440分)
2025-06-22 10:55:04,302 - pribot - INFO - 監視継続中... (経過時間: 1446分)
2025-06-22 10:56:04,306 - pribot - INFO - 監視継続中... (経過時間: 1452分)
2025-06-22 10:57:04,309 - pribot - INFO - 監視継続中... (経過時間: 1458分)
2025-06-22 10:58:04,314 - pribot - INFO - 監視継続中... (経過時間: 1464分)
2025-06-22 10:59:04,318 - pribot - INFO - 監視継続中... (経過時間: 1470分)
2025-06-22 11:00:04,322 - pribot - INFO - 監視継続中... (経過時間: 1476分)
2025-06-22 11:01:04,325 - pribot - INFO - 監視継続中... (経過時間: 1482分)
2025-06-22 11:02:04,329 - pribot - INFO - 監視継続中... (経過時間: 1488分)
2025-06-22 11:03:04,334 - pribot - INFO - 監視継続中... (経過時間: 1494分)
2025-06-22 11:04:04,338 - pribot - INFO - 監視継続中... (経過時間: 1500分)
2025-06-22 11:05:04,342 - pribot - INFO - 監視継続中... (経過時間: 1506分)
2025-06-22 11:06:04,346 - pribot - INFO - 監視継続中... (経過時間: 1512分)
2025-06-22 11:07:04,349 - pribot - INFO - 監視継続中... (経過時間: 1518分)
2025-06-22 11:08:04,353 - pribot - INFO - 監視継続中... (経過時間: 1524分)
2025-06-22 11:09:04,356 - pribot - INFO - 監視継続中... (経過時間: 1530分)
2025-06-22 11:10:04,361 - pribot - INFO - 監視継続中... (経過時間: 1536分)
2025-06-22 11:11:04,364 - pribot - INFO - 監視継続中... (経過時間: 1542分)
2025-06-22 11:12:04,368 - pribot - INFO - 監視継続中... (経過時間: 1548分)
2025-06-22 11:13:04,372 - pribot - INFO - 監視継続中... (経過時間: 1554分)
2025-06-22 11:14:04,376 - pribot - INFO - 監視継続中... (経過時間: 1560分)
2025-06-22 11:15:04,380 - pribot - INFO - 監視継続中... (経過時間: 1566分)
2025-06-22 11:16:04,383 - pribot - INFO - 監視継続中... (経過時間: 1572分)
2025-06-22 11:17:04,387 - pribot - INFO - 監視継続中... (経過時間: 1578分)
2025-06-22 11:18:04,391 - pribot - INFO - 監視継続中... (経過時間: 1584分)
2025-06-22 11:19:04,395 - pribot - INFO - 監視継続中... (経過時間: 1590分)
2025-06-22 11:20:04,398 - pribot - INFO - 監視継続中... (経過時間: 1596分)
2025-06-22 11:21:04,400 - pribot - INFO - 監視継続中... (経過時間: 1602分)
2025-06-22 11:22:04,404 - pribot - INFO - 監視継続中... (経過時間: 1608分)
2025-06-22 11:23:04,408 - pribot - INFO - 監視継続中... (経過時間: 1614分)
2025-06-22 11:24:04,412 - pribot - INFO - 監視継続中... (経過時間: 1620分)
2025-06-22 11:25:04,415 - pribot - INFO - 監視継続中... (経過時間: 1626分)
2025-06-22 11:26:04,418 - pribot - INFO - 監視継続中... (経過時間: 1632分)
2025-06-22 11:27:04,422 - pribot - INFO - 監視継続中... (経過時間: 1638分)
2025-06-22 11:28:04,426 - pribot - INFO - 監視継続中... (経過時間: 1644分)
2025-06-22 11:29:04,430 - pribot - INFO - 監視継続中... (経過時間: 1650分)
2025-06-22 11:30:04,434 - pribot - INFO - 監視継続中... (経過時間: 1656分)
2025-06-22 11:31:04,438 - pribot - INFO - 監視継続中... (経過時間: 1662分)
2025-06-22 11:32:04,442 - pribot - INFO - 監視継続中... (経過時間: 1668分)
2025-06-22 11:33:04,445 - pribot - INFO - 監視継続中... (経過時間: 1674分)
2025-06-22 11:34:04,450 - pribot - INFO - 監視継続中... (経過時間: 1680分)
2025-06-22 11:35:04,453 - pribot - INFO - 監視継続中... (経過時間: 1686分)
2025-06-22 11:36:04,457 - pribot - INFO - 監視継続中... (経過時間: 1692分)
2025-06-22 11:37:04,461 - pribot - INFO - 監視継続中... (経過時間: 1698分)
2025-06-22 11:37:27,170 - pribot - INFO - 新しいPDFファイルを検出: 1750559836001&0&4l4prgzr&4692f854-89e8-48d5-9882-58e182adce9b.pdf
2025-06-22 11:37:27,172 - pribot - INFO - PDFファイルの処理を開始: 1750559836001&0&4l4prgzr&4692f854-89e8-48d5-9882-58e182adce9b.pdf
2025-06-22 11:37:27,766 - pribot - INFO - フォーマット識別: 診療費明細書 (ID: 4)
2025-06-22 11:37:27,766 - pribot - INFO - 抽出された医療機関名: いたがき総合診療クリニック
2025-06-22 11:37:27,766 - pribot - INFO - [成功] マッチング成功: いたがき総合診療クリニック
2025-06-22 11:37:27,766 - pribot - INFO - 振り分け先: いたがき総合診療クリニック -> .../いたがき総合診療クリニック/自動印刷 (設定: 0_共通)
2025-06-22 11:37:27,766 - pribot - INFO - [成功] ファイルを移動しました: 1750559836001&0&4l4prgzr&4692f854-89e8-48d5-9882-58e182adce9b.pdf -> .../自動印刷/1750559836001&0&4l4prgzr&4692f854-89e8-48d5-9882-58e182adce9b.pdf
2025-06-22 11:37:27,766 - pribot - INFO - PDFファイルの処理が完了しました: 1750559836001&0&4l4prgzr&4692f854-89e8-48d5-9882-58e182adce9b.pdf
2025-06-22 11:37:27,766 - pribot - INFO - 
2025-06-22 11:37:31,033 - pribot - INFO - 新しいPDFファイルを検出: 1750559842031&0&36qim2cu&e09b3654-7004-4ce5-9a16-b97940ffed3c.pdf
2025-06-22 11:37:31,033 - pribot - INFO - PDFファイルの処理を開始: 1750559842031&0&36qim2cu&e09b3654-7004-4ce5-9a16-b97940ffed3c.pdf
2025-06-22 11:37:31,377 - pribot - INFO - フォーマット識別: 診療費請求書兼領収書(縦) (ID: 1)
2025-06-22 11:37:31,378 - pribot - INFO - 抽出された医療機関名: いたがき総合診療クリニック
2025-06-22 11:37:31,378 - pribot - INFO - [成功] マッチング成功: いたがき総合診療クリニック
2025-06-22 11:37:31,380 - pribot - INFO - 振り分け先: いたがき総合診療クリニック -> .../いたがき総合診療クリニック/自動印刷 (設定: 0_共通)
2025-06-22 11:37:31,380 - pribot - INFO - [成功] ファイルを移動しました: 1750559842031&0&36qim2cu&e09b3654-7004-4ce5-9a16-b97940ffed3c.pdf -> .../自動印刷/1750559842031&0&36qim2cu&e09b3654-7004-4ce5-9a16-b97940ffed3c.pdf
2025-06-22 11:37:31,380 - pribot - INFO - PDFファイルの処理が完了しました: 1750559842031&0&36qim2cu&e09b3654-7004-4ce5-9a16-b97940ffed3c.pdf
2025-06-22 11:37:31,380 - pribot - INFO - 
2025-06-22 11:37:36,414 - pribot - INFO - 新しいPDFファイルを検出: 1750559846514&0&5mnafs4y&caae3d42-8e94-4fa4-a8e9-cf27be18a9a2.pdf
2025-06-22 11:37:36,414 - pribot - INFO - PDFファイルの処理を開始: 1750559846514&0&5mnafs4y&caae3d42-8e94-4fa4-a8e9-cf27be18a9a2.pdf
2025-06-22 11:37:36,586 - pribot - INFO - フォーマット識別: 処方箋 (ID: 5)
2025-06-22 11:37:36,589 - pribot - INFO - 抽出された医療機関名: いたがき総合診療クリニック
2025-06-22 11:37:36,589 - pribot - INFO - [成功] マッチング成功: いたがき総合診療クリニック
2025-06-22 11:37:36,589 - pribot - INFO - 振り分け先: いたがき総合診療クリニック -> .../いたがき総合診療クリニック/自動印刷 (設定: 0_共通)
2025-06-22 11:37:36,589 - pribot - INFO - [成功] ファイルを移動しました: 1750559846514&0&5mnafs4y&caae3d42-8e94-4fa4-a8e9-cf27be18a9a2.pdf -> .../自動印刷/1750559846514&0&5mnafs4y&caae3d42-8e94-4fa4-a8e9-cf27be18a9a2.pdf
2025-06-22 11:37:36,591 - pribot - INFO - PDFファイルの処理が完了しました: 1750559846514&0&5mnafs4y&caae3d42-8e94-4fa4-a8e9-cf27be18a9a2.pdf
2025-06-22 11:37:36,591 - pribot - INFO - 
2025-06-22 11:38:04,465 - pribot - INFO - 監視継続中... (経過時間: 1704分)
2025-06-22 11:39:04,469 - pribot - INFO - 監視継続中... (経過時間: 1710分)
2025-06-22 11:40:04,473 - pribot - INFO - 監視継続中... (経過時間: 1716分)
2025-06-22 11:41:04,477 - pribot - INFO - 監視継続中... (経過時間: 1722分)
2025-06-22 11:42:04,480 - pribot - INFO - 監視継続中... (経過時間: 1728分)
2025-06-22 11:43:04,485 - pribot - INFO - 監視継続中... (経過時間: 1734分)
2025-06-22 11:44:04,489 - pribot - INFO - 監視継続中... (経過時間: 1740分)
2025-06-22 11:45:04,493 - pribot - INFO - 監視継続中... (経過時間: 1746分)
2025-06-22 11:46:04,498 - pribot - INFO - 監視継続中... (経過時間: 1752分)
2025-06-22 11:47:04,502 - pribot - INFO - 監視継続中... (経過時間: 1758分)
2025-06-22 11:48:04,506 - pribot - INFO - 監視継続中... (経過時間: 1764分)
2025-06-22 11:49:04,511 - pribot - INFO - 監視継続中... (経過時間: 1770分)
2025-06-22 11:50:04,515 - pribot - INFO - 監視継続中... (経過時間: 1776分)
2025-06-22 11:51:04,520 - pribot - INFO - 監視継続中... (経過時間: 1782分)
2025-06-22 11:52:04,523 - pribot - INFO - 監視継続中... (経過時間: 1788分)
2025-06-22 11:53:04,527 - pribot - INFO - 監視継続中... (経過時間: 1794分)
2025-06-22 11:54:04,531 - pribot - INFO - 監視継続中... (経過時間: 1800分)
2025-06-22 11:55:04,535 - pribot - INFO - 監視継続中... (経過時間: 1806分)
2025-06-22 11:56:04,539 - pribot - INFO - 監視継続中... (経過時間: 1812分)
2025-06-22 11:57:04,542 - pribot - INFO - 監視継続中... (経過時間: 1818分)
2025-06-22 11:58:04,547 - pribot - INFO - 監視継続中... (経過時間: 1824分)
2025-06-22 11:59:04,551 - pribot - INFO - 監視継続中... (経過時間: 1830分)
2025-06-22 12:00:04,555 - pribot - INFO - 監視継続中... (経過時間: 1836分)
2025-06-22 12:01:04,559 - pribot - INFO - 監視継続中... (経過時間: 1842分)
2025-06-22 12:02:04,564 - pribot - INFO - 監視継続中... (経過時間: 1848分)
2025-06-22 12:03:04,567 - pribot - INFO - 監視継続中... (経過時間: 1854分)
2025-06-22 12:04:04,570 - pribot - INFO - 監視継続中... (経過時間: 1860分)
2025-06-22 12:05:04,574 - pribot - INFO - 監視継続中... (経過時間: 1866分)
2025-06-22 12:06:04,578 - pribot - INFO - 監視継続中... (経過時間: 1872分)
2025-06-22 12:07:04,582 - pribot - INFO - 監視継続中... (経過時間: 1878分)
2025-06-22 12:08:04,587 - pribot - INFO - 監視継続中... (経過時間: 1884分)
2025-06-22 12:09:04,591 - pribot - INFO - 監視継続中... (経過時間: 1890分)
2025-06-22 12:10:04,594 - pribot - INFO - 監視継続中... (経過時間: 1896分)
2025-06-22 12:11:04,598 - pribot - INFO - 監視継続中... (経過時間: 1902分)
2025-06-22 12:12:04,603 - pribot - INFO - 監視継続中... (経過時間: 1908分)
2025-06-22 12:13:04,607 - pribot - INFO - 監視継続中... (経過時間: 1914分)
2025-06-22 12:14:04,611 - pribot - INFO - 監視継続中... (経過時間: 1920分)
2025-06-22 12:15:04,615 - pribot - INFO - 監視継続中... (経過時間: 1926分)
2025-06-22 12:16:04,620 - pribot - INFO - 監視継続中... (経過時間: 1932分)
2025-06-22 12:17:04,624 - pribot - INFO - 監視継続中... (経過時間: 1938分)
2025-06-22 12:18:04,628 - pribot - INFO - 監視継続中... (経過時間: 1944分)
2025-06-22 12:19:04,632 - pribot - INFO - 監視継続中... (経過時間: 1950分)
2025-06-22 12:20:04,636 - pribot - INFO - 監視継続中... (経過時間: 1956分)
2025-06-22 12:21:04,640 - pribot - INFO - 監視継続中... (経過時間: 1962分)
2025-06-22 12:22:04,645 - pribot - INFO - 監視継続中... (経過時間: 1968分)
2025-06-22 12:23:04,649 - pribot - INFO - 監視継続中... (経過時間: 1974分)
2025-06-22 12:24:04,653 - pribot - INFO - 監視継続中... (経過時間: 1980分)
2025-06-22 12:25:04,658 - pribot - INFO - 監視継続中... (経過時間: 1986分)
2025-06-22 12:26:04,661 - pribot - INFO - 監視継続中... (経過時間: 1992分)
2025-06-22 12:27:04,666 - pribot - INFO - 監視継続中... (経過時間: 1998分)
2025-06-22 12:28:04,670 - pribot - INFO - 監視継続中... (経過時間: 2004分)
2025-06-22 12:29:04,673 - pribot - INFO - 監視継続中... (経過時間: 2010分)
2025-06-22 12:30:04,677 - pribot - INFO - 監視継続中... (経過時間: 2016分)
2025-06-22 12:31:04,682 - pribot - INFO - 監視継続中... (経過時間: 2022分)
2025-06-22 12:32:04,686 - pribot - INFO - 監視継続中... (経過時間: 2028分)
2025-06-22 12:33:04,689 - pribot - INFO - 監視継続中... (経過時間: 2034分)
2025-06-22 12:34:04,694 - pribot - INFO - 監視継続中... (経過時間: 2040分)
2025-06-22 12:35:04,697 - pribot - INFO - 監視継続中... (経過時間: 2046分)
2025-06-22 12:36:04,702 - pribot - INFO - 監視継続中... (経過時間: 2052分)
2025-06-22 12:37:04,706 - pribot - INFO - 監視継続中... (経過時間: 2058分)
2025-06-22 12:38:04,710 - pribot - INFO - 監視継続中... (経過時間: 2064分)
2025-06-22 12:39:04,714 - pribot - INFO - 監視継続中... (経過時間: 2070分)
2025-06-22 12:40:04,719 - pribot - INFO - 監視継続中... (経過時間: 2076分)
2025-06-22 12:41:04,723 - pribot - INFO - 監視継続中... (経過時間: 2082分)
2025-06-22 12:42:04,728 - pribot - INFO - 監視継続中... (経過時間: 2088分)
2025-06-22 12:43:04,731 - pribot - INFO - 監視継続中... (経過時間: 2094分)
2025-06-22 12:44:04,735 - pribot - INFO - 監視継続中... (経過時間: 2100分)
2025-06-22 12:45:04,740 - pribot - INFO - 監視継続中... (経過時間: 2106分)
2025-06-22 12:46:04,744 - pribot - INFO - 監視継続中... (経過時間: 2112分)
2025-06-22 12:47:04,749 - pribot - INFO - 監視継続中... (経過時間: 2118分)
2025-06-22 12:48:04,752 - pribot - INFO - 監視継続中... (経過時間: 2124分)
2025-06-22 12:49:04,755 - pribot - INFO - 監視継続中... (経過時間: 2130分)
2025-06-22 12:50:04,760 - pribot - INFO - 監視継続中... (経過時間: 2136分)
2025-06-22 12:51:04,764 - pribot - INFO - 監視継続中... (経過時間: 2142分)
2025-06-22 12:52:04,768 - pribot - INFO - 監視継続中... (経過時間: 2148分)
2025-06-22 12:53:04,772 - pribot - INFO - 監視継続中... (経過時間: 2154分)
2025-06-22 12:54:04,776 - pribot - INFO - 監視継続中... (経過時間: 2160分)
2025-06-22 12:55:04,780 - pribot - INFO - 監視継続中... (経過時間: 2166分)
2025-06-22 12:56:04,785 - pribot - INFO - 監視継続中... (経過時間: 2172分)
2025-06-22 12:57:04,799 - pribot - INFO - 監視継続中... (経過時間: 2178分)
2025-06-22 12:58:04,809 - pribot - INFO - 監視継続中... (経過時間: 2184分)
2025-06-22 12:59:04,813 - pribot - INFO - 監視継続中... (経過時間: 2190分)
2025-06-22 13:00:04,817 - pribot - INFO - 監視継続中... (経過時間: 2196分)
2025-06-22 13:01:04,820 - pribot - INFO - 監視継続中... (経過時間: 2202分)
2025-06-22 13:02:04,825 - pribot - INFO - 監視継続中... (経過時間: 2208分)
2025-06-22 13:03:04,828 - pribot - INFO - 監視継続中... (経過時間: 2214分)
2025-06-22 13:04:04,832 - pribot - INFO - 監視継続中... (経過時間: 2220分)
2025-06-22 13:05:04,836 - pribot - INFO - 監視継続中... (経過時間: 2226分)
2025-06-22 13:06:04,839 - pribot - INFO - 監視継続中... (経過時間: 2232分)
2025-06-22 13:07:04,844 - pribot - INFO - 監視継続中... (経過時間: 2238分)
2025-06-22 13:08:04,849 - pribot - INFO - 監視継続中... (経過時間: 2244分)
2025-06-22 13:09:04,853 - pribot - INFO - 監視継続中... (経過時間: 2250分)
2025-06-22 13:10:04,858 - pribot - INFO - 監視継続中... (経過時間: 2256分)
2025-06-22 13:11:04,863 - pribot - INFO - 監視継続中... (経過時間: 2262分)
2025-06-22 13:12:04,866 - pribot - INFO - 監視継続中... (経過時間: 2268分)
2025-06-22 13:13:04,871 - pribot - INFO - 監視継続中... (経過時間: 2274分)
2025-06-22 13:14:04,875 - pribot - INFO - 監視継続中... (経過時間: 2280分)
2025-06-22 13:15:04,878 - pribot - INFO - 監視継続中... (経過時間: 2286分)
2025-06-22 13:16:04,883 - pribot - INFO - 監視継続中... (経過時間: 2292分)
2025-06-22 13:17:04,886 - pribot - INFO - 監視継続中... (経過時間: 2298分)
2025-06-22 13:18:04,891 - pribot - INFO - 監視継続中... (経過時間: 2304分)
2025-06-22 13:19:04,896 - pribot - INFO - 監視継続中... (経過時間: 2310分)
2025-06-22 13:20:04,900 - pribot - INFO - 監視継続中... (経過時間: 2316分)
2025-06-22 13:21:04,904 - pribot - INFO - 監視継続中... (経過時間: 2322分)
2025-06-22 13:22:04,908 - pribot - INFO - 監視継続中... (経過時間: 2328分)
2025-06-22 13:23:04,912 - pribot - INFO - 監視継続中... (経過時間: 2334分)
2025-06-22 13:24:04,915 - pribot - INFO - 監視継続中... (経過時間: 2340分)
2025-06-22 13:25:04,919 - pribot - INFO - 監視継続中... (経過時間: 2346分)
2025-06-22 13:26:04,923 - pribot - INFO - 監視継続中... (経過時間: 2352分)
2025-06-22 13:27:04,928 - pribot - INFO - 監視継続中... (経過時間: 2358分)
2025-06-22 13:28:04,931 - pribot - INFO - 監視継続中... (経過時間: 2364分)
2025-06-22 13:29:04,936 - pribot - INFO - 監視継続中... (経過時間: 2370分)
2025-06-22 13:30:04,940 - pribot - INFO - 監視継続中... (経過時間: 2376分)
2025-06-22 13:31:04,944 - pribot - INFO - 監視継続中... (経過時間: 2382分)
2025-06-22 13:32:04,948 - pribot - INFO - 監視継続中... (経過時間: 2388分)
2025-06-22 13:33:04,953 - pribot - INFO - 監視継続中... (経過時間: 2394分)
2025-06-22 13:34:04,957 - pribot - INFO - 監視継続中... (経過時間: 2400分)
2025-06-22 13:35:04,961 - pribot - INFO - 監視継続中... (経過時間: 2406分)
2025-06-22 13:36:04,964 - pribot - INFO - 監視継続中... (経過時間: 2412分)
2025-06-22 13:37:04,968 - pribot - INFO - 監視継続中... (経過時間: 2418分)
2025-06-22 13:38:04,971 - pribot - INFO - 監視継続中... (経過時間: 2424分)
2025-06-22 13:39:04,975 - pribot - INFO - 監視継続中... (経過時間: 2430分)
2025-06-22 13:40:04,979 - pribot - INFO - 監視継続中... (経過時間: 2436分)
2025-06-22 13:41:04,983 - pribot - INFO - 監視継続中... (経過時間: 2442分)
2025-06-22 13:42:04,986 - pribot - INFO - 監視継続中... (経過時間: 2448分)
2025-06-22 13:43:04,991 - pribot - INFO - 監視継続中... (経過時間: 2454分)
2025-06-22 13:44:04,995 - pribot - INFO - 監視継続中... (経過時間: 2460分)
2025-06-22 13:45:04,999 - pribot - INFO - 監視継続中... (経過時間: 2466分)
2025-06-22 13:46:05,002 - pribot - INFO - 監視継続中... (経過時間: 2472分)
2025-06-22 13:47:05,006 - pribot - INFO - 監視継続中... (経過時間: 2478分)
2025-06-22 13:48:05,010 - pribot - INFO - 監視継続中... (経過時間: 2484分)
2025-06-22 13:49:05,016 - pribot - INFO - 監視継続中... (経過時間: 2490分)
2025-06-22 13:50:05,021 - pribot - INFO - 監視継続中... (経過時間: 2496分)
2025-06-22 13:51:05,024 - pribot - INFO - 監視継続中... (経過時間: 2502分)
2025-06-22 13:52:05,026 - pribot - INFO - 監視継続中... (経過時間: 2508分)
2025-06-22 13:53:05,029 - pribot - INFO - 監視継続中... (経過時間: 2514分)
2025-06-22 13:54:05,033 - pribot - INFO - 監視継続中... (経過時間: 2520分)
2025-06-22 13:55:05,037 - pribot - INFO - 監視継続中... (経過時間: 2526分)
2025-06-22 13:56:05,040 - pribot - INFO - 監視継続中... (経過時間: 2532分)
2025-06-22 13:57:05,043 - pribot - INFO - 監視継続中... (経過時間: 2538分)
2025-06-22 13:58:05,046 - pribot - INFO - 監視継続中... (経過時間: 2544分)
2025-06-22 13:59:05,050 - pribot - INFO - 監視継続中... (経過時間: 2550分)
2025-06-22 14:00:05,053 - pribot - INFO - 監視継続中... (経過時間: 2556分)
2025-06-22 14:01:05,057 - pribot - INFO - 監視継続中... (経過時間: 2562分)
2025-06-22 14:02:05,060 - pribot - INFO - 監視継続中... (経過時間: 2568分)
2025-06-22 14:03:05,064 - pribot - INFO - 監視継続中... (経過時間: 2574分)
2025-06-22 14:04:05,068 - pribot - INFO - 監視継続中... (経過時間: 2580分)
2025-06-22 14:05:05,073 - pribot - INFO - 監視継続中... (経過時間: 2586分)
2025-06-22 14:06:05,077 - pribot - INFO - 監視継続中... (経過時間: 2592分)
2025-06-22 14:07:05,081 - pribot - INFO - 監視継続中... (経過時間: 2598分)
2025-06-22 14:08:05,085 - pribot - INFO - 監視継続中... (経過時間: 2604分)
2025-06-22 14:09:05,090 - pribot - INFO - 監視継続中... (経過時間: 2610分)
2025-06-22 14:10:05,094 - pribot - INFO - 監視継続中... (経過時間: 2616分)
2025-06-22 14:11:05,098 - pribot - INFO - 監視継続中... (経過時間: 2622分)
2025-06-22 14:12:05,101 - pribot - INFO - 監視継続中... (経過時間: 2628分)
2025-06-22 14:13:05,106 - pribot - INFO - 監視継続中... (経過時間: 2634分)
2025-06-22 14:14:05,110 - pribot - INFO - 監視継続中... (経過時間: 2640分)
2025-06-22 14:15:05,115 - pribot - INFO - 監視継続中... (経過時間: 2646分)
2025-06-22 14:16:05,118 - pribot - INFO - 監視継続中... (経過時間: 2652分)
2025-06-22 14:17:05,122 - pribot - INFO - 監視継続中... (経過時間: 2658分)
2025-06-22 14:18:05,126 - pribot - INFO - 監視継続中... (経過時間: 2664分)
2025-06-22 14:19:05,131 - pribot - INFO - 監視継続中... (経過時間: 2670分)
2025-06-22 14:20:05,136 - pribot - INFO - 監視継続中... (経過時間: 2676分)
2025-06-22 14:21:05,140 - pribot - INFO - 監視継続中... (経過時間: 2682分)
2025-06-22 14:22:05,145 - pribot - INFO - 監視継続中... (経過時間: 2688分)
2025-06-22 14:23:05,149 - pribot - INFO - 監視継続中... (経過時間: 2694分)
2025-06-22 14:24:05,153 - pribot - INFO - 監視継続中... (経過時間: 2700分)
2025-06-22 14:25:05,157 - pribot - INFO - 監視継続中... (経過時間: 2706分)
2025-06-22 14:26:05,160 - pribot - INFO - 監視継続中... (経過時間: 2712分)
2025-06-22 14:27:05,164 - pribot - INFO - 監視継続中... (経過時間: 2718分)
2025-06-22 14:28:05,166 - pribot - INFO - 監視継続中... (経過時間: 2724分)
2025-06-22 14:29:05,170 - pribot - INFO - 監視継続中... (経過時間: 2730分)
2025-06-22 14:30:05,172 - pribot - INFO - 監視継続中... (経過時間: 2736分)
2025-06-22 14:31:05,175 - pribot - INFO - 監視継続中... (経過時間: 2742分)
2025-06-22 14:32:05,177 - pribot - INFO - 監視継続中... (経過時間: 2748分)
2025-06-22 14:33:05,180 - pribot - INFO - 監視継続中... (経過時間: 2754分)
2025-06-22 14:34:05,183 - pribot - INFO - 監視継続中... (経過時間: 2760分)
2025-06-22 14:35:05,186 - pribot - INFO - 監視継続中... (経過時間: 2766分)
2025-06-22 14:36:05,189 - pribot - INFO - 監視継続中... (経過時間: 2772分)
2025-06-22 14:37:05,193 - pribot - INFO - 監視継続中... (経過時間: 2778分)
2025-06-22 14:38:05,196 - pribot - INFO - 監視継続中... (経過時間: 2784分)
2025-06-22 14:39:05,197 - pribot - INFO - 監視継続中... (経過時間: 2790分)
2025-06-22 14:40:05,201 - pribot - INFO - 監視継続中... (経過時間: 2796分)
2025-06-22 14:41:05,205 - pribot - INFO - 監視継続中... (経過時間: 2802分)
2025-06-22 14:42:05,208 - pribot - INFO - 監視継続中... (経過時間: 2808分)
2025-06-22 14:43:05,211 - pribot - INFO - 監視継続中... (経過時間: 2814分)
2025-06-22 14:44:05,215 - pribot - INFO - 監視継続中... (経過時間: 2820分)
2025-06-22 14:45:05,219 - pribot - INFO - 監視継続中... (経過時間: 2826分)
2025-06-22 14:46:05,223 - pribot - INFO - 監視継続中... (経過時間: 2832分)
2025-06-22 14:47:05,226 - pribot - INFO - 監視継続中... (経過時間: 2838分)
2025-06-22 14:48:05,229 - pribot - INFO - 監視継続中... (経過時間: 2844分)
2025-06-22 14:49:05,233 - pribot - INFO - 監視継続中... (経過時間: 2850分)
2025-06-22 14:50:05,237 - pribot - INFO - 監視継続中... (経過時間: 2856分)
2025-06-22 14:51:05,242 - pribot - INFO - 監視継続中... (経過時間: 2862分)
2025-06-22 14:52:05,247 - pribot - INFO - 監視継続中... (経過時間: 2868分)
2025-06-22 14:53:05,250 - pribot - INFO - 監視継続中... (経過時間: 2874分)
2025-06-22 14:54:05,254 - pribot - INFO - 監視継続中... (経過時間: 2880分)
2025-06-22 14:55:05,260 - pribot - INFO - 監視継続中... (経過時間: 2886分)
2025-06-22 14:56:05,263 - pribot - INFO - 監視継続中... (経過時間: 2892分)
2025-06-22 14:57:05,267 - pribot - INFO - 監視継続中... (経過時間: 2898分)
2025-06-22 14:58:05,270 - pribot - INFO - 監視継続中... (経過時間: 2904分)
2025-06-22 14:59:05,274 - pribot - INFO - 監視継続中... (経過時間: 2910分)
2025-06-22 15:00:05,278 - pribot - INFO - 監視継続中... (経過時間: 2916分)
2025-06-22 15:00:24,032 - pribot - INFO - 新しいPDFファイルを検出: 1750572011970&0&91x2pc2x&357ff737-a8ad-4f0a-880f-96d739303018.pdf
2025-06-22 15:00:24,034 - pribot - INFO - PDFファイルの処理を開始: 1750572011970&0&91x2pc2x&357ff737-a8ad-4f0a-880f-96d739303018.pdf
2025-06-22 15:00:24,654 - pribot - INFO - フォーマット識別: 診療費明細書 (ID: 4)
2025-06-22 15:00:24,654 - pribot - INFO - 抽出された医療機関名: いたがき総合診療クリニック
2025-06-22 15:00:24,654 - pribot - INFO - [成功] マッチング成功: いたがき総合診療クリニック
2025-06-22 15:00:24,654 - pribot - INFO - 振り分け先: いたがき総合診療クリニック -> .../いたがき総合診療クリニック/自動印刷 (設定: 0_共通)
2025-06-22 15:00:24,654 - pribot - INFO - [成功] ファイルを移動しました: 1750572011970&0&91x2pc2x&357ff737-a8ad-4f0a-880f-96d739303018.pdf -> .../自動印刷/1750572011970&0&91x2pc2x&357ff737-a8ad-4f0a-880f-96d739303018.pdf
2025-06-22 15:00:24,654 - pribot - INFO - PDFファイルの処理が完了しました: 1750572011970&0&91x2pc2x&357ff737-a8ad-4f0a-880f-96d739303018.pdf
2025-06-22 15:00:24,654 - pribot - INFO - 
2025-06-22 15:00:27,881 - pribot - INFO - 新しいPDFファイルを検出: 1750572018412&0&m8wkwbux&192e4d0d-b4a9-40a6-bb1c-790e67ff2261.pdf
2025-06-22 15:00:27,881 - pribot - INFO - PDFファイルの処理を開始: 1750572018412&0&m8wkwbux&192e4d0d-b4a9-40a6-bb1c-790e67ff2261.pdf
2025-06-22 15:00:28,595 - pribot - INFO - フォーマット識別: 診療費請求書兼領収書(縦) (ID: 1)
2025-06-22 15:00:28,595 - pribot - INFO - 抽出された医療機関名: いたがき総合診療クリニック
2025-06-22 15:00:28,595 - pribot - INFO - [成功] マッチング成功: いたがき総合診療クリニック
2025-06-22 15:00:28,595 - pribot - INFO - 振り分け先: いたがき総合診療クリニック -> .../いたがき総合診療クリニック/自動印刷 (設定: 0_共通)
2025-06-22 15:00:28,595 - pribot - INFO - [成功] ファイルを移動しました: 1750572018412&0&m8wkwbux&192e4d0d-b4a9-40a6-bb1c-790e67ff2261.pdf -> .../自動印刷/1750572018412&0&m8wkwbux&192e4d0d-b4a9-40a6-bb1c-790e67ff2261.pdf
2025-06-22 15:00:28,595 - pribot - INFO - PDFファイルの処理が完了しました: 1750572018412&0&m8wkwbux&192e4d0d-b4a9-40a6-bb1c-790e67ff2261.pdf
2025-06-22 15:00:28,595 - pribot - INFO - 
2025-06-22 15:00:37,359 - pribot - INFO - 新しいPDFファイルを検出: 1750572025817&0&7w2a048a&fee33332-5820-40b8-8279-eb2ebcb22ec5.pdf
2025-06-22 15:00:37,360 - pribot - INFO - PDFファイルの処理を開始: 1750572025817&0&7w2a048a&fee33332-5820-40b8-8279-eb2ebcb22ec5.pdf
2025-06-22 15:00:37,612 - pribot - INFO - フォーマット識別: 処方箋 (ID: 5)
2025-06-22 15:00:37,613 - pribot - INFO - 抽出された医療機関名: いたがき総合診療クリニック
2025-06-22 15:00:37,613 - pribot - INFO - [成功] マッチング成功: いたがき総合診療クリニック
2025-06-22 15:00:37,614 - pribot - INFO - 振り分け先: いたがき総合診療クリニック -> .../いたがき総合診療クリニック/自動印刷 (設定: 0_共通)
2025-06-22 15:00:37,615 - pribot - INFO - [成功] ファイルを移動しました: 1750572025817&0&7w2a048a&fee33332-5820-40b8-8279-eb2ebcb22ec5.pdf -> .../自動印刷/1750572025817&0&7w2a048a&fee33332-5820-40b8-8279-eb2ebcb22ec5.pdf
2025-06-22 15:00:37,615 - pribot - INFO - PDFファイルの処理が完了しました: 1750572025817&0&7w2a048a&fee33332-5820-40b8-8279-eb2ebcb22ec5.pdf
2025-06-22 15:00:37,615 - pribot - INFO - 
2025-06-22 15:01:05,282 - pribot - INFO - 監視継続中... (経過時間: 2922分)
2025-06-22 15:02:05,286 - pribot - INFO - 監視継続中... (経過時間: 2928分)
2025-06-22 15:03:05,291 - pribot - INFO - 監視継続中... (経過時間: 2934分)
2025-06-22 15:04:05,301 - pribot - INFO - 監視継続中... (経過時間: 2940分)
2025-06-22 15:05:05,306 - pribot - INFO - 監視継続中... (経過時間: 2946分)
2025-06-22 15:06:05,310 - pribot - INFO - 監視継続中... (経過時間: 2952分)
2025-06-22 15:07:05,315 - pribot - INFO - 監視継続中... (経過時間: 2958分)
2025-06-22 15:08:05,319 - pribot - INFO - 監視継続中... (経過時間: 2964分)
2025-06-22 15:09:05,323 - pribot - INFO - 監視継続中... (経過時間: 2970分)
2025-06-22 15:10:05,327 - pribot - INFO - 監視継続中... (経過時間: 2976分)
2025-06-22 15:11:05,331 - pribot - INFO - 監視継続中... (経過時間: 2982分)
2025-06-22 15:12:05,335 - pribot - INFO - 監視継続中... (経過時間: 2988分)
2025-06-22 15:13:05,340 - pribot - INFO - 監視継続中... (経過時間: 2994分)
2025-06-22 15:14:05,343 - pribot - INFO - 監視継続中... (経過時間: 3000分)
2025-06-22 15:15:05,347 - pribot - INFO - 監視継続中... (経過時間: 3006分)
2025-06-22 15:16:05,351 - pribot - INFO - 監視継続中... (経過時間: 3012分)
2025-06-22 15:17:05,355 - pribot - INFO - 監視継続中... (経過時間: 3018分)
2025-06-22 15:18:02,643 - pribot - INFO - 新しいPDFファイルを検出: 1750573072274&0&odzp6zma&572aa91e-b27c-4801-a870-0a0040a2dd00.pdf
2025-06-22 15:18:02,644 - pribot - INFO - PDFファイルの処理を開始: 1750573072274&0&odzp6zma&572aa91e-b27c-4801-a870-0a0040a2dd00.pdf
2025-06-22 15:18:02,815 - pribot - INFO - フォーマット識別: 診療費明細書 (ID: 4)
2025-06-22 15:18:02,816 - pribot - INFO - 抽出された医療機関名: いたがき総合診療クリニック
2025-06-22 15:18:02,816 - pribot - INFO - [成功] マッチング成功: いたがき総合診療クリニック
2025-06-22 15:18:02,816 - pribot - INFO - 振り分け先: いたがき総合診療クリニック -> .../いたがき総合診療クリニック/自動印刷 (設定: 0_共通)
2025-06-22 15:18:02,816 - pribot - INFO - [成功] ファイルを移動しました: 1750573072274&0&odzp6zma&572aa91e-b27c-4801-a870-0a0040a2dd00.pdf -> .../自動印刷/1750573072274&0&odzp6zma&572aa91e-b27c-4801-a870-0a0040a2dd00.pdf
2025-06-22 15:18:02,816 - pribot - INFO - PDFファイルの処理が完了しました: 1750573072274&0&odzp6zma&572aa91e-b27c-4801-a870-0a0040a2dd00.pdf
2025-06-22 15:18:02,816 - pribot - INFO - 
2025-06-22 15:18:05,358 - pribot - INFO - 監視継続中... (経過時間: 3024分)
2025-06-22 15:18:15,787 - pribot - INFO - 新しいPDFファイルを検出: 1750573086841&0&eflmpepy&5cc791c5-95bc-455a-9dec-d20bb2a4f507.pdf
2025-06-22 15:18:15,787 - pribot - INFO - PDFファイルの処理を開始: 1750573086841&0&eflmpepy&5cc791c5-95bc-455a-9dec-d20bb2a4f507.pdf
2025-06-22 15:18:15,899 - pribot - INFO - フォーマット識別: 診療費請求書兼領収書(縦) (ID: 1)
2025-06-22 15:18:15,899 - pribot - INFO - 抽出された医療機関名: いたがき総合診療クリニック
2025-06-22 15:18:15,907 - pribot - INFO - [成功] マッチング成功: いたがき総合診療クリニック
2025-06-22 15:18:15,907 - pribot - INFO - 振り分け先: いたがき総合診療クリニック -> .../いたがき総合診療クリニック/自動印刷 (設定: 0_共通)
2025-06-22 15:18:15,908 - pribot - INFO - [成功] ファイルを移動しました: 1750573086841&0&eflmpepy&5cc791c5-95bc-455a-9dec-d20bb2a4f507.pdf -> .../自動印刷/1750573086841&0&eflmpepy&5cc791c5-95bc-455a-9dec-d20bb2a4f507.pdf
2025-06-22 15:18:15,909 - pribot - INFO - PDFファイルの処理が完了しました: 1750573086841&0&eflmpepy&5cc791c5-95bc-455a-9dec-d20bb2a4f507.pdf
2025-06-22 15:18:15,909 - pribot - INFO - 
2025-06-22 15:18:21,418 - pribot - INFO - 新しいPDFファイルを検出: 1750573091834&0&7s6qr6ky&58586003-16f0-48b1-b6fe-ef9384e6a94a.pdf
2025-06-22 15:18:21,418 - pribot - INFO - PDFファイルの処理を開始: 1750573091834&0&7s6qr6ky&58586003-16f0-48b1-b6fe-ef9384e6a94a.pdf
2025-06-22 15:18:21,608 - pribot - INFO - フォーマット識別: 処方箋 (ID: 5)
2025-06-22 15:18:21,611 - pribot - INFO - 抽出された医療機関名: いたがき総合診療クリニック
2025-06-22 15:18:21,611 - pribot - INFO - [成功] マッチング成功: いたがき総合診療クリニック
2025-06-22 15:18:21,612 - pribot - INFO - 振り分け先: いたがき総合診療クリニック -> .../いたがき総合診療クリニック/自動印刷 (設定: 0_共通)
2025-06-22 15:18:21,612 - pribot - INFO - [成功] ファイルを移動しました: 1750573091834&0&7s6qr6ky&58586003-16f0-48b1-b6fe-ef9384e6a94a.pdf -> .../自動印刷/1750573091834&0&7s6qr6ky&58586003-16f0-48b1-b6fe-ef9384e6a94a.pdf
2025-06-22 15:18:21,613 - pribot - INFO - PDFファイルの処理が完了しました: 1750573091834&0&7s6qr6ky&58586003-16f0-48b1-b6fe-ef9384e6a94a.pdf
2025-06-22 15:18:21,613 - pribot - INFO - 
2025-06-22 15:19:05,363 - pribot - INFO - 監視継続中... (経過時間: 3030分)
2025-06-22 15:20:05,366 - pribot - INFO - 監視継続中... (経過時間: 3036分)
2025-06-22 15:21:05,371 - pribot - INFO - 監視継続中... (経過時間: 3042分)
2025-06-22 15:22:05,375 - pribot - INFO - 監視継続中... (経過時間: 3048分)
2025-06-22 15:23:05,379 - pribot - INFO - 監視継続中... (経過時間: 3054分)
2025-06-22 15:24:05,381 - pribot - INFO - 監視継続中... (経過時間: 3060分)
2025-06-22 15:25:05,386 - pribot - INFO - 監視継続中... (経過時間: 3066分)
2025-06-22 15:26:05,390 - pribot - INFO - 監視継続中... (経過時間: 3072分)
2025-06-22 15:27:05,395 - pribot - INFO - 監視継続中... (経過時間: 3078分)
2025-06-22 15:28:05,398 - pribot - INFO - 監視継続中... (経過時間: 3084分)
2025-06-22 15:29:05,401 - pribot - INFO - 監視継続中... (経過時間: 3090分)
2025-06-22 15:30:05,404 - pribot - INFO - 監視継続中... (経過時間: 3096分)
2025-06-22 15:31:05,408 - pribot - INFO - 監視継続中... (経過時間: 3102分)
2025-06-22 15:32:05,412 - pribot - INFO - 監視継続中... (経過時間: 3108分)
2025-06-22 15:33:05,415 - pribot - INFO - 監視継続中... (経過時間: 3114分)
2025-06-22 15:33:40,805 - pribot - INFO - 新しいPDFファイルを検出: 1750574011205&0&wylxnam6&e37c0817-d782-4135-9b2c-a750b2e871e0.pdf
2025-06-22 15:33:40,805 - pribot - INFO - PDFファイルの処理を開始: 1750574011205&0&wylxnam6&e37c0817-d782-4135-9b2c-a750b2e871e0.pdf
2025-06-22 15:33:40,911 - pribot - INFO - フォーマット識別: 診療費明細書 (ID: 4)
2025-06-22 15:33:40,911 - pribot - INFO - 抽出された医療機関名: いたがき総合診療クリニック
2025-06-22 15:33:40,927 - pribot - INFO - [成功] マッチング成功: いたがき総合診療クリニック
2025-06-22 15:33:40,927 - pribot - INFO - 振り分け先: いたがき総合診療クリニック -> .../いたがき総合診療クリニック/自動印刷 (設定: 0_共通)
2025-06-22 15:33:40,928 - pribot - INFO - [成功] ファイルを移動しました: 1750574011205&0&wylxnam6&e37c0817-d782-4135-9b2c-a750b2e871e0.pdf -> .../自動印刷/1750574011205&0&wylxnam6&e37c0817-d782-4135-9b2c-a750b2e871e0.pdf
2025-06-22 15:33:40,928 - pribot - INFO - PDFファイルの処理が完了しました: 1750574011205&0&wylxnam6&e37c0817-d782-4135-9b2c-a750b2e871e0.pdf
2025-06-22 15:33:40,928 - pribot - INFO - 
2025-06-22 15:33:45,600 - pribot - INFO - 新しいPDFファイルを検出: 1750574016265&0&v7nlvoor&822850c9-1246-471f-a207-c561df99b86b.pdf
2025-06-22 15:33:45,600 - pribot - INFO - PDFファイルの処理を開始: 1750574016265&0&v7nlvoor&822850c9-1246-471f-a207-c561df99b86b.pdf
2025-06-22 15:33:45,677 - pribot - INFO - フォーマット識別: 診療費請求書兼領収書(縦) (ID: 1)
2025-06-22 15:33:45,677 - pribot - INFO - 抽出された医療機関名: いたがき総合診療クリニック
2025-06-22 15:33:45,677 - pribot - INFO - [成功] マッチング成功: いたがき総合診療クリニック
2025-06-22 15:33:45,677 - pribot - INFO - 振り分け先: いたがき総合診療クリニック -> .../いたがき総合診療クリニック/自動印刷 (設定: 0_共通)
2025-06-22 15:33:45,677 - pribot - INFO - [成功] ファイルを移動しました: 1750574016265&0&v7nlvoor&822850c9-1246-471f-a207-c561df99b86b.pdf -> .../自動印刷/1750574016265&0&v7nlvoor&822850c9-1246-471f-a207-c561df99b86b.pdf
2025-06-22 15:33:45,677 - pribot - INFO - PDFファイルの処理が完了しました: 1750574016265&0&v7nlvoor&822850c9-1246-471f-a207-c561df99b86b.pdf
2025-06-22 15:33:45,677 - pribot - INFO - 
2025-06-22 15:33:51,661 - pribot - INFO - 新しいPDFファイルを検出: 1750574021692&0&863cht0z&eabbaa6e-cfda-4313-aeb9-1cce77d7a9ac.pdf
2025-06-22 15:33:51,661 - pribot - INFO - PDFファイルの処理を開始: 1750574021692&0&863cht0z&eabbaa6e-cfda-4313-aeb9-1cce77d7a9ac.pdf
2025-06-22 15:33:51,810 - pribot - INFO - フォーマット識別: 処方箋 (ID: 5)
2025-06-22 15:33:51,811 - pribot - INFO - 抽出された医療機関名: いたがき総合診療クリニック
2025-06-22 15:33:51,812 - pribot - INFO - [成功] マッチング成功: いたがき総合診療クリニック
2025-06-22 15:33:51,812 - pribot - INFO - 振り分け先: いたがき総合診療クリニック -> .../いたがき総合診療クリニック/自動印刷 (設定: 0_共通)
2025-06-22 15:33:51,813 - pribot - INFO - [成功] ファイルを移動しました: 1750574021692&0&863cht0z&eabbaa6e-cfda-4313-aeb9-1cce77d7a9ac.pdf -> .../自動印刷/1750574021692&0&863cht0z&eabbaa6e-cfda-4313-aeb9-1cce77d7a9ac.pdf
2025-06-22 15:33:51,813 - pribot - INFO - PDFファイルの処理が完了しました: 1750574021692&0&863cht0z&eabbaa6e-cfda-4313-aeb9-1cce77d7a9ac.pdf
2025-06-22 15:33:51,814 - pribot - INFO - 
2025-06-22 15:34:05,419 - pribot - INFO - 監視継続中... (経過時間: 3120分)
2025-06-22 15:35:05,421 - pribot - INFO - 監視継続中... (経過時間: 3126分)
2025-06-22 15:36:05,426 - pribot - INFO - 監視継続中... (経過時間: 3132分)
2025-06-22 15:37:05,429 - pribot - INFO - 監視継続中... (経過時間: 3138分)
2025-06-22 15:38:05,433 - pribot - INFO - 監視継続中... (経過時間: 3144分)
2025-06-22 15:39:05,437 - pribot - INFO - 監視継続中... (経過時間: 3150分)
2025-06-22 15:40:05,440 - pribot - INFO - 監視継続中... (経過時間: 3156分)
2025-06-22 15:41:05,443 - pribot - INFO - 監視継続中... (経過時間: 3162分)
2025-06-22 15:42:05,447 - pribot - INFO - 監視継続中... (経過時間: 3168分)
2025-06-22 15:43:05,451 - pribot - INFO - 監視継続中... (経過時間: 3174分)
2025-06-22 15:44:05,454 - pribot - INFO - 監視継続中... (経過時間: 3180分)
2025-06-22 15:45:05,458 - pribot - INFO - 監視継続中... (経過時間: 3186分)
2025-06-22 15:46:05,462 - pribot - INFO - 監視継続中... (経過時間: 3192分)
2025-06-22 15:47:05,466 - pribot - INFO - 監視継続中... (経過時間: 3198分)
2025-06-22 15:48:05,471 - pribot - INFO - 監視継続中... (経過時間: 3204分)
2025-06-22 15:49:05,475 - pribot - INFO - 監視継続中... (経過時間: 3210分)
2025-06-22 15:50:05,480 - pribot - INFO - 監視継続中... (経過時間: 3216分)
2025-06-22 15:51:05,483 - pribot - INFO - 監視継続中... (経過時間: 3222分)
2025-06-22 15:52:05,486 - pribot - INFO - 監視継続中... (経過時間: 3228分)
2025-06-22 15:53:05,490 - pribot - INFO - 監視継続中... (経過時間: 3234分)
2025-06-22 15:54:05,494 - pribot - INFO - 監視継続中... (経過時間: 3240分)
2025-06-22 15:55:05,498 - pribot - INFO - 監視継続中... (経過時間: 3246分)
2025-06-22 15:56:05,503 - pribot - INFO - 監視継続中... (経過時間: 3252分)
2025-06-22 15:57:05,507 - pribot - INFO - 監視継続中... (経過時間: 3258分)
2025-06-22 15:58:05,511 - pribot - INFO - 監視継続中... (経過時間: 3264分)
2025-06-22 15:59:05,515 - pribot - INFO - 監視継続中... (経過時間: 3270分)
2025-06-22 16:00:05,518 - pribot - INFO - 監視継続中... (経過時間: 3276分)
2025-06-22 16:01:05,522 - pribot - INFO - 監視継続中... (経過時間: 3282分)
2025-06-22 16:02:05,525 - pribot - INFO - 監視継続中... (経過時間: 3288分)
2025-06-22 16:03:05,530 - pribot - INFO - 監視継続中... (経過時間: 3294分)
2025-06-22 16:04:05,534 - pribot - INFO - 監視継続中... (経過時間: 3300分)
2025-06-22 16:05:05,538 - pribot - INFO - 監視継続中... (経過時間: 3306分)
2025-06-22 16:06:05,544 - pribot - INFO - 監視継続中... (経過時間: 3312分)
2025-06-22 16:07:05,547 - pribot - INFO - 監視継続中... (経過時間: 3318分)
2025-06-22 16:08:05,551 - pribot - INFO - 監視継続中... (経過時間: 3324分)
2025-06-22 16:09:05,555 - pribot - INFO - 監視継続中... (経過時間: 3330分)
2025-06-22 16:09:58,853 - pribot - INFO - 新しいPDFファイルを検出: 1750576188449&0&ce5qwwlw&4aebac45-4485-4c28-97e4-5ceeae0ff4ef.pdf
2025-06-22 16:09:58,856 - pribot - INFO - PDFファイルの処理を開始: 1750576188449&0&ce5qwwlw&4aebac45-4485-4c28-97e4-5ceeae0ff4ef.pdf
2025-06-22 16:09:59,049 - pribot - INFO - フォーマット識別: 診療費明細書 (ID: 4)
2025-06-22 16:09:59,049 - pribot - INFO - 抽出された医療機関名: いたがき総合診療クリニック
2025-06-22 16:09:59,049 - pribot - INFO - [成功] マッチング成功: いたがき総合診療クリニック
2025-06-22 16:09:59,049 - pribot - INFO - 振り分け先: いたがき総合診療クリニック -> .../いたがき総合診療クリニック/自動印刷 (設定: 0_共通)
2025-06-22 16:09:59,049 - pribot - INFO - [成功] ファイルを移動しました: 1750576188449&0&ce5qwwlw&4aebac45-4485-4c28-97e4-5ceeae0ff4ef.pdf -> .../自動印刷/1750576188449&0&ce5qwwlw&4aebac45-4485-4c28-97e4-5ceeae0ff4ef.pdf
2025-06-22 16:09:59,049 - pribot - INFO - PDFファイルの処理が完了しました: 1750576188449&0&ce5qwwlw&4aebac45-4485-4c28-97e4-5ceeae0ff4ef.pdf
2025-06-22 16:09:59,049 - pribot - INFO - 
2025-06-22 16:10:03,578 - pribot - INFO - 新しいPDFファイルを検出: 1750576194706&0&ujhlasqt&1859762e-521d-4d25-ba58-682f6a8b4e6a.pdf
2025-06-22 16:10:03,578 - pribot - INFO - PDFファイルの処理を開始: 1750576194706&0&ujhlasqt&1859762e-521d-4d25-ba58-682f6a8b4e6a.pdf
2025-06-22 16:10:03,735 - pribot - INFO - フォーマット識別: 診療費請求書兼領収書(縦) (ID: 1)
2025-06-22 16:10:03,735 - pribot - INFO - 抽出された医療機関名: いたがき総合診療クリニック
2025-06-22 16:10:03,735 - pribot - INFO - [成功] マッチング成功: いたがき総合診療クリニック
2025-06-22 16:10:03,735 - pribot - INFO - 振り分け先: いたがき総合診療クリニック -> .../いたがき総合診療クリニック/自動印刷 (設定: 0_共通)
2025-06-22 16:10:03,743 - pribot - INFO - [成功] ファイルを移動しました: 1750576194706&0&ujhlasqt&1859762e-521d-4d25-ba58-682f6a8b4e6a.pdf -> .../自動印刷/1750576194706&0&ujhlasqt&1859762e-521d-4d25-ba58-682f6a8b4e6a.pdf
2025-06-22 16:10:03,743 - pribot - INFO - PDFファイルの処理が完了しました: 1750576194706&0&ujhlasqt&1859762e-521d-4d25-ba58-682f6a8b4e6a.pdf
2025-06-22 16:10:03,743 - pribot - INFO - 
2025-06-22 16:10:05,559 - pribot - INFO - 監視継続中... (経過時間: 3336分)
2025-06-22 16:10:09,018 - pribot - INFO - 新しいPDFファイルを検出: 1750576199849&0&amdlag9s&66f74026-c0fc-42f2-96bf-54b8de47c734.pdf
2025-06-22 16:10:09,018 - pribot - INFO - PDFファイルの処理を開始: 1750576199849&0&amdlag9s&66f74026-c0fc-42f2-96bf-54b8de47c734.pdf
2025-06-22 16:10:09,147 - pribot - INFO - フォーマット識別: 処方箋 (ID: 5)
2025-06-22 16:10:09,149 - pribot - INFO - 抽出された医療機関名: いたがき総合診療クリニック
2025-06-22 16:10:09,149 - pribot - INFO - [成功] マッチング成功: いたがき総合診療クリニック
2025-06-22 16:10:09,149 - pribot - INFO - 振り分け先: いたがき総合診療クリニック -> .../いたがき総合診療クリニック/自動印刷 (設定: 0_共通)
2025-06-22 16:10:09,151 - pribot - INFO - [成功] ファイルを移動しました: 1750576199849&0&amdlag9s&66f74026-c0fc-42f2-96bf-54b8de47c734.pdf -> .../自動印刷/1750576199849&0&amdlag9s&66f74026-c0fc-42f2-96bf-54b8de47c734.pdf
2025-06-22 16:10:09,151 - pribot - INFO - PDFファイルの処理が完了しました: 1750576199849&0&amdlag9s&66f74026-c0fc-42f2-96bf-54b8de47c734.pdf
2025-06-22 16:10:09,151 - pribot - INFO - 
2025-06-22 16:11:05,563 - pribot - INFO - 監視継続中... (経過時間: 3342分)
2025-06-22 16:12:05,568 - pribot - INFO - 監視継続中... (経過時間: 3348分)
2025-06-22 16:13:05,573 - pribot - INFO - 監視継続中... (経過時間: 3354分)
2025-06-22 16:14:05,577 - pribot - INFO - 監視継続中... (経過時間: 3360分)
2025-06-22 16:15:05,581 - pribot - INFO - 監視継続中... (経過時間: 3366分)
2025-06-22 16:16:05,585 - pribot - INFO - 監視継続中... (経過時間: 3372分)
2025-06-22 16:17:05,589 - pribot - INFO - 監視継続中... (経過時間: 3378分)
2025-06-22 16:18:05,592 - pribot - INFO - 監視継続中... (経過時間: 3384分)
2025-06-22 16:19:05,597 - pribot - INFO - 監視継続中... (経過時間: 3390分)
2025-06-22 16:20:05,600 - pribot - INFO - 監視継続中... (経過時間: 3396分)
2025-06-22 16:21:05,604 - pribot - INFO - 監視継続中... (経過時間: 3402分)
2025-06-22 16:22:05,608 - pribot - INFO - 監視継続中... (経過時間: 3408分)
2025-06-22 16:23:05,612 - pribot - INFO - 監視継続中... (経過時間: 3414分)
2025-06-22 16:24:05,616 - pribot - INFO - 監視継続中... (経過時間: 3420分)
2025-06-22 16:25:05,620 - pribot - INFO - 監視継続中... (経過時間: 3426分)
2025-06-22 16:26:05,624 - pribot - INFO - 監視継続中... (経過時間: 3432分)
2025-06-22 16:27:05,627 - pribot - INFO - 監視継続中... (経過時間: 3438分)
2025-06-22 16:28:05,631 - pribot - INFO - 監視継続中... (経過時間: 3444分)
2025-06-22 16:29:05,635 - pribot - INFO - 監視継続中... (経過時間: 3450分)
2025-06-22 16:30:05,641 - pribot - INFO - 監視継続中... (経過時間: 3456分)
2025-06-22 16:31:05,645 - pribot - INFO - 監視継続中... (経過時間: 3462分)
2025-06-22 16:32:05,649 - pribot - INFO - 監視継続中... (経過時間: 3468分)
2025-06-22 16:33:05,654 - pribot - INFO - 監視継続中... (経過時間: 3474分)
2025-06-22 16:34:05,659 - pribot - INFO - 監視継続中... (経過時間: 3480分)
2025-06-22 16:35:05,663 - pribot - INFO - 監視継続中... (経過時間: 3486分)
2025-06-22 16:36:05,667 - pribot - INFO - 監視継続中... (経過時間: 3492分)
2025-06-22 16:37:05,671 - pribot - INFO - 監視継続中... (経過時間: 3498分)
2025-06-22 16:38:05,675 - pribot - INFO - 監視継続中... (経過時間: 3504分)
2025-06-22 16:39:05,679 - pribot - INFO - 監視継続中... (経過時間: 3510分)
2025-06-22 16:40:05,683 - pribot - INFO - 監視継続中... (経過時間: 3516分)
2025-06-22 16:40:58,071 - pribot - INFO - 新しいPDFファイルを検出: 1750578048031&0&qtpwx959&191c9f71-adae-4835-8e66-5489f1c0f09d.pdf
2025-06-22 16:40:58,071 - pribot - INFO - PDFファイルの処理を開始: 1750578048031&0&qtpwx959&191c9f71-adae-4835-8e66-5489f1c0f09d.pdf
2025-06-22 16:40:59,153 - pribot - INFO - フォーマット識別: 診療費明細書 (ID: 4)
2025-06-22 16:40:59,154 - pribot - INFO - 抽出された医療機関名: いたがき総合診療クリニック
2025-06-22 16:40:59,154 - pribot - INFO - [成功] マッチング成功: いたがき総合診療クリニック
2025-06-22 16:40:59,154 - pribot - INFO - 振り分け先: いたがき総合診療クリニック -> .../いたがき総合診療クリニック/自動印刷 (設定: 0_共通)
2025-06-22 16:40:59,155 - pribot - INFO - [成功] ファイルを移動しました: 1750578048031&0&qtpwx959&191c9f71-adae-4835-8e66-5489f1c0f09d.pdf -> .../自動印刷/1750578048031&0&qtpwx959&191c9f71-adae-4835-8e66-5489f1c0f09d.pdf
2025-06-22 16:40:59,156 - pribot - INFO - PDFファイルの処理が完了しました: 1750578048031&0&qtpwx959&191c9f71-adae-4835-8e66-5489f1c0f09d.pdf
2025-06-22 16:40:59,156 - pribot - INFO - 
2025-06-22 16:41:04,879 - pribot - INFO - 新しいPDFファイルを検出: 1750578055221&0&mdkz077s&a524421c-ef83-4b80-9a9c-c0c13bc83dca.pdf
2025-06-22 16:41:04,880 - pribot - INFO - PDFファイルの処理を開始: 1750578055221&0&mdkz077s&a524421c-ef83-4b80-9a9c-c0c13bc83dca.pdf
2025-06-22 16:41:05,687 - pribot - INFO - 監視継続中... (経過時間: 3522分)
2025-06-22 16:41:05,687 - pribot - INFO - 監視フォルダ内PDFファイル: 1件
2025-06-22 16:41:06,378 - pribot - INFO - フォーマット識別: 診療費請求書兼領収書(縦) (ID: 1)
2025-06-22 16:41:06,390 - pribot - INFO - 抽出された医療機関名: いたがき総合診療クリニック
2025-06-22 16:41:06,390 - pribot - INFO - [成功] マッチング成功: いたがき総合診療クリニック
2025-06-22 16:41:06,390 - pribot - INFO - 振り分け先: いたがき総合診療クリニック -> .../いたがき総合診療クリニック/自動印刷 (設定: 0_共通)
2025-06-22 16:41:06,390 - pribot - INFO - [成功] ファイルを移動しました: 1750578055221&0&mdkz077s&a524421c-ef83-4b80-9a9c-c0c13bc83dca.pdf -> .../自動印刷/1750578055221&0&mdkz077s&a524421c-ef83-4b80-9a9c-c0c13bc83dca.pdf
2025-06-22 16:41:06,390 - pribot - INFO - PDFファイルの処理が完了しました: 1750578055221&0&mdkz077s&a524421c-ef83-4b80-9a9c-c0c13bc83dca.pdf
2025-06-22 16:41:06,390 - pribot - INFO - 
2025-06-22 16:41:10,839 - pribot - INFO - 新しいPDFファイルを検出: 1750578061088&0&chhhiqve&bb31cf2d-c3c0-46f6-819e-ff685c03102e.pdf
2025-06-22 16:41:10,840 - pribot - INFO - PDFファイルの処理を開始: 1750578061088&0&chhhiqve&bb31cf2d-c3c0-46f6-819e-ff685c03102e.pdf
2025-06-22 16:41:10,964 - pribot - INFO - フォーマット識別: 処方箋 (ID: 5)
2025-06-22 16:41:10,966 - pribot - INFO - 抽出された医療機関名: いたがき総合診療クリニック
2025-06-22 16:41:10,966 - pribot - INFO - [成功] マッチング成功: いたがき総合診療クリニック
2025-06-22 16:41:10,966 - pribot - INFO - 振り分け先: いたがき総合診療クリニック -> .../いたがき総合診療クリニック/自動印刷 (設定: 0_共通)
2025-06-22 16:41:10,966 - pribot - INFO - [成功] ファイルを移動しました: 1750578061088&0&chhhiqve&bb31cf2d-c3c0-46f6-819e-ff685c03102e.pdf -> .../自動印刷/1750578061088&0&chhhiqve&bb31cf2d-c3c0-46f6-819e-ff685c03102e.pdf
2025-06-22 16:41:10,967 - pribot - INFO - PDFファイルの処理が完了しました: 1750578061088&0&chhhiqve&bb31cf2d-c3c0-46f6-819e-ff685c03102e.pdf
2025-06-22 16:41:10,967 - pribot - INFO - 
2025-06-22 16:42:05,692 - pribot - INFO - 監視継続中... (経過時間: 3528分)
2025-06-22 16:43:05,696 - pribot - INFO - 監視継続中... (経過時間: 3534分)
2025-06-22 16:44:05,700 - pribot - INFO - 監視継続中... (経過時間: 3540分)
2025-06-22 16:45:05,705 - pribot - INFO - 監視継続中... (経過時間: 3546分)
2025-06-22 16:46:05,710 - pribot - INFO - 監視継続中... (経過時間: 3552分)
2025-06-22 16:47:05,714 - pribot - INFO - 監視継続中... (経過時間: 3558分)
2025-06-22 16:48:05,719 - pribot - INFO - 監視継続中... (経過時間: 3564分)
2025-06-22 16:49:05,723 - pribot - INFO - 監視継続中... (経過時間: 3570分)
2025-06-22 16:50:05,727 - pribot - INFO - 監視継続中... (経過時間: 3576分)
2025-06-22 16:51:05,732 - pribot - INFO - 監視継続中... (経過時間: 3582分)
2025-06-22 16:52:05,736 - pribot - INFO - 監視継続中... (経過時間: 3588分)
2025-06-22 16:53:05,740 - pribot - INFO - 監視継続中... (経過時間: 3594分)
2025-06-22 16:54:05,745 - pribot - INFO - 監視継続中... (経過時間: 3600分)
2025-06-22 16:55:05,749 - pribot - INFO - 監視継続中... (経過時間: 3606分)
2025-06-22 16:56:05,753 - pribot - INFO - 監視継続中... (経過時間: 3612分)
2025-06-22 16:57:05,756 - pribot - INFO - 監視継続中... (経過時間: 3618分)
2025-06-22 16:58:05,760 - pribot - INFO - 監視継続中... (経過時間: 3624分)
2025-06-22 16:59:05,764 - pribot - INFO - 監視継続中... (経過時間: 3630分)
2025-06-22 17:00:05,769 - pribot - INFO - 監視継続中... (経過時間: 3636分)
2025-06-22 17:01:05,772 - pribot - INFO - 監視継続中... (経過時間: 3642分)
2025-06-22 17:02:05,777 - pribot - INFO - 監視継続中... (経過時間: 3648分)
2025-06-22 17:03:05,781 - pribot - INFO - 監視継続中... (経過時間: 3654分)
2025-06-22 17:04:05,785 - pribot - INFO - 監視継続中... (経過時間: 3660分)
2025-06-22 17:05:05,789 - pribot - INFO - 監視継続中... (経過時間: 3666分)
2025-06-22 17:06:05,793 - pribot - INFO - 監視継続中... (経過時間: 3672分)
2025-06-22 17:07:05,797 - pribot - INFO - 監視継続中... (経過時間: 3678分)
2025-06-22 17:08:05,802 - pribot - INFO - 監視継続中... (経過時間: 3684分)
2025-06-22 17:09:05,807 - pribot - INFO - 監視継続中... (経過時間: 3690分)
2025-06-22 17:10:05,812 - pribot - INFO - 監視継続中... (経過時間: 3696分)
2025-06-22 17:11:05,816 - pribot - INFO - 監視継続中... (経過時間: 3702分)
2025-06-22 17:12:05,820 - pribot - INFO - 監視継続中... (経過時間: 3708分)
2025-06-22 17:13:05,824 - pribot - INFO - 監視継続中... (経過時間: 3714分)
2025-06-22 17:14:05,829 - pribot - INFO - 監視継続中... (経過時間: 3720分)
2025-06-22 17:15:05,833 - pribot - INFO - 監視継続中... (経過時間: 3726分)
2025-06-22 17:16:05,838 - pribot - INFO - 監視継続中... (経過時間: 3732分)
2025-06-22 17:17:05,841 - pribot - INFO - 監視継続中... (経過時間: 3738分)
2025-06-22 17:18:05,845 - pribot - INFO - 監視継続中... (経過時間: 3744分)
2025-06-22 17:19:05,850 - pribot - INFO - 監視継続中... (経過時間: 3750分)
2025-06-22 17:20:05,854 - pribot - INFO - 監視継続中... (経過時間: 3756分)
2025-06-22 17:21:05,858 - pribot - INFO - 監視継続中... (経過時間: 3762分)
2025-06-22 17:22:05,862 - pribot - INFO - 監視継続中... (経過時間: 3768分)
2025-06-22 17:23:05,866 - pribot - INFO - 監視継続中... (経過時間: 3774分)
2025-06-22 17:24:05,870 - pribot - INFO - 監視継続中... (経過時間: 3780分)
2025-06-22 17:25:05,873 - pribot - INFO - 監視継続中... (経過時間: 3786分)
2025-06-22 17:26:05,878 - pribot - INFO - 監視継続中... (経過時間: 3792分)
2025-06-22 17:27:05,882 - pribot - INFO - 監視継続中... (経過時間: 3798分)
2025-06-22 17:28:05,888 - pribot - INFO - 監視継続中... (経過時間: 3804分)
2025-06-22 17:29:05,892 - pribot - INFO - 監視継続中... (経過時間: 3810分)
2025-06-22 17:30:05,895 - pribot - INFO - 監視継続中... (経過時間: 3816分)
2025-06-22 17:31:05,898 - pribot - INFO - 監視継続中... (経過時間: 3822分)
2025-06-22 17:32:05,903 - pribot - INFO - 監視継続中... (経過時間: 3828分)
2025-06-22 17:33:05,906 - pribot - INFO - 監視継続中... (経過時間: 3834分)
2025-06-22 17:34:05,910 - pribot - INFO - 監視継続中... (経過時間: 3840分)
2025-06-22 17:35:05,914 - pribot - INFO - 監視継続中... (経過時間: 3846分)
2025-06-22 17:36:05,918 - pribot - INFO - 監視継続中... (経過時間: 3852分)
2025-06-22 17:37:05,923 - pribot - INFO - 監視継続中... (経過時間: 3858分)
2025-06-22 17:38:05,926 - pribot - INFO - 監視継続中... (経過時間: 3864分)
2025-06-22 17:39:05,930 - pribot - INFO - 監視継続中... (経過時間: 3870分)
2025-06-22 17:40:05,934 - pribot - INFO - 監視継続中... (経過時間: 3876分)
2025-06-22 17:41:05,938 - pribot - INFO - 監視継続中... (経過時間: 3882分)
2025-06-22 17:42:05,942 - pribot - INFO - 監視継続中... (経過時間: 3888分)
2025-06-22 17:43:05,947 - pribot - INFO - 監視継続中... (経過時間: 3894分)
2025-06-22 17:44:05,951 - pribot - INFO - 監視継続中... (経過時間: 3900分)
2025-06-22 17:45:05,954 - pribot - INFO - 監視継続中... (経過時間: 3906分)
2025-06-22 17:46:05,958 - pribot - INFO - 監視継続中... (経過時間: 3912分)
2025-06-22 17:47:05,962 - pribot - INFO - 監視継続中... (経過時間: 3918分)
2025-06-22 17:48:05,965 - pribot - INFO - 監視継続中... (経過時間: 3924分)
2025-06-22 17:49:05,968 - pribot - INFO - 監視継続中... (経過時間: 3930分)
2025-06-22 17:50:05,973 - pribot - INFO - 監視継続中... (経過時間: 3936分)
2025-06-22 17:51:05,977 - pribot - INFO - 監視継続中... (経過時間: 3942分)
2025-06-22 17:52:05,982 - pribot - INFO - 監視継続中... (経過時間: 3948分)
2025-06-22 17:53:05,986 - pribot - INFO - 監視継続中... (経過時間: 3954分)
2025-06-22 17:54:05,990 - pribot - INFO - 監視継続中... (経過時間: 3960分)
2025-06-22 17:55:05,993 - pribot - INFO - 監視継続中... (経過時間: 3966分)
2025-06-22 17:56:05,997 - pribot - INFO - 監視継続中... (経過時間: 3972分)
2025-06-22 17:57:06,001 - pribot - INFO - 監視継続中... (経過時間: 3978分)
2025-06-22 17:58:06,004 - pribot - INFO - 監視継続中... (経過時間: 3984分)
2025-06-22 17:59:06,007 - pribot - INFO - 監視継続中... (経過時間: 3990分)
2025-06-22 18:00:06,011 - pribot - INFO - 監視継続中... (経過時間: 3996分)
2025-06-22 18:01:06,016 - pribot - INFO - 監視継続中... (経過時間: 4002分)
2025-06-22 18:02:06,020 - pribot - INFO - 監視継続中... (経過時間: 4008分)
2025-06-22 18:03:06,023 - pribot - INFO - 監視継続中... (経過時間: 4014分)
2025-06-22 18:04:06,027 - pribot - INFO - 監視継続中... (経過時間: 4020分)
2025-06-22 18:05:06,030 - pribot - INFO - 監視継続中... (経過時間: 4026分)
2025-06-22 18:06:06,034 - pribot - INFO - 監視継続中... (経過時間: 4032分)
2025-06-22 18:07:06,037 - pribot - INFO - 監視継続中... (経過時間: 4038分)
2025-06-22 18:08:06,041 - pribot - INFO - 監視継続中... (経過時間: 4044分)
2025-06-22 18:09:06,046 - pribot - INFO - 監視継続中... (経過時間: 4050分)
2025-06-22 18:10:06,050 - pribot - INFO - 監視継続中... (経過時間: 4056分)
2025-06-22 18:11:06,053 - pribot - INFO - 監視継続中... (経過時間: 4062分)
2025-06-22 18:12:06,058 - pribot - INFO - 監視継続中... (経過時間: 4068分)
2025-06-22 18:13:06,061 - pribot - INFO - 監視継続中... (経過時間: 4074分)
2025-06-22 18:14:06,066 - pribot - INFO - 監視継続中... (経過時間: 4080分)
2025-06-22 18:15:06,069 - pribot - INFO - 監視継続中... (経過時間: 4086分)
2025-06-22 18:16:06,073 - pribot - INFO - 監視継続中... (経過時間: 4092分)
2025-06-22 18:17:06,077 - pribot - INFO - 監視継続中... (経過時間: 4098分)
2025-06-22 18:18:06,081 - pribot - INFO - 監視継続中... (経過時間: 4104分)
2025-06-22 18:19:06,084 - pribot - INFO - 監視継続中... (経過時間: 4110分)
2025-06-22 18:20:06,089 - pribot - INFO - 監視継続中... (経過時間: 4116分)
2025-06-22 18:21:06,093 - pribot - INFO - 監視継続中... (経過時間: 4122分)
2025-06-22 18:22:06,097 - pribot - INFO - 監視継続中... (経過時間: 4128分)
2025-06-22 18:23:06,101 - pribot - INFO - 監視継続中... (経過時間: 4134分)
2025-06-22 18:24:06,105 - pribot - INFO - 監視継続中... (経過時間: 4140分)
2025-06-22 18:25:06,110 - pribot - INFO - 監視継続中... (経過時間: 4146分)
2025-06-22 18:26:06,114 - pribot - INFO - 監視継続中... (経過時間: 4152分)
2025-06-22 18:27:06,117 - pribot - INFO - 監視継続中... (経過時間: 4158分)
2025-06-22 18:28:06,121 - pribot - INFO - 監視継続中... (経過時間: 4164分)
2025-06-22 18:29:06,125 - pribot - INFO - 監視継続中... (経過時間: 4170分)
2025-06-22 18:30:06,129 - pribot - INFO - 監視継続中... (経過時間: 4176分)
2025-06-22 18:31:06,132 - pribot - INFO - 監視継続中... (経過時間: 4182分)
2025-06-22 18:32:06,136 - pribot - INFO - 監視継続中... (経過時間: 4188分)
2025-06-22 18:33:06,140 - pribot - INFO - 監視継続中... (経過時間: 4194分)
2025-06-22 18:34:06,144 - pribot - INFO - 監視継続中... (経過時間: 4200分)
2025-06-22 18:35:06,149 - pribot - INFO - 監視継続中... (経過時間: 4206分)
2025-06-22 18:36:06,153 - pribot - INFO - 監視継続中... (経過時間: 4212分)
2025-06-22 18:37:06,156 - pribot - INFO - 監視継続中... (経過時間: 4218分)
2025-06-22 18:38:06,161 - pribot - INFO - 監視継続中... (経過時間: 4224分)
2025-06-22 18:39:06,163 - pribot - INFO - 監視継続中... (経過時間: 4230分)
2025-06-22 18:40:06,168 - pribot - INFO - 監視継続中... (経過時間: 4236分)
2025-06-22 18:41:06,171 - pribot - INFO - 監視継続中... (経過時間: 4242分)
2025-06-22 18:42:06,176 - pribot - INFO - 監視継続中... (経過時間: 4248分)
2025-06-22 18:43:06,179 - pribot - INFO - 監視継続中... (経過時間: 4254分)
2025-06-22 18:44:06,184 - pribot - INFO - 監視継続中... (経過時間: 4260分)
2025-06-22 18:45:06,187 - pribot - INFO - 監視継続中... (経過時間: 4266分)
2025-06-22 18:46:06,191 - pribot - INFO - 監視継続中... (経過時間: 4272分)
2025-06-22 18:47:06,193 - pribot - INFO - 監視継続中... (経過時間: 4278分)
2025-06-22 18:48:06,199 - pribot - INFO - 監視継続中... (経過時間: 4284分)
2025-06-22 18:49:06,203 - pribot - INFO - 監視継続中... (経過時間: 4290分)
2025-06-22 18:50:06,207 - pribot - INFO - 監視継続中... (経過時間: 4296分)
2025-06-22 18:51:06,211 - pribot - INFO - 監視継続中... (経過時間: 4302分)
2025-06-22 18:52:06,215 - pribot - INFO - 監視継続中... (経過時間: 4308分)
2025-06-22 18:53:06,219 - pribot - INFO - 監視継続中... (経過時間: 4314分)
2025-06-22 18:54:06,223 - pribot - INFO - 監視継続中... (経過時間: 4320分)
2025-06-22 18:55:06,227 - pribot - INFO - 監視継続中... (経過時間: 4326分)
2025-06-22 18:56:06,231 - pribot - INFO - 監視継続中... (経過時間: 4332分)
2025-06-22 18:57:06,235 - pribot - INFO - 監視継続中... (経過時間: 4338分)
2025-06-22 18:58:06,239 - pribot - INFO - 監視継続中... (経過時間: 4344分)
2025-06-22 18:59:06,243 - pribot - INFO - 監視継続中... (経過時間: 4350分)
2025-06-22 19:00:06,247 - pribot - INFO - 監視継続中... (経過時間: 4356分)
2025-06-22 19:01:06,251 - pribot - INFO - 監視継続中... (経過時間: 4362分)
2025-06-22 19:02:06,255 - pribot - INFO - 監視継続中... (経過時間: 4368分)
2025-06-22 19:03:06,260 - pribot - INFO - 監視継続中... (経過時間: 4374分)
2025-06-22 19:04:06,265 - pribot - INFO - 監視継続中... (経過時間: 4380分)
2025-06-22 19:05:06,268 - pribot - INFO - 監視継続中... (経過時間: 4386分)
2025-06-22 19:06:06,272 - pribot - INFO - 監視継続中... (経過時間: 4392分)
2025-06-22 19:07:06,276 - pribot - INFO - 監視継続中... (経過時間: 4398分)
2025-06-22 19:08:06,280 - pribot - INFO - 監視継続中... (経過時間: 4404分)
2025-06-22 19:09:06,284 - pribot - INFO - 監視継続中... (経過時間: 4410分)
2025-06-22 19:10:06,288 - pribot - INFO - 監視継続中... (経過時間: 4416分)
2025-06-22 19:11:06,293 - pribot - INFO - 監視継続中... (経過時間: 4422分)
2025-06-22 19:12:06,297 - pribot - INFO - 監視継続中... (経過時間: 4428分)
2025-06-22 19:13:06,302 - pribot - INFO - 監視継続中... (経過時間: 4434分)
2025-06-22 19:14:06,306 - pribot - INFO - 監視継続中... (経過時間: 4440分)
2025-06-22 19:15:06,311 - pribot - INFO - 監視継続中... (経過時間: 4446分)
2025-06-22 19:16:06,316 - pribot - INFO - 監視継続中... (経過時間: 4452分)
2025-06-22 19:17:06,319 - pribot - INFO - 監視継続中... (経過時間: 4458分)
2025-06-22 19:18:06,323 - pribot - INFO - 監視継続中... (経過時間: 4464分)
2025-06-22 19:19:06,326 - pribot - INFO - 監視継続中... (経過時間: 4470分)
2025-06-22 19:20:06,330 - pribot - INFO - 監視継続中... (経過時間: 4476分)
2025-06-22 19:21:06,334 - pribot - INFO - 監視継続中... (経過時間: 4482分)
2025-06-22 19:22:06,338 - pribot - INFO - 監視継続中... (経過時間: 4488分)
2025-06-22 19:23:06,342 - pribot - INFO - 監視継続中... (経過時間: 4494分)
2025-06-22 19:24:06,347 - pribot - INFO - 監視継続中... (経過時間: 4500分)
2025-06-22 19:25:06,351 - pribot - INFO - 監視継続中... (経過時間: 4506分)
2025-06-22 19:26:06,355 - pribot - INFO - 監視継続中... (経過時間: 4512分)
2025-06-22 19:27:06,359 - pribot - INFO - 監視継続中... (経過時間: 4518分)
2025-06-22 19:28:06,363 - pribot - INFO - 監視継続中... (経過時間: 4524分)
2025-06-22 19:29:06,367 - pribot - INFO - 監視継続中... (経過時間: 4530分)
2025-06-22 19:30:06,372 - pribot - INFO - 監視継続中... (経過時間: 4536分)
2025-06-22 19:31:06,375 - pribot - INFO - 監視継続中... (経過時間: 4542分)
2025-06-22 19:32:06,379 - pribot - INFO - 監視継続中... (経過時間: 4548分)
2025-06-22 19:33:06,383 - pribot - INFO - 監視継続中... (経過時間: 4554分)
2025-06-22 19:34:06,387 - pribot - INFO - 監視継続中... (経過時間: 4560分)
2025-06-22 19:35:06,391 - pribot - INFO - 監視継続中... (経過時間: 4566分)
2025-06-22 19:36:06,396 - pribot - INFO - 監視継続中... (経過時間: 4572分)
2025-06-22 19:37:06,400 - pribot - INFO - 監視継続中... (経過時間: 4578分)
2025-06-22 19:38:06,403 - pribot - INFO - 監視継続中... (経過時間: 4584分)
2025-06-22 19:39:06,408 - pribot - INFO - 監視継続中... (経過時間: 4590分)
2025-06-22 19:40:06,412 - pribot - INFO - 監視継続中... (経過時間: 4596分)
2025-06-22 19:41:06,415 - pribot - INFO - 監視継続中... (経過時間: 4602分)
2025-06-22 19:42:06,420 - pribot - INFO - 監視継続中... (経過時間: 4608分)
2025-06-22 19:43:06,423 - pribot - INFO - 監視継続中... (経過時間: 4614分)
2025-06-22 19:44:06,427 - pribot - INFO - 監視継続中... (経過時間: 4620分)
2025-06-22 19:45:06,435 - pribot - INFO - 監視継続中... (経過時間: 4626分)
2025-06-22 19:46:06,438 - pribot - INFO - 監視継続中... (経過時間: 4632分)
2025-06-22 19:47:06,442 - pribot - INFO - 監視継続中... (経過時間: 4638分)
2025-06-22 19:48:06,447 - pribot - INFO - 監視継続中... (経過時間: 4644分)
2025-06-22 19:49:06,450 - pribot - INFO - 監視継続中... (経過時間: 4650分)
2025-06-22 19:50:06,454 - pribot - INFO - 監視継続中... (経過時間: 4656分)
2025-06-22 19:51:06,458 - pribot - INFO - 監視継続中... (経過時間: 4662分)
2025-06-22 19:52:06,462 - pribot - INFO - 監視継続中... (経過時間: 4668分)
2025-06-22 19:53:06,466 - pribot - INFO - 監視継続中... (経過時間: 4674分)
2025-06-22 19:54:06,470 - pribot - INFO - 監視継続中... (経過時間: 4680分)
2025-06-22 19:55:06,475 - pribot - INFO - 監視継続中... (経過時間: 4686分)
2025-06-22 19:56:06,479 - pribot - INFO - 監視継続中... (経過時間: 4692分)
2025-06-22 19:57:06,483 - pribot - INFO - 監視継続中... (経過時間: 4698分)
2025-06-22 19:58:06,487 - pribot - INFO - 監視継続中... (経過時間: 4704分)
2025-06-22 19:59:06,489 - pribot - INFO - 監視継続中... (経過時間: 4710分)
2025-06-22 20:00:06,493 - pribot - INFO - 監視継続中... (経過時間: 4716分)
2025-06-22 20:01:06,496 - pribot - INFO - 監視継続中... (経過時間: 4722分)
2025-06-22 20:02:06,500 - pribot - INFO - 監視継続中... (経過時間: 4728分)
2025-06-22 20:03:06,505 - pribot - INFO - 監視継続中... (経過時間: 4734分)
2025-06-22 20:04:06,509 - pribot - INFO - 監視継続中... (経過時間: 4740分)
2025-06-22 20:05:06,514 - pribot - INFO - 監視継続中... (経過時間: 4746分)
2025-06-22 20:06:06,518 - pribot - INFO - 監視継続中... (経過時間: 4752分)
2025-06-22 20:07:06,523 - pribot - INFO - 監視継続中... (経過時間: 4758分)
2025-06-22 20:08:06,527 - pribot - INFO - 監視継続中... (経過時間: 4764分)
2025-06-22 20:09:06,532 - pribot - INFO - 監視継続中... (経過時間: 4770分)
2025-06-22 20:10:06,536 - pribot - INFO - 監視継続中... (経過時間: 4776分)
2025-06-22 20:11:06,541 - pribot - INFO - 監視継続中... (経過時間: 4782分)
2025-06-22 20:12:06,545 - pribot - INFO - 監視継続中... (経過時間: 4788分)
2025-06-22 20:13:06,549 - pribot - INFO - 監視継続中... (経過時間: 4794分)
2025-06-22 20:14:06,553 - pribot - INFO - 監視継続中... (経過時間: 4800分)
2025-06-22 20:15:06,557 - pribot - INFO - 監視継続中... (経過時間: 4806分)
2025-06-22 20:16:06,562 - pribot - INFO - 監視継続中... (経過時間: 4812分)
2025-06-22 20:17:06,566 - pribot - INFO - 監視継続中... (経過時間: 4818分)
2025-06-22 20:18:06,570 - pribot - INFO - 監視継続中... (経過時間: 4824分)
2025-06-22 20:19:06,574 - pribot - INFO - 監視継続中... (経過時間: 4830分)
2025-06-22 20:20:06,578 - pribot - INFO - 監視継続中... (経過時間: 4836分)
2025-06-22 20:21:06,582 - pribot - INFO - 監視継続中... (経過時間: 4842分)
2025-06-22 20:22:06,586 - pribot - INFO - 監視継続中... (経過時間: 4848分)
2025-06-22 20:23:06,589 - pribot - INFO - 監視継続中... (経過時間: 4854分)
2025-06-22 20:24:06,594 - pribot - INFO - 監視継続中... (経過時間: 4860分)
2025-06-22 20:25:06,598 - pribot - INFO - 監視継続中... (経過時間: 4866分)
2025-06-22 20:26:06,601 - pribot - INFO - 監視継続中... (経過時間: 4872分)
2025-06-22 20:27:06,605 - pribot - INFO - 監視継続中... (経過時間: 4878分)
2025-06-22 20:28:06,609 - pribot - INFO - 監視継続中... (経過時間: 4884分)
2025-06-22 20:29:06,612 - pribot - INFO - 監視継続中... (経過時間: 4890分)
2025-06-22 20:30:06,615 - pribot - INFO - 監視継続中... (経過時間: 4896分)
2025-06-22 20:31:06,619 - pribot - INFO - 監視継続中... (経過時間: 4902分)
2025-06-22 20:32:06,623 - pribot - INFO - 監視継続中... (経過時間: 4908分)
2025-06-22 20:33:06,627 - pribot - INFO - 監視継続中... (経過時間: 4914分)
2025-06-22 20:34:06,630 - pribot - INFO - 監視継続中... (経過時間: 4920分)
2025-06-22 20:35:06,635 - pribot - INFO - 監視継続中... (経過時間: 4926分)
2025-06-22 20:36:06,639 - pribot - INFO - 監視継続中... (経過時間: 4932分)
2025-06-22 20:37:06,643 - pribot - INFO - 監視継続中... (経過時間: 4938分)
2025-06-22 20:38:06,647 - pribot - INFO - 監視継続中... (経過時間: 4944分)
2025-06-22 20:39:06,651 - pribot - INFO - 監視継続中... (経過時間: 4950分)
2025-06-22 20:40:06,657 - pribot - INFO - 監視継続中... (経過時間: 4956分)
2025-06-22 20:41:06,661 - pribot - INFO - 監視継続中... (経過時間: 4962分)
2025-06-22 20:42:06,665 - pribot - INFO - 監視継続中... (経過時間: 4968分)
2025-06-22 20:43:06,670 - pribot - INFO - 監視継続中... (経過時間: 4974分)
2025-06-22 20:44:06,673 - pribot - INFO - 監視継続中... (経過時間: 4980分)
2025-06-22 20:45:06,678 - pribot - INFO - 監視継続中... (経過時間: 4986分)
2025-06-22 20:46:06,681 - pribot - INFO - 監視継続中... (経過時間: 4992分)
2025-06-22 20:47:06,685 - pribot - INFO - 監視継続中... (経過時間: 4998分)
2025-06-22 20:48:06,689 - pribot - INFO - 監視継続中... (経過時間: 5004分)
2025-06-22 20:49:06,694 - pribot - INFO - 監視継続中... (経過時間: 5010分)
2025-06-22 20:50:06,698 - pribot - INFO - 監視継続中... (経過時間: 5016分)
2025-06-22 20:51:06,702 - pribot - INFO - 監視継続中... (経過時間: 5022分)
2025-06-22 20:52:06,706 - pribot - INFO - 監視継続中... (経過時間: 5028分)
2025-06-22 20:53:06,710 - pribot - INFO - 監視継続中... (経過時間: 5034分)
2025-06-22 20:54:06,713 - pribot - INFO - 監視継続中... (経過時間: 5040分)
2025-06-22 20:55:06,717 - pribot - INFO - 監視継続中... (経過時間: 5046分)
2025-06-22 20:56:06,720 - pribot - INFO - 監視継続中... (経過時間: 5052分)
2025-06-22 20:57:06,724 - pribot - INFO - 監視継続中... (経過時間: 5058分)
2025-06-22 20:58:06,728 - pribot - INFO - 監視継続中... (経過時間: 5064分)
2025-06-22 20:59:06,731 - pribot - INFO - 監視継続中... (経過時間: 5070分)
2025-06-22 21:00:06,734 - pribot - INFO - 監視継続中... (経過時間: 5076分)
2025-06-22 21:01:06,738 - pribot - INFO - 監視継続中... (経過時間: 5082分)
2025-06-22 21:02:06,742 - pribot - INFO - 監視継続中... (経過時間: 5088分)
2025-06-22 21:03:06,744 - pribot - INFO - 監視継続中... (経過時間: 5094分)
2025-06-22 21:04:06,754 - pribot - INFO - 監視継続中... (経過時間: 5100分)
2025-06-22 21:05:06,758 - pribot - INFO - 監視継続中... (経過時間: 5106分)
2025-06-22 21:06:06,761 - pribot - INFO - 監視継続中... (経過時間: 5112分)
2025-06-22 21:07:06,765 - pribot - INFO - 監視継続中... (経過時間: 5118分)
2025-06-22 21:08:06,769 - pribot - INFO - 監視継続中... (経過時間: 5124分)
2025-06-22 21:09:06,774 - pribot - INFO - 監視継続中... (経過時間: 5130分)
2025-06-22 21:10:06,778 - pribot - INFO - 監視継続中... (経過時間: 5136分)
2025-06-22 21:11:06,783 - pribot - INFO - 監視継続中... (経過時間: 5142分)
2025-06-22 21:12:06,787 - pribot - INFO - 監視継続中... (経過時間: 5148分)
2025-06-22 21:13:06,791 - pribot - INFO - 監視継続中... (経過時間: 5154分)
2025-06-22 21:14:06,795 - pribot - INFO - 監視継続中... (経過時間: 5160分)
2025-06-22 21:15:06,799 - pribot - INFO - 監視継続中... (経過時間: 5166分)
2025-06-22 21:16:06,803 - pribot - INFO - 監視継続中... (経過時間: 5172分)
2025-06-22 21:17:06,807 - pribot - INFO - 監視継続中... (経過時間: 5178分)
2025-06-22 21:18:06,810 - pribot - INFO - 監視継続中... (経過時間: 5184分)
2025-06-22 21:19:06,814 - pribot - INFO - 監視継続中... (経過時間: 5190分)
2025-06-22 21:20:06,818 - pribot - INFO - 監視継続中... (経過時間: 5196分)
2025-06-22 21:21:06,820 - pribot - INFO - 監視継続中... (経過時間: 5202分)
2025-06-22 21:22:06,824 - pribot - INFO - 監視継続中... (経過時間: 5208分)
2025-06-22 21:23:06,828 - pribot - INFO - 監視継続中... (経過時間: 5214分)
2025-06-22 21:24:06,833 - pribot - INFO - 監視継続中... (経過時間: 5220分)
2025-06-22 21:25:06,836 - pribot - INFO - 監視継続中... (経過時間: 5226分)
2025-06-22 21:26:06,839 - pribot - INFO - 監視継続中... (経過時間: 5232分)
2025-06-22 21:27:06,843 - pribot - INFO - 監視継続中... (経過時間: 5238分)
2025-06-22 21:28:06,846 - pribot - INFO - 監視継続中... (経過時間: 5244分)
2025-06-22 21:29:06,849 - pribot - INFO - 監視継続中... (経過時間: 5250分)
2025-06-22 21:30:06,851 - pribot - INFO - 監視継続中... (経過時間: 5256分)
2025-06-22 21:31:06,855 - pribot - INFO - 監視継続中... (経過時間: 5262分)
2025-06-22 21:32:06,857 - pribot - INFO - 監視継続中... (経過時間: 5268分)
2025-06-22 21:33:06,861 - pribot - INFO - 監視継続中... (経過時間: 5274分)
2025-06-22 21:34:06,863 - pribot - INFO - 監視継続中... (経過時間: 5280分)
2025-06-22 21:35:06,867 - pribot - INFO - 監視継続中... (経過時間: 5286分)
2025-06-22 21:36:06,871 - pribot - INFO - 監視継続中... (経過時間: 5292分)
2025-06-22 21:37:06,874 - pribot - INFO - 監視継続中... (経過時間: 5298分)
2025-06-22 21:38:06,877 - pribot - INFO - 監視継続中... (経過時間: 5304分)
2025-06-22 21:39:06,880 - pribot - INFO - 監視継続中... (経過時間: 5310分)
2025-06-22 21:40:06,884 - pribot - INFO - 監視継続中... (経過時間: 5316分)
2025-06-22 21:41:06,887 - pribot - INFO - 監視継続中... (経過時間: 5322分)
2025-06-22 21:42:06,891 - pribot - INFO - 監視継続中... (経過時間: 5328分)
2025-06-22 21:43:06,896 - pribot - INFO - 監視継続中... (経過時間: 5334分)
2025-06-22 21:44:06,899 - pribot - INFO - 監視継続中... (経過時間: 5340分)
2025-06-22 21:45:06,903 - pribot - INFO - 監視継続中... (経過時間: 5346分)
2025-06-22 21:46:06,907 - pribot - INFO - 監視継続中... (経過時間: 5352分)
2025-06-22 21:47:06,911 - pribot - INFO - 監視継続中... (経過時間: 5358分)
2025-06-22 21:48:06,916 - pribot - INFO - 監視継続中... (経過時間: 5364分)
2025-06-22 21:49:06,919 - pribot - INFO - 監視継続中... (経過時間: 5370分)
2025-06-22 21:50:06,921 - pribot - INFO - 監視継続中... (経過時間: 5376分)
2025-06-22 21:51:06,926 - pribot - INFO - 監視継続中... (経過時間: 5382分)
2025-06-22 21:52:06,929 - pribot - INFO - 監視継続中... (経過時間: 5388分)
2025-06-22 21:53:06,934 - pribot - INFO - 監視継続中... (経過時間: 5394分)
2025-06-22 21:54:06,938 - pribot - INFO - 監視継続中... (経過時間: 5400分)
2025-06-22 21:55:06,942 - pribot - INFO - 監視継続中... (経過時間: 5406分)
2025-06-22 21:56:06,945 - pribot - INFO - 監視継続中... (経過時間: 5412分)
2025-06-22 21:57:06,950 - pribot - INFO - 監視継続中... (経過時間: 5418分)
2025-06-22 21:58:06,954 - pribot - INFO - 監視継続中... (経過時間: 5424分)
2025-06-22 21:59:06,959 - pribot - INFO - 監視継続中... (経過時間: 5430分)
2025-06-22 22:00:06,962 - pribot - INFO - 監視継続中... (経過時間: 5436分)
2025-06-22 22:01:06,966 - pribot - INFO - 監視継続中... (経過時間: 5442分)
2025-06-22 22:02:06,968 - pribot - INFO - 監視継続中... (経過時間: 5448分)
2025-06-22 22:03:06,972 - pribot - INFO - 監視継続中... (経過時間: 5454分)
2025-06-22 22:04:06,977 - pribot - INFO - 監視継続中... (経過時間: 5460分)
2025-06-22 22:05:06,981 - pribot - INFO - 監視継続中... (経過時間: 5466分)
2025-06-22 22:06:06,985 - pribot - INFO - 監視継続中... (経過時間: 5472分)
2025-06-22 22:07:06,988 - pribot - INFO - 監視継続中... (経過時間: 5478分)
2025-06-22 22:08:06,991 - pribot - INFO - 監視継続中... (経過時間: 5484分)
2025-06-22 22:09:06,995 - pribot - INFO - 監視継続中... (経過時間: 5490分)
2025-06-22 22:10:06,998 - pribot - INFO - 監視継続中... (経過時間: 5496分)
2025-06-22 22:11:07,002 - pribot - INFO - 監視継続中... (経過時間: 5502分)
2025-06-22 22:12:07,004 - pribot - INFO - 監視継続中... (経過時間: 5508分)
2025-06-22 22:13:07,006 - pribot - INFO - 監視継続中... (経過時間: 5514分)
2025-06-22 22:14:07,009 - pribot - INFO - 監視継続中... (経過時間: 5520分)
2025-06-22 22:15:07,013 - pribot - INFO - 監視継続中... (経過時間: 5526分)
2025-06-22 22:16:07,017 - pribot - INFO - 監視継続中... (経過時間: 5532分)
2025-06-22 22:17:07,020 - pribot - INFO - 監視継続中... (経過時間: 5538分)
2025-06-22 22:18:07,023 - pribot - INFO - 監視継続中... (経過時間: 5544分)
2025-06-22 22:19:07,025 - pribot - INFO - 監視継続中... (経過時間: 5550分)
2025-06-22 22:20:07,028 - pribot - INFO - 監視継続中... (経過時間: 5556分)
2025-06-22 22:21:07,030 - pribot - INFO - 監視継続中... (経過時間: 5562分)
2025-06-22 22:22:07,034 - pribot - INFO - 監視継続中... (経過時間: 5568分)
2025-06-22 22:23:07,037 - pribot - INFO - 監視継続中... (経過時間: 5574分)
2025-06-22 22:24:07,039 - pribot - INFO - 監視継続中... (経過時間: 5580分)
2025-06-22 22:25:07,042 - pribot - INFO - 監視継続中... (経過時間: 5586分)
2025-06-22 22:26:07,044 - pribot - INFO - 監視継続中... (経過時間: 5592分)
2025-06-22 22:27:07,046 - pribot - INFO - 監視継続中... (経過時間: 5598分)
2025-06-22 22:28:07,049 - pribot - INFO - 監視継続中... (経過時間: 5604分)
2025-06-22 22:29:07,051 - pribot - INFO - 監視継続中... (経過時間: 5610分)
2025-06-22 22:30:07,055 - pribot - INFO - 監視継続中... (経過時間: 5616分)
2025-06-22 22:31:07,058 - pribot - INFO - 監視継続中... (経過時間: 5622分)
2025-06-22 22:32:07,061 - pribot - INFO - 監視継続中... (経過時間: 5628分)
2025-06-22 22:33:07,063 - pribot - INFO - 監視継続中... (経過時間: 5634分)
2025-06-22 22:34:07,067 - pribot - INFO - 監視継続中... (経過時間: 5640分)
2025-06-22 22:35:07,070 - pribot - INFO - 監視継続中... (経過時間: 5646分)
2025-06-22 22:36:07,075 - pribot - INFO - 監視継続中... (経過時間: 5652分)
2025-06-22 22:37:07,080 - pribot - INFO - 監視継続中... (経過時間: 5658分)
2025-06-22 22:38:07,084 - pribot - INFO - 監視継続中... (経過時間: 5664分)
2025-06-22 22:39:07,088 - pribot - INFO - 監視継続中... (経過時間: 5670分)
2025-06-22 22:40:07,091 - pribot - INFO - 監視継続中... (経過時間: 5676分)
2025-06-22 22:41:07,095 - pribot - INFO - 監視継続中... (経過時間: 5682分)
2025-06-22 22:42:07,099 - pribot - INFO - 監視継続中... (経過時間: 5688分)
2025-06-22 22:43:07,102 - pribot - INFO - 監視継続中... (経過時間: 5694分)
2025-06-22 22:44:07,106 - pribot - INFO - 監視継続中... (経過時間: 5700分)
2025-06-22 22:45:07,109 - pribot - INFO - 監視継続中... (経過時間: 5706分)
2025-06-22 22:46:07,112 - pribot - INFO - 監視継続中... (経過時間: 5712分)
2025-06-22 22:47:07,115 - pribot - INFO - 監視継続中... (経過時間: 5718分)
2025-06-22 22:48:07,119 - pribot - INFO - 監視継続中... (経過時間: 5724分)
2025-06-22 22:49:07,122 - pribot - INFO - 監視継続中... (経過時間: 5730分)
2025-06-22 22:50:07,126 - pribot - INFO - 監視継続中... (経過時間: 5736分)
2025-06-22 22:51:07,130 - pribot - INFO - 監視継続中... (経過時間: 5742分)
2025-06-22 22:52:07,133 - pribot - INFO - 監視継続中... (経過時間: 5748分)
2025-06-22 22:53:07,138 - pribot - INFO - 監視継続中... (経過時間: 5754分)
2025-06-22 22:54:07,142 - pribot - INFO - 監視継続中... (経過時間: 5760分)
2025-06-22 22:55:07,145 - pribot - INFO - 監視継続中... (経過時間: 5766分)
2025-06-22 22:56:07,148 - pribot - INFO - 監視継続中... (経過時間: 5772分)
2025-06-22 22:57:07,152 - pribot - INFO - 監視継続中... (経過時間: 5778分)
2025-06-22 22:58:07,156 - pribot - INFO - 監視継続中... (経過時間: 5784分)
2025-06-22 22:59:07,159 - pribot - INFO - 監視継続中... (経過時間: 5790分)
2025-06-22 23:00:07,163 - pribot - INFO - 監視継続中... (経過時間: 5796分)
