2025-05-22 11:37:24,862 - pribot - INFO - ====== PriBot ログセッション開始 ======
2025-05-22 11:37:24,865 - pribot - INFO - PriBot を開始します
2025-05-22 11:37:24,866 - pribot - INFO - Backlog APIから監視フォルダとエラーフォルダの設定を取得します
2025-05-22 11:37:25,008 - pribot - INFO - 監視フォルダパス: aaa
2025-05-22 11:37:25,008 - pribot - INFO - エラーフォルダパス: aaa
2025-05-22 11:37:25,008 - pribot - INFO - Backlog APIリクエストを開始します
2025-05-22 11:37:25,088 - pribot - INFO - プロジェクト名: PriBot管理
2025-05-22 11:37:25,174 - pribot - INFO - 取得した全課題数: 15
2025-05-22 11:37:25,174 - pribot - INFO - 存在する課題タイプ: 医療機関, PriBot設定
2025-05-22 11:37:25,174 - pribot - INFO - 課題 PRIBOT-2: 振り分け先 '0_共通' = 'aaa'
2025-05-22 11:37:25,174 - pribot - INFO - 課題 PRIBOT-3: 振り分け先 '0_共通' = 'aaa'
2025-05-22 11:37:25,174 - pribot - INFO - 課題 PRIBOT-4: 振り分け先 '0_共通' = 'aaa'
2025-05-22 11:37:25,174 - pribot - INFO - 課題 PRIBOT-5: 振り分け先 '0_共通' = 'aaa'
2025-05-22 11:37:25,174 - pribot - INFO - 課題 PRIBOT-6: 振り分け先 '0_共通' = 'aaa'
2025-05-22 11:37:25,174 - pribot - INFO - 課題 PRIBOT-7: 振り分け先 '1_診療費請求書兼領収書(A4)' = 'aaa'
2025-05-22 11:37:25,178 - pribot - INFO - 課題 PRIBOT-8: 振り分け先 '6_薬袋シール' = 'aaa'
2025-05-22 11:37:25,178 - pribot - INFO - 課題 PRIBOT-9: 振り分け先 '7_お薬情報' = 'aaa'
2025-05-22 11:37:25,178 - pribot - INFO - 課題 PRIBOT-10: 振り分け先 '0_共通' = 'aaa'
2025-05-22 11:37:25,178 - pribot - INFO - 課題 PRIBOT-11: 振り分け先 '3_診療費請求書兼領収書(A5)' = 'aaa'
2025-05-22 11:37:25,178 - pribot - INFO - 課題 PRIBOT-12: 振り分け先 '5_処方箋' = 'aaa'
2025-05-22 11:37:25,178 - pribot - INFO - 課題 PRIBOT-13: 振り分け先 '7_お薬情報' = 'aaa'
2025-05-22 11:37:25,178 - pribot - INFO - 課題 PRIBOT-14: 振り分け先 '2_診療費請求書兼領収書(A4控え付き)' = 'aaa'
2025-05-22 11:37:25,178 - pribot - INFO - 課題 PRIBOT-15: 振り分け先 '4_診療費明細書' = 'C:\Users\miyake2106\OASIS INNOAVTION Dropbox\診療報酬請求事務集中センターOASIS INNOVATION\ひまわりクリニックきょうごく\ひまわりクリニックきょうごく_自動印刷\明細書'
2025-05-22 11:37:25,178 - pribot - INFO - PriBot 監視対象の医療機関名: 西大宮整形外科くれクリニック, 振り分け設定数: 1
2025-05-22 11:37:25,178 - pribot - INFO - PriBot 監視対象の医療機関名: いたがき総合診療クリニック, 振り分け設定数: 1
2025-05-22 11:37:25,178 - pribot - INFO - PriBot 監視対象の医療機関名: 医療法人 そけん小児科, 振り分け設定数: 1
2025-05-22 11:37:25,178 - pribot - INFO - PriBot 監視対象の医療機関名: 医療法人五一六五ナゴヤガーデンクリニック, 振り分け設定数: 1
2025-05-22 11:37:25,178 - pribot - INFO - PriBot 監視対象の医療機関名: 医療法人妙泉会 阿南いしばし医院, 振り分け設定数: 1
2025-05-22 11:37:25,178 - pribot - INFO - PriBot 監視対象の医療機関名: 三宅村国民健康保険直営中央診療所, 振り分け設定数: 3
2025-05-22 11:37:25,178 - pribot - INFO - PriBot 監視対象の医療機関名: 医療法人 吉松会 照葉浅部クリニック, 振り分け設定数: 1
2025-05-22 11:37:25,178 - pribot - INFO - PriBot 監視対象の医療機関名: メモリーケアクリニック湘南, 振り分け設定数: 3
2025-05-22 11:37:25,178 - pribot - INFO - PriBot 監視対象の医療機関名: ひまわりクリニックきょうごく, 振り分け設定数: 2
2025-05-22 11:37:25,178 - pribot - INFO - 監視対象の医療機関数: 9, スキップした課題数: 1
2025-05-22 11:37:25,178 - pribot - INFO - PriBot 監視フォルダ: aaa
2025-05-22 11:37:25,178 - pribot - INFO - PriBot エラーフォルダ: aaa
2025-05-22 11:37:25,178 - pribot - INFO - PriBot 監視対象の医療機関数: 9
2025-05-22 11:37:25,184 - pribot - INFO - ファイル監視を開始しました
