2025-08-04 06:54:03,226 - pribot - INFO - ====== PriBot ログセッション開始 ======
2025-08-04 06:54:03,239 - pribot - INFO - PriBot (完全同期版・重複判定なし) を開始します
2025-08-04 06:54:03,241 - pribot - INFO - Backlog APIからフォルダ設定を取得します
2025-08-04 06:54:03,367 - pribot - INFO - 監視フォルダパス: C:\Users\miyake2106\OASIS INNOAVTION Dropbox\診療報酬請求事務集中センターOASIS INNOVATION\pribot
2025-08-04 06:54:03,372 - pribot - INFO - エラーフォルダパス: C:\Users\miyake2106\OASIS INNOAVTION Dropbox\診療報酬請求事務集中センターOASIS INNOVATION\pribot\error
2025-08-04 06:54:03,372 - pribot - INFO - デバッグフォルダパス: C:\Users\miyake2106\Desktop\wk\PriBot\pribot_debug
2025-08-04 06:54:03,372 - pribot - INFO - Backlog APIリクエストを開始します
2025-08-04 06:54:03,497 - pribot - INFO - 取得した全課題数: 16
2025-08-04 06:54:03,497 - pribot - INFO - 課題 PRIBOT-2: 振り分け先 '0_共通' = 'C:\Users\miyake2106\OASIS INNOAVTION Dropbox\診療報酬請求事務集中センターOASIS INNOVATION\くれクリニック\くれクリニック_自動印刷'
2025-08-04 06:54:03,497 - pribot - INFO - 課題 PRIBOT-3: 振り分け先 '0_共通' = 'C:\Users\miyake2106\OASIS INNOAVTION Dropbox\診療報酬請求事務集中センターOASIS INNOVATION\いたがき総合診療クリニック\自動印刷'
2025-08-04 06:54:03,497 - pribot - INFO - 課題 PRIBOT-4: 振り分け先 '0_共通' = 'C:\Users\miyake2106\OASIS INNOAVTION Dropbox\診療報酬請求事務集中センターOASIS INNOVATION\そけん小児科\そけん小児科_自動印刷'
2025-08-04 06:54:03,497 - pribot - INFO - 課題 PRIBOT-5: 振り分け先 '0_共通' = 'C:\Users\miyake2106\OASIS INNOAVTION Dropbox\診療報酬請求事務集中センターOASIS INNOVATION\Scan\NGC_自動印刷'
2025-08-04 06:54:03,497 - pribot - INFO - 課題 PRIBOT-6: 振り分け先 '0_共通' = 'C:\Users\miyake2106\OASIS INNOAVTION Dropbox\診療報酬請求事務集中センターOASIS INNOVATION\阿南いしばし医院\阿南いしばし医院_自動印刷'
2025-08-04 06:54:03,497 - pribot - INFO - 課題 PRIBOT-7: 振り分け先 '1_診療費請求書兼領収書(縦)' = 'C:\Users\miyake2106\OASIS INNOAVTION Dropbox\診療報酬請求事務集中センターOASIS INNOVATION\三宅村中央診療所\三宅村中央診療所_自動印刷'
2025-08-04 06:54:03,497 - pribot - INFO - 課題 PRIBOT-8: 振り分け先 '6_お薬手帳' = 'C:\Users\miyake2106\OASIS INNOAVTION Dropbox\診療報酬請求事務集中センターOASIS INNOVATION\三宅村中央診療所\三宅村中央診療所_ラベル（手帳・薬袋）'
2025-08-04 06:54:03,497 - pribot - INFO - 課題 PRIBOT-9: 振り分け先 '7_お薬情報' = 'C:\Users\miyake2106\OASIS INNOAVTION Dropbox\診療報酬請求事務集中センターOASIS INNOVATION\三宅村中央診療所\三宅村中央診療所_薬情'
2025-08-04 06:54:03,497 - pribot - INFO - 課題 PRIBOT-10: 振り分け先 '0_共通' = 'C:\Users\miyake2106\OASIS INNOAVTION Dropbox\診療報酬請求事務集中センターOASIS INNOVATION\照葉浅部クリニック\照葉浅部クリニック_自動印刷'
2025-08-04 06:54:03,497 - pribot - INFO - 課題 PRIBOT-11: 振り分け先 '3_診療費請求書兼領収書(横)' = 'C:\Users\miyake2106\OASIS INNOAVTION Dropbox\診療報酬請求事務集中センターOASIS INNOVATION\メモリーケアクリニック湘南\メモリーケアクリニック湘南_自動印刷\請求書兼明細書（A5）'
2025-08-04 06:54:03,497 - pribot - INFO - 課題 PRIBOT-12: 振り分け先 '5_処方箋' = 'C:\Users\miyake2106\OASIS INNOAVTION Dropbox\診療報酬請求事務集中センターOASIS INNOVATION\メモリーケアクリニック湘南\メモリーケアクリニック湘南_自動印刷\請求書兼明細書（A5）'
2025-08-04 06:54:03,497 - pribot - INFO - 課題 PRIBOT-13: 振り分け先 '7_お薬情報' = 'C:\Users\miyake2106\OASIS INNOAVTION Dropbox\診療報酬請求事務集中センターOASIS INNOVATION\メモリーケアクリニック湘南\メモリーケアクリニック湘南_自動印刷\薬剤情報提供書（A4）'
2025-08-04 06:54:03,497 - pribot - INFO - 課題 PRIBOT-14: 振り分け先 '2_診療費請求書兼領収書(控え付き)' = 'C:\Users\miyake2106\OASIS INNOAVTION Dropbox\診療報酬請求事務集中センターOASIS INNOVATION\ひまわりクリニックきょうごく\ひまわりクリニックきょうごく_自動印刷\請求書'
2025-08-04 06:54:03,497 - pribot - INFO - 課題 PRIBOT-15: 振り分け先 '4_診療費明細書' = 'C:\Users\miyake2106\OASIS INNOAVTION Dropbox\診療報酬請求事務集中センターOASIS INNOVATION\ひまわりクリニックきょうごく\ひまわりクリニックきょうごく_自動印刷\明細書'
2025-08-04 06:54:03,497 - pribot - INFO - 課題 PRIBOT-16: 振り分け先 '8_薬袋シール(三宅村)' = 'C:\Users\miyake2106\OASIS INNOAVTION Dropbox\診療報酬請求事務集中センターOASIS INNOVATION\三宅村中央診療所\三宅村中央診療所_ラベル（手帳・薬袋）'
2025-08-04 06:54:03,497 - pribot - INFO - PriBot 監視対象の医療機関名: 西大宮整形外科くれクリニック, 振り分け設定数: 1
2025-08-04 06:54:03,497 - pribot - INFO - PriBot 監視対象の医療機関名: いたがき総合診療クリニック, 振り分け設定数: 1
2025-08-04 06:54:03,497 - pribot - INFO - PriBot 監視対象の医療機関名: 医療法人 そけん小児科, 振り分け設定数: 1
2025-08-04 06:54:03,497 - pribot - INFO - PriBot 監視対象の医療機関名: 医療法人五一六五ナゴヤガーデンクリニック, 振り分け設定数: 1
2025-08-04 06:54:03,497 - pribot - INFO - PriBot 監視対象の医療機関名: 医療法人妙泉会 阿南いしばし医院, 振り分け設定数: 1
2025-08-04 06:54:03,497 - pribot - INFO - PriBot 監視対象の医療機関名: 三宅村国民健康保険直営中央診療所, 振り分け設定数: 4
2025-08-04 06:54:03,497 - pribot - INFO - PriBot 監視対象の医療機関名: 医療法人 吉松会 照葉浅部クリニック, 振り分け設定数: 1
2025-08-04 06:54:03,497 - pribot - INFO - PriBot 監視対象の医療機関名: メモリーケアクリニック湘南, 振り分け設定数: 3
2025-08-04 06:54:03,497 - pribot - INFO - PriBot 監視対象の医療機関名: ひまわりクリニックきょうごく, 振り分け設定数: 2
2025-08-04 06:54:03,497 - pribot - INFO - 監視対象の医療機関数: 9
2025-08-04 06:54:03,497 - pribot - INFO - PriBot 監視フォルダ: C:\Users\miyake2106\OASIS INNOAVTION Dropbox\診療報酬請求事務集中センターOASIS INNOVATION\pribot
2025-08-04 06:54:03,497 - pribot - INFO - PriBot エラーフォルダ: C:\Users\miyake2106\OASIS INNOAVTION Dropbox\診療報酬請求事務集中センターOASIS INNOVATION\pribot\error
2025-08-04 06:54:03,497 - pribot - INFO - PriBot デバッグフォルダ: C:\Users\miyake2106\Desktop\wk\PriBot\pribot_debug
2025-08-04 06:54:03,497 - pribot - INFO - PriBot 監視対象の医療機関数: 9
2025-08-04 06:54:03,497 - pribot - INFO - デバッグファイルのクリーンアップを実行します
2025-08-04 06:54:03,543 - pribot - INFO - 既存ファイルの処理を開始します
2025-08-04 06:54:03,543 - pribot - INFO - 処理対象の既存ファイルはありませんでした
2025-08-04 06:54:03,543 - pribot - INFO - 完全同期版ファイル監視を設定します（重複判定なし）
2025-08-04 06:54:03,543 - pribot - INFO - 完全同期版ファイル監視を開始しました（重複判定なし）
2025-08-04 06:55:03,559 - pribot - INFO - 監視継続中... (経過時間: 6分)
2025-08-04 06:56:03,562 - pribot - INFO - 監視継続中... (経過時間: 12分)
2025-08-04 06:57:03,566 - pribot - INFO - 監視継続中... (経過時間: 18分)
2025-08-04 06:58:03,573 - pribot - INFO - 監視継続中... (経過時間: 24分)
2025-08-04 06:59:03,581 - pribot - INFO - 監視継続中... (経過時間: 30分)
2025-08-04 07:00:03,586 - pribot - INFO - 監視継続中... (経過時間: 36分)
2025-08-04 07:01:03,596 - pribot - INFO - 監視継続中... (経過時間: 42分)
2025-08-04 07:02:03,599 - pribot - INFO - 監視継続中... (経過時間: 48分)
2025-08-04 07:03:03,602 - pribot - INFO - 監視継続中... (経過時間: 54分)
2025-08-04 07:04:03,606 - pribot - INFO - 監視継続中... (経過時間: 60分)
2025-08-04 07:05:03,609 - pribot - INFO - 監視継続中... (経過時間: 66分)
2025-08-04 07:06:03,613 - pribot - INFO - 監視継続中... (経過時間: 72分)
2025-08-04 07:07:03,617 - pribot - INFO - 監視継続中... (経過時間: 78分)
2025-08-04 07:08:03,621 - pribot - INFO - 監視継続中... (経過時間: 84分)
2025-08-04 07:09:03,627 - pribot - INFO - 監視継続中... (経過時間: 90分)
2025-08-04 07:10:03,633 - pribot - INFO - 監視継続中... (経過時間: 96分)
2025-08-04 07:11:03,637 - pribot - INFO - 監視継続中... (経過時間: 102分)
2025-08-04 07:12:03,642 - pribot - INFO - 監視継続中... (経過時間: 108分)
2025-08-04 07:13:03,645 - pribot - INFO - 監視継続中... (経過時間: 114分)
2025-08-04 07:14:03,649 - pribot - INFO - 監視継続中... (経過時間: 120分)
2025-08-04 07:15:03,653 - pribot - INFO - 監視継続中... (経過時間: 126分)
2025-08-04 07:16:03,656 - pribot - INFO - 監視継続中... (経過時間: 132分)
2025-08-04 07:17:03,660 - pribot - INFO - 監視継続中... (経過時間: 138分)
2025-08-04 07:18:03,666 - pribot - INFO - 監視継続中... (経過時間: 144分)
2025-08-04 07:19:03,670 - pribot - INFO - 監視継続中... (経過時間: 150分)
2025-08-04 07:20:03,674 - pribot - INFO - 監視継続中... (経過時間: 156分)
2025-08-04 07:21:03,678 - pribot - INFO - 監視継続中... (経過時間: 162分)
2025-08-04 07:22:03,683 - pribot - INFO - 監視継続中... (経過時間: 168分)
2025-08-04 07:23:03,687 - pribot - INFO - 監視継続中... (経過時間: 174分)
2025-08-04 07:24:03,692 - pribot - INFO - 監視継続中... (経過時間: 180分)
2025-08-04 07:25:03,696 - pribot - INFO - 監視継続中... (経過時間: 186分)
2025-08-04 07:26:03,699 - pribot - INFO - 監視継続中... (経過時間: 192分)
2025-08-04 07:27:03,703 - pribot - INFO - 監視継続中... (経過時間: 198分)
2025-08-04 07:28:03,708 - pribot - INFO - 監視継続中... (経過時間: 204分)
2025-08-04 07:29:03,713 - pribot - INFO - 監視継続中... (経過時間: 210分)
2025-08-04 07:30:03,717 - pribot - INFO - 監視継続中... (経過時間: 216分)
2025-08-04 07:31:03,720 - pribot - INFO - 監視継続中... (経過時間: 222分)
2025-08-04 07:32:03,724 - pribot - INFO - 監視継続中... (経過時間: 228分)
2025-08-04 07:33:03,728 - pribot - INFO - 監視継続中... (経過時間: 234分)
2025-08-04 07:34:03,733 - pribot - INFO - 監視継続中... (経過時間: 240分)
2025-08-04 07:35:03,736 - pribot - INFO - 監視継続中... (経過時間: 246分)
2025-08-04 07:36:03,740 - pribot - INFO - 監視継続中... (経過時間: 252分)
2025-08-04 07:37:03,744 - pribot - INFO - 監視継続中... (経過時間: 258分)
2025-08-04 07:38:03,748 - pribot - INFO - 監視継続中... (経過時間: 264分)
2025-08-04 07:39:03,752 - pribot - INFO - 監視継続中... (経過時間: 270分)
2025-08-04 07:40:03,755 - pribot - INFO - 監視継続中... (経過時間: 276分)
2025-08-04 07:41:03,759 - pribot - INFO - 監視継続中... (経過時間: 282分)
2025-08-04 07:42:03,762 - pribot - INFO - 監視継続中... (経過時間: 288分)
2025-08-04 07:43:03,767 - pribot - INFO - 監視継続中... (経過時間: 294分)
2025-08-04 07:44:03,771 - pribot - INFO - 監視継続中... (経過時間: 300分)
2025-08-04 07:45:03,776 - pribot - INFO - 監視継続中... (経過時間: 306分)
2025-08-04 07:46:03,778 - pribot - INFO - 監視継続中... (経過時間: 312分)
2025-08-04 07:47:03,783 - pribot - INFO - 監視継続中... (経過時間: 318分)
2025-08-04 07:48:03,786 - pribot - INFO - 監視継続中... (経過時間: 324分)
2025-08-04 07:49:03,791 - pribot - INFO - 監視継続中... (経過時間: 330分)
2025-08-04 07:50:03,795 - pribot - INFO - 監視継続中... (経過時間: 336分)
2025-08-04 07:51:03,799 - pribot - INFO - 監視継続中... (経過時間: 342分)
2025-08-04 07:52:03,802 - pribot - INFO - 監視継続中... (経過時間: 348分)
2025-08-04 07:53:03,806 - pribot - INFO - 監視継続中... (経過時間: 354分)
2025-08-04 07:54:03,809 - pribot - INFO - 監視継続中... (経過時間: 360分)
2025-08-04 07:55:03,816 - pribot - INFO - 監視継続中... (経過時間: 366分)
2025-08-04 07:56:03,820 - pribot - INFO - 監視継続中... (経過時間: 372分)
2025-08-04 07:57:03,824 - pribot - INFO - 監視継続中... (経過時間: 378分)
2025-08-04 07:58:03,828 - pribot - INFO - 監視継続中... (経過時間: 384分)
2025-08-04 07:59:03,832 - pribot - INFO - 監視継続中... (経過時間: 390分)
2025-08-04 08:00:03,836 - pribot - INFO - 監視継続中... (経過時間: 396分)
2025-08-04 08:01:03,841 - pribot - INFO - 監視継続中... (経過時間: 402分)
2025-08-04 08:02:03,845 - pribot - INFO - 監視継続中... (経過時間: 408分)
2025-08-04 08:03:03,849 - pribot - INFO - 監視継続中... (経過時間: 414分)
2025-08-04 08:04:03,854 - pribot - INFO - 監視継続中... (経過時間: 420分)
2025-08-04 08:05:03,857 - pribot - INFO - 監視継続中... (経過時間: 426分)
2025-08-04 08:06:03,861 - pribot - INFO - 監視継続中... (経過時間: 432分)
2025-08-04 08:07:03,865 - pribot - INFO - 監視継続中... (経過時間: 438分)
2025-08-04 08:08:03,868 - pribot - INFO - 監視継続中... (経過時間: 444分)
2025-08-04 08:09:03,871 - pribot - INFO - 監視継続中... (経過時間: 450分)
2025-08-04 08:10:03,874 - pribot - INFO - 監視継続中... (経過時間: 456分)
2025-08-04 08:11:03,878 - pribot - INFO - 監視継続中... (経過時間: 462分)
2025-08-04 08:12:03,881 - pribot - INFO - 監視継続中... (経過時間: 468分)
2025-08-04 08:13:03,884 - pribot - INFO - 監視継続中... (経過時間: 474分)
2025-08-04 08:14:03,888 - pribot - INFO - 監視継続中... (経過時間: 480分)
2025-08-04 08:15:03,892 - pribot - INFO - 監視継続中... (経過時間: 486分)
2025-08-04 08:16:03,894 - pribot - INFO - 監視継続中... (経過時間: 492分)
2025-08-04 08:17:03,896 - pribot - INFO - 監視継続中... (経過時間: 498分)
2025-08-04 08:18:03,901 - pribot - INFO - 監視継続中... (経過時間: 504分)
2025-08-04 08:19:03,904 - pribot - INFO - 監視継続中... (経過時間: 510分)
2025-08-04 08:20:03,907 - pribot - INFO - 監視継続中... (経過時間: 516分)
2025-08-04 08:21:03,910 - pribot - INFO - 監視継続中... (経過時間: 522分)
2025-08-04 08:22:03,914 - pribot - INFO - 監視継続中... (経過時間: 528分)
2025-08-04 08:23:03,916 - pribot - INFO - 監視継続中... (経過時間: 534分)
2025-08-04 08:24:03,920 - pribot - INFO - 監視継続中... (経過時間: 540分)
2025-08-04 08:25:03,923 - pribot - INFO - 監視継続中... (経過時間: 546分)
2025-08-04 08:26:03,927 - pribot - INFO - 監視継続中... (経過時間: 552分)
2025-08-04 08:27:03,930 - pribot - INFO - 監視継続中... (経過時間: 558分)
2025-08-04 08:28:03,934 - pribot - INFO - 監視継続中... (経過時間: 564分)
2025-08-04 08:29:03,937 - pribot - INFO - 監視継続中... (経過時間: 570分)
2025-08-04 08:30:03,939 - pribot - INFO - 監視継続中... (経過時間: 576分)
2025-08-04 08:31:03,941 - pribot - INFO - 監視継続中... (経過時間: 582分)
2025-08-04 08:32:03,945 - pribot - INFO - 監視継続中... (経過時間: 588分)
2025-08-04 08:33:03,948 - pribot - INFO - 監視継続中... (経過時間: 594分)
2025-08-04 08:33:39,116 - pribot - INFO - 新しいPDFファイルを検出: 05464f48-b859-4e43-ab90-6cdbb3d58362.pdf
2025-08-04 08:33:39,116 - pribot - INFO - PDFファイルの処理を開始: 05464f48-b859-4e43-ab90-6cdbb3d58362.pdf
2025-08-04 08:33:39,349 - pribot - INFO - フォーマット識別: 診療費明細書 (ID: 4)
2025-08-04 08:33:39,349 - pribot - INFO - 抽出された医療機関名: 医療法人 吉松会 照葉浅部クリニック
2025-08-04 08:33:39,349 - pribot - INFO - [成功] マッチング成功: 医療法人 吉松会 照葉浅部クリニック
2025-08-04 08:33:39,349 - pribot - INFO - 振り分け先: 医療法人 吉松会 照葉浅部クリニック -> .../照葉浅部クリニック/照葉浅部クリニック_自動印刷 (設定: 0_共通)
2025-08-04 08:33:39,356 - pribot - INFO - [成功] ファイルを移動しました: 05464f48-b859-4e43-ab90-6cdbb3d58362.pdf -> .../照葉浅部クリニック_自動印刷/05464f48-b859-4e43-ab90-6cdbb3d58362.pdf
2025-08-04 08:33:39,356 - pribot - INFO - PDFファイルの処理が完了しました: 05464f48-b859-4e43-ab90-6cdbb3d58362.pdf
2025-08-04 08:33:39,356 - pribot - INFO - 
2025-08-04 08:33:42,359 - pribot - INFO - 新しいPDFファイルを検出: 1bb8c0e5-7cee-41ba-a885-bfba78b08cd6.pdf
2025-08-04 08:33:42,359 - pribot - INFO - PDFファイルの処理を開始: 1bb8c0e5-7cee-41ba-a885-bfba78b08cd6.pdf
2025-08-04 08:33:42,631 - pribot - INFO - フォーマット識別: 診療費請求書兼領収書(縦) (ID: 1)
2025-08-04 08:33:42,638 - pribot - INFO - 抽出された医療機関名: 医療法人 吉松会 照葉浅部クリニック
2025-08-04 08:33:42,638 - pribot - INFO - [成功] マッチング成功: 医療法人 吉松会 照葉浅部クリニック
2025-08-04 08:33:42,638 - pribot - INFO - 振り分け先: 医療法人 吉松会 照葉浅部クリニック -> .../照葉浅部クリニック/照葉浅部クリニック_自動印刷 (設定: 0_共通)
2025-08-04 08:33:42,640 - pribot - INFO - [成功] ファイルを移動しました: 1bb8c0e5-7cee-41ba-a885-bfba78b08cd6.pdf -> .../照葉浅部クリニック_自動印刷/1bb8c0e5-7cee-41ba-a885-bfba78b08cd6.pdf
2025-08-04 08:33:42,641 - pribot - INFO - PDFファイルの処理が完了しました: 1bb8c0e5-7cee-41ba-a885-bfba78b08cd6.pdf
2025-08-04 08:33:42,641 - pribot - INFO - 
2025-08-04 08:34:03,952 - pribot - INFO - 監視継続中... (経過時間: 600分)
2025-08-04 08:35:03,955 - pribot - INFO - 監視継続中... (経過時間: 606分)
2025-08-04 08:36:03,960 - pribot - INFO - 監視継続中... (経過時間: 612分)
2025-08-04 08:36:31,718 - pribot - INFO - 新しいPDFファイルを検出: b83602c6-ee9d-4e6c-8881-3ea72106bba4.pdf
2025-08-04 08:36:31,719 - pribot - INFO - PDFファイルの処理を開始: b83602c6-ee9d-4e6c-8881-3ea72106bba4.pdf
2025-08-04 08:36:32,203 - pribot - INFO - フォーマット識別: 診療費明細書 (ID: 4)
2025-08-04 08:36:32,203 - pribot - INFO - 抽出された医療機関名: 医療法人 吉松会 照葉浅部クリニック
2025-08-04 08:36:32,203 - pribot - INFO - [成功] マッチング成功: 医療法人 吉松会 照葉浅部クリニック
2025-08-04 08:36:32,203 - pribot - INFO - 振り分け先: 医療法人 吉松会 照葉浅部クリニック -> .../照葉浅部クリニック/照葉浅部クリニック_自動印刷 (設定: 0_共通)
2025-08-04 08:36:32,207 - pribot - INFO - [成功] ファイルを移動しました: b83602c6-ee9d-4e6c-8881-3ea72106bba4.pdf -> .../照葉浅部クリニック_自動印刷/b83602c6-ee9d-4e6c-8881-3ea72106bba4.pdf
2025-08-04 08:36:32,207 - pribot - INFO - PDFファイルの処理が完了しました: b83602c6-ee9d-4e6c-8881-3ea72106bba4.pdf
2025-08-04 08:36:32,207 - pribot - INFO - 
2025-08-04 08:36:35,211 - pribot - INFO - 新しいPDFファイルを検出: 7c87ed2b-929b-447d-a0ef-dd28a08d1080.pdf
2025-08-04 08:36:35,211 - pribot - INFO - PDFファイルの処理を開始: 7c87ed2b-929b-447d-a0ef-dd28a08d1080.pdf
2025-08-04 08:36:35,583 - pribot - INFO - フォーマット識別: 診療費請求書兼領収書(縦) (ID: 1)
2025-08-04 08:36:35,583 - pribot - INFO - 抽出された医療機関名: 医療法人 吉松会 照葉浅部クリニック
2025-08-04 08:36:35,583 - pribot - INFO - [成功] マッチング成功: 医療法人 吉松会 照葉浅部クリニック
2025-08-04 08:36:35,583 - pribot - INFO - 振り分け先: 医療法人 吉松会 照葉浅部クリニック -> .../照葉浅部クリニック/照葉浅部クリニック_自動印刷 (設定: 0_共通)
2025-08-04 08:36:35,583 - pribot - INFO - [成功] ファイルを移動しました: 7c87ed2b-929b-447d-a0ef-dd28a08d1080.pdf -> .../照葉浅部クリニック_自動印刷/7c87ed2b-929b-447d-a0ef-dd28a08d1080.pdf
2025-08-04 08:36:35,583 - pribot - INFO - PDFファイルの処理が完了しました: 7c87ed2b-929b-447d-a0ef-dd28a08d1080.pdf
2025-08-04 08:36:35,583 - pribot - INFO - 
2025-08-04 08:36:39,199 - pribot - INFO - 新しいPDFファイルを検出: 124469a0-d167-415c-af14-3d90e0a0434c.pdf
2025-08-04 08:36:39,199 - pribot - INFO - PDFファイルの処理を開始: 124469a0-d167-415c-af14-3d90e0a0434c.pdf
2025-08-04 08:36:39,623 - pribot - INFO - フォーマット識別: 処方箋 (ID: 5)
2025-08-04 08:36:39,623 - pribot - INFO - 抽出された医療機関名: 医療法人 吉松会 照葉浅部クリニック
2025-08-04 08:36:39,623 - pribot - INFO - [成功] マッチング成功: 医療法人 吉松会 照葉浅部クリニック
2025-08-04 08:36:39,623 - pribot - INFO - 振り分け先: 医療法人 吉松会 照葉浅部クリニック -> .../照葉浅部クリニック/照葉浅部クリニック_自動印刷 (設定: 0_共通)
2025-08-04 08:36:39,623 - pribot - INFO - [成功] ファイルを移動しました: 124469a0-d167-415c-af14-3d90e0a0434c.pdf -> .../照葉浅部クリニック_自動印刷/124469a0-d167-415c-af14-3d90e0a0434c.pdf
2025-08-04 08:36:39,623 - pribot - INFO - PDFファイルの処理が完了しました: 124469a0-d167-415c-af14-3d90e0a0434c.pdf
2025-08-04 08:36:39,623 - pribot - INFO - 
2025-08-04 08:37:03,964 - pribot - INFO - 監視継続中... (経過時間: 618分)
2025-08-04 08:38:03,968 - pribot - INFO - 監視継続中... (経過時間: 624分)
2025-08-04 08:39:03,972 - pribot - INFO - 監視継続中... (経過時間: 630分)
2025-08-04 08:39:52,084 - pribot - INFO - 新しいPDFファイルを検出: d51b5c0e-4df4-4b5c-a4f4-17edc601a56e.pdf
2025-08-04 08:39:52,084 - pribot - INFO - PDFファイルの処理を開始: d51b5c0e-4df4-4b5c-a4f4-17edc601a56e.pdf
2025-08-04 08:39:52,289 - pribot - INFO - フォーマット識別: 診療費明細書 (ID: 4)
2025-08-04 08:39:52,289 - pribot - INFO - 抽出された医療機関名: 医療法人 吉松会 照葉浅部クリニック
2025-08-04 08:39:52,289 - pribot - INFO - [成功] マッチング成功: 医療法人 吉松会 照葉浅部クリニック
2025-08-04 08:39:52,289 - pribot - INFO - 振り分け先: 医療法人 吉松会 照葉浅部クリニック -> .../照葉浅部クリニック/照葉浅部クリニック_自動印刷 (設定: 0_共通)
2025-08-04 08:39:52,289 - pribot - INFO - [成功] ファイルを移動しました: d51b5c0e-4df4-4b5c-a4f4-17edc601a56e.pdf -> .../照葉浅部クリニック_自動印刷/d51b5c0e-4df4-4b5c-a4f4-17edc601a56e.pdf
2025-08-04 08:39:52,293 - pribot - INFO - PDFファイルの処理が完了しました: d51b5c0e-4df4-4b5c-a4f4-17edc601a56e.pdf
2025-08-04 08:39:52,293 - pribot - INFO - 
2025-08-04 08:39:55,996 - pribot - INFO - 新しいPDFファイルを検出: 4a84523b-bf69-498b-9e05-b78a90ecfddf.pdf
2025-08-04 08:39:55,996 - pribot - INFO - PDFファイルの処理を開始: 4a84523b-bf69-498b-9e05-b78a90ecfddf.pdf
2025-08-04 08:39:56,153 - pribot - INFO - フォーマット識別: 診療費請求書兼領収書(縦) (ID: 1)
2025-08-04 08:39:56,153 - pribot - INFO - 抽出された医療機関名: 医療法人 吉松会 照葉浅部クリニック
2025-08-04 08:39:56,153 - pribot - INFO - [成功] マッチング成功: 医療法人 吉松会 照葉浅部クリニック
2025-08-04 08:39:56,153 - pribot - INFO - 振り分け先: 医療法人 吉松会 照葉浅部クリニック -> .../照葉浅部クリニック/照葉浅部クリニック_自動印刷 (設定: 0_共通)
2025-08-04 08:39:56,153 - pribot - INFO - [成功] ファイルを移動しました: 4a84523b-bf69-498b-9e05-b78a90ecfddf.pdf -> .../照葉浅部クリニック_自動印刷/4a84523b-bf69-498b-9e05-b78a90ecfddf.pdf
2025-08-04 08:39:56,153 - pribot - INFO - PDFファイルの処理が完了しました: 4a84523b-bf69-498b-9e05-b78a90ecfddf.pdf
2025-08-04 08:39:56,153 - pribot - INFO - 
2025-08-04 08:40:03,975 - pribot - INFO - 監視継続中... (経過時間: 636分)
2025-08-04 08:41:03,979 - pribot - INFO - 監視継続中... (経過時間: 642分)
2025-08-04 08:42:03,982 - pribot - INFO - 監視継続中... (経過時間: 648分)
2025-08-04 08:43:03,987 - pribot - INFO - 監視継続中... (経過時間: 654分)
2025-08-04 08:43:33,778 - pribot - INFO - 新しいPDFファイルを検出: dbcad488-6ae2-4ff1-8f67-42f83eb321b5.pdf
2025-08-04 08:43:33,778 - pribot - INFO - PDFファイルの処理を開始: dbcad488-6ae2-4ff1-8f67-42f83eb321b5.pdf
2025-08-04 08:43:33,936 - pribot - INFO - フォーマット識別: 診療費明細書 (ID: 4)
2025-08-04 08:43:33,936 - pribot - INFO - 抽出された医療機関名: 医療法人 吉松会 照葉浅部クリニック
2025-08-04 08:43:33,936 - pribot - INFO - [成功] マッチング成功: 医療法人 吉松会 照葉浅部クリニック
2025-08-04 08:43:33,936 - pribot - INFO - 振り分け先: 医療法人 吉松会 照葉浅部クリニック -> .../照葉浅部クリニック/照葉浅部クリニック_自動印刷 (設定: 0_共通)
2025-08-04 08:43:33,936 - pribot - INFO - [成功] ファイルを移動しました: dbcad488-6ae2-4ff1-8f67-42f83eb321b5.pdf -> .../照葉浅部クリニック_自動印刷/dbcad488-6ae2-4ff1-8f67-42f83eb321b5.pdf
2025-08-04 08:43:33,936 - pribot - INFO - PDFファイルの処理が完了しました: dbcad488-6ae2-4ff1-8f67-42f83eb321b5.pdf
2025-08-04 08:43:33,936 - pribot - INFO - 
2025-08-04 08:44:03,991 - pribot - INFO - 監視継続中... (経過時間: 660分)
2025-08-04 08:45:03,995 - pribot - INFO - 監視継続中... (経過時間: 666分)
2025-08-04 08:46:03,999 - pribot - INFO - 監視継続中... (経過時間: 672分)
2025-08-04 08:47:04,003 - pribot - INFO - 監視継続中... (経過時間: 678分)
2025-08-04 08:48:04,007 - pribot - INFO - 監視継続中... (経過時間: 684分)
2025-08-04 08:49:04,011 - pribot - INFO - 監視継続中... (経過時間: 690分)
2025-08-04 08:50:04,015 - pribot - INFO - 監視継続中... (経過時間: 696分)
2025-08-04 08:51:04,019 - pribot - INFO - 監視継続中... (経過時間: 702分)
2025-08-04 08:52:04,023 - pribot - INFO - 監視継続中... (経過時間: 708分)
2025-08-04 08:53:04,027 - pribot - INFO - 監視継続中... (経過時間: 714分)
2025-08-04 08:54:04,032 - pribot - INFO - 監視継続中... (経過時間: 720分)
2025-08-04 08:55:04,034 - pribot - INFO - 監視継続中... (経過時間: 726分)
2025-08-04 08:55:12,823 - pribot - INFO - 新しいPDFファイルを検出: e2232bb5-e82d-4949-ada8-fbf24dc7b638.pdf
2025-08-04 08:55:12,823 - pribot - INFO - PDFファイルの処理を開始: e2232bb5-e82d-4949-ada8-fbf24dc7b638.pdf
2025-08-04 08:55:13,013 - pribot - INFO - フォーマット識別: 診療費明細書 (ID: 4)
2025-08-04 08:55:13,015 - pribot - INFO - 抽出された医療機関名: 医療法人 吉松会 照葉浅部クリニック
2025-08-04 08:55:13,015 - pribot - INFO - [成功] マッチング成功: 医療法人 吉松会 照葉浅部クリニック
2025-08-04 08:55:13,015 - pribot - INFO - 振り分け先: 医療法人 吉松会 照葉浅部クリニック -> .../照葉浅部クリニック/照葉浅部クリニック_自動印刷 (設定: 0_共通)
2025-08-04 08:55:13,016 - pribot - INFO - [成功] ファイルを移動しました: e2232bb5-e82d-4949-ada8-fbf24dc7b638.pdf -> .../照葉浅部クリニック_自動印刷/e2232bb5-e82d-4949-ada8-fbf24dc7b638.pdf
2025-08-04 08:55:13,016 - pribot - INFO - PDFファイルの処理が完了しました: e2232bb5-e82d-4949-ada8-fbf24dc7b638.pdf
2025-08-04 08:55:13,016 - pribot - INFO - 
2025-08-04 08:55:17,581 - pribot - INFO - 新しいPDFファイルを検出: ebd452c6-127f-4cbd-9156-a0d727af3643.pdf
2025-08-04 08:55:17,581 - pribot - INFO - PDFファイルの処理を開始: ebd452c6-127f-4cbd-9156-a0d727af3643.pdf
2025-08-04 08:55:17,765 - pribot - INFO - フォーマット識別: 診療費請求書兼領収書(縦) (ID: 1)
2025-08-04 08:55:17,766 - pribot - INFO - 抽出された医療機関名: 医療法人 吉松会 照葉浅部クリニック
2025-08-04 08:55:17,767 - pribot - INFO - [成功] マッチング成功: 医療法人 吉松会 照葉浅部クリニック
2025-08-04 08:55:17,767 - pribot - INFO - 振り分け先: 医療法人 吉松会 照葉浅部クリニック -> .../照葉浅部クリニック/照葉浅部クリニック_自動印刷 (設定: 0_共通)
2025-08-04 08:55:17,768 - pribot - INFO - [成功] ファイルを移動しました: ebd452c6-127f-4cbd-9156-a0d727af3643.pdf -> .../照葉浅部クリニック_自動印刷/ebd452c6-127f-4cbd-9156-a0d727af3643.pdf
2025-08-04 08:55:17,768 - pribot - INFO - PDFファイルの処理が完了しました: ebd452c6-127f-4cbd-9156-a0d727af3643.pdf
2025-08-04 08:55:17,768 - pribot - INFO - 
2025-08-04 08:56:04,038 - pribot - INFO - 監視継続中... (経過時間: 732分)
2025-08-04 08:57:04,042 - pribot - INFO - 監視継続中... (経過時間: 738分)
2025-08-04 08:58:04,045 - pribot - INFO - 監視継続中... (経過時間: 744分)
2025-08-04 08:58:49,295 - pribot - INFO - 新しいPDFファイルを検出: 10592-1.pdf
2025-08-04 08:58:49,295 - pribot - INFO - PDFファイルの処理を開始: 10592-1.pdf
2025-08-04 08:58:49,498 - pribot - INFO - フォーマット識別: 診療費請求書兼領収書(横) (ID: 3)
2025-08-04 08:58:49,498 - pribot - INFO - 抽出された医療機関名: 西大宮整形外科くれクリニック
2025-08-04 08:58:49,498 - pribot - INFO - [成功] マッチング成功: 西大宮整形外科くれクリニック
2025-08-04 08:58:49,498 - pribot - INFO - 振り分け先: 西大宮整形外科くれクリニック -> .../くれクリニック/くれクリニック_自動印刷 (設定: 0_共通)
2025-08-04 08:58:49,498 - pribot - INFO - [成功] ファイルを移動しました: 10592-1.pdf -> .../くれクリニック_自動印刷/10592-1.pdf
2025-08-04 08:58:49,498 - pribot - INFO - PDFファイルの処理が完了しました: 10592-1.pdf
2025-08-04 08:58:49,498 - pribot - INFO - 
2025-08-04 08:59:04,050 - pribot - INFO - 監視継続中... (経過時間: 750分)
2025-08-04 09:00:00,623 - pribot - INFO - 新しいPDFファイルを検出: 66e93fce-aeb3-490e-bf58-18f0ebc4c868.pdf
2025-08-04 09:00:00,623 - pribot - INFO - PDFファイルの処理を開始: 66e93fce-aeb3-490e-bf58-18f0ebc4c868.pdf
2025-08-04 09:00:00,727 - pribot - INFO - フォーマット識別: 診療費明細書 (ID: 4)
2025-08-04 09:00:00,727 - pribot - INFO - 抽出された医療機関名: 医療法人 吉松会 照葉浅部クリニック
2025-08-04 09:00:00,727 - pribot - INFO - [成功] マッチング成功: 医療法人 吉松会 照葉浅部クリニック
2025-08-04 09:00:00,727 - pribot - INFO - 振り分け先: 医療法人 吉松会 照葉浅部クリニック -> .../照葉浅部クリニック/照葉浅部クリニック_自動印刷 (設定: 0_共通)
2025-08-04 09:00:00,727 - pribot - INFO - [成功] ファイルを移動しました: 66e93fce-aeb3-490e-bf58-18f0ebc4c868.pdf -> .../照葉浅部クリニック_自動印刷/66e93fce-aeb3-490e-bf58-18f0ebc4c868.pdf
2025-08-04 09:00:00,727 - pribot - INFO - PDFファイルの処理が完了しました: 66e93fce-aeb3-490e-bf58-18f0ebc4c868.pdf
2025-08-04 09:00:00,727 - pribot - INFO - 
2025-08-04 09:00:04,053 - pribot - INFO - 監視継続中... (経過時間: 756分)
2025-08-04 09:01:04,058 - pribot - INFO - 監視継続中... (経過時間: 762分)
2025-08-04 09:01:24,744 - pribot - INFO - 新しいPDFファイルを検出: 1669-1.pdf
2025-08-04 09:01:24,744 - pribot - INFO - PDFファイルの処理を開始: 1669-1.pdf
2025-08-04 09:01:24,930 - pribot - INFO - フォーマット識別: 診療費請求書兼領収書(横) (ID: 3)
2025-08-04 09:01:24,930 - pribot - INFO - 抽出された医療機関名: 西大宮整形外科くれクリニック
2025-08-04 09:01:24,930 - pribot - INFO - [成功] マッチング成功: 西大宮整形外科くれクリニック
2025-08-04 09:01:24,930 - pribot - INFO - 振り分け先: 西大宮整形外科くれクリニック -> .../くれクリニック/くれクリニック_自動印刷 (設定: 0_共通)
2025-08-04 09:01:24,930 - pribot - INFO - [成功] ファイルを移動しました: 1669-1.pdf -> .../くれクリニック_自動印刷/1669-1.pdf
2025-08-04 09:01:24,930 - pribot - INFO - PDFファイルの処理が完了しました: 1669-1.pdf
2025-08-04 09:01:24,930 - pribot - INFO - 
2025-08-04 09:01:55,978 - pribot - INFO - 新しいPDFファイルを検出: 1754265701312&1310782&bnsvo157&94d9cec3-1470-4bb3-8f75-e64635bec3d9.pdf
2025-08-04 09:01:55,978 - pribot - INFO - PDFファイルの処理を開始: 1754265701312&1310782&bnsvo157&94d9cec3-1470-4bb3-8f75-e64635bec3d9.pdf
2025-08-04 09:01:56,060 - pribot - INFO - フォーマット識別: 診療費明細書 (ID: 4)
2025-08-04 09:01:56,060 - pribot - INFO - 抽出された医療機関名: いたがき総合診療クリニック
2025-08-04 09:01:56,060 - pribot - INFO - [成功] マッチング成功: いたがき総合診療クリニック
2025-08-04 09:01:56,060 - pribot - INFO - 振り分け先: いたがき総合診療クリニック -> .../いたがき総合診療クリニック/自動印刷 (設定: 0_共通)
2025-08-04 09:01:56,060 - pribot - INFO - [成功] ファイルを移動しました: 1754265701312&1310782&bnsvo157&94d9cec3-1470-4bb3-8f75-e64635bec3d9.pdf -> .../自動印刷/1754265701312&1310782&bnsvo157&94d9cec3-1470-4bb3-8f75-e64635bec3d9.pdf
2025-08-04 09:01:56,060 - pribot - INFO - PDFファイルの処理が完了しました: 1754265701312&1310782&bnsvo157&94d9cec3-1470-4bb3-8f75-e64635bec3d9.pdf
2025-08-04 09:01:56,060 - pribot - INFO - 
2025-08-04 09:02:01,321 - pribot - INFO - 新しいPDFファイルを検出: 1754265709364&1310782&bpxjwvqu&033961a3-f32c-43ed-87a1-490f59e99b2f.pdf
2025-08-04 09:02:01,321 - pribot - INFO - PDFファイルの処理を開始: 1754265709364&1310782&bpxjwvqu&033961a3-f32c-43ed-87a1-490f59e99b2f.pdf
2025-08-04 09:02:01,411 - pribot - INFO - フォーマット識別: 診療費請求書兼領収書(縦) (ID: 1)
2025-08-04 09:02:01,412 - pribot - INFO - 抽出された医療機関名: いたがき総合診療クリニック
2025-08-04 09:02:01,412 - pribot - INFO - [成功] マッチング成功: いたがき総合診療クリニック
2025-08-04 09:02:01,412 - pribot - INFO - 振り分け先: いたがき総合診療クリニック -> .../いたがき総合診療クリニック/自動印刷 (設定: 0_共通)
2025-08-04 09:02:01,413 - pribot - INFO - [成功] ファイルを移動しました: 1754265709364&1310782&bpxjwvqu&033961a3-f32c-43ed-87a1-490f59e99b2f.pdf -> .../自動印刷/1754265709364&1310782&bpxjwvqu&033961a3-f32c-43ed-87a1-490f59e99b2f.pdf
2025-08-04 09:02:01,413 - pribot - INFO - PDFファイルの処理が完了しました: 1754265709364&1310782&bpxjwvqu&033961a3-f32c-43ed-87a1-490f59e99b2f.pdf
2025-08-04 09:02:01,414 - pribot - INFO - 
2025-08-04 09:02:04,063 - pribot - INFO - 監視継続中... (経過時間: 768分)
2025-08-04 09:02:37,303 - pribot - INFO - 新しいPDFファイルを検出: 1754265746023&1310782&vocz2mi3&4f9328ac-e7c4-4443-b964-c003030b3993.pdf
2025-08-04 09:02:37,303 - pribot - INFO - PDFファイルの処理を開始: 1754265746023&1310782&vocz2mi3&4f9328ac-e7c4-4443-b964-c003030b3993.pdf
2025-08-04 09:02:37,382 - pribot - INFO - フォーマット識別: 診療費明細書 (ID: 4)
2025-08-04 09:02:37,382 - pribot - INFO - 抽出された医療機関名: いたがき総合診療クリニック
2025-08-04 09:02:37,382 - pribot - INFO - [成功] マッチング成功: いたがき総合診療クリニック
2025-08-04 09:02:37,382 - pribot - INFO - 振り分け先: いたがき総合診療クリニック -> .../いたがき総合診療クリニック/自動印刷 (設定: 0_共通)
2025-08-04 09:02:37,382 - pribot - INFO - [成功] ファイルを移動しました: 1754265746023&1310782&vocz2mi3&4f9328ac-e7c4-4443-b964-c003030b3993.pdf -> .../自動印刷/1754265746023&1310782&vocz2mi3&4f9328ac-e7c4-4443-b964-c003030b3993.pdf
2025-08-04 09:02:37,382 - pribot - INFO - PDFファイルの処理が完了しました: 1754265746023&1310782&vocz2mi3&4f9328ac-e7c4-4443-b964-c003030b3993.pdf
2025-08-04 09:02:37,382 - pribot - INFO - 
2025-08-04 09:02:42,947 - pribot - INFO - 新しいPDFファイルを検出: 1754265751222&1310782&pu37qq31&6ea56f73-4582-4607-84d5-307c017710c7.pdf
2025-08-04 09:02:42,947 - pribot - INFO - PDFファイルの処理を開始: 1754265751222&1310782&pu37qq31&6ea56f73-4582-4607-84d5-307c017710c7.pdf
2025-08-04 09:02:43,046 - pribot - INFO - フォーマット識別: 診療費請求書兼領収書(縦) (ID: 1)
2025-08-04 09:02:43,047 - pribot - INFO - 抽出された医療機関名: いたがき総合診療クリニック
2025-08-04 09:02:43,048 - pribot - INFO - [成功] マッチング成功: いたがき総合診療クリニック
2025-08-04 09:02:43,048 - pribot - INFO - 振り分け先: いたがき総合診療クリニック -> .../いたがき総合診療クリニック/自動印刷 (設定: 0_共通)
2025-08-04 09:02:43,049 - pribot - INFO - [成功] ファイルを移動しました: 1754265751222&1310782&pu37qq31&6ea56f73-4582-4607-84d5-307c017710c7.pdf -> .../自動印刷/1754265751222&1310782&pu37qq31&6ea56f73-4582-4607-84d5-307c017710c7.pdf
2025-08-04 09:02:43,049 - pribot - INFO - PDFファイルの処理が完了しました: 1754265751222&1310782&pu37qq31&6ea56f73-4582-4607-84d5-307c017710c7.pdf
2025-08-04 09:02:43,049 - pribot - INFO - 
2025-08-04 09:02:47,053 - pribot - INFO - 新しいPDFファイルを検出: 1754265755943&1310782&4azjt0tp&984944d4-4cc7-4815-beef-bde290f1d8eb.pdf
2025-08-04 09:02:47,053 - pribot - INFO - PDFファイルの処理を開始: 1754265755943&1310782&4azjt0tp&984944d4-4cc7-4815-beef-bde290f1d8eb.pdf
2025-08-04 09:02:47,171 - pribot - INFO - フォーマット識別: 処方箋 (ID: 5)
2025-08-04 09:02:47,171 - pribot - INFO - 抽出された医療機関名: いたがき総合診療クリニック
2025-08-04 09:02:47,171 - pribot - INFO - [成功] マッチング成功: いたがき総合診療クリニック
2025-08-04 09:02:47,171 - pribot - INFO - 振り分け先: いたがき総合診療クリニック -> .../いたがき総合診療クリニック/自動印刷 (設定: 0_共通)
2025-08-04 09:02:47,171 - pribot - INFO - [成功] ファイルを移動しました: 1754265755943&1310782&4azjt0tp&984944d4-4cc7-4815-beef-bde290f1d8eb.pdf -> .../自動印刷/1754265755943&1310782&4azjt0tp&984944d4-4cc7-4815-beef-bde290f1d8eb.pdf
2025-08-04 09:02:47,171 - pribot - INFO - PDFファイルの処理が完了しました: 1754265755943&1310782&4azjt0tp&984944d4-4cc7-4815-beef-bde290f1d8eb.pdf
2025-08-04 09:02:47,171 - pribot - INFO - 
2025-08-04 09:03:04,067 - pribot - INFO - 監視継続中... (経過時間: 774分)
2025-08-04 09:03:55,375 - pribot - INFO - 新しいPDFファイルを検出: 1754265824152&1310782&kd26dp7c&7c247621-bc7d-41a7-9d41-a082896130c3.pdf
2025-08-04 09:03:55,375 - pribot - INFO - PDFファイルの処理を開始: 1754265824152&1310782&kd26dp7c&7c247621-bc7d-41a7-9d41-a082896130c3.pdf
2025-08-04 09:03:55,454 - pribot - INFO - フォーマット識別: 診療費明細書 (ID: 4)
2025-08-04 09:03:55,454 - pribot - INFO - 抽出された医療機関名: いたがき総合診療クリニック
2025-08-04 09:03:55,454 - pribot - INFO - [成功] マッチング成功: いたがき総合診療クリニック
2025-08-04 09:03:55,454 - pribot - INFO - 振り分け先: いたがき総合診療クリニック -> .../いたがき総合診療クリニック/自動印刷 (設定: 0_共通)
2025-08-04 09:03:55,454 - pribot - INFO - [成功] ファイルを移動しました: 1754265824152&1310782&kd26dp7c&7c247621-bc7d-41a7-9d41-a082896130c3.pdf -> .../自動印刷/1754265824152&1310782&kd26dp7c&7c247621-bc7d-41a7-9d41-a082896130c3.pdf
2025-08-04 09:03:55,454 - pribot - INFO - PDFファイルの処理が完了しました: 1754265824152&1310782&kd26dp7c&7c247621-bc7d-41a7-9d41-a082896130c3.pdf
2025-08-04 09:03:55,454 - pribot - INFO - 
2025-08-04 09:04:01,461 - pribot - INFO - 新しいPDFファイルを検出: 1754265830216&1310782&wlbrkfn4&ced15c36-efaf-4656-a2d8-7eb79a027e16.pdf
2025-08-04 09:04:01,461 - pribot - INFO - PDFファイルの処理を開始: 1754265830216&1310782&wlbrkfn4&ced15c36-efaf-4656-a2d8-7eb79a027e16.pdf
2025-08-04 09:04:01,562 - pribot - INFO - フォーマット識別: 診療費請求書兼領収書(縦) (ID: 1)
2025-08-04 09:04:01,563 - pribot - INFO - 抽出された医療機関名: いたがき総合診療クリニック
2025-08-04 09:04:01,563 - pribot - INFO - [成功] マッチング成功: いたがき総合診療クリニック
2025-08-04 09:04:01,563 - pribot - INFO - 振り分け先: いたがき総合診療クリニック -> .../いたがき総合診療クリニック/自動印刷 (設定: 0_共通)
2025-08-04 09:04:01,564 - pribot - INFO - [成功] ファイルを移動しました: 1754265830216&1310782&wlbrkfn4&ced15c36-efaf-4656-a2d8-7eb79a027e16.pdf -> .../自動印刷/1754265830216&1310782&wlbrkfn4&ced15c36-efaf-4656-a2d8-7eb79a027e16.pdf
2025-08-04 09:04:01,564 - pribot - INFO - PDFファイルの処理が完了しました: 1754265830216&1310782&wlbrkfn4&ced15c36-efaf-4656-a2d8-7eb79a027e16.pdf
2025-08-04 09:04:01,565 - pribot - INFO - 
2025-08-04 09:04:04,070 - pribot - INFO - 監視継続中... (経過時間: 780分)
2025-08-04 09:04:28,676 - pribot - INFO - 新しいPDFファイルを検出: 1754265857841&1310782&5tcc2q83&32c7e196-1cf0-4307-ad46-dc6dcc9e2b89.pdf
2025-08-04 09:04:28,676 - pribot - INFO - PDFファイルの処理を開始: 1754265857841&1310782&5tcc2q83&32c7e196-1cf0-4307-ad46-dc6dcc9e2b89.pdf
2025-08-04 09:04:28,786 - pribot - INFO - フォーマット識別: 診療費明細書 (ID: 4)
2025-08-04 09:04:28,786 - pribot - INFO - 抽出された医療機関名: いたがき総合診療クリニック
2025-08-04 09:04:28,786 - pribot - INFO - [成功] マッチング成功: いたがき総合診療クリニック
2025-08-04 09:04:28,786 - pribot - INFO - 振り分け先: いたがき総合診療クリニック -> .../いたがき総合診療クリニック/自動印刷 (設定: 0_共通)
2025-08-04 09:04:28,786 - pribot - INFO - [成功] ファイルを移動しました: 1754265857841&1310782&5tcc2q83&32c7e196-1cf0-4307-ad46-dc6dcc9e2b89.pdf -> .../自動印刷/1754265857841&1310782&5tcc2q83&32c7e196-1cf0-4307-ad46-dc6dcc9e2b89.pdf
2025-08-04 09:04:28,786 - pribot - INFO - PDFファイルの処理が完了しました: 1754265857841&1310782&5tcc2q83&32c7e196-1cf0-4307-ad46-dc6dcc9e2b89.pdf
2025-08-04 09:04:28,786 - pribot - INFO - 
2025-08-04 09:04:34,438 - pribot - INFO - 新しいPDFファイルを検出: 1754265862949&1310782&1b8u0kqv&f1727ff1-8757-4a4f-bf2e-db7e5527a5f1.pdf
2025-08-04 09:04:34,438 - pribot - INFO - PDFファイルの処理を開始: 1754265862949&1310782&1b8u0kqv&f1727ff1-8757-4a4f-bf2e-db7e5527a5f1.pdf
2025-08-04 09:04:34,674 - pribot - INFO - フォーマット識別: 診療費請求書兼領収書(縦) (ID: 1)
2025-08-04 09:04:34,676 - pribot - INFO - 抽出された医療機関名: いたがき総合診療クリニック
2025-08-04 09:04:34,676 - pribot - INFO - [成功] マッチング成功: いたがき総合診療クリニック
2025-08-04 09:04:34,676 - pribot - INFO - 振り分け先: いたがき総合診療クリニック -> .../いたがき総合診療クリニック/自動印刷 (設定: 0_共通)
2025-08-04 09:04:34,678 - pribot - INFO - [成功] ファイルを移動しました: 1754265862949&1310782&1b8u0kqv&f1727ff1-8757-4a4f-bf2e-db7e5527a5f1.pdf -> .../自動印刷/1754265862949&1310782&1b8u0kqv&f1727ff1-8757-4a4f-bf2e-db7e5527a5f1.pdf
2025-08-04 09:04:34,678 - pribot - INFO - PDFファイルの処理が完了しました: 1754265862949&1310782&1b8u0kqv&f1727ff1-8757-4a4f-bf2e-db7e5527a5f1.pdf
2025-08-04 09:04:34,678 - pribot - INFO - 
2025-08-04 09:04:42,938 - pribot - INFO - 新しいPDFファイルを検出: 1754265871030&1310782&hou9k7l0&38b45c56-aaa4-4fc7-92c7-297f82a48295.pdf
2025-08-04 09:04:42,938 - pribot - INFO - PDFファイルの処理を開始: 1754265871030&1310782&hou9k7l0&38b45c56-aaa4-4fc7-92c7-297f82a48295.pdf
2025-08-04 09:04:43,122 - pribot - INFO - フォーマット識別: 処方箋 (ID: 5)
2025-08-04 09:04:43,124 - pribot - INFO - 抽出された医療機関名: いたがき総合診療クリニック
2025-08-04 09:04:43,124 - pribot - INFO - [成功] マッチング成功: いたがき総合診療クリニック
2025-08-04 09:04:43,124 - pribot - INFO - 振り分け先: いたがき総合診療クリニック -> .../いたがき総合診療クリニック/自動印刷 (設定: 0_共通)
2025-08-04 09:04:43,125 - pribot - INFO - [成功] ファイルを移動しました: 1754265871030&1310782&hou9k7l0&38b45c56-aaa4-4fc7-92c7-297f82a48295.pdf -> .../自動印刷/1754265871030&1310782&hou9k7l0&38b45c56-aaa4-4fc7-92c7-297f82a48295.pdf
2025-08-04 09:04:43,126 - pribot - INFO - PDFファイルの処理が完了しました: 1754265871030&1310782&hou9k7l0&38b45c56-aaa4-4fc7-92c7-297f82a48295.pdf
2025-08-04 09:04:43,126 - pribot - INFO - 
2025-08-04 09:05:04,074 - pribot - INFO - 監視継続中... (経過時間: 786分)
2025-08-04 09:06:04,079 - pribot - INFO - 監視継続中... (経過時間: 792分)
2025-08-04 09:07:04,084 - pribot - INFO - 監視継続中... (経過時間: 798分)
2025-08-04 09:07:33,018 - pribot - INFO - 新しいPDFファイルを検出: 2378-1.pdf
2025-08-04 09:07:33,018 - pribot - INFO - PDFファイルの処理を開始: 2378-1.pdf
2025-08-04 09:07:33,138 - pribot - INFO - フォーマット識別: 診療費請求書兼領収書(横) (ID: 3)
2025-08-04 09:07:33,139 - pribot - INFO - 抽出された医療機関名: 西大宮整形外科くれクリニック
2025-08-04 09:07:33,139 - pribot - INFO - [成功] マッチング成功: 西大宮整形外科くれクリニック
2025-08-04 09:07:33,139 - pribot - INFO - 振り分け先: 西大宮整形外科くれクリニック -> .../くれクリニック/くれクリニック_自動印刷 (設定: 0_共通)
2025-08-04 09:07:33,141 - pribot - INFO - [成功] ファイルを移動しました: 2378-1.pdf -> .../くれクリニック_自動印刷/2378-1.pdf
2025-08-04 09:07:33,142 - pribot - INFO - PDFファイルの処理が完了しました: 2378-1.pdf
2025-08-04 09:07:33,142 - pribot - INFO - 
2025-08-04 09:08:04,088 - pribot - INFO - 監視継続中... (経過時間: 804分)
2025-08-04 09:08:09,297 - pribot - INFO - 新しいPDFファイルを検出: 1754266077625&1310782&znftjoxt&49f81489-0c2c-4238-9cdb-86e30f819dd0.pdf
2025-08-04 09:08:09,297 - pribot - INFO - PDFファイルの処理を開始: 1754266077625&1310782&znftjoxt&49f81489-0c2c-4238-9cdb-86e30f819dd0.pdf
2025-08-04 09:08:09,474 - pribot - INFO - フォーマット識別: 処方箋 (ID: 5)
2025-08-04 09:08:09,474 - pribot - INFO - 抽出された医療機関名: いたがき総合診療クリニック
2025-08-04 09:08:09,474 - pribot - INFO - [成功] マッチング成功: いたがき総合診療クリニック
2025-08-04 09:08:09,474 - pribot - INFO - 振り分け先: いたがき総合診療クリニック -> .../いたがき総合診療クリニック/自動印刷 (設定: 0_共通)
2025-08-04 09:08:09,474 - pribot - INFO - [成功] ファイルを移動しました: 1754266077625&1310782&znftjoxt&49f81489-0c2c-4238-9cdb-86e30f819dd0.pdf -> .../自動印刷/1754266077625&1310782&znftjoxt&49f81489-0c2c-4238-9cdb-86e30f819dd0.pdf
2025-08-04 09:08:09,474 - pribot - INFO - PDFファイルの処理が完了しました: 1754266077625&1310782&znftjoxt&49f81489-0c2c-4238-9cdb-86e30f819dd0.pdf
2025-08-04 09:08:09,474 - pribot - INFO - 
2025-08-04 09:08:45,879 - pribot - INFO - 新しいPDFファイルを検出: 1754266111949&0&0fsa46ei&65b3ac8d-e3d2-4e6f-9ed7-f34a88b0e6ef.pdf
2025-08-04 09:08:45,880 - pribot - INFO - PDFファイルの処理を開始: 1754266111949&0&0fsa46ei&65b3ac8d-e3d2-4e6f-9ed7-f34a88b0e6ef.pdf
2025-08-04 09:08:46,006 - pribot - INFO - フォーマット識別: 処方箋 (ID: 5)
2025-08-04 09:08:46,007 - pribot - INFO - 抽出された医療機関名: 医療法人妙泉会 阿南いしばし医院
2025-08-04 09:08:46,008 - pribot - INFO - [成功] マッチング成功: 医療法人妙泉会 阿南いしばし医院
2025-08-04 09:08:46,008 - pribot - INFO - 振り分け先: 医療法人妙泉会 阿南いしばし医院 -> .../阿南いしばし医院/阿南いしばし医院_自動印刷 (設定: 0_共通)
2025-08-04 09:08:46,009 - pribot - INFO - [成功] ファイルを移動しました: 1754266111949&0&0fsa46ei&65b3ac8d-e3d2-4e6f-9ed7-f34a88b0e6ef.pdf -> .../阿南いしばし医院_自動印刷/1754266111949&0&0fsa46ei&65b3ac8d-e3d2-4e6f-9ed7-f34a88b0e6ef.pdf
2025-08-04 09:08:46,009 - pribot - INFO - PDFファイルの処理が完了しました: 1754266111949&0&0fsa46ei&65b3ac8d-e3d2-4e6f-9ed7-f34a88b0e6ef.pdf
2025-08-04 09:08:46,009 - pribot - INFO - 
2025-08-04 09:09:04,091 - pribot - INFO - 監視継続中... (経過時間: 810分)
2025-08-04 09:09:33,111 - pribot - INFO - 新しいPDFファイルを検出: 6436-1.pdf
2025-08-04 09:09:33,111 - pribot - INFO - PDFファイルの処理を開始: 6436-1.pdf
2025-08-04 09:09:33,220 - pribot - INFO - フォーマット識別: 処方箋 (ID: 5)
2025-08-04 09:09:33,220 - pribot - INFO - 抽出された医療機関名: 西大宮整形外科くれクリニック
2025-08-04 09:09:33,220 - pribot - INFO - [成功] マッチング成功: 西大宮整形外科くれクリニック
2025-08-04 09:09:33,220 - pribot - INFO - 振り分け先: 西大宮整形外科くれクリニック -> .../くれクリニック/くれクリニック_自動印刷 (設定: 0_共通)
2025-08-04 09:09:33,220 - pribot - INFO - [成功] ファイルを移動しました: 6436-1.pdf -> .../くれクリニック_自動印刷/6436-1.pdf
2025-08-04 09:09:33,220 - pribot - INFO - PDFファイルの処理が完了しました: 6436-1.pdf
2025-08-04 09:09:33,220 - pribot - INFO - 
2025-08-04 09:09:42,814 - pribot - INFO - 新しいPDFファイルを検出: 6436-2.pdf
2025-08-04 09:09:42,814 - pribot - INFO - PDFファイルの処理を開始: 6436-2.pdf
2025-08-04 09:09:43,001 - pribot - INFO - フォーマット識別: 診療費請求書兼領収書(横) (ID: 3)
2025-08-04 09:09:43,007 - pribot - INFO - 抽出された医療機関名: 西大宮整形外科くれクリニック
2025-08-04 09:09:43,007 - pribot - INFO - [成功] マッチング成功: 西大宮整形外科くれクリニック
2025-08-04 09:09:43,007 - pribot - INFO - 振り分け先: 西大宮整形外科くれクリニック -> .../くれクリニック/くれクリニック_自動印刷 (設定: 0_共通)
2025-08-04 09:09:43,007 - pribot - INFO - [成功] ファイルを移動しました: 6436-2.pdf -> .../くれクリニック_自動印刷/6436-2.pdf
2025-08-04 09:09:43,007 - pribot - INFO - PDFファイルの処理が完了しました: 6436-2.pdf
2025-08-04 09:09:43,007 - pribot - INFO - 
2025-08-04 09:10:04,095 - pribot - INFO - 監視継続中... (経過時間: 816分)
2025-08-04 09:10:17,060 - pribot - INFO - 新しいPDFファイルを検出: 1754266204254&330394&rkqjl7h0&3fa3b65f-e28e-4335-8536-9cb1d3815695.pdf
2025-08-04 09:10:17,061 - pribot - INFO - PDFファイルの処理を開始: 1754266204254&330394&rkqjl7h0&3fa3b65f-e28e-4335-8536-9cb1d3815695.pdf
2025-08-04 09:10:17,248 - pribot - INFO - フォーマット識別: 診療費請求書兼領収書(縦) (ID: 1)
2025-08-04 09:10:17,250 - pribot - INFO - 抽出された医療機関名: 三宅村国民健康保険直営中央診療所
2025-08-04 09:10:17,250 - pribot - INFO - [成功] マッチング成功: 三宅村国民健康保険直営中央診療所
2025-08-04 09:10:17,251 - pribot - INFO - 振り分け先: 三宅村国民健康保険直営中央診療所 -> .../三宅村中央診療所/三宅村中央診療所_自動印刷 (設定: 1_診療費請求書兼領収書(縦))
2025-08-04 09:10:17,252 - pribot - INFO - [成功] ファイルを移動しました: 1754266204254&330394&rkqjl7h0&3fa3b65f-e28e-4335-8536-9cb1d3815695.pdf -> .../三宅村中央診療所_自動印刷/1754266204254&330394&rkqjl7h0&3fa3b65f-e28e-4335-8536-9cb1d3815695.pdf
2025-08-04 09:10:17,253 - pribot - INFO - PDFファイルの処理が完了しました: 1754266204254&330394&rkqjl7h0&3fa3b65f-e28e-4335-8536-9cb1d3815695.pdf
2025-08-04 09:10:17,253 - pribot - INFO - 
2025-08-04 09:10:48,878 - pribot - INFO - 新しいPDFファイルを検出: 1754266238291&0&51sctsti&855b443e-255e-4215-8acc-7f5faa755d97.pdf
2025-08-04 09:10:48,878 - pribot - INFO - PDFファイルの処理を開始: 1754266238291&0&51sctsti&855b443e-255e-4215-8acc-7f5faa755d97.pdf
2025-08-04 09:10:49,009 - pribot - INFO - フォーマット識別: 処方箋 (ID: 5)
2025-08-04 09:10:49,009 - pribot - INFO - 抽出された医療機関名: 医療法人妙泉会 阿南いしばし医院
2025-08-04 09:10:49,009 - pribot - INFO - [成功] マッチング成功: 医療法人妙泉会 阿南いしばし医院
2025-08-04 09:10:49,009 - pribot - INFO - 振り分け先: 医療法人妙泉会 阿南いしばし医院 -> .../阿南いしばし医院/阿南いしばし医院_自動印刷 (設定: 0_共通)
2025-08-04 09:10:49,009 - pribot - INFO - [成功] ファイルを移動しました: 1754266238291&0&51sctsti&855b443e-255e-4215-8acc-7f5faa755d97.pdf -> .../阿南いしばし医院_自動印刷/1754266238291&0&51sctsti&855b443e-255e-4215-8acc-7f5faa755d97.pdf
2025-08-04 09:10:49,009 - pribot - INFO - PDFファイルの処理が完了しました: 1754266238291&0&51sctsti&855b443e-255e-4215-8acc-7f5faa755d97.pdf
2025-08-04 09:10:49,009 - pribot - INFO - 
2025-08-04 09:10:59,716 - pribot - INFO - 新しいPDFファイルを検出: 1754266246630&329408&21yay07i&8853852d-2eac-42cd-8e9a-2e0f1014db76.pdf
2025-08-04 09:10:59,716 - pribot - INFO - PDFファイルの処理を開始: 1754266246630&329408&21yay07i&8853852d-2eac-42cd-8e9a-2e0f1014db76.pdf
2025-08-04 09:10:59,965 - pribot - INFO - フォーマット識別: 処方箋 (ID: 5)
2025-08-04 09:10:59,967 - pribot - INFO - 抽出された医療機関名: 医療法人妙泉会 阿南いしばし医院
2025-08-04 09:10:59,968 - pribot - INFO - [成功] マッチング成功: 医療法人妙泉会 阿南いしばし医院
2025-08-04 09:10:59,968 - pribot - INFO - 振り分け先: 医療法人妙泉会 阿南いしばし医院 -> .../阿南いしばし医院/阿南いしばし医院_自動印刷 (設定: 0_共通)
2025-08-04 09:10:59,969 - pribot - INFO - [成功] ファイルを移動しました: 1754266246630&329408&21yay07i&8853852d-2eac-42cd-8e9a-2e0f1014db76.pdf -> .../阿南いしばし医院_自動印刷/1754266246630&329408&21yay07i&8853852d-2eac-42cd-8e9a-2e0f1014db76.pdf
2025-08-04 09:10:59,969 - pribot - INFO - PDFファイルの処理が完了しました: 1754266246630&329408&21yay07i&8853852d-2eac-42cd-8e9a-2e0f1014db76.pdf
2025-08-04 09:10:59,969 - pribot - INFO - 
2025-08-04 09:11:04,099 - pribot - INFO - 監視継続中... (経過時間: 822分)
2025-08-04 09:11:32,760 - pribot - INFO - 新しいPDFファイルを検出: 14662-1.pdf
2025-08-04 09:11:32,760 - pribot - INFO - PDFファイルの処理を開始: 14662-1.pdf
2025-08-04 09:11:32,850 - pribot - INFO - フォーマット識別: 診療費請求書兼領収書(横) (ID: 3)
2025-08-04 09:11:32,850 - pribot - INFO - 抽出された医療機関名: 西大宮整形外科くれクリニック
2025-08-04 09:11:32,850 - pribot - INFO - [成功] マッチング成功: 西大宮整形外科くれクリニック
2025-08-04 09:11:32,850 - pribot - INFO - 振り分け先: 西大宮整形外科くれクリニック -> .../くれクリニック/くれクリニック_自動印刷 (設定: 0_共通)
2025-08-04 09:11:32,850 - pribot - INFO - [成功] ファイルを移動しました: 14662-1.pdf -> .../くれクリニック_自動印刷/14662-1.pdf
2025-08-04 09:11:32,850 - pribot - INFO - PDFファイルの処理が完了しました: 14662-1.pdf
2025-08-04 09:11:32,860 - pribot - INFO - 
2025-08-04 09:11:55,103 - pribot - INFO - 新しいPDFファイルを検出: 1754266304636&460782&hw2buu3f&0f51e2c6-b50a-440e-8e01-b3fad0caa245.pdf
2025-08-04 09:11:55,103 - pribot - INFO - PDFファイルの処理を開始: 1754266304636&460782&hw2buu3f&0f51e2c6-b50a-440e-8e01-b3fad0caa245.pdf
2025-08-04 09:11:55,238 - pribot - INFO - フォーマット識別: 診療費明細書 (ID: 4)
2025-08-04 09:11:55,252 - pribot - INFO - 抽出された医療機関名: 医療法人 そけん小児科
2025-08-04 09:11:55,252 - pribot - INFO - [成功] マッチング成功: 医療法人 そけん小児科
2025-08-04 09:11:55,254 - pribot - INFO - 振り分け先: 医療法人 そけん小児科 -> .../そけん小児科/そけん小児科_自動印刷 (設定: 0_共通)
2025-08-04 09:11:55,255 - pribot - INFO - [成功] ファイルを移動しました: 1754266304636&460782&hw2buu3f&0f51e2c6-b50a-440e-8e01-b3fad0caa245.pdf -> .../そけん小児科_自動印刷/1754266304636&460782&hw2buu3f&0f51e2c6-b50a-440e-8e01-b3fad0caa245.pdf
2025-08-04 09:11:55,255 - pribot - INFO - PDFファイルの処理が完了しました: 1754266304636&460782&hw2buu3f&0f51e2c6-b50a-440e-8e01-b3fad0caa245.pdf
2025-08-04 09:11:55,255 - pribot - INFO - 
2025-08-04 09:11:59,331 - pribot - INFO - 新しいPDFファイルを検出: 1754266309007&460782&rnzi8k3o&61eddae8-8505-4647-96e3-41ad58a31d41.pdf
2025-08-04 09:11:59,332 - pribot - INFO - PDFファイルの処理を開始: 1754266309007&460782&rnzi8k3o&61eddae8-8505-4647-96e3-41ad58a31d41.pdf
2025-08-04 09:11:59,467 - pribot - INFO - フォーマット識別: 処方箋 (ID: 5)
2025-08-04 09:11:59,468 - pribot - INFO - 抽出された医療機関名: 医療法人 そけん小児科
2025-08-04 09:11:59,468 - pribot - INFO - [成功] マッチング成功: 医療法人 そけん小児科
2025-08-04 09:11:59,468 - pribot - INFO - 振り分け先: 医療法人 そけん小児科 -> .../そけん小児科/そけん小児科_自動印刷 (設定: 0_共通)
2025-08-04 09:11:59,468 - pribot - INFO - [成功] ファイルを移動しました: 1754266309007&460782&rnzi8k3o&61eddae8-8505-4647-96e3-41ad58a31d41.pdf -> .../そけん小児科_自動印刷/1754266309007&460782&rnzi8k3o&61eddae8-8505-4647-96e3-41ad58a31d41.pdf
2025-08-04 09:11:59,470 - pribot - INFO - PDFファイルの処理が完了しました: 1754266309007&460782&rnzi8k3o&61eddae8-8505-4647-96e3-41ad58a31d41.pdf
2025-08-04 09:11:59,470 - pribot - INFO - 
2025-08-04 09:12:04,101 - pribot - INFO - 監視継続中... (経過時間: 828分)
2025-08-04 09:12:04,101 - pribot - INFO - 監視フォルダ内PDFファイル: 1件
2025-08-04 09:12:06,962 - pribot - INFO - 新しいPDFファイルを検出: a20e8e5e-94af-46de-bc19-cba834869603.pdf
2025-08-04 09:12:06,962 - pribot - INFO - PDFファイルの処理を開始: a20e8e5e-94af-46de-bc19-cba834869603.pdf
2025-08-04 09:12:07,055 - pribot - INFO - フォーマット識別: 処方箋 (ID: 5)
2025-08-04 09:12:07,058 - pribot - INFO - 抽出された医療機関名: いたがき総合診療クリニック
2025-08-04 09:12:07,058 - pribot - INFO - [成功] マッチング成功: いたがき総合診療クリニック
2025-08-04 09:12:07,058 - pribot - INFO - 振り分け先: いたがき総合診療クリニック -> .../いたがき総合診療クリニック/自動印刷 (設定: 0_共通)
2025-08-04 09:12:07,060 - pribot - INFO - [成功] ファイルを移動しました: a20e8e5e-94af-46de-bc19-cba834869603.pdf -> .../自動印刷/a20e8e5e-94af-46de-bc19-cba834869603.pdf
2025-08-04 09:12:07,061 - pribot - INFO - PDFファイルの処理が完了しました: a20e8e5e-94af-46de-bc19-cba834869603.pdf
2025-08-04 09:12:07,062 - pribot - INFO - 
2025-08-04 09:12:11,080 - pribot - INFO - 新しいPDFファイルを検出: 56dc8cc2-1c7a-4f7c-be7a-f33ab0e96468.pdf
2025-08-04 09:12:11,080 - pribot - INFO - PDFファイルの処理を開始: 56dc8cc2-1c7a-4f7c-be7a-f33ab0e96468.pdf
2025-08-04 09:12:11,308 - pribot - INFO - フォーマット識別: 診療費請求書兼領収書(縦) (ID: 1)
2025-08-04 09:12:11,309 - pribot - INFO - 抽出された医療機関名: いたがき総合診療クリニック
2025-08-04 09:12:11,309 - pribot - INFO - [成功] マッチング成功: いたがき総合診療クリニック
2025-08-04 09:12:11,309 - pribot - INFO - 振り分け先: いたがき総合診療クリニック -> .../いたがき総合診療クリニック/自動印刷 (設定: 0_共通)
2025-08-04 09:12:11,311 - pribot - INFO - [成功] ファイルを移動しました: 56dc8cc2-1c7a-4f7c-be7a-f33ab0e96468.pdf -> .../自動印刷/56dc8cc2-1c7a-4f7c-be7a-f33ab0e96468.pdf
2025-08-04 09:12:11,311 - pribot - INFO - PDFファイルの処理が完了しました: 56dc8cc2-1c7a-4f7c-be7a-f33ab0e96468.pdf
2025-08-04 09:12:11,312 - pribot - INFO - 
2025-08-04 09:12:14,695 - pribot - INFO - 新しいPDFファイルを検出: 04006.pdf
2025-08-04 09:12:14,695 - pribot - INFO - PDFファイルの処理を開始: 04006.pdf
2025-08-04 09:12:15,261 - pribot - INFO - フォーマット識別: 診療費請求書兼領収書(横) (ID: 3)
2025-08-04 09:12:15,263 - pribot - INFO - 抽出された医療機関名: 西大宮整形外科くれクリニック
2025-08-04 09:12:15,263 - pribot - INFO - [成功] マッチング成功: 西大宮整形外科くれクリニック
2025-08-04 09:12:15,263 - pribot - INFO - 振り分け先: 西大宮整形外科くれクリニック -> .../くれクリニック/くれクリニック_自動印刷 (設定: 0_共通)
2025-08-04 09:12:15,264 - pribot - INFO - [成功] ファイルを移動しました: 04006.pdf -> .../くれクリニック_自動印刷/04006.pdf
2025-08-04 09:12:15,264 - pribot - INFO - PDFファイルの処理が完了しました: 04006.pdf
2025-08-04 09:12:15,264 - pribot - INFO - 
2025-08-04 09:12:18,265 - pribot - INFO - 新しいPDFファイルを検出: 45d1110b-8876-416a-a482-633fead998cb.pdf
2025-08-04 09:12:18,266 - pribot - INFO - PDFファイルの処理を開始: 45d1110b-8876-416a-a482-633fead998cb.pdf
2025-08-04 09:12:18,867 - pribot - INFO - フォーマット識別: 診療費明細書 (ID: 4)
2025-08-04 09:12:18,883 - pribot - INFO - 抽出された医療機関名: いたがき総合診療クリニック
2025-08-04 09:12:18,883 - pribot - INFO - [成功] マッチング成功: いたがき総合診療クリニック
2025-08-04 09:12:18,883 - pribot - INFO - 振り分け先: いたがき総合診療クリニック -> .../いたがき総合診療クリニック/自動印刷 (設定: 0_共通)
2025-08-04 09:12:18,883 - pribot - INFO - [成功] ファイルを移動しました: 45d1110b-8876-416a-a482-633fead998cb.pdf -> .../自動印刷/45d1110b-8876-416a-a482-633fead998cb.pdf
2025-08-04 09:12:18,883 - pribot - INFO - PDFファイルの処理が完了しました: 45d1110b-8876-416a-a482-633fead998cb.pdf
2025-08-04 09:12:18,883 - pribot - INFO - 
2025-08-04 09:12:27,377 - pribot - INFO - 新しいPDFファイルを検出: 1754266336739&0&cdfq785s&8a3dbe87-31ea-4d61-80f5-875350e617a9.pdf
2025-08-04 09:12:27,377 - pribot - INFO - PDFファイルの処理を開始: 1754266336739&0&cdfq785s&8a3dbe87-31ea-4d61-80f5-875350e617a9.pdf
2025-08-04 09:12:27,778 - pribot - INFO - フォーマット識別: 処方箋 (ID: 5)
2025-08-04 09:12:27,778 - pribot - INFO - 抽出された医療機関名: 医療法人妙泉会 阿南いしばし医院
2025-08-04 09:12:27,785 - pribot - INFO - [成功] マッチング成功: 医療法人妙泉会 阿南いしばし医院
2025-08-04 09:12:27,785 - pribot - INFO - 振り分け先: 医療法人妙泉会 阿南いしばし医院 -> .../阿南いしばし医院/阿南いしばし医院_自動印刷 (設定: 0_共通)
2025-08-04 09:12:27,785 - pribot - INFO - [成功] ファイルを移動しました: 1754266336739&0&cdfq785s&8a3dbe87-31ea-4d61-80f5-875350e617a9.pdf -> .../阿南いしばし医院_自動印刷/1754266336739&0&cdfq785s&8a3dbe87-31ea-4d61-80f5-875350e617a9.pdf
2025-08-04 09:12:27,785 - pribot - INFO - PDFファイルの処理が完了しました: 1754266336739&0&cdfq785s&8a3dbe87-31ea-4d61-80f5-875350e617a9.pdf
2025-08-04 09:12:27,785 - pribot - INFO - 
2025-08-04 09:13:04,105 - pribot - INFO - 監視継続中... (経過時間: 834分)
2025-08-04 09:13:22,992 - pribot - INFO - 新しいPDFファイルを検出: 9363-1.pdf
2025-08-04 09:13:22,992 - pribot - INFO - PDFファイルの処理を開始: 9363-1.pdf
2025-08-04 09:13:23,130 - pribot - INFO - フォーマット識別: 処方箋 (ID: 5)
2025-08-04 09:13:23,132 - pribot - INFO - 抽出された医療機関名: 西大宮整形外科くれクリニック
2025-08-04 09:13:23,132 - pribot - INFO - [成功] マッチング成功: 西大宮整形外科くれクリニック
2025-08-04 09:13:23,132 - pribot - INFO - 振り分け先: 西大宮整形外科くれクリニック -> .../くれクリニック/くれクリニック_自動印刷 (設定: 0_共通)
2025-08-04 09:13:23,132 - pribot - INFO - [成功] ファイルを移動しました: 9363-1.pdf -> .../くれクリニック_自動印刷/9363-1.pdf
2025-08-04 09:13:23,132 - pribot - INFO - PDFファイルの処理が完了しました: 9363-1.pdf
2025-08-04 09:13:23,132 - pribot - INFO - 
2025-08-04 09:13:34,359 - pribot - INFO - 新しいPDFファイルを検出: 9363-2.pdf
2025-08-04 09:13:34,359 - pribot - INFO - PDFファイルの処理を開始: 9363-2.pdf
2025-08-04 09:13:34,975 - pribot - INFO - フォーマット識別: 診療費請求書兼領収書(横) (ID: 3)
2025-08-04 09:13:34,975 - pribot - INFO - 抽出された医療機関名: 西大宮整形外科くれクリニック
2025-08-04 09:13:34,975 - pribot - INFO - [成功] マッチング成功: 西大宮整形外科くれクリニック
2025-08-04 09:13:34,975 - pribot - INFO - 振り分け先: 西大宮整形外科くれクリニック -> .../くれクリニック/くれクリニック_自動印刷 (設定: 0_共通)
2025-08-04 09:13:34,975 - pribot - INFO - [成功] ファイルを移動しました: 9363-2.pdf -> .../くれクリニック_自動印刷/9363-2.pdf
2025-08-04 09:13:34,975 - pribot - INFO - PDFファイルの処理が完了しました: 9363-2.pdf
2025-08-04 09:13:34,975 - pribot - INFO - 
2025-08-04 09:14:04,109 - pribot - INFO - 監視継続中... (経過時間: 840分)
2025-08-04 09:15:04,113 - pribot - INFO - 監視継続中... (経過時間: 846分)
2025-08-04 09:16:04,116 - pribot - INFO - 監視継続中... (経過時間: 852分)
2025-08-04 09:16:32,339 - pribot - INFO - 新しいPDFファイルを検出: 23771a8a-394b-41a6-9f52-66778d3838c2.pdf
2025-08-04 09:16:32,339 - pribot - INFO - PDFファイルの処理を開始: 23771a8a-394b-41a6-9f52-66778d3838c2.pdf
2025-08-04 09:16:32,436 - pribot - INFO - フォーマット識別: 診療費明細書 (ID: 4)
2025-08-04 09:16:32,436 - pribot - INFO - 抽出された医療機関名: いたがき総合診療クリニック
2025-08-04 09:16:32,436 - pribot - INFO - [成功] マッチング成功: いたがき総合診療クリニック
2025-08-04 09:16:32,436 - pribot - INFO - 振り分け先: いたがき総合診療クリニック -> .../いたがき総合診療クリニック/自動印刷 (設定: 0_共通)
2025-08-04 09:16:32,436 - pribot - INFO - [成功] ファイルを移動しました: 23771a8a-394b-41a6-9f52-66778d3838c2.pdf -> .../自動印刷/23771a8a-394b-41a6-9f52-66778d3838c2.pdf
2025-08-04 09:16:32,436 - pribot - INFO - PDFファイルの処理が完了しました: 23771a8a-394b-41a6-9f52-66778d3838c2.pdf
2025-08-04 09:16:32,436 - pribot - INFO - 
2025-08-04 09:16:35,516 - pribot - INFO - 新しいPDFファイルを検出: 1754266585170&264864&cxp45gi6&2adceb34-8c5a-49c0-a0b3-90b75f1d4200.pdf
2025-08-04 09:16:35,516 - pribot - INFO - PDFファイルの処理を開始: 1754266585170&264864&cxp45gi6&2adceb34-8c5a-49c0-a0b3-90b75f1d4200.pdf
2025-08-04 09:16:35,708 - pribot - INFO - フォーマット識別: 診療費明細書 (ID: 4)
2025-08-04 09:16:35,709 - pribot - INFO - 抽出された医療機関名: ひまわりクリニックきょうごく
2025-08-04 09:16:35,709 - pribot - INFO - [成功] マッチング成功: ひまわりクリニックきょうごく
2025-08-04 09:16:35,709 - pribot - INFO - 振り分け先: ひまわりクリニックきょうごく -> .../ひまわりクリニックきょうごく_自動印刷/明細書 (設定: 4_診療費明細書)
2025-08-04 09:16:35,710 - pribot - INFO - [成功] ファイルを移動しました: 1754266585170&264864&cxp45gi6&2adceb34-8c5a-49c0-a0b3-90b75f1d4200.pdf -> .../明細書/1754266585170&264864&cxp45gi6&2adceb34-8c5a-49c0-a0b3-90b75f1d4200.pdf
2025-08-04 09:16:35,710 - pribot - INFO - PDFファイルの処理が完了しました: 1754266585170&264864&cxp45gi6&2adceb34-8c5a-49c0-a0b3-90b75f1d4200.pdf
2025-08-04 09:16:35,711 - pribot - INFO - 
2025-08-04 09:16:38,713 - pribot - INFO - 新しいPDFファイルを検出: 703fce6d-8b2c-45f0-bb28-cda20c2706fe.pdf
2025-08-04 09:16:38,714 - pribot - INFO - PDFファイルの処理を開始: 703fce6d-8b2c-45f0-bb28-cda20c2706fe.pdf
2025-08-04 09:16:39,001 - pribot - INFO - フォーマット識別: 診療費請求書兼領収書(縦) (ID: 1)
2025-08-04 09:16:39,001 - pribot - INFO - 抽出された医療機関名: いたがき総合診療クリニック
2025-08-04 09:16:39,001 - pribot - INFO - [成功] マッチング成功: いたがき総合診療クリニック
2025-08-04 09:16:39,001 - pribot - INFO - 振り分け先: いたがき総合診療クリニック -> .../いたがき総合診療クリニック/自動印刷 (設定: 0_共通)
2025-08-04 09:16:39,005 - pribot - INFO - [成功] ファイルを移動しました: 703fce6d-8b2c-45f0-bb28-cda20c2706fe.pdf -> .../自動印刷/703fce6d-8b2c-45f0-bb28-cda20c2706fe.pdf
2025-08-04 09:16:39,005 - pribot - INFO - PDFファイルの処理が完了しました: 703fce6d-8b2c-45f0-bb28-cda20c2706fe.pdf
2025-08-04 09:16:39,005 - pribot - INFO - 
2025-08-04 09:16:42,008 - pribot - INFO - 新しいPDFファイルを検出: 1754266589223&264864&1rp0p2g4&9ddba82a-f5eb-440a-af93-46be8dd4a0cc.pdf
2025-08-04 09:16:42,009 - pribot - INFO - PDFファイルの処理を開始: 1754266589223&264864&1rp0p2g4&9ddba82a-f5eb-440a-af93-46be8dd4a0cc.pdf
2025-08-04 09:16:42,476 - pribot - INFO - フォーマット識別: 診療費請求書兼領収書(控え付き) (ID: 2)
2025-08-04 09:16:42,476 - pribot - INFO - 抽出された医療機関名: 北海道虻田郡京極町字京極３１６
ひまわりクリニックきょうごく
2025-08-04 09:16:42,476 - pribot - INFO - [成功] マッチング成功: ひまわりクリニックきょうごく
2025-08-04 09:16:42,476 - pribot - INFO - 振り分け先: ひまわりクリニックきょうごく -> .../ひまわりクリニックきょうごく_自動印刷/請求書 (設定: 2_診療費請求書兼領収書(控え付き))
2025-08-04 09:16:42,508 - pribot - INFO - [成功] ファイルを移動しました: 1754266589223&264864&1rp0p2g4&9ddba82a-f5eb-440a-af93-46be8dd4a0cc.pdf -> .../請求書/1754266589223&264864&1rp0p2g4&9ddba82a-f5eb-440a-af93-46be8dd4a0cc.pdf
2025-08-04 09:16:42,508 - pribot - INFO - PDFファイルの処理が完了しました: 1754266589223&264864&1rp0p2g4&9ddba82a-f5eb-440a-af93-46be8dd4a0cc.pdf
2025-08-04 09:16:42,511 - pribot - INFO - 
2025-08-04 09:16:53,326 - pribot - INFO - 新しいPDFファイルを検出: 2281-1.pdf
2025-08-04 09:16:53,326 - pribot - INFO - PDFファイルの処理を開始: 2281-1.pdf
2025-08-04 09:16:53,456 - pribot - INFO - フォーマット識別: 処方箋 (ID: 5)
2025-08-04 09:16:53,456 - pribot - INFO - 抽出された医療機関名: 西大宮整形外科くれクリニック
2025-08-04 09:16:53,456 - pribot - INFO - [成功] マッチング成功: 西大宮整形外科くれクリニック
2025-08-04 09:16:53,456 - pribot - INFO - 振り分け先: 西大宮整形外科くれクリニック -> .../くれクリニック/くれクリニック_自動印刷 (設定: 0_共通)
2025-08-04 09:16:53,456 - pribot - INFO - [成功] ファイルを移動しました: 2281-1.pdf -> .../くれクリニック_自動印刷/2281-1.pdf
2025-08-04 09:16:53,456 - pribot - INFO - PDFファイルの処理が完了しました: 2281-1.pdf
2025-08-04 09:16:53,456 - pribot - INFO - 
2025-08-04 09:17:04,119 - pribot - INFO - 監視継続中... (経過時間: 858分)
2025-08-04 09:17:04,119 - pribot - INFO - 監視フォルダ内PDFファイル: 1件
2025-08-04 09:17:05,651 - pribot - INFO - 新しいPDFファイルを検出: 2281-2.pdf
2025-08-04 09:17:05,651 - pribot - INFO - PDFファイルの処理を開始: 2281-2.pdf
2025-08-04 09:17:05,770 - pribot - INFO - フォーマット識別: 診療費請求書兼領収書(横) (ID: 3)
2025-08-04 09:17:05,772 - pribot - INFO - 抽出された医療機関名: 西大宮整形外科くれクリニック
2025-08-04 09:17:05,772 - pribot - INFO - [成功] マッチング成功: 西大宮整形外科くれクリニック
2025-08-04 09:17:05,772 - pribot - INFO - 振り分け先: 西大宮整形外科くれクリニック -> .../くれクリニック/くれクリニック_自動印刷 (設定: 0_共通)
2025-08-04 09:17:05,774 - pribot - INFO - [成功] ファイルを移動しました: 2281-2.pdf -> .../くれクリニック_自動印刷/2281-2.pdf
2025-08-04 09:17:05,774 - pribot - INFO - PDFファイルの処理が完了しました: 2281-2.pdf
2025-08-04 09:17:05,774 - pribot - INFO - 
2025-08-04 09:17:08,777 - pribot - INFO - 新しいPDFファイルを検出: 1754266617508&264864&odairawm&a7bbe2c5-336f-4c58-9bd3-c2014b21b977.pdf
2025-08-04 09:17:08,777 - pribot - INFO - PDFファイルの処理を開始: 1754266617508&264864&odairawm&a7bbe2c5-336f-4c58-9bd3-c2014b21b977.pdf
2025-08-04 09:17:09,591 - pribot - INFO - フォーマット識別: 診療費明細書 (ID: 4)
2025-08-04 09:17:09,591 - pribot - INFO - 抽出された医療機関名: ひまわりクリニックきょうごく
2025-08-04 09:17:09,591 - pribot - INFO - [成功] マッチング成功: ひまわりクリニックきょうごく
2025-08-04 09:17:09,591 - pribot - INFO - 振り分け先: ひまわりクリニックきょうごく -> .../ひまわりクリニックきょうごく_自動印刷/明細書 (設定: 4_診療費明細書)
2025-08-04 09:17:09,607 - pribot - INFO - [成功] ファイルを移動しました: 1754266617508&264864&odairawm&a7bbe2c5-336f-4c58-9bd3-c2014b21b977.pdf -> .../明細書/1754266617508&264864&odairawm&a7bbe2c5-336f-4c58-9bd3-c2014b21b977.pdf
2025-08-04 09:17:09,607 - pribot - INFO - PDFファイルの処理が完了しました: 1754266617508&264864&odairawm&a7bbe2c5-336f-4c58-9bd3-c2014b21b977.pdf
2025-08-04 09:17:09,607 - pribot - INFO - 
2025-08-04 09:17:13,324 - pribot - INFO - 新しいPDFファイルを検出: 1754266622007&264864&a6pfeoak&b133a0b2-4788-4f65-b41a-40a5075b3c5f.pdf
2025-08-04 09:17:13,324 - pribot - INFO - PDFファイルの処理を開始: 1754266622007&264864&a6pfeoak&b133a0b2-4788-4f65-b41a-40a5075b3c5f.pdf
2025-08-04 09:17:13,450 - pribot - INFO - フォーマット識別: 診療費請求書兼領収書(控え付き) (ID: 2)
2025-08-04 09:17:13,452 - pribot - INFO - 抽出された医療機関名: 北海道虻田郡京極町字京極３１６
ひまわりクリニックきょうごく
2025-08-04 09:17:13,452 - pribot - INFO - [成功] マッチング成功: ひまわりクリニックきょうごく
2025-08-04 09:17:13,453 - pribot - INFO - 振り分け先: ひまわりクリニックきょうごく -> .../ひまわりクリニックきょうごく_自動印刷/請求書 (設定: 2_診療費請求書兼領収書(控え付き))
2025-08-04 09:17:13,454 - pribot - INFO - [成功] ファイルを移動しました: 1754266622007&264864&a6pfeoak&b133a0b2-4788-4f65-b41a-40a5075b3c5f.pdf -> .../請求書/1754266622007&264864&a6pfeoak&b133a0b2-4788-4f65-b41a-40a5075b3c5f.pdf
2025-08-04 09:17:13,454 - pribot - INFO - PDFファイルの処理が完了しました: 1754266622007&264864&a6pfeoak&b133a0b2-4788-4f65-b41a-40a5075b3c5f.pdf
2025-08-04 09:17:13,454 - pribot - INFO - 
2025-08-04 09:17:34,652 - pribot - INFO - 新しいPDFファイルを検出: 1754266636968&656402&t0okyjmc&cd138ff7-9a3d-47e8-b16c-efeec311d680.pdf
2025-08-04 09:17:34,652 - pribot - INFO - PDFファイルの処理を開始: 1754266636968&656402&t0okyjmc&cd138ff7-9a3d-47e8-b16c-efeec311d680.pdf
2025-08-04 09:17:35,041 - pribot - INFO - フォーマット識別: 診療費請求書兼領収書(縦) (ID: 1)
2025-08-04 09:17:35,041 - pribot - INFO - 抽出された医療機関名: 三宅村国民健康保険直営中央診療所
2025-08-04 09:17:35,041 - pribot - INFO - [成功] マッチング成功: 三宅村国民健康保険直営中央診療所
2025-08-04 09:17:35,041 - pribot - INFO - 振り分け先: 三宅村国民健康保険直営中央診療所 -> .../三宅村中央診療所/三宅村中央診療所_自動印刷 (設定: 1_診療費請求書兼領収書(縦))
2025-08-04 09:17:35,041 - pribot - INFO - [成功] ファイルを移動しました: 1754266636968&656402&t0okyjmc&cd138ff7-9a3d-47e8-b16c-efeec311d680.pdf -> .../三宅村中央診療所_自動印刷/1754266636968&656402&t0okyjmc&cd138ff7-9a3d-47e8-b16c-efeec311d680.pdf
2025-08-04 09:17:35,041 - pribot - INFO - PDFファイルの処理が完了しました: 1754266636968&656402&t0okyjmc&cd138ff7-9a3d-47e8-b16c-efeec311d680.pdf
2025-08-04 09:17:35,041 - pribot - INFO - 
2025-08-04 09:18:04,123 - pribot - INFO - 監視継続中... (経過時間: 864分)
2025-08-04 09:18:07,742 - pribot - INFO - 新しいPDFファイルを検出: 304-1.pdf
2025-08-04 09:18:07,742 - pribot - INFO - PDFファイルの処理を開始: 304-1.pdf
2025-08-04 09:18:07,874 - pribot - INFO - フォーマット識別: 処方箋 (ID: 5)
2025-08-04 09:18:07,874 - pribot - INFO - 抽出された医療機関名: 西大宮整形外科くれクリニック
2025-08-04 09:18:07,874 - pribot - INFO - [成功] マッチング成功: 西大宮整形外科くれクリニック
2025-08-04 09:18:07,889 - pribot - INFO - 振り分け先: 西大宮整形外科くれクリニック -> .../くれクリニック/くれクリニック_自動印刷 (設定: 0_共通)
2025-08-04 09:18:07,889 - pribot - INFO - [成功] ファイルを移動しました: 304-1.pdf -> .../くれクリニック_自動印刷/304-1.pdf
2025-08-04 09:18:07,889 - pribot - INFO - PDFファイルの処理が完了しました: 304-1.pdf
2025-08-04 09:18:07,889 - pribot - INFO - 
2025-08-04 09:18:16,241 - pribot - INFO - 新しいPDFファイルを検出: 304-2.pdf
2025-08-04 09:18:16,241 - pribot - INFO - PDFファイルの処理を開始: 304-2.pdf
2025-08-04 09:18:16,479 - pribot - INFO - フォーマット識別: 診療費請求書兼領収書(横) (ID: 3)
2025-08-04 09:18:16,479 - pribot - INFO - 抽出された医療機関名: 西大宮整形外科くれクリニック
2025-08-04 09:18:16,479 - pribot - INFO - [成功] マッチング成功: 西大宮整形外科くれクリニック
2025-08-04 09:18:16,479 - pribot - INFO - 振り分け先: 西大宮整形外科くれクリニック -> .../くれクリニック/くれクリニック_自動印刷 (設定: 0_共通)
2025-08-04 09:18:16,479 - pribot - INFO - [成功] ファイルを移動しました: 304-2.pdf -> .../くれクリニック_自動印刷/304-2.pdf
2025-08-04 09:18:16,479 - pribot - INFO - PDFファイルの処理が完了しました: 304-2.pdf
2025-08-04 09:18:16,479 - pribot - INFO - 
2025-08-04 09:18:19,493 - pribot - INFO - 新しいPDFファイルを検出: 1754266688393&0&d46lqzeh&7dd7e5ce-7518-4642-96b1-c344b10b75de.pdf
2025-08-04 09:18:19,493 - pribot - INFO - PDFファイルの処理を開始: 1754266688393&0&d46lqzeh&7dd7e5ce-7518-4642-96b1-c344b10b75de.pdf
2025-08-04 09:18:19,856 - pribot - INFO - フォーマット識別: 診療費請求書兼領収書(横) (ID: 3)
2025-08-04 09:18:19,872 - pribot - INFO - 抽出された医療機関名: メモリーケアクリニック湘南
2025-08-04 09:18:19,872 - pribot - INFO - [成功] マッチング成功: メモリーケアクリニック湘南
2025-08-04 09:18:19,872 - pribot - INFO - 振り分け先: メモリーケアクリニック湘南 -> .../メモリーケアクリニック湘南_自動印刷/請求書兼明細書（A5） (設定: 3_診療費請求書兼領収書(横))
2025-08-04 09:18:19,872 - pribot - INFO - [成功] ファイルを移動しました: 1754266688393&0&d46lqzeh&7dd7e5ce-7518-4642-96b1-c344b10b75de.pdf -> .../請求書兼明細書（A5）/1754266688393&0&d46lqzeh&7dd7e5ce-7518-4642-96b1-c344b10b75de.pdf
2025-08-04 09:18:19,872 - pribot - INFO - PDFファイルの処理が完了しました: 1754266688393&0&d46lqzeh&7dd7e5ce-7518-4642-96b1-c344b10b75de.pdf
2025-08-04 09:18:19,872 - pribot - INFO - 
2025-08-04 09:18:25,010 - pribot - INFO - 新しいPDFファイルを検出: 1754266693546&0&zcs8glid&65525751-e134-487d-b4c8-f55acb5c1349.pdf
2025-08-04 09:18:25,010 - pribot - INFO - PDFファイルの処理を開始: 1754266693546&0&zcs8glid&65525751-e134-487d-b4c8-f55acb5c1349.pdf
2025-08-04 09:18:25,307 - pribot - INFO - フォーマット識別: 処方箋 (ID: 5)
2025-08-04 09:18:25,308 - pribot - INFO - 抽出された医療機関名: メモリーケアクリニック湘南
2025-08-04 09:18:25,309 - pribot - INFO - [成功] マッチング成功: メモリーケアクリニック湘南
2025-08-04 09:18:25,309 - pribot - INFO - 振り分け先: メモリーケアクリニック湘南 -> .../メモリーケアクリニック湘南_自動印刷/請求書兼明細書（A5） (設定: 5_処方箋)
2025-08-04 09:18:25,310 - pribot - INFO - [成功] ファイルを移動しました: 1754266693546&0&zcs8glid&65525751-e134-487d-b4c8-f55acb5c1349.pdf -> .../請求書兼明細書（A5）/1754266693546&0&zcs8glid&65525751-e134-487d-b4c8-f55acb5c1349.pdf
2025-08-04 09:18:25,310 - pribot - INFO - PDFファイルの処理が完了しました: 1754266693546&0&zcs8glid&65525751-e134-487d-b4c8-f55acb5c1349.pdf
2025-08-04 09:18:25,310 - pribot - INFO - 
2025-08-04 09:19:04,129 - pribot - INFO - 監視継続中... (経過時間: 870分)
2025-08-04 09:19:21,573 - pribot - INFO - 新しいPDFファイルを検出: 1754266749625&2035514&476hlz3p&dbe4c784-8b90-4b9c-ad87-8939b928b018.pdf
2025-08-04 09:19:21,573 - pribot - INFO - PDFファイルの処理を開始: 1754266749625&2035514&476hlz3p&dbe4c784-8b90-4b9c-ad87-8939b928b018.pdf
2025-08-04 09:19:21,669 - pribot - INFO - フォーマット識別: 診療費請求書兼領収書(横) (ID: 3)
2025-08-04 09:19:21,669 - pribot - INFO - 抽出された医療機関名: メモリーケアクリニック湘南
2025-08-04 09:19:21,669 - pribot - INFO - [成功] マッチング成功: メモリーケアクリニック湘南
2025-08-04 09:19:21,669 - pribot - INFO - 振り分け先: メモリーケアクリニック湘南 -> .../メモリーケアクリニック湘南_自動印刷/請求書兼明細書（A5） (設定: 3_診療費請求書兼領収書(横))
2025-08-04 09:19:21,669 - pribot - INFO - [成功] ファイルを移動しました: 1754266749625&2035514&476hlz3p&dbe4c784-8b90-4b9c-ad87-8939b928b018.pdf -> .../請求書兼明細書（A5）/1754266749625&2035514&476hlz3p&dbe4c784-8b90-4b9c-ad87-8939b928b018.pdf
2025-08-04 09:19:21,669 - pribot - INFO - PDFファイルの処理が完了しました: 1754266749625&2035514&476hlz3p&dbe4c784-8b90-4b9c-ad87-8939b928b018.pdf
2025-08-04 09:19:21,669 - pribot - INFO - 
2025-08-04 09:19:26,854 - pribot - INFO - 新しいPDFファイルを検出: 1754266755415&2035514&3g4px0yz&f03ab012-4645-447f-ac87-7ba1a4317f67.pdf
2025-08-04 09:19:26,854 - pribot - INFO - PDFファイルの処理を開始: 1754266755415&2035514&3g4px0yz&f03ab012-4645-447f-ac87-7ba1a4317f67.pdf
2025-08-04 09:19:26,968 - pribot - INFO - フォーマット識別: 処方箋 (ID: 5)
2025-08-04 09:19:26,969 - pribot - INFO - 抽出された医療機関名: メモリーケアクリニック湘南
2025-08-04 09:19:26,969 - pribot - INFO - [成功] マッチング成功: メモリーケアクリニック湘南
2025-08-04 09:19:26,969 - pribot - INFO - 振り分け先: メモリーケアクリニック湘南 -> .../メモリーケアクリニック湘南_自動印刷/請求書兼明細書（A5） (設定: 5_処方箋)
2025-08-04 09:19:26,970 - pribot - INFO - [成功] ファイルを移動しました: 1754266755415&2035514&3g4px0yz&f03ab012-4645-447f-ac87-7ba1a4317f67.pdf -> .../請求書兼明細書（A5）/1754266755415&2035514&3g4px0yz&f03ab012-4645-447f-ac87-7ba1a4317f67.pdf
2025-08-04 09:19:26,970 - pribot - INFO - PDFファイルの処理が完了しました: 1754266755415&2035514&3g4px0yz&f03ab012-4645-447f-ac87-7ba1a4317f67.pdf
2025-08-04 09:19:26,971 - pribot - INFO - 
2025-08-04 09:20:04,134 - pribot - INFO - 監視継続中... (経過時間: 876分)
2025-08-04 09:20:09,322 - pribot - INFO - 新しいPDFファイルを検出: 1754266798394&0&3jw2tscn&9e596203-cac6-4cc0-bc51-79ba3ec7c4fe.pdf
2025-08-04 09:20:09,323 - pribot - INFO - PDFファイルの処理を開始: 1754266798394&0&3jw2tscn&9e596203-cac6-4cc0-bc51-79ba3ec7c4fe.pdf
2025-08-04 09:20:09,481 - pribot - INFO - フォーマット識別: 処方箋 (ID: 5)
2025-08-04 09:20:09,483 - pribot - INFO - 抽出された医療機関名: 医療法人妙泉会 阿南いしばし医院
2025-08-04 09:20:09,484 - pribot - INFO - [成功] マッチング成功: 医療法人妙泉会 阿南いしばし医院
2025-08-04 09:20:09,485 - pribot - INFO - 振り分け先: 医療法人妙泉会 阿南いしばし医院 -> .../阿南いしばし医院/阿南いしばし医院_自動印刷 (設定: 0_共通)
2025-08-04 09:20:09,487 - pribot - INFO - [成功] ファイルを移動しました: 1754266798394&0&3jw2tscn&9e596203-cac6-4cc0-bc51-79ba3ec7c4fe.pdf -> .../阿南いしばし医院_自動印刷/1754266798394&0&3jw2tscn&9e596203-cac6-4cc0-bc51-79ba3ec7c4fe.pdf
2025-08-04 09:20:09,487 - pribot - INFO - PDFファイルの処理が完了しました: 1754266798394&0&3jw2tscn&9e596203-cac6-4cc0-bc51-79ba3ec7c4fe.pdf
2025-08-04 09:20:09,487 - pribot - INFO - 
2025-08-04 09:21:04,140 - pribot - INFO - 監視継続中... (経過時間: 882分)
2025-08-04 09:21:31,832 - pribot - INFO - 新しいPDFファイルを検出: 79-1.pdf
2025-08-04 09:21:31,832 - pribot - INFO - PDFファイルの処理を開始: 79-1.pdf
2025-08-04 09:21:31,951 - pribot - INFO - フォーマット識別: 診療費請求書兼領収書(横) (ID: 3)
2025-08-04 09:21:31,952 - pribot - INFO - 抽出された医療機関名: 西大宮整形外科くれクリニック
2025-08-04 09:21:31,952 - pribot - INFO - [成功] マッチング成功: 西大宮整形外科くれクリニック
2025-08-04 09:21:31,952 - pribot - INFO - 振り分け先: 西大宮整形外科くれクリニック -> .../くれクリニック/くれクリニック_自動印刷 (設定: 0_共通)
2025-08-04 09:21:31,952 - pribot - INFO - [成功] ファイルを移動しました: 79-1.pdf -> .../くれクリニック_自動印刷/79-1.pdf
2025-08-04 09:21:31,952 - pribot - INFO - PDFファイルの処理が完了しました: 79-1.pdf
2025-08-04 09:21:31,952 - pribot - INFO - 
2025-08-04 09:21:47,451 - pribot - INFO - 新しいPDFファイルを検出: 1754266894496&590212&0ans1yrd&9e283769-c452-400c-96d9-e7596c196bc6.pdf
2025-08-04 09:21:47,451 - pribot - INFO - PDFファイルの処理を開始: 1754266894496&590212&0ans1yrd&9e283769-c452-400c-96d9-e7596c196bc6.pdf
2025-08-04 09:21:47,540 - pribot - INFO - フォーマット識別: 診療費明細書 (ID: 4)
2025-08-04 09:21:47,541 - pribot - INFO - 抽出された医療機関名: ひまわりクリニックきょうごく
2025-08-04 09:21:47,542 - pribot - INFO - [成功] マッチング成功: ひまわりクリニックきょうごく
2025-08-04 09:21:47,542 - pribot - INFO - 振り分け先: ひまわりクリニックきょうごく -> .../ひまわりクリニックきょうごく_自動印刷/明細書 (設定: 4_診療費明細書)
2025-08-04 09:21:47,572 - pribot - INFO - [成功] ファイルを移動しました: 1754266894496&590212&0ans1yrd&9e283769-c452-400c-96d9-e7596c196bc6.pdf -> .../明細書/1754266894496&590212&0ans1yrd&9e283769-c452-400c-96d9-e7596c196bc6.pdf
2025-08-04 09:21:47,573 - pribot - INFO - PDFファイルの処理が完了しました: 1754266894496&590212&0ans1yrd&9e283769-c452-400c-96d9-e7596c196bc6.pdf
2025-08-04 09:21:47,573 - pribot - INFO - 
2025-08-04 09:21:54,691 - pribot - INFO - 新しいPDFファイルを検出: 1754266901962&590212&xlwwezfg&8a6e9a46-1d42-4755-8d65-343069cce110.pdf
2025-08-04 09:21:54,691 - pribot - INFO - PDFファイルの処理を開始: 1754266901962&590212&xlwwezfg&8a6e9a46-1d42-4755-8d65-343069cce110.pdf
2025-08-04 09:21:54,851 - pribot - INFO - フォーマット識別: 診療費請求書兼領収書(控え付き) (ID: 2)
2025-08-04 09:21:54,867 - pribot - INFO - 抽出された医療機関名: 北海道虻田郡京極町字京極３１６
ひまわりクリニックきょうごく
2025-08-04 09:21:54,867 - pribot - INFO - [成功] マッチング成功: ひまわりクリニックきょうごく
2025-08-04 09:21:54,867 - pribot - INFO - 振り分け先: ひまわりクリニックきょうごく -> .../ひまわりクリニックきょうごく_自動印刷/請求書 (設定: 2_診療費請求書兼領収書(控え付き))
2025-08-04 09:21:54,867 - pribot - INFO - [成功] ファイルを移動しました: 1754266901962&590212&xlwwezfg&8a6e9a46-1d42-4755-8d65-343069cce110.pdf -> .../請求書/1754266901962&590212&xlwwezfg&8a6e9a46-1d42-4755-8d65-343069cce110.pdf
2025-08-04 09:21:54,867 - pribot - INFO - PDFファイルの処理が完了しました: 1754266901962&590212&xlwwezfg&8a6e9a46-1d42-4755-8d65-343069cce110.pdf
2025-08-04 09:21:54,867 - pribot - INFO - 
2025-08-04 09:22:04,144 - pribot - INFO - 監視継続中... (経過時間: 888分)
2025-08-04 09:22:37,837 - pribot - INFO - 新しいPDFファイルを検出: 04015-2.pdf
2025-08-04 09:22:37,837 - pribot - INFO - PDFファイルの処理を開始: 04015-2.pdf
2025-08-04 09:22:37,946 - pribot - INFO - フォーマット識別: 診療費請求書兼領収書(横) (ID: 3)
2025-08-04 09:22:37,949 - pribot - INFO - 抽出された医療機関名: 西大宮整形外科くれクリニック
2025-08-04 09:22:37,949 - pribot - INFO - [成功] マッチング成功: 西大宮整形外科くれクリニック
2025-08-04 09:22:37,950 - pribot - INFO - 振り分け先: 西大宮整形外科くれクリニック -> .../くれクリニック/くれクリニック_自動印刷 (設定: 0_共通)
2025-08-04 09:22:37,951 - pribot - INFO - [成功] ファイルを移動しました: 04015-2.pdf -> .../くれクリニック_自動印刷/04015-2.pdf
2025-08-04 09:22:37,951 - pribot - INFO - PDFファイルの処理が完了しました: 04015-2.pdf
2025-08-04 09:22:37,951 - pribot - INFO - 
2025-08-04 09:22:40,953 - pribot - INFO - 新しいPDFファイルを検出: 04015-1.pdf
2025-08-04 09:22:40,953 - pribot - INFO - PDFファイルの処理を開始: 04015-1.pdf
2025-08-04 09:22:41,378 - pribot - INFO - フォーマット識別: 処方箋 (ID: 5)
2025-08-04 09:22:41,378 - pribot - INFO - 抽出された医療機関名: 西大宮整形外科くれクリニック
2025-08-04 09:22:41,378 - pribot - INFO - [成功] マッチング成功: 西大宮整形外科くれクリニック
2025-08-04 09:22:41,390 - pribot - INFO - 振り分け先: 西大宮整形外科くれクリニック -> .../くれクリニック/くれクリニック_自動印刷 (設定: 0_共通)
2025-08-04 09:22:41,390 - pribot - INFO - [成功] ファイルを移動しました: 04015-1.pdf -> .../くれクリニック_自動印刷/04015-1.pdf
2025-08-04 09:22:41,390 - pribot - INFO - PDFファイルの処理が完了しました: 04015-1.pdf
2025-08-04 09:22:41,390 - pribot - INFO - 
2025-08-04 09:22:49,923 - pribot - INFO - 新しいPDFファイルを検出: 1754266957117&264864&63tja1if&f1b9e528-bbeb-4995-acbd-c5f919c1aaa0.pdf
2025-08-04 09:22:49,923 - pribot - INFO - PDFファイルの処理を開始: 1754266957117&264864&63tja1if&f1b9e528-bbeb-4995-acbd-c5f919c1aaa0.pdf
2025-08-04 09:22:49,988 - pribot - INFO - フォーマット識別: 診療費明細書 (ID: 4)
2025-08-04 09:22:49,988 - pribot - INFO - 抽出された医療機関名: ひまわりクリニックきょうごく
2025-08-04 09:22:49,988 - pribot - INFO - [成功] マッチング成功: ひまわりクリニックきょうごく
2025-08-04 09:22:49,988 - pribot - INFO - 振り分け先: ひまわりクリニックきょうごく -> .../ひまわりクリニックきょうごく_自動印刷/明細書 (設定: 4_診療費明細書)
2025-08-04 09:22:50,005 - pribot - INFO - [成功] ファイルを移動しました: 1754266957117&264864&63tja1if&f1b9e528-bbeb-4995-acbd-c5f919c1aaa0.pdf -> .../明細書/1754266957117&264864&63tja1if&f1b9e528-bbeb-4995-acbd-c5f919c1aaa0.pdf
2025-08-04 09:22:50,005 - pribot - INFO - PDFファイルの処理が完了しました: 1754266957117&264864&63tja1if&f1b9e528-bbeb-4995-acbd-c5f919c1aaa0.pdf
2025-08-04 09:22:50,005 - pribot - INFO - 
2025-08-04 09:22:53,877 - pribot - INFO - 新しいPDFファイルを検出: 1754266963760&264864&rhdoxi5h&3f7b8465-945a-4daf-b594-048732cd79b3.pdf
2025-08-04 09:22:53,877 - pribot - INFO - PDFファイルの処理を開始: 1754266963760&264864&rhdoxi5h&3f7b8465-945a-4daf-b594-048732cd79b3.pdf
2025-08-04 09:22:53,993 - pribot - INFO - フォーマット識別: 診療費請求書兼領収書(控え付き) (ID: 2)
2025-08-04 09:22:54,008 - pribot - INFO - 抽出された医療機関名: 北海道虻田郡京極町字京極３１６
ひまわりクリニックきょうごく
2025-08-04 09:22:54,008 - pribot - INFO - [成功] マッチング成功: ひまわりクリニックきょうごく
2025-08-04 09:22:54,008 - pribot - INFO - 振り分け先: ひまわりクリニックきょうごく -> .../ひまわりクリニックきょうごく_自動印刷/請求書 (設定: 2_診療費請求書兼領収書(控え付き))
2025-08-04 09:22:54,008 - pribot - INFO - [成功] ファイルを移動しました: 1754266963760&264864&rhdoxi5h&3f7b8465-945a-4daf-b594-048732cd79b3.pdf -> .../請求書/1754266963760&264864&rhdoxi5h&3f7b8465-945a-4daf-b594-048732cd79b3.pdf
2025-08-04 09:22:54,008 - pribot - INFO - PDFファイルの処理が完了しました: 1754266963760&264864&rhdoxi5h&3f7b8465-945a-4daf-b594-048732cd79b3.pdf
2025-08-04 09:22:54,008 - pribot - INFO - 
2025-08-04 09:23:04,147 - pribot - INFO - 監視継続中... (経過時間: 894分)
2025-08-04 09:23:15,801 - pribot - INFO - 新しいPDFファイルを検出: 1754266983971&2035514&bca4nw3k&96a48b45-e4f0-462f-9a9a-28f4dc47abb8.pdf
2025-08-04 09:23:15,802 - pribot - INFO - PDFファイルの処理を開始: 1754266983971&2035514&bca4nw3k&96a48b45-e4f0-462f-9a9a-28f4dc47abb8.pdf
2025-08-04 09:23:16,279 - pribot - INFO - フォーマット識別: 診療費請求書兼領収書(横) (ID: 3)
2025-08-04 09:23:16,280 - pribot - INFO - 抽出された医療機関名: メモリーケアクリニック湘南
2025-08-04 09:23:16,281 - pribot - INFO - [成功] マッチング成功: メモリーケアクリニック湘南
2025-08-04 09:23:16,281 - pribot - INFO - 振り分け先: メモリーケアクリニック湘南 -> .../メモリーケアクリニック湘南_自動印刷/請求書兼明細書（A5） (設定: 3_診療費請求書兼領収書(横))
2025-08-04 09:23:16,282 - pribot - INFO - [成功] ファイルを移動しました: 1754266983971&2035514&bca4nw3k&96a48b45-e4f0-462f-9a9a-28f4dc47abb8.pdf -> .../請求書兼明細書（A5）/1754266983971&2035514&bca4nw3k&96a48b45-e4f0-462f-9a9a-28f4dc47abb8.pdf
2025-08-04 09:23:16,282 - pribot - INFO - PDFファイルの処理が完了しました: 1754266983971&2035514&bca4nw3k&96a48b45-e4f0-462f-9a9a-28f4dc47abb8.pdf
2025-08-04 09:23:16,282 - pribot - INFO - 
2025-08-04 09:23:19,960 - pribot - INFO - 新しいPDFファイルを検出: 1754266988596&2035514&yhvtg0j7&5b82adbb-255d-433e-a77d-991cd86127d8.pdf
2025-08-04 09:23:19,960 - pribot - INFO - PDFファイルの処理を開始: 1754266988596&2035514&yhvtg0j7&5b82adbb-255d-433e-a77d-991cd86127d8.pdf
2025-08-04 09:23:20,090 - pribot - INFO - フォーマット識別: 処方箋 (ID: 5)
2025-08-04 09:23:20,105 - pribot - INFO - 抽出された医療機関名: メモリーケアクリニック湘南
2025-08-04 09:23:20,105 - pribot - INFO - [成功] マッチング成功: メモリーケアクリニック湘南
2025-08-04 09:23:20,105 - pribot - INFO - 振り分け先: メモリーケアクリニック湘南 -> .../メモリーケアクリニック湘南_自動印刷/請求書兼明細書（A5） (設定: 5_処方箋)
2025-08-04 09:23:20,105 - pribot - INFO - [成功] ファイルを移動しました: 1754266988596&2035514&yhvtg0j7&5b82adbb-255d-433e-a77d-991cd86127d8.pdf -> .../請求書兼明細書（A5）/1754266988596&2035514&yhvtg0j7&5b82adbb-255d-433e-a77d-991cd86127d8.pdf
2025-08-04 09:23:20,105 - pribot - INFO - PDFファイルの処理が完了しました: 1754266988596&2035514&yhvtg0j7&5b82adbb-255d-433e-a77d-991cd86127d8.pdf
2025-08-04 09:23:20,105 - pribot - INFO - 
2025-08-04 09:23:50,703 - pribot - INFO - 新しいPDFファイルを検出: 1754267020273&264864&pa81rrp8&db282b52-0055-42ff-a4d5-a3cdd1a0c80d.pdf
2025-08-04 09:23:50,703 - pribot - INFO - PDFファイルの処理を開始: 1754267020273&264864&pa81rrp8&db282b52-0055-42ff-a4d5-a3cdd1a0c80d.pdf
2025-08-04 09:23:50,861 - pribot - INFO - フォーマット識別: 診療費明細書 (ID: 4)
2025-08-04 09:23:50,861 - pribot - INFO - 抽出された医療機関名: ひまわりクリニックきょうごく
2025-08-04 09:23:50,861 - pribot - INFO - [成功] マッチング成功: ひまわりクリニックきょうごく
2025-08-04 09:23:50,861 - pribot - INFO - 振り分け先: ひまわりクリニックきょうごく -> .../ひまわりクリニックきょうごく_自動印刷/明細書 (設定: 4_診療費明細書)
2025-08-04 09:23:50,861 - pribot - INFO - [成功] ファイルを移動しました: 1754267020273&264864&pa81rrp8&db282b52-0055-42ff-a4d5-a3cdd1a0c80d.pdf -> .../明細書/1754267020273&264864&pa81rrp8&db282b52-0055-42ff-a4d5-a3cdd1a0c80d.pdf
2025-08-04 09:23:50,861 - pribot - INFO - PDFファイルの処理が完了しました: 1754267020273&264864&pa81rrp8&db282b52-0055-42ff-a4d5-a3cdd1a0c80d.pdf
2025-08-04 09:23:50,861 - pribot - INFO - 
2025-08-04 09:23:55,271 - pribot - INFO - 新しいPDFファイルを検出: 1754267024665&264864&1kmvhcsw&aa1a6911-59af-4060-ab2c-8cd3a0ae3aa8.pdf
2025-08-04 09:23:55,271 - pribot - INFO - PDFファイルの処理を開始: 1754267024665&264864&1kmvhcsw&aa1a6911-59af-4060-ab2c-8cd3a0ae3aa8.pdf
2025-08-04 09:23:55,771 - pribot - INFO - フォーマット識別: 診療費請求書兼領収書(控え付き) (ID: 2)
2025-08-04 09:23:55,772 - pribot - INFO - 抽出された医療機関名: 北海道虻田郡京極町字京極３１６
ひまわりクリニックきょうごく
2025-08-04 09:23:55,773 - pribot - INFO - [成功] マッチング成功: ひまわりクリニックきょうごく
2025-08-04 09:23:55,774 - pribot - INFO - 振り分け先: ひまわりクリニックきょうごく -> .../ひまわりクリニックきょうごく_自動印刷/請求書 (設定: 2_診療費請求書兼領収書(控え付き))
2025-08-04 09:23:55,775 - pribot - INFO - [成功] ファイルを移動しました: 1754267024665&264864&1kmvhcsw&aa1a6911-59af-4060-ab2c-8cd3a0ae3aa8.pdf -> .../請求書/1754267024665&264864&1kmvhcsw&aa1a6911-59af-4060-ab2c-8cd3a0ae3aa8.pdf
2025-08-04 09:23:55,775 - pribot - INFO - PDFファイルの処理が完了しました: 1754267024665&264864&1kmvhcsw&aa1a6911-59af-4060-ab2c-8cd3a0ae3aa8.pdf
2025-08-04 09:23:55,775 - pribot - INFO - 
2025-08-04 09:24:04,150 - pribot - INFO - 監視継続中... (経過時間: 900分)
2025-08-04 09:24:40,273 - pribot - INFO - 新しいPDFファイルを検出: 1754267069970&264864&okccvxok&e8d6cd14-8d01-4080-b02a-d5db08438fac.pdf
2025-08-04 09:24:40,273 - pribot - INFO - PDFファイルの処理を開始: 1754267069970&264864&okccvxok&e8d6cd14-8d01-4080-b02a-d5db08438fac.pdf
2025-08-04 09:24:40,371 - pribot - INFO - フォーマット識別: 診療費明細書 (ID: 4)
2025-08-04 09:24:40,379 - pribot - INFO - 抽出された医療機関名: ひまわりクリニックきょうごく
2025-08-04 09:24:40,379 - pribot - INFO - [成功] マッチング成功: ひまわりクリニックきょうごく
2025-08-04 09:24:40,379 - pribot - INFO - 振り分け先: ひまわりクリニックきょうごく -> .../ひまわりクリニックきょうごく_自動印刷/明細書 (設定: 4_診療費明細書)
2025-08-04 09:24:40,379 - pribot - INFO - [成功] ファイルを移動しました: 1754267069970&264864&okccvxok&e8d6cd14-8d01-4080-b02a-d5db08438fac.pdf -> .../明細書/1754267069970&264864&okccvxok&e8d6cd14-8d01-4080-b02a-d5db08438fac.pdf
2025-08-04 09:24:40,379 - pribot - INFO - PDFファイルの処理が完了しました: 1754267069970&264864&okccvxok&e8d6cd14-8d01-4080-b02a-d5db08438fac.pdf
2025-08-04 09:24:40,379 - pribot - INFO - 
2025-08-04 09:24:45,461 - pribot - INFO - 新しいPDFファイルを検出: 1754267074905&264864&5h1epxll&b976cc82-6133-4ce8-a88e-6c38675f6115.pdf
2025-08-04 09:24:45,461 - pribot - INFO - PDFファイルの処理を開始: 1754267074905&264864&5h1epxll&b976cc82-6133-4ce8-a88e-6c38675f6115.pdf
2025-08-04 09:24:46,303 - pribot - INFO - フォーマット識別: 診療費請求書兼領収書(控え付き) (ID: 2)
2025-08-04 09:24:46,305 - pribot - INFO - 抽出された医療機関名: 北海道虻田郡京極町字京極３１６
ひまわりクリニックきょうごく
2025-08-04 09:24:46,305 - pribot - INFO - [成功] マッチング成功: ひまわりクリニックきょうごく
2025-08-04 09:24:46,305 - pribot - INFO - 振り分け先: ひまわりクリニックきょうごく -> .../ひまわりクリニックきょうごく_自動印刷/請求書 (設定: 2_診療費請求書兼領収書(控え付き))
2025-08-04 09:24:46,306 - pribot - INFO - [成功] ファイルを移動しました: 1754267074905&264864&5h1epxll&b976cc82-6133-4ce8-a88e-6c38675f6115.pdf -> .../請求書/1754267074905&264864&5h1epxll&b976cc82-6133-4ce8-a88e-6c38675f6115.pdf
2025-08-04 09:24:46,306 - pribot - INFO - PDFファイルの処理が完了しました: 1754267074905&264864&5h1epxll&b976cc82-6133-4ce8-a88e-6c38675f6115.pdf
2025-08-04 09:24:46,307 - pribot - INFO - 
2025-08-04 09:24:49,309 - pribot - INFO - 新しいPDFファイルを検出: 1754267076306&0&mcrxeosh&52a6535c-6db7-42d2-8e17-9364eb4faf38.pdf
2025-08-04 09:24:49,309 - pribot - INFO - PDFファイルの処理を開始: 1754267076306&0&mcrxeosh&52a6535c-6db7-42d2-8e17-9364eb4faf38.pdf
2025-08-04 09:24:49,629 - pribot - INFO - フォーマット識別: 診療費請求書兼領収書(横) (ID: 3)
2025-08-04 09:24:49,633 - pribot - INFO - 抽出された医療機関名: メモリーケアクリニック湘南
2025-08-04 09:24:49,633 - pribot - INFO - [成功] マッチング成功: メモリーケアクリニック湘南
2025-08-04 09:24:49,633 - pribot - INFO - 振り分け先: メモリーケアクリニック湘南 -> .../メモリーケアクリニック湘南_自動印刷/請求書兼明細書（A5） (設定: 3_診療費請求書兼領収書(横))
2025-08-04 09:24:49,633 - pribot - INFO - [成功] ファイルを移動しました: 1754267076306&0&mcrxeosh&52a6535c-6db7-42d2-8e17-9364eb4faf38.pdf -> .../請求書兼明細書（A5）/1754267076306&0&mcrxeosh&52a6535c-6db7-42d2-8e17-9364eb4faf38.pdf
2025-08-04 09:24:49,633 - pribot - INFO - PDFファイルの処理が完了しました: 1754267076306&0&mcrxeosh&52a6535c-6db7-42d2-8e17-9364eb4faf38.pdf
2025-08-04 09:24:49,633 - pribot - INFO - 
2025-08-04 09:24:54,577 - pribot - INFO - 新しいPDFファイルを検出: 1754267082826&0&xernmk9p&72b846b4-783c-4dfd-bfb5-0551d3a543de.pdf
2025-08-04 09:24:54,577 - pribot - INFO - PDFファイルの処理を開始: 1754267082826&0&xernmk9p&72b846b4-783c-4dfd-bfb5-0551d3a543de.pdf
2025-08-04 09:24:54,777 - pribot - INFO - フォーマット識別: 処方箋 (ID: 5)
2025-08-04 09:24:54,778 - pribot - INFO - 抽出された医療機関名: メモリーケアクリニック湘南
2025-08-04 09:24:54,778 - pribot - INFO - [成功] マッチング成功: メモリーケアクリニック湘南
2025-08-04 09:24:54,779 - pribot - INFO - 振り分け先: メモリーケアクリニック湘南 -> .../メモリーケアクリニック湘南_自動印刷/請求書兼明細書（A5） (設定: 5_処方箋)
2025-08-04 09:24:54,779 - pribot - INFO - [成功] ファイルを移動しました: 1754267082826&0&xernmk9p&72b846b4-783c-4dfd-bfb5-0551d3a543de.pdf -> .../請求書兼明細書（A5）/1754267082826&0&xernmk9p&72b846b4-783c-4dfd-bfb5-0551d3a543de.pdf
2025-08-04 09:24:54,780 - pribot - INFO - PDFファイルの処理が完了しました: 1754267082826&0&xernmk9p&72b846b4-783c-4dfd-bfb5-0551d3a543de.pdf
2025-08-04 09:24:54,780 - pribot - INFO - 
2025-08-04 09:25:04,153 - pribot - INFO - 監視継続中... (経過時間: 906分)
2025-08-04 09:25:13,454 - pribot - INFO - 新しいPDFファイルを検出: 1754267103089&459502&k0eb7jxy&2c7175bc-65ee-4792-a9f9-667b022ca366.pdf
2025-08-04 09:25:13,454 - pribot - INFO - PDFファイルの処理を開始: 1754267103089&459502&k0eb7jxy&2c7175bc-65ee-4792-a9f9-667b022ca366.pdf
2025-08-04 09:25:13,536 - pribot - INFO - フォーマット識別: 診療費請求書兼領収書(縦) (ID: 1)
2025-08-04 09:25:13,536 - pribot - INFO - 抽出された医療機関名: 三宅村国民健康保険直営中央診療所
2025-08-04 09:25:13,536 - pribot - INFO - [成功] マッチング成功: 三宅村国民健康保険直営中央診療所
2025-08-04 09:25:13,536 - pribot - INFO - 振り分け先: 三宅村国民健康保険直営中央診療所 -> .../三宅村中央診療所/三宅村中央診療所_自動印刷 (設定: 1_診療費請求書兼領収書(縦))
2025-08-04 09:25:13,536 - pribot - INFO - [成功] ファイルを移動しました: 1754267103089&459502&k0eb7jxy&2c7175bc-65ee-4792-a9f9-667b022ca366.pdf -> .../三宅村中央診療所_自動印刷/1754267103089&459502&k0eb7jxy&2c7175bc-65ee-4792-a9f9-667b022ca366.pdf
2025-08-04 09:25:13,536 - pribot - INFO - PDFファイルの処理が完了しました: 1754267103089&459502&k0eb7jxy&2c7175bc-65ee-4792-a9f9-667b022ca366.pdf
2025-08-04 09:25:13,536 - pribot - INFO - 
2025-08-04 09:26:04,156 - pribot - INFO - 監視継続中... (経過時間: 912分)
