2025-05-25 06:54:03,087 - pribot - INFO - ====== PriBot ログセッション開始 ======
2025-05-25 06:54:03,087 - pribot - INFO - PriBot を開始します
2025-05-25 06:54:03,106 - pribot - INFO - Backlog APIから監視フォルダとエラーフォルダの設定を取得します
2025-05-25 06:54:03,789 - pribot - INFO - 監視フォルダパス: .../診療報酬請求事務集中センターOASIS INNOVATION/pribot
2025-05-25 06:54:03,789 - pribot - INFO - エラーフォルダパス: .../pribot/error
2025-05-25 06:54:03,803 - pribot - INFO - Backlog APIリクエストを開始します
2025-05-25 06:54:03,864 - pribot - INFO - プロジェクト名: PriBot管理
2025-05-25 06:54:03,960 - pribot - INFO - 取得した全課題数: 16
2025-05-25 06:54:03,960 - pribot - INFO - 存在する課題タイプ: 医療機関, PriBot設定
2025-05-25 06:54:03,972 - pribot - INFO - 課題 PRIBOT-2: 振り分け先 '0_共通' = 'C:\Users\miyake2106\OASIS INNOAVTION Dropbox\診療報酬請求事務集中センターOASIS INNOVATION\くれクリニック\くれクリニック_自動印刷'
2025-05-25 06:54:03,972 - pribot - INFO - 課題 PRIBOT-3: 振り分け先 '0_共通' = 'C:\Users\miyake2106\OASIS INNOAVTION Dropbox\診療報酬請求事務集中センターOASIS INNOVATION\いたがき総合診療クリニック\自動印刷'
2025-05-25 06:54:03,972 - pribot - INFO - 課題 PRIBOT-4: 振り分け先 '0_共通' = 'C:\Users\miyake2106\OASIS INNOAVTION Dropbox\診療報酬請求事務集中センターOASIS INNOVATION\そけん小児科\そけん小児科_自動印刷'
2025-05-25 06:54:03,972 - pribot - INFO - 課題 PRIBOT-5: 振り分け先 '0_共通' = 'C:\Users\miyake2106\OASIS INNOAVTION Dropbox\診療報酬請求事務集中センターOASIS INNOVATION\Scan\NGC_自動印刷'
2025-05-25 06:54:03,972 - pribot - INFO - 課題 PRIBOT-6: 振り分け先 '0_共通' = 'C:\Users\miyake2106\OASIS INNOAVTION Dropbox\診療報酬請求事務集中センターOASIS INNOVATION\阿南いしばし医院\阿南いしばし医院_自動印刷'
2025-05-25 06:54:03,972 - pribot - INFO - 課題 PRIBOT-7: 振り分け先 '1_診療費請求書兼領収書(A4)' = 'C:\Users\miyake2106\OASIS INNOAVTION Dropbox\診療報酬請求事務集中センターOASIS INNOVATION\三宅村中央診療所\三宅村中央診療所_A4'
2025-05-25 06:54:03,972 - pribot - INFO - 課題 PRIBOT-8: 振り分け先 '6_お薬手帳' = 'C:\Users\miyake2106\OASIS INNOAVTION Dropbox\診療報酬請求事務集中センターOASIS INNOVATION\三宅村中央診療所\三宅村中央診療所_ラベル（手帳・薬袋）'
2025-05-25 06:54:03,972 - pribot - INFO - 課題 PRIBOT-9: 振り分け先 '7_お薬情報' = 'C:\Users\miyake2106\OASIS INNOAVTION Dropbox\診療報酬請求事務集中センターOASIS INNOVATION\三宅村中央診療所\三宅村中央診療所_薬情'
2025-05-25 06:54:03,972 - pribot - INFO - 課題 PRIBOT-10: 振り分け先 '0_共通' = 'C:\Users\miyake2106\OASIS INNOAVTION Dropbox\診療報酬請求事務集中センターOASIS INNOVATION\照葉浅部クリニック\照葉浅部クリニック_自動印刷'
2025-05-25 06:54:03,972 - pribot - INFO - 課題 PRIBOT-11: 振り分け先 '3_診療費請求書兼領収書(A5)' = 'C:\Users\miyake2106\OASIS INNOAVTION Dropbox\診療報酬請求事務集中センターOASIS INNOVATION\メモリーケアクリニック湘南\メモリーケアクリニック湘南_自動印刷\請求書兼明細書（A5）'
2025-05-25 06:54:03,972 - pribot - INFO - 課題 PRIBOT-12: 振り分け先 '5_処方箋' = 'C:\Users\miyake2106\OASIS INNOAVTION Dropbox\診療報酬請求事務集中センターOASIS INNOVATION\メモリーケアクリニック湘南\メモリーケアクリニック湘南_自動印刷\請求書兼明細書（A5）'
2025-05-25 06:54:03,972 - pribot - INFO - 課題 PRIBOT-13: 振り分け先 '7_お薬情報' = 'C:\Users\miyake2106\OASIS INNOAVTION Dropbox\診療報酬請求事務集中センターOASIS INNOVATION\メモリーケアクリニック湘南\メモリーケアクリニック湘南_自動印刷\薬剤情報提供書（A4）'
2025-05-25 06:54:03,972 - pribot - INFO - 課題 PRIBOT-14: 振り分け先 '2_診療費請求書兼領収書(A4控え付き)' = 'C:\Users\miyake2106\OASIS INNOAVTION Dropbox\診療報酬請求事務集中センターOASIS INNOVATION\ひまわりクリニックきょうごく\ひまわりクリニックきょうごく_自動印刷\請求書'
2025-05-25 06:54:03,972 - pribot - INFO - 課題 PRIBOT-15: 振り分け先 '4_診療費明細書' = 'C:\Users\miyake2106\OASIS INNOAVTION Dropbox\診療報酬請求事務集中センターOASIS INNOVATION\ひまわりクリニックきょうごく\ひまわりクリニックきょうごく_自動印刷\明細書'
2025-05-25 06:54:03,972 - pribot - INFO - 課題 PRIBOT-16: 振り分け先 '8_薬袋シール(三宅村)' = 'C:\Users\miyake2106\OASIS INNOAVTION Dropbox\診療報酬請求事務集中センターOASIS INNOVATION\三宅村中央診療所\三宅村中央診療所_ラベル（手帳・薬袋）'
2025-05-25 06:54:03,972 - pribot - INFO - PriBot 監視対象の医療機関名: 西大宮整形外科くれクリニック, 振り分け設定数: 1
2025-05-25 06:54:03,972 - pribot - INFO - PriBot 監視対象の医療機関名: いたがき総合診療クリニック, 振り分け設定数: 1
2025-05-25 06:54:03,972 - pribot - INFO - PriBot 監視対象の医療機関名: 医療法人 そけん小児科, 振り分け設定数: 1
2025-05-25 06:54:03,972 - pribot - INFO - PriBot 監視対象の医療機関名: 医療法人五一六五ナゴヤガーデンクリニック, 振り分け設定数: 1
2025-05-25 06:54:03,972 - pribot - INFO - PriBot 監視対象の医療機関名: 医療法人妙泉会 阿南いしばし医院, 振り分け設定数: 1
2025-05-25 06:54:03,972 - pribot - INFO - PriBot 監視対象の医療機関名: 三宅村国民健康保険直営中央診療所, 振り分け設定数: 4
2025-05-25 06:54:03,972 - pribot - INFO - PriBot 監視対象の医療機関名: 医療法人 吉松会 照葉浅部クリニック, 振り分け設定数: 1
2025-05-25 06:54:03,972 - pribot - INFO - PriBot 監視対象の医療機関名: メモリーケアクリニック湘南, 振り分け設定数: 3
2025-05-25 06:54:03,972 - pribot - INFO - PriBot 監視対象の医療機関名: ひまわりクリニックきょうごく, 振り分け設定数: 2
2025-05-25 06:54:03,972 - pribot - INFO - 監視対象の医療機関数: 9, スキップした課題数: 1
2025-05-25 06:54:03,976 - pribot - INFO - PriBot 監視フォルダ: C:\Users\miyake2106\OASIS INNOAVTION Dropbox\診療報酬請求事務集中センターOASIS INNOVATION\pribot
2025-05-25 06:54:03,976 - pribot - INFO - PriBot エラーフォルダ: C:\Users\miyake2106\OASIS INNOAVTION Dropbox\診療報酬請求事務集中センターOASIS INNOVATION\pribot\error
2025-05-25 06:54:03,976 - pribot - INFO - PriBot 監視対象の医療機関数: 9
2025-05-25 06:54:03,976 - pribot - INFO - ファイル監視を開始しました
2025-05-25 10:07:21,876 - pribot - INFO - 新しいPDFファイルを検出: 1748135228980&264156&bmsw68ch&ce189395-a67d-4899-a5c9-6429115f9e61.pdf
2025-05-25 10:07:22,182 - pribot - INFO - フォーマット識別: 診療費明細書 (ID: 4)
2025-05-25 10:07:22,184 - pribot - INFO - 抽出された医療機関名: いたがき総合診療クリニック
2025-05-25 10:07:22,186 - pribot - INFO - [成功] マッチング成功: いたがき総合診療クリニック
2025-05-25 10:07:22,187 - pribot - INFO - 振り分け先: いたがき総合診療クリニック -> .../いたがき総合診療クリニック/自動印刷 (設定: 0_共通)
2025-05-25 10:07:22,190 - pribot - INFO - [成功] ファイルをコピーしました: 1748135228980&264156&bmsw68ch&ce189395-a67d-4899-a5c9-6429115f9e61.pdf -> .../自動印刷/1748135228980&264156&bmsw68ch&ce189395-a67d-4899-a5c9-6429115f9e61.pdf
2025-05-25 10:07:22,191 - pribot - INFO - 元ファイルを削除しました: .../pribot/1748135228980&264156&bmsw68ch&ce189395-a67d-4899-a5c9-6429115f9e61.pdf
2025-05-25 10:07:22,192 - pribot - INFO - PDFファイルの処理が完了しました: 1748135228980&264156&bmsw68ch&ce189395-a67d-4899-a5c9-6429115f9e61.pdf
2025-05-25 10:07:22,192 - pribot - INFO - 
2025-05-25 10:07:26,777 - pribot - INFO - 新しいPDFファイルを検出: 1748135236501&264156&fy50d1x5&e78ec3cb-b1dc-4794-a203-faa1bdb5f9c9.pdf
2025-05-25 10:07:26,870 - pribot - INFO - フォーマット識別: 診療費請求書兼領収書(A4) (ID: 1)
2025-05-25 10:07:26,872 - pribot - INFO - 抽出された医療機関名: いたがき総合診療クリニック
2025-05-25 10:07:26,872 - pribot - INFO - [成功] マッチング成功: いたがき総合診療クリニック
2025-05-25 10:07:26,873 - pribot - INFO - 振り分け先: いたがき総合診療クリニック -> .../いたがき総合診療クリニック/自動印刷 (設定: 0_共通)
2025-05-25 10:07:26,873 - pribot - INFO - [成功] ファイルをコピーしました: 1748135236501&264156&fy50d1x5&e78ec3cb-b1dc-4794-a203-faa1bdb5f9c9.pdf -> .../自動印刷/1748135236501&264156&fy50d1x5&e78ec3cb-b1dc-4794-a203-faa1bdb5f9c9.pdf
2025-05-25 10:07:26,875 - pribot - INFO - 元ファイルを削除しました: .../pribot/1748135236501&264156&fy50d1x5&e78ec3cb-b1dc-4794-a203-faa1bdb5f9c9.pdf
2025-05-25 10:07:26,875 - pribot - INFO - PDFファイルの処理が完了しました: 1748135236501&264156&fy50d1x5&e78ec3cb-b1dc-4794-a203-faa1bdb5f9c9.pdf
2025-05-25 10:07:26,875 - pribot - INFO - 
2025-05-25 10:07:33,480 - pribot - INFO - 新しいPDFファイルを検出: 1748135241196&264156&6nvgu9k0&a6261cc4-c914-4d36-8b32-5b60d24d5e8d.pdf
2025-05-25 10:07:33,694 - pribot - INFO - フォーマット識別: 処方箋 (ID: 5)
2025-05-25 10:07:33,696 - pribot - INFO - 抽出された医療機関名: いたがき総合診療クリニック
2025-05-25 10:07:33,696 - pribot - INFO - [成功] マッチング成功: いたがき総合診療クリニック
2025-05-25 10:07:33,696 - pribot - INFO - 振り分け先: いたがき総合診療クリニック -> .../いたがき総合診療クリニック/自動印刷 (設定: 0_共通)
2025-05-25 10:07:33,698 - pribot - INFO - [成功] ファイルをコピーしました: 1748135241196&264156&6nvgu9k0&a6261cc4-c914-4d36-8b32-5b60d24d5e8d.pdf -> .../自動印刷/1748135241196&264156&6nvgu9k0&a6261cc4-c914-4d36-8b32-5b60d24d5e8d.pdf
2025-05-25 10:07:33,699 - pribot - INFO - 元ファイルを削除しました: .../pribot/1748135241196&264156&6nvgu9k0&a6261cc4-c914-4d36-8b32-5b60d24d5e8d.pdf
2025-05-25 10:07:33,699 - pribot - INFO - PDFファイルの処理が完了しました: 1748135241196&264156&6nvgu9k0&a6261cc4-c914-4d36-8b32-5b60d24d5e8d.pdf
2025-05-25 10:07:33,700 - pribot - INFO - 
2025-05-25 10:16:48,014 - pribot - INFO - 新しいPDFファイルを検出: 1748135795964&262306&laaovzzq&c71ccb46-9ff5-46c5-bf66-356ebc06c20e.pdf
2025-05-25 10:16:48,104 - pribot - INFO - フォーマット識別: 診療費請求書兼領収書(A5) (ID: 3)
2025-05-25 10:16:48,104 - pribot - INFO - 抽出された医療機関名: 医療法人五一六五ナゴヤガーデンクリニック
2025-05-25 10:16:48,104 - pribot - INFO - [成功] マッチング成功: 医療法人五一六五ナゴヤガーデンクリニック
2025-05-25 10:16:48,104 - pribot - INFO - 振り分け先: 医療法人五一六五ナゴヤガーデンクリニック -> .../Scan/NGC_自動印刷 (設定: 0_共通)
2025-05-25 10:16:48,104 - pribot - INFO - [成功] ファイルをコピーしました: 1748135795964&262306&laaovzzq&c71ccb46-9ff5-46c5-bf66-356ebc06c20e.pdf -> .../NGC_自動印刷/1748135795964&262306&laaovzzq&c71ccb46-9ff5-46c5-bf66-356ebc06c20e.pdf
2025-05-25 10:16:48,104 - pribot - INFO - 元ファイルを削除しました: .../pribot/1748135795964&262306&laaovzzq&c71ccb46-9ff5-46c5-bf66-356ebc06c20e.pdf
2025-05-25 10:16:48,104 - pribot - INFO - PDFファイルの処理が完了しました: 1748135795964&262306&laaovzzq&c71ccb46-9ff5-46c5-bf66-356ebc06c20e.pdf
2025-05-25 10:16:48,104 - pribot - INFO - 
2025-05-25 10:48:37,835 - pribot - INFO - 新しいPDFファイルを検出: 1748137705629&264156&i0zof7a8&a341e6c2-6edf-424b-91af-05e575784ddc.pdf
2025-05-25 10:48:38,013 - pribot - INFO - フォーマット識別: 処方箋 (ID: 5)
2025-05-25 10:48:38,014 - pribot - INFO - 抽出された医療機関名: いたがき総合診療クリニック
2025-05-25 10:48:38,014 - pribot - INFO - [成功] マッチング成功: いたがき総合診療クリニック
2025-05-25 10:48:38,014 - pribot - INFO - 振り分け先: いたがき総合診療クリニック -> .../いたがき総合診療クリニック/自動印刷 (設定: 0_共通)
2025-05-25 10:48:38,015 - pribot - INFO - [成功] ファイルをコピーしました: 1748137705629&264156&i0zof7a8&a341e6c2-6edf-424b-91af-05e575784ddc.pdf -> .../自動印刷/1748137705629&264156&i0zof7a8&a341e6c2-6edf-424b-91af-05e575784ddc.pdf
2025-05-25 10:48:38,016 - pribot - INFO - 元ファイルを削除しました: .../pribot/1748137705629&264156&i0zof7a8&a341e6c2-6edf-424b-91af-05e575784ddc.pdf
2025-05-25 10:48:38,017 - pribot - INFO - PDFファイルの処理が完了しました: 1748137705629&264156&i0zof7a8&a341e6c2-6edf-424b-91af-05e575784ddc.pdf
2025-05-25 10:48:38,017 - pribot - INFO - 
2025-05-25 10:56:23,680 - pribot - INFO - 新しいPDFファイルを検出: 1748138172458&264156&n5afnhu7&85ee237a-3cb9-4e71-82c2-4a3bac3f4694.pdf
2025-05-25 10:56:23,760 - pribot - INFO - フォーマット識別: 診療費明細書 (ID: 4)
2025-05-25 10:56:23,760 - pribot - INFO - 抽出された医療機関名: いたがき総合診療クリニック
2025-05-25 10:56:23,760 - pribot - INFO - [成功] マッチング成功: いたがき総合診療クリニック
2025-05-25 10:56:23,762 - pribot - INFO - 振り分け先: いたがき総合診療クリニック -> .../いたがき総合診療クリニック/自動印刷 (設定: 0_共通)
2025-05-25 10:56:23,763 - pribot - INFO - [成功] ファイルをコピーしました: 1748138172458&264156&n5afnhu7&85ee237a-3cb9-4e71-82c2-4a3bac3f4694.pdf -> .../自動印刷/1748138172458&264156&n5afnhu7&85ee237a-3cb9-4e71-82c2-4a3bac3f4694.pdf
2025-05-25 10:56:23,763 - pribot - INFO - 元ファイルを削除しました: .../pribot/1748138172458&264156&n5afnhu7&85ee237a-3cb9-4e71-82c2-4a3bac3f4694.pdf
2025-05-25 10:56:23,763 - pribot - INFO - PDFファイルの処理が完了しました: 1748138172458&264156&n5afnhu7&85ee237a-3cb9-4e71-82c2-4a3bac3f4694.pdf
2025-05-25 10:56:23,765 - pribot - INFO - 
2025-05-25 10:56:27,185 - pribot - INFO - 新しいPDFファイルを検出: 1748138177393&264156&a1z0zetp&b067759a-8623-478d-b450-4e5942b81082.pdf
2025-05-25 10:56:27,248 - pribot - INFO - フォーマット識別: 診療費請求書兼領収書(A4) (ID: 1)
2025-05-25 10:56:27,248 - pribot - INFO - 抽出された医療機関名: いたがき総合診療クリニック
2025-05-25 10:56:27,264 - pribot - INFO - [成功] マッチング成功: いたがき総合診療クリニック
2025-05-25 10:56:27,264 - pribot - INFO - 振り分け先: いたがき総合診療クリニック -> .../いたがき総合診療クリニック/自動印刷 (設定: 0_共通)
2025-05-25 10:56:27,264 - pribot - INFO - [成功] ファイルをコピーしました: 1748138177393&264156&a1z0zetp&b067759a-8623-478d-b450-4e5942b81082.pdf -> .../自動印刷/1748138177393&264156&a1z0zetp&b067759a-8623-478d-b450-4e5942b81082.pdf
2025-05-25 10:56:27,267 - pribot - INFO - 元ファイルを削除しました: .../pribot/1748138177393&264156&a1z0zetp&b067759a-8623-478d-b450-4e5942b81082.pdf
2025-05-25 10:56:27,267 - pribot - INFO - PDFファイルの処理が完了しました: 1748138177393&264156&a1z0zetp&b067759a-8623-478d-b450-4e5942b81082.pdf
2025-05-25 10:56:27,267 - pribot - INFO - 
2025-05-25 11:06:03,936 - pribot - INFO - 新しいPDFファイルを検出: 1748138751255&264156&5k7e76je&32ad7860-ae7e-4234-82d8-31a0a3710cd3.pdf
2025-05-25 11:06:04,014 - pribot - INFO - フォーマット識別: 診療費明細書 (ID: 4)
2025-05-25 11:06:04,014 - pribot - INFO - 抽出された医療機関名: いたがき総合診療クリニック
2025-05-25 11:06:04,014 - pribot - INFO - [成功] マッチング成功: いたがき総合診療クリニック
2025-05-25 11:06:04,014 - pribot - INFO - 振り分け先: いたがき総合診療クリニック -> .../いたがき総合診療クリニック/自動印刷 (設定: 0_共通)
2025-05-25 11:06:04,014 - pribot - INFO - [成功] ファイルをコピーしました: 1748138751255&264156&5k7e76je&32ad7860-ae7e-4234-82d8-31a0a3710cd3.pdf -> .../自動印刷/1748138751255&264156&5k7e76je&32ad7860-ae7e-4234-82d8-31a0a3710cd3.pdf
2025-05-25 11:06:04,014 - pribot - INFO - 元ファイルを削除しました: .../pribot/1748138751255&264156&5k7e76je&32ad7860-ae7e-4234-82d8-31a0a3710cd3.pdf
2025-05-25 11:06:04,014 - pribot - INFO - PDFファイルの処理が完了しました: 1748138751255&264156&5k7e76je&32ad7860-ae7e-4234-82d8-31a0a3710cd3.pdf
2025-05-25 11:06:04,014 - pribot - INFO - 
2025-05-25 11:06:09,568 - pribot - INFO - 新しいPDFファイルを検出: 1748138759194&264156&8rprriuw&0d55a109-e5ae-4df5-bafc-9b1284da9d03.pdf
2025-05-25 11:06:09,775 - pribot - INFO - フォーマット識別: 診療費請求書兼領収書(A4) (ID: 1)
2025-05-25 11:06:09,776 - pribot - INFO - 抽出された医療機関名: いたがき総合診療クリニック
2025-05-25 11:06:09,777 - pribot - INFO - [成功] マッチング成功: いたがき総合診療クリニック
2025-05-25 11:06:09,777 - pribot - INFO - 振り分け先: いたがき総合診療クリニック -> .../いたがき総合診療クリニック/自動印刷 (設定: 0_共通)
2025-05-25 11:06:09,778 - pribot - INFO - [成功] ファイルをコピーしました: 1748138759194&264156&8rprriuw&0d55a109-e5ae-4df5-bafc-9b1284da9d03.pdf -> .../自動印刷/1748138759194&264156&8rprriuw&0d55a109-e5ae-4df5-bafc-9b1284da9d03.pdf
2025-05-25 11:06:09,780 - pribot - INFO - 元ファイルを削除しました: .../pribot/1748138759194&264156&8rprriuw&0d55a109-e5ae-4df5-bafc-9b1284da9d03.pdf
2025-05-25 11:06:09,780 - pribot - INFO - PDFファイルの処理が完了しました: 1748138759194&264156&8rprriuw&0d55a109-e5ae-4df5-bafc-9b1284da9d03.pdf
2025-05-25 11:06:09,780 - pribot - INFO - 
2025-05-25 11:06:14,146 - pribot - INFO - 新しいPDFファイルを検出: 1748138764176&264156&609q62br&7321aa72-517c-431f-9f59-26c0d05b255c.pdf
2025-05-25 11:06:14,254 - pribot - INFO - フォーマット識別: 処方箋 (ID: 5)
2025-05-25 11:06:14,255 - pribot - INFO - 抽出された医療機関名: いたがき総合診療クリニック
2025-05-25 11:06:14,255 - pribot - INFO - [成功] マッチング成功: いたがき総合診療クリニック
2025-05-25 11:06:14,255 - pribot - INFO - 振り分け先: いたがき総合診療クリニック -> .../いたがき総合診療クリニック/自動印刷 (設定: 0_共通)
2025-05-25 11:06:14,257 - pribot - INFO - [成功] ファイルをコピーしました: 1748138764176&264156&609q62br&7321aa72-517c-431f-9f59-26c0d05b255c.pdf -> .../自動印刷/1748138764176&264156&609q62br&7321aa72-517c-431f-9f59-26c0d05b255c.pdf
2025-05-25 11:06:14,259 - pribot - INFO - 元ファイルを削除しました: .../pribot/1748138764176&264156&609q62br&7321aa72-517c-431f-9f59-26c0d05b255c.pdf
2025-05-25 11:06:14,259 - pribot - INFO - PDFファイルの処理が完了しました: 1748138764176&264156&609q62br&7321aa72-517c-431f-9f59-26c0d05b255c.pdf
2025-05-25 11:06:14,259 - pribot - INFO - 
2025-05-25 11:52:52,851 - pribot - INFO - 新しいPDFファイルを検出: 1748141561214&264156&eqnndfug&0dbca9b8-1f53-481f-83de-e96f68d72074.pdf
2025-05-25 11:52:52,937 - pribot - INFO - フォーマット識別: 診療費明細書 (ID: 4)
2025-05-25 11:52:52,937 - pribot - INFO - 抽出された医療機関名: いたがき総合診療クリニック
2025-05-25 11:52:52,937 - pribot - INFO - [成功] マッチング成功: いたがき総合診療クリニック
2025-05-25 11:52:52,937 - pribot - INFO - 振り分け先: いたがき総合診療クリニック -> .../いたがき総合診療クリニック/自動印刷 (設定: 0_共通)
2025-05-25 11:52:52,937 - pribot - INFO - [成功] ファイルをコピーしました: 1748141561214&264156&eqnndfug&0dbca9b8-1f53-481f-83de-e96f68d72074.pdf -> .../自動印刷/1748141561214&264156&eqnndfug&0dbca9b8-1f53-481f-83de-e96f68d72074.pdf
2025-05-25 11:52:52,942 - pribot - INFO - 元ファイルを削除しました: .../pribot/1748141561214&264156&eqnndfug&0dbca9b8-1f53-481f-83de-e96f68d72074.pdf
2025-05-25 11:52:52,942 - pribot - INFO - PDFファイルの処理が完了しました: 1748141561214&264156&eqnndfug&0dbca9b8-1f53-481f-83de-e96f68d72074.pdf
2025-05-25 11:52:52,942 - pribot - INFO - 
2025-05-25 11:52:57,600 - pribot - INFO - 新しいPDFファイルを検出: 1748141567182&264156&38u4908p&d4cdcdef-1c8e-45c7-a127-2c080ee4c578.pdf
2025-05-25 11:52:57,680 - pribot - INFO - フォーマット識別: 診療費請求書兼領収書(A4) (ID: 1)
2025-05-25 11:52:57,680 - pribot - INFO - 抽出された医療機関名: いたがき総合診療クリニック
2025-05-25 11:52:57,680 - pribot - INFO - [成功] マッチング成功: いたがき総合診療クリニック
2025-05-25 11:52:57,680 - pribot - INFO - 振り分け先: いたがき総合診療クリニック -> .../いたがき総合診療クリニック/自動印刷 (設定: 0_共通)
2025-05-25 11:52:57,680 - pribot - INFO - [成功] ファイルをコピーしました: 1748141567182&264156&38u4908p&d4cdcdef-1c8e-45c7-a127-2c080ee4c578.pdf -> .../自動印刷/1748141567182&264156&38u4908p&d4cdcdef-1c8e-45c7-a127-2c080ee4c578.pdf
2025-05-25 11:52:57,680 - pribot - INFO - 元ファイルを削除しました: .../pribot/1748141567182&264156&38u4908p&d4cdcdef-1c8e-45c7-a127-2c080ee4c578.pdf
2025-05-25 11:52:57,680 - pribot - INFO - PDFファイルの処理が完了しました: 1748141567182&264156&38u4908p&d4cdcdef-1c8e-45c7-a127-2c080ee4c578.pdf
2025-05-25 11:52:57,680 - pribot - INFO - 
2025-05-25 11:53:04,187 - pribot - INFO - 新しいPDFファイルを検出: 1748141572650&264156&ej2e0072&62bdd513-b4c4-4027-b407-445d23ec2dd9.pdf
2025-05-25 11:53:04,567 - pribot - INFO - フォーマット識別: 処方箋 (ID: 5)
2025-05-25 11:53:04,568 - pribot - INFO - 抽出された医療機関名: いたがき総合診療クリニック
2025-05-25 11:53:04,568 - pribot - INFO - [成功] マッチング成功: いたがき総合診療クリニック
2025-05-25 11:53:04,568 - pribot - INFO - 振り分け先: いたがき総合診療クリニック -> .../いたがき総合診療クリニック/自動印刷 (設定: 0_共通)
2025-05-25 11:53:04,569 - pribot - INFO - [成功] ファイルをコピーしました: 1748141572650&264156&ej2e0072&62bdd513-b4c4-4027-b407-445d23ec2dd9.pdf -> .../自動印刷/1748141572650&264156&ej2e0072&62bdd513-b4c4-4027-b407-445d23ec2dd9.pdf
2025-05-25 11:53:04,571 - pribot - INFO - 元ファイルを削除しました: .../pribot/1748141572650&264156&ej2e0072&62bdd513-b4c4-4027-b407-445d23ec2dd9.pdf
2025-05-25 11:53:04,572 - pribot - INFO - PDFファイルの処理が完了しました: 1748141572650&264156&ej2e0072&62bdd513-b4c4-4027-b407-445d23ec2dd9.pdf
2025-05-25 11:53:04,572 - pribot - INFO - 
2025-05-25 12:00:41,376 - pribot - INFO - 新しいPDFファイルを検出: 1748142029324&264156&nnrx170d&f84479f4-95ab-4311-b0dc-c59f7853194b.pdf
2025-05-25 12:00:41,469 - pribot - INFO - フォーマット識別: 診療費明細書 (ID: 4)
2025-05-25 12:00:41,469 - pribot - INFO - 抽出された医療機関名: いたがき総合診療クリニック
2025-05-25 12:00:41,471 - pribot - INFO - [成功] マッチング成功: いたがき総合診療クリニック
2025-05-25 12:00:41,471 - pribot - INFO - 振り分け先: いたがき総合診療クリニック -> .../いたがき総合診療クリニック/自動印刷 (設定: 0_共通)
2025-05-25 12:00:41,472 - pribot - INFO - [成功] ファイルをコピーしました: 1748142029324&264156&nnrx170d&f84479f4-95ab-4311-b0dc-c59f7853194b.pdf -> .../自動印刷/1748142029324&264156&nnrx170d&f84479f4-95ab-4311-b0dc-c59f7853194b.pdf
2025-05-25 12:00:41,474 - pribot - INFO - 元ファイルを削除しました: .../pribot/1748142029324&264156&nnrx170d&f84479f4-95ab-4311-b0dc-c59f7853194b.pdf
2025-05-25 12:00:41,474 - pribot - INFO - PDFファイルの処理が完了しました: 1748142029324&264156&nnrx170d&f84479f4-95ab-4311-b0dc-c59f7853194b.pdf
2025-05-25 12:00:41,474 - pribot - INFO - 
2025-05-25 12:00:45,879 - pribot - INFO - 新しいPDFファイルを検出: 1748142035805&264156&6fsk728g&75cb7412-cf51-41b2-9f79-d242e30c64fc.pdf
2025-05-25 12:00:45,960 - pribot - INFO - フォーマット識別: 診療費請求書兼領収書(A4) (ID: 1)
2025-05-25 12:00:45,975 - pribot - INFO - 抽出された医療機関名: いたがき総合診療クリニック
2025-05-25 12:00:45,975 - pribot - INFO - [成功] マッチング成功: いたがき総合診療クリニック
2025-05-25 12:00:45,975 - pribot - INFO - 振り分け先: いたがき総合診療クリニック -> .../いたがき総合診療クリニック/自動印刷 (設定: 0_共通)
2025-05-25 12:00:45,975 - pribot - INFO - [成功] ファイルをコピーしました: 1748142035805&264156&6fsk728g&75cb7412-cf51-41b2-9f79-d242e30c64fc.pdf -> .../自動印刷/1748142035805&264156&6fsk728g&75cb7412-cf51-41b2-9f79-d242e30c64fc.pdf
2025-05-25 12:00:45,975 - pribot - INFO - 元ファイルを削除しました: .../pribot/1748142035805&264156&6fsk728g&75cb7412-cf51-41b2-9f79-d242e30c64fc.pdf
2025-05-25 12:00:45,975 - pribot - INFO - PDFファイルの処理が完了しました: 1748142035805&264156&6fsk728g&75cb7412-cf51-41b2-9f79-d242e30c64fc.pdf
2025-05-25 12:00:45,975 - pribot - INFO - 
2025-05-25 12:00:50,678 - pribot - INFO - 新しいPDFファイルを検出: 1748142040676&264156&6z8d69uj&58f3b9d5-8bba-4a93-b75e-c8109c327997.pdf
2025-05-25 12:00:50,777 - pribot - INFO - フォーマット識別: 処方箋 (ID: 5)
2025-05-25 12:00:50,777 - pribot - INFO - 抽出された医療機関名: いたがき総合診療クリニック
2025-05-25 12:00:50,777 - pribot - INFO - [成功] マッチング成功: いたがき総合診療クリニック
2025-05-25 12:00:50,777 - pribot - INFO - 振り分け先: いたがき総合診療クリニック -> .../いたがき総合診療クリニック/自動印刷 (設定: 0_共通)
2025-05-25 12:00:50,777 - pribot - INFO - [成功] ファイルをコピーしました: 1748142040676&264156&6z8d69uj&58f3b9d5-8bba-4a93-b75e-c8109c327997.pdf -> .../自動印刷/1748142040676&264156&6z8d69uj&58f3b9d5-8bba-4a93-b75e-c8109c327997.pdf
2025-05-25 12:00:50,777 - pribot - INFO - 元ファイルを削除しました: .../pribot/1748142040676&264156&6z8d69uj&58f3b9d5-8bba-4a93-b75e-c8109c327997.pdf
2025-05-25 12:00:50,777 - pribot - INFO - PDFファイルの処理が完了しました: 1748142040676&264156&6z8d69uj&58f3b9d5-8bba-4a93-b75e-c8109c327997.pdf
2025-05-25 12:00:50,777 - pribot - INFO - 
2025-05-25 15:11:49,792 - pribot - INFO - 新しいPDFファイルを検出: 1748153495751&264156&cw57pjuw&32460460-3607-4a3c-b09e-4ab7b70b6b3b.pdf
2025-05-25 15:11:50,283 - pribot - INFO - フォーマット識別: 診療費明細書 (ID: 4)
2025-05-25 15:11:50,284 - pribot - INFO - 抽出された医療機関名: いたがき総合診療クリニック
2025-05-25 15:11:50,284 - pribot - INFO - [成功] マッチング成功: いたがき総合診療クリニック
2025-05-25 15:11:50,285 - pribot - INFO - 振り分け先: いたがき総合診療クリニック -> .../いたがき総合診療クリニック/自動印刷 (設定: 0_共通)
2025-05-25 15:11:50,287 - pribot - INFO - [成功] ファイルをコピーしました: 1748153495751&264156&cw57pjuw&32460460-3607-4a3c-b09e-4ab7b70b6b3b.pdf -> .../自動印刷/1748153495751&264156&cw57pjuw&32460460-3607-4a3c-b09e-4ab7b70b6b3b.pdf
2025-05-25 15:11:50,289 - pribot - INFO - 元ファイルを削除しました: .../pribot/1748153495751&264156&cw57pjuw&32460460-3607-4a3c-b09e-4ab7b70b6b3b.pdf
2025-05-25 15:11:50,289 - pribot - INFO - PDFファイルの処理が完了しました: 1748153495751&264156&cw57pjuw&32460460-3607-4a3c-b09e-4ab7b70b6b3b.pdf
2025-05-25 15:11:50,290 - pribot - INFO - 
2025-05-25 15:11:54,927 - pribot - INFO - 新しいPDFファイルを検出: 1748153505073&264156&g0wsb40t&3174eb9d-0804-4ba4-bec8-ad4a4158f671.pdf
2025-05-25 15:11:56,324 - pribot - INFO - フォーマット識別: 診療費請求書兼領収書(A4) (ID: 1)
2025-05-25 15:11:56,326 - pribot - INFO - 抽出された医療機関名: いたがき総合診療クリニック
2025-05-25 15:11:56,326 - pribot - INFO - [成功] マッチング成功: いたがき総合診療クリニック
2025-05-25 15:11:56,328 - pribot - INFO - 振り分け先: いたがき総合診療クリニック -> .../いたがき総合診療クリニック/自動印刷 (設定: 0_共通)
2025-05-25 15:11:56,329 - pribot - INFO - [成功] ファイルをコピーしました: 1748153505073&264156&g0wsb40t&3174eb9d-0804-4ba4-bec8-ad4a4158f671.pdf -> .../自動印刷/1748153505073&264156&g0wsb40t&3174eb9d-0804-4ba4-bec8-ad4a4158f671.pdf
2025-05-25 15:11:56,330 - pribot - INFO - 元ファイルを削除しました: .../pribot/1748153505073&264156&g0wsb40t&3174eb9d-0804-4ba4-bec8-ad4a4158f671.pdf
2025-05-25 15:11:56,330 - pribot - INFO - PDFファイルの処理が完了しました: 1748153505073&264156&g0wsb40t&3174eb9d-0804-4ba4-bec8-ad4a4158f671.pdf
2025-05-25 15:11:56,330 - pribot - INFO - 
2025-05-25 15:12:00,428 - pribot - INFO - 新しいPDFファイルを検出: 1748153510265&264156&49j2uyaa&964d9174-13e9-4656-b676-8afc77841dcb.pdf
2025-05-25 15:12:01,829 - pribot - INFO - フォーマット識別: 処方箋 (ID: 5)
2025-05-25 15:12:01,829 - pribot - INFO - 抽出された医療機関名: いたがき総合診療クリニック
2025-05-25 15:12:01,829 - pribot - INFO - [成功] マッチング成功: いたがき総合診療クリニック
2025-05-25 15:12:01,829 - pribot - INFO - 振り分け先: いたがき総合診療クリニック -> .../いたがき総合診療クリニック/自動印刷 (設定: 0_共通)
2025-05-25 15:12:01,845 - pribot - INFO - [成功] ファイルをコピーしました: 1748153510265&264156&49j2uyaa&964d9174-13e9-4656-b676-8afc77841dcb.pdf -> .../自動印刷/1748153510265&264156&49j2uyaa&964d9174-13e9-4656-b676-8afc77841dcb.pdf
2025-05-25 15:12:01,845 - pribot - INFO - 元ファイルを削除しました: .../pribot/1748153510265&264156&49j2uyaa&964d9174-13e9-4656-b676-8afc77841dcb.pdf
2025-05-25 15:12:01,845 - pribot - INFO - PDFファイルの処理が完了しました: 1748153510265&264156&49j2uyaa&964d9174-13e9-4656-b676-8afc77841dcb.pdf
2025-05-25 15:12:01,845 - pribot - INFO - 
2025-05-25 15:24:48,708 - pribot - INFO - 新しいPDFファイルを検出: 1748154278778&264156&cepceis7&ebf65e44-702e-4b36-a848-de131bf87f02.pdf
2025-05-25 15:24:50,244 - pribot - INFO - フォーマット識別: 診療費明細書 (ID: 4)
2025-05-25 15:24:50,244 - pribot - INFO - 抽出された医療機関名: いたがき総合診療クリニック
2025-05-25 15:24:50,244 - pribot - INFO - [成功] マッチング成功: いたがき総合診療クリニック
2025-05-25 15:24:50,244 - pribot - INFO - 振り分け先: いたがき総合診療クリニック -> .../いたがき総合診療クリニック/自動印刷 (設定: 0_共通)
2025-05-25 15:24:50,244 - pribot - INFO - [成功] ファイルをコピーしました: 1748154278778&264156&cepceis7&ebf65e44-702e-4b36-a848-de131bf87f02.pdf -> .../自動印刷/1748154278778&264156&cepceis7&ebf65e44-702e-4b36-a848-de131bf87f02.pdf
2025-05-25 15:24:50,244 - pribot - INFO - 元ファイルを削除しました: .../pribot/1748154278778&264156&cepceis7&ebf65e44-702e-4b36-a848-de131bf87f02.pdf
2025-05-25 15:24:50,250 - pribot - INFO - PDFファイルの処理が完了しました: 1748154278778&264156&cepceis7&ebf65e44-702e-4b36-a848-de131bf87f02.pdf
2025-05-25 15:24:50,250 - pribot - INFO - 
2025-05-25 15:24:53,253 - pribot - INFO - 新しいPDFファイルを検出: 1748154283264&264156&4z19s2z7&803be795-da7c-4e5a-9934-092f9afa1f89.pdf
2025-05-25 15:24:54,549 - pribot - INFO - フォーマット識別: 診療費請求書兼領収書(A4) (ID: 1)
2025-05-25 15:24:54,549 - pribot - INFO - 抽出された医療機関名: いたがき総合診療クリニック
2025-05-25 15:24:54,549 - pribot - INFO - [成功] マッチング成功: いたがき総合診療クリニック
2025-05-25 15:24:54,549 - pribot - INFO - 振り分け先: いたがき総合診療クリニック -> .../いたがき総合診療クリニック/自動印刷 (設定: 0_共通)
2025-05-25 15:24:54,549 - pribot - INFO - [成功] ファイルをコピーしました: 1748154283264&264156&4z19s2z7&803be795-da7c-4e5a-9934-092f9afa1f89.pdf -> .../自動印刷/1748154283264&264156&4z19s2z7&803be795-da7c-4e5a-9934-092f9afa1f89.pdf
2025-05-25 15:24:54,549 - pribot - INFO - 元ファイルを削除しました: .../pribot/1748154283264&264156&4z19s2z7&803be795-da7c-4e5a-9934-092f9afa1f89.pdf
2025-05-25 15:24:54,549 - pribot - INFO - PDFファイルの処理が完了しました: 1748154283264&264156&4z19s2z7&803be795-da7c-4e5a-9934-092f9afa1f89.pdf
2025-05-25 15:24:54,549 - pribot - INFO - 
2025-05-25 15:24:57,715 - pribot - INFO - 新しいPDFファイルを検出: 1748154288009&264156&c8uwg741&5499436d-885a-4684-a653-59f0edc26e69.pdf
2025-05-25 15:24:58,974 - pribot - INFO - フォーマット識別: 処方箋 (ID: 5)
2025-05-25 15:24:58,975 - pribot - INFO - 抽出された医療機関名: いたがき総合診療クリニック
2025-05-25 15:24:58,975 - pribot - INFO - [成功] マッチング成功: いたがき総合診療クリニック
2025-05-25 15:24:58,975 - pribot - INFO - 振り分け先: いたがき総合診療クリニック -> .../いたがき総合診療クリニック/自動印刷 (設定: 0_共通)
2025-05-25 15:24:58,978 - pribot - INFO - [成功] ファイルをコピーしました: 1748154288009&264156&c8uwg741&5499436d-885a-4684-a653-59f0edc26e69.pdf -> .../自動印刷/1748154288009&264156&c8uwg741&5499436d-885a-4684-a653-59f0edc26e69.pdf
2025-05-25 15:24:58,978 - pribot - INFO - 元ファイルを削除しました: .../pribot/1748154288009&264156&c8uwg741&5499436d-885a-4684-a653-59f0edc26e69.pdf
2025-05-25 15:24:58,979 - pribot - INFO - PDFファイルの処理が完了しました: 1748154288009&264156&c8uwg741&5499436d-885a-4684-a653-59f0edc26e69.pdf
2025-05-25 15:24:58,979 - pribot - INFO - 
2025-05-25 16:27:09,673 - pribot - INFO - 新しいPDFファイルを検出: 1748158015955&264156&m7t4331k&8619e9db-6e65-47f4-954c-2c603c70c89c.pdf
2025-05-25 16:27:11,343 - pribot - INFO - フォーマット識別: 診療費明細書 (ID: 4)
2025-05-25 16:27:11,344 - pribot - INFO - 抽出された医療機関名: いたがき総合診療クリニック
2025-05-25 16:27:11,345 - pribot - INFO - [成功] マッチング成功: いたがき総合診療クリニック
2025-05-25 16:27:11,345 - pribot - INFO - 振り分け先: いたがき総合診療クリニック -> .../いたがき総合診療クリニック/自動印刷 (設定: 0_共通)
2025-05-25 16:27:11,346 - pribot - INFO - [成功] ファイルをコピーしました: 1748158015955&264156&m7t4331k&8619e9db-6e65-47f4-954c-2c603c70c89c.pdf -> .../自動印刷/1748158015955&264156&m7t4331k&8619e9db-6e65-47f4-954c-2c603c70c89c.pdf
2025-05-25 16:27:11,347 - pribot - INFO - 元ファイルを削除しました: .../pribot/1748158015955&264156&m7t4331k&8619e9db-6e65-47f4-954c-2c603c70c89c.pdf
2025-05-25 16:27:11,347 - pribot - INFO - PDFファイルの処理が完了しました: 1748158015955&264156&m7t4331k&8619e9db-6e65-47f4-954c-2c603c70c89c.pdf
2025-05-25 16:27:11,347 - pribot - INFO - 
2025-05-25 16:27:14,350 - pribot - INFO - 新しいPDFファイルを検出: 1748158024159&264156&weq5o78z&0ec29e5d-689d-4420-8a9e-93c52f3e20c2.pdf
2025-05-25 16:27:15,604 - pribot - INFO - フォーマット識別: 診療費請求書兼領収書(A4) (ID: 1)
2025-05-25 16:27:15,620 - pribot - INFO - 抽出された医療機関名: いたがき総合診療クリニック
2025-05-25 16:27:15,620 - pribot - INFO - [成功] マッチング成功: いたがき総合診療クリニック
2025-05-25 16:27:15,620 - pribot - INFO - 振り分け先: いたがき総合診療クリニック -> .../いたがき総合診療クリニック/自動印刷 (設定: 0_共通)
2025-05-25 16:27:15,620 - pribot - INFO - [成功] ファイルをコピーしました: 1748158024159&264156&weq5o78z&0ec29e5d-689d-4420-8a9e-93c52f3e20c2.pdf -> .../自動印刷/1748158024159&264156&weq5o78z&0ec29e5d-689d-4420-8a9e-93c52f3e20c2.pdf
2025-05-25 16:27:15,620 - pribot - INFO - 元ファイルを削除しました: .../pribot/1748158024159&264156&weq5o78z&0ec29e5d-689d-4420-8a9e-93c52f3e20c2.pdf
2025-05-25 16:27:15,620 - pribot - INFO - PDFファイルの処理が完了しました: 1748158024159&264156&weq5o78z&0ec29e5d-689d-4420-8a9e-93c52f3e20c2.pdf
2025-05-25 16:27:15,620 - pribot - INFO - 
2025-05-25 16:40:52,471 - pribot - INFO - 新しいPDFファイルを検出: 1748158842561&264156&ri3wtams&b6ab5d6d-7cad-48da-956c-c22811fa6f76.pdf
2025-05-25 16:40:53,841 - pribot - INFO - フォーマット識別: 診療費明細書 (ID: 4)
2025-05-25 16:40:53,843 - pribot - INFO - 抽出された医療機関名: いたがき総合診療クリニック
2025-05-25 16:40:53,843 - pribot - INFO - [成功] マッチング成功: いたがき総合診療クリニック
2025-05-25 16:40:53,843 - pribot - INFO - 振り分け先: いたがき総合診療クリニック -> .../いたがき総合診療クリニック/自動印刷 (設定: 0_共通)
2025-05-25 16:40:53,846 - pribot - INFO - [成功] ファイルをコピーしました: 1748158842561&264156&ri3wtams&b6ab5d6d-7cad-48da-956c-c22811fa6f76.pdf -> .../自動印刷/1748158842561&264156&ri3wtams&b6ab5d6d-7cad-48da-956c-c22811fa6f76.pdf
2025-05-25 16:40:53,846 - pribot - INFO - 元ファイルを削除しました: .../pribot/1748158842561&264156&ri3wtams&b6ab5d6d-7cad-48da-956c-c22811fa6f76.pdf
2025-05-25 16:40:53,846 - pribot - INFO - PDFファイルの処理が完了しました: 1748158842561&264156&ri3wtams&b6ab5d6d-7cad-48da-956c-c22811fa6f76.pdf
2025-05-25 16:40:53,848 - pribot - INFO - 
2025-05-25 16:40:56,899 - pribot - INFO - 新しいPDFファイルを検出: 1748158847120&264156&1vwa2tao&130431e9-b4df-486d-a490-a89d9c692bbf.pdf
2025-05-25 16:40:58,152 - pribot - INFO - フォーマット識別: 診療費請求書兼領収書(A4) (ID: 1)
2025-05-25 16:40:58,152 - pribot - INFO - 抽出された医療機関名: いたがき総合診療クリニック
2025-05-25 16:40:58,152 - pribot - INFO - [成功] マッチング成功: いたがき総合診療クリニック
2025-05-25 16:40:58,152 - pribot - INFO - 振り分け先: いたがき総合診療クリニック -> .../いたがき総合診療クリニック/自動印刷 (設定: 0_共通)
2025-05-25 16:40:58,152 - pribot - INFO - [成功] ファイルをコピーしました: 1748158847120&264156&1vwa2tao&130431e9-b4df-486d-a490-a89d9c692bbf.pdf -> .../自動印刷/1748158847120&264156&1vwa2tao&130431e9-b4df-486d-a490-a89d9c692bbf.pdf
2025-05-25 16:40:58,152 - pribot - INFO - 元ファイルを削除しました: .../pribot/1748158847120&264156&1vwa2tao&130431e9-b4df-486d-a490-a89d9c692bbf.pdf
2025-05-25 16:40:58,152 - pribot - INFO - PDFファイルの処理が完了しました: 1748158847120&264156&1vwa2tao&130431e9-b4df-486d-a490-a89d9c692bbf.pdf
2025-05-25 16:40:58,152 - pribot - INFO - 
2025-05-25 16:41:01,899 - pribot - INFO - 新しいPDFファイルを検出: 1748158852000&264156&4e7xu7ro&6bd191db-404d-4c03-bc00-f8c8fabe5c0b.pdf
2025-05-25 16:41:03,360 - pribot - INFO - フォーマット識別: 処方箋 (ID: 5)
2025-05-25 16:41:03,361 - pribot - INFO - 抽出された医療機関名: いたがき総合診療クリニック
2025-05-25 16:41:03,361 - pribot - INFO - [成功] マッチング成功: いたがき総合診療クリニック
2025-05-25 16:41:03,363 - pribot - INFO - 振り分け先: いたがき総合診療クリニック -> .../いたがき総合診療クリニック/自動印刷 (設定: 0_共通)
2025-05-25 16:41:03,364 - pribot - INFO - [成功] ファイルをコピーしました: 1748158852000&264156&4e7xu7ro&6bd191db-404d-4c03-bc00-f8c8fabe5c0b.pdf -> .../自動印刷/1748158852000&264156&4e7xu7ro&6bd191db-404d-4c03-bc00-f8c8fabe5c0b.pdf
2025-05-25 16:41:03,366 - pribot - INFO - 元ファイルを削除しました: .../pribot/1748158852000&264156&4e7xu7ro&6bd191db-404d-4c03-bc00-f8c8fabe5c0b.pdf
2025-05-25 16:41:03,366 - pribot - INFO - PDFファイルの処理が完了しました: 1748158852000&264156&4e7xu7ro&6bd191db-404d-4c03-bc00-f8c8fabe5c0b.pdf
2025-05-25 16:41:03,366 - pribot - INFO - 
2025-05-25 16:47:59,145 - pribot - INFO - 新しいPDFファイルを検出: 1748159268224&264156&gg0znw9d&c8d9fbe4-ff39-460b-b441-e2754472120f.pdf
2025-05-25 16:48:00,563 - pribot - INFO - フォーマット識別: 診療費明細書 (ID: 4)
2025-05-25 16:48:00,565 - pribot - INFO - 抽出された医療機関名: いたがき総合診療クリニック
2025-05-25 16:48:00,565 - pribot - INFO - [成功] マッチング成功: いたがき総合診療クリニック
2025-05-25 16:48:00,565 - pribot - INFO - 振り分け先: いたがき総合診療クリニック -> .../いたがき総合診療クリニック/自動印刷 (設定: 0_共通)
2025-05-25 16:48:00,566 - pribot - INFO - [成功] ファイルをコピーしました: 1748159268224&264156&gg0znw9d&c8d9fbe4-ff39-460b-b441-e2754472120f.pdf -> .../自動印刷/1748159268224&264156&gg0znw9d&c8d9fbe4-ff39-460b-b441-e2754472120f.pdf
2025-05-25 16:48:00,567 - pribot - INFO - 元ファイルを削除しました: .../pribot/1748159268224&264156&gg0znw9d&c8d9fbe4-ff39-460b-b441-e2754472120f.pdf
2025-05-25 16:48:00,568 - pribot - INFO - PDFファイルの処理が完了しました: 1748159268224&264156&gg0znw9d&c8d9fbe4-ff39-460b-b441-e2754472120f.pdf
2025-05-25 16:48:00,568 - pribot - INFO - 
2025-05-25 16:48:04,021 - pribot - INFO - 新しいPDFファイルを検出: 1748159274033&264156&thqdb5lc&2378a0e2-e57a-42ff-93d6-e612da5e60c0.pdf
2025-05-25 16:48:05,302 - pribot - INFO - フォーマット識別: 診療費請求書兼領収書(A4) (ID: 1)
2025-05-25 16:48:05,302 - pribot - INFO - 抽出された医療機関名: いたがき総合診療クリニック
2025-05-25 16:48:05,302 - pribot - INFO - [成功] マッチング成功: いたがき総合診療クリニック
2025-05-25 16:48:05,302 - pribot - INFO - 振り分け先: いたがき総合診療クリニック -> .../いたがき総合診療クリニック/自動印刷 (設定: 0_共通)
2025-05-25 16:48:05,302 - pribot - INFO - [成功] ファイルをコピーしました: 1748159274033&264156&thqdb5lc&2378a0e2-e57a-42ff-93d6-e612da5e60c0.pdf -> .../自動印刷/1748159274033&264156&thqdb5lc&2378a0e2-e57a-42ff-93d6-e612da5e60c0.pdf
2025-05-25 16:48:05,302 - pribot - INFO - 元ファイルを削除しました: .../pribot/1748159274033&264156&thqdb5lc&2378a0e2-e57a-42ff-93d6-e612da5e60c0.pdf
2025-05-25 16:48:05,313 - pribot - INFO - PDFファイルの処理が完了しました: 1748159274033&264156&thqdb5lc&2378a0e2-e57a-42ff-93d6-e612da5e60c0.pdf
2025-05-25 16:48:05,313 - pribot - INFO - 
2025-05-25 16:48:09,151 - pribot - INFO - 新しいPDFファイルを検出: 1748159279158&264156&n1fqf090&1b2c848d-baea-4cc6-9bf0-f67e1f36f461.pdf
2025-05-25 16:48:10,585 - pribot - INFO - フォーマット識別: 処方箋 (ID: 5)
2025-05-25 16:48:10,586 - pribot - INFO - 抽出された医療機関名: いたがき総合診療クリニック
2025-05-25 16:48:10,587 - pribot - INFO - [成功] マッチング成功: いたがき総合診療クリニック
2025-05-25 16:48:10,587 - pribot - INFO - 振り分け先: いたがき総合診療クリニック -> .../いたがき総合診療クリニック/自動印刷 (設定: 0_共通)
2025-05-25 16:48:10,588 - pribot - INFO - [成功] ファイルをコピーしました: 1748159279158&264156&n1fqf090&1b2c848d-baea-4cc6-9bf0-f67e1f36f461.pdf -> .../自動印刷/1748159279158&264156&n1fqf090&1b2c848d-baea-4cc6-9bf0-f67e1f36f461.pdf
2025-05-25 16:48:10,588 - pribot - INFO - 元ファイルを削除しました: .../pribot/1748159279158&264156&n1fqf090&1b2c848d-baea-4cc6-9bf0-f67e1f36f461.pdf
2025-05-25 16:48:10,589 - pribot - INFO - PDFファイルの処理が完了しました: 1748159279158&264156&n1fqf090&1b2c848d-baea-4cc6-9bf0-f67e1f36f461.pdf
2025-05-25 16:48:10,589 - pribot - INFO - 
2025-05-25 17:13:59,705 - pribot - INFO - 新しいPDFファイルを検出: 1748160827266&264156&paob3zy3&7640c416-be7b-4478-bdb5-b8b07c981a98.pdf
2025-05-25 17:14:00,015 - pribot - INFO - フォーマット識別: 診療費明細書 (ID: 4)
2025-05-25 17:14:00,015 - pribot - INFO - 抽出された医療機関名: いたがき総合診療クリニック
2025-05-25 17:14:00,015 - pribot - INFO - [成功] マッチング成功: いたがき総合診療クリニック
2025-05-25 17:14:00,015 - pribot - INFO - 振り分け先: いたがき総合診療クリニック -> .../いたがき総合診療クリニック/自動印刷 (設定: 0_共通)
2025-05-25 17:14:00,015 - pribot - INFO - [成功] ファイルをコピーしました: 1748160827266&264156&paob3zy3&7640c416-be7b-4478-bdb5-b8b07c981a98.pdf -> .../自動印刷/1748160827266&264156&paob3zy3&7640c416-be7b-4478-bdb5-b8b07c981a98.pdf
2025-05-25 17:14:00,015 - pribot - INFO - 元ファイルを削除しました: .../pribot/1748160827266&264156&paob3zy3&7640c416-be7b-4478-bdb5-b8b07c981a98.pdf
2025-05-25 17:14:00,015 - pribot - INFO - PDFファイルの処理が完了しました: 1748160827266&264156&paob3zy3&7640c416-be7b-4478-bdb5-b8b07c981a98.pdf
2025-05-25 17:14:00,015 - pribot - INFO - 
2025-05-25 17:14:05,372 - pribot - INFO - 新しいPDFファイルを検出: 1748160833743&264156&b5riqtlm&0a45dd36-928c-4658-a017-8af2bc4b4d73.pdf
2025-05-25 17:14:05,775 - pribot - INFO - フォーマット識別: 診療費請求書兼領収書(A4) (ID: 1)
2025-05-25 17:14:05,775 - pribot - INFO - 抽出された医療機関名: いたがき総合診療クリニック
2025-05-25 17:14:05,775 - pribot - INFO - [成功] マッチング成功: いたがき総合診療クリニック
2025-05-25 17:14:05,775 - pribot - INFO - 振り分け先: いたがき総合診療クリニック -> .../いたがき総合診療クリニック/自動印刷 (設定: 0_共通)
2025-05-25 17:14:05,775 - pribot - INFO - [成功] ファイルをコピーしました: 1748160833743&264156&b5riqtlm&0a45dd36-928c-4658-a017-8af2bc4b4d73.pdf -> .../自動印刷/1748160833743&264156&b5riqtlm&0a45dd36-928c-4658-a017-8af2bc4b4d73.pdf
2025-05-25 17:14:05,775 - pribot - INFO - 元ファイルを削除しました: .../pribot/1748160833743&264156&b5riqtlm&0a45dd36-928c-4658-a017-8af2bc4b4d73.pdf
2025-05-25 17:14:05,775 - pribot - INFO - PDFファイルの処理が完了しました: 1748160833743&264156&b5riqtlm&0a45dd36-928c-4658-a017-8af2bc4b4d73.pdf
2025-05-25 17:14:05,775 - pribot - INFO - 
2025-05-25 17:14:10,374 - pribot - INFO - 新しいPDFファイルを検出: 1748160840130&264156&75vgpazo&a9971dd1-587a-40f0-b9e9-5b0270c3ff30.pdf
2025-05-25 17:14:11,824 - pribot - INFO - フォーマット識別: 処方箋 (ID: 5)
2025-05-25 17:14:11,825 - pribot - INFO - 抽出された医療機関名: いたがき総合診療クリニック
2025-05-25 17:14:11,826 - pribot - INFO - [成功] マッチング成功: いたがき総合診療クリニック
2025-05-25 17:14:11,826 - pribot - INFO - 振り分け先: いたがき総合診療クリニック -> .../いたがき総合診療クリニック/自動印刷 (設定: 0_共通)
2025-05-25 17:14:11,828 - pribot - INFO - [成功] ファイルをコピーしました: 1748160840130&264156&75vgpazo&a9971dd1-587a-40f0-b9e9-5b0270c3ff30.pdf -> .../自動印刷/1748160840130&264156&75vgpazo&a9971dd1-587a-40f0-b9e9-5b0270c3ff30.pdf
2025-05-25 17:14:11,828 - pribot - INFO - 元ファイルを削除しました: .../pribot/1748160840130&264156&75vgpazo&a9971dd1-587a-40f0-b9e9-5b0270c3ff30.pdf
2025-05-25 17:14:11,828 - pribot - INFO - PDFファイルの処理が完了しました: 1748160840130&264156&75vgpazo&a9971dd1-587a-40f0-b9e9-5b0270c3ff30.pdf
2025-05-25 17:14:11,829 - pribot - INFO - 
2025-05-25 17:18:03,179 - pribot - INFO - 新しいPDFファイルを検出: 1748161072119&264156&7cqw8uxw&2903aaad-4336-4222-b77f-7cb5ed881aae.pdf
2025-05-25 17:18:04,677 - pribot - INFO - フォーマット識別: 診療費明細書 (ID: 4)
2025-05-25 17:18:04,677 - pribot - INFO - 抽出された医療機関名: いたがき総合診療クリニック
2025-05-25 17:18:04,677 - pribot - INFO - [成功] マッチング成功: いたがき総合診療クリニック
2025-05-25 17:18:04,677 - pribot - INFO - 振り分け先: いたがき総合診療クリニック -> .../いたがき総合診療クリニック/自動印刷 (設定: 0_共通)
2025-05-25 17:18:04,677 - pribot - INFO - [成功] ファイルをコピーしました: 1748161072119&264156&7cqw8uxw&2903aaad-4336-4222-b77f-7cb5ed881aae.pdf -> .../自動印刷/1748161072119&264156&7cqw8uxw&2903aaad-4336-4222-b77f-7cb5ed881aae.pdf
2025-05-25 17:18:04,677 - pribot - INFO - 元ファイルを削除しました: .../pribot/1748161072119&264156&7cqw8uxw&2903aaad-4336-4222-b77f-7cb5ed881aae.pdf
2025-05-25 17:18:04,677 - pribot - INFO - PDFファイルの処理が完了しました: 1748161072119&264156&7cqw8uxw&2903aaad-4336-4222-b77f-7cb5ed881aae.pdf
2025-05-25 17:18:04,684 - pribot - INFO - 
2025-05-25 17:18:07,685 - pribot - INFO - 新しいPDFファイルを検出: 1748161077559&264156&bj4sh7ic&b7ff1885-d58b-46a2-89d2-76879c601140.pdf
2025-05-25 17:18:08,976 - pribot - INFO - フォーマット識別: 診療費請求書兼領収書(A4) (ID: 1)
2025-05-25 17:18:08,976 - pribot - INFO - 抽出された医療機関名: いたがき総合診療クリニック
2025-05-25 17:18:08,976 - pribot - INFO - [成功] マッチング成功: いたがき総合診療クリニック
2025-05-25 17:18:08,976 - pribot - INFO - 振り分け先: いたがき総合診療クリニック -> .../いたがき総合診療クリニック/自動印刷 (設定: 0_共通)
2025-05-25 17:18:08,976 - pribot - INFO - [成功] ファイルをコピーしました: 1748161077559&264156&bj4sh7ic&b7ff1885-d58b-46a2-89d2-76879c601140.pdf -> .../自動印刷/1748161077559&264156&bj4sh7ic&b7ff1885-d58b-46a2-89d2-76879c601140.pdf
2025-05-25 17:18:08,992 - pribot - INFO - 元ファイルを削除しました: .../pribot/1748161077559&264156&bj4sh7ic&b7ff1885-d58b-46a2-89d2-76879c601140.pdf
2025-05-25 17:18:08,992 - pribot - INFO - PDFファイルの処理が完了しました: 1748161077559&264156&bj4sh7ic&b7ff1885-d58b-46a2-89d2-76879c601140.pdf
2025-05-25 17:18:08,992 - pribot - INFO - 
2025-05-25 17:18:12,243 - pribot - INFO - 新しいPDFファイルを検出: 1748161082576&264156&v91quxtu&2852bf10-bb87-4dbc-a5e4-4a1aea66ba51.pdf
2025-05-25 17:18:12,810 - pribot - INFO - フォーマット識別: 処方箋 (ID: 5)
2025-05-25 17:18:12,812 - pribot - INFO - 抽出された医療機関名: いたがき総合診療クリニック
2025-05-25 17:18:12,812 - pribot - INFO - [成功] マッチング成功: いたがき総合診療クリニック
2025-05-25 17:18:12,812 - pribot - INFO - 振り分け先: いたがき総合診療クリニック -> .../いたがき総合診療クリニック/自動印刷 (設定: 0_共通)
2025-05-25 17:18:12,815 - pribot - INFO - [成功] ファイルをコピーしました: 1748161082576&264156&v91quxtu&2852bf10-bb87-4dbc-a5e4-4a1aea66ba51.pdf -> .../自動印刷/1748161082576&264156&v91quxtu&2852bf10-bb87-4dbc-a5e4-4a1aea66ba51.pdf
2025-05-25 17:18:12,816 - pribot - INFO - 元ファイルを削除しました: .../pribot/1748161082576&264156&v91quxtu&2852bf10-bb87-4dbc-a5e4-4a1aea66ba51.pdf
2025-05-25 17:18:12,816 - pribot - INFO - PDFファイルの処理が完了しました: 1748161082576&264156&v91quxtu&2852bf10-bb87-4dbc-a5e4-4a1aea66ba51.pdf
2025-05-25 17:18:12,816 - pribot - INFO - 
2025-05-25 17:35:25,664 - pribot - INFO - 新しいPDFファイルを検出: 1748162113924&264156&6u1xt7fk&6f088a0d-3a56-4605-a97f-df1e7f5432f7.pdf
2025-05-25 17:35:26,750 - pribot - INFO - フォーマット識別: 診療費明細書 (ID: 4)
2025-05-25 17:35:26,752 - pribot - INFO - 抽出された医療機関名: いたがき総合診療クリニック
2025-05-25 17:35:26,752 - pribot - INFO - [成功] マッチング成功: いたがき総合診療クリニック
2025-05-25 17:35:26,752 - pribot - INFO - 振り分け先: いたがき総合診療クリニック -> .../いたがき総合診療クリニック/自動印刷 (設定: 0_共通)
2025-05-25 17:35:26,753 - pribot - INFO - [成功] ファイルをコピーしました: 1748162113924&264156&6u1xt7fk&6f088a0d-3a56-4605-a97f-df1e7f5432f7.pdf -> .../自動印刷/1748162113924&264156&6u1xt7fk&6f088a0d-3a56-4605-a97f-df1e7f5432f7.pdf
2025-05-25 17:35:26,754 - pribot - INFO - 元ファイルを削除しました: .../pribot/1748162113924&264156&6u1xt7fk&6f088a0d-3a56-4605-a97f-df1e7f5432f7.pdf
2025-05-25 17:35:26,754 - pribot - INFO - PDFファイルの処理が完了しました: 1748162113924&264156&6u1xt7fk&6f088a0d-3a56-4605-a97f-df1e7f5432f7.pdf
2025-05-25 17:35:26,755 - pribot - INFO - 
2025-05-25 17:35:30,334 - pribot - INFO - 新しいPDFファイルを検出: 1748162120808&264156&b4uh96no&c7599981-24a5-4d36-953d-4c1072572078.pdf
2025-05-25 17:35:30,905 - pribot - INFO - フォーマット識別: 診療費請求書兼領収書(A4) (ID: 1)
2025-05-25 17:35:30,905 - pribot - INFO - 抽出された医療機関名: いたがき総合診療クリニック
2025-05-25 17:35:30,905 - pribot - INFO - [成功] マッチング成功: いたがき総合診療クリニック
2025-05-25 17:35:30,905 - pribot - INFO - 振り分け先: いたがき総合診療クリニック -> .../いたがき総合診療クリニック/自動印刷 (設定: 0_共通)
2025-05-25 17:35:30,905 - pribot - INFO - [成功] ファイルをコピーしました: 1748162120808&264156&b4uh96no&c7599981-24a5-4d36-953d-4c1072572078.pdf -> .../自動印刷/1748162120808&264156&b4uh96no&c7599981-24a5-4d36-953d-4c1072572078.pdf
2025-05-25 17:35:30,905 - pribot - INFO - 元ファイルを削除しました: .../pribot/1748162120808&264156&b4uh96no&c7599981-24a5-4d36-953d-4c1072572078.pdf
2025-05-25 17:35:30,905 - pribot - INFO - PDFファイルの処理が完了しました: 1748162120808&264156&b4uh96no&c7599981-24a5-4d36-953d-4c1072572078.pdf
2025-05-25 17:35:30,905 - pribot - INFO - 
2025-05-25 17:35:35,182 - pribot - INFO - 新しいPDFファイルを検出: 1748162125801&264156&2viczk3r&3c79f264-8e40-49c9-b1a7-13997c9c6673.pdf
2025-05-25 17:35:36,838 - pribot - INFO - フォーマット識別: 処方箋 (ID: 5)
2025-05-25 17:35:36,840 - pribot - INFO - 抽出された医療機関名: いたがき総合診療クリニック
2025-05-25 17:35:36,840 - pribot - INFO - [成功] マッチング成功: いたがき総合診療クリニック
2025-05-25 17:35:36,840 - pribot - INFO - 振り分け先: いたがき総合診療クリニック -> .../いたがき総合診療クリニック/自動印刷 (設定: 0_共通)
2025-05-25 17:35:36,842 - pribot - INFO - [成功] ファイルをコピーしました: 1748162125801&264156&2viczk3r&3c79f264-8e40-49c9-b1a7-13997c9c6673.pdf -> .../自動印刷/1748162125801&264156&2viczk3r&3c79f264-8e40-49c9-b1a7-13997c9c6673.pdf
2025-05-25 17:35:36,843 - pribot - INFO - 元ファイルを削除しました: .../pribot/1748162125801&264156&2viczk3r&3c79f264-8e40-49c9-b1a7-13997c9c6673.pdf
2025-05-25 17:35:36,845 - pribot - INFO - PDFファイルの処理が完了しました: 1748162125801&264156&2viczk3r&3c79f264-8e40-49c9-b1a7-13997c9c6673.pdf
2025-05-25 17:35:36,845 - pribot - INFO - 
