2025-05-19 14:40:52,349 - pribot - INFO - ====== PriBot ログセッション開始 ======
2025-05-19 14:40:52,350 - pribot - INFO - PriBot を開始します
2025-05-19 14:40:52,359 - pribot - INFO - Backlog APIから監視フォルダとエラーフォルダの設定を取得します
2025-05-19 14:40:52,446 - pribot - INFO - 監視フォルダパス: aaa
2025-05-19 14:40:52,447 - pribot - INFO - エラーフォルダパス: aaa
2025-05-19 14:40:52,449 - pribot - INFO - watch_dir ディレクトリを作成しました: aaa
2025-05-19 14:40:52,450 - pribot - INFO - Backlog APIリクエストを開始します
2025-05-19 14:40:52,510 - pribot - INFO - プロジェクト名: PriBot管理
2025-05-19 14:40:52,619 - pribot - INFO - 取得した全課題数: 13
2025-05-19 14:40:52,619 - pribot - INFO - 存在する課題タイプ: 医療機関, PriBot設定
2025-05-19 14:40:52,619 - pribot - INFO - 課題 PRIBOT-2: 振り分け先 '0_共通' = 'aaa'
2025-05-19 14:40:52,621 - pribot - INFO - 課題 PRIBOT-3: 振り分け先 '0_共通' = 'aaa'
2025-05-19 14:40:52,621 - pribot - INFO - 課題 PRIBOT-4: 振り分け先 '0_共通' = 'aaa'
2025-05-19 14:40:52,621 - pribot - INFO - 課題 PRIBOT-5: 振り分け先 '0_共通' = 'aaa'
2025-05-19 14:40:52,622 - pribot - INFO - 課題 PRIBOT-6: 振り分け先 '0_共通' = 'aaa'
2025-05-19 14:40:52,622 - pribot - INFO - 課題 PRIBOT-7: 振り分け先 '1_請求書' = 'aaa'
2025-05-19 14:40:52,622 - pribot - INFO - 課題 PRIBOT-8: 振り分け先 '5_薬袋シール' = 'aaa'
2025-05-19 14:40:52,622 - pribot - INFO - 課題 PRIBOT-9: 振り分け先 '6_薬情' = 'aaa'
2025-05-19 14:40:52,622 - pribot - INFO - 課題 PRIBOT-10: 振り分け先 '0_共通' = 'aaa'
2025-05-19 14:40:52,622 - pribot - INFO - 課題 PRIBOT-11: 振り分け先 '3_請求明細書' = 'aaa'
2025-05-19 14:40:52,622 - pribot - INFO - 課題 PRIBOT-12: 振り分け先 '4_処方箋' = 'aaa'
2025-05-19 14:40:52,622 - pribot - INFO - 課題 PRIBOT-13: 振り分け先 '6_薬情' = 'aaa'
2025-05-19 14:40:52,622 - pribot - INFO - PriBot 監視対象の医療機関名: 西大宮整形外科くれクリニック, 振り分け設定数: 1
2025-05-19 14:40:52,623 - pribot - INFO - PriBot 監視対象の医療機関名: いたがき総合診療クリニック, 振り分け設定数: 1
2025-05-19 14:40:52,623 - pribot - INFO - PriBot 監視対象の医療機関名: 医療法人 そけん小児科, 振り分け設定数: 1
2025-05-19 14:40:52,623 - pribot - INFO - PriBot 監視対象の医療機関名: 医療法人五一六五ナゴヤガーデンクリニック, 振り分け設定数: 1
2025-05-19 14:40:52,623 - pribot - INFO - PriBot 監視対象の医療機関名: 医療法人妙泉会 阿南いしばし医院, 振り分け設定数: 1
2025-05-19 14:40:52,623 - pribot - INFO - PriBot 監視対象の医療機関名: 三宅村国民健康保険直営中央診療所, 振り分け設定数: 3
2025-05-19 14:40:52,623 - pribot - INFO - PriBot 監視対象の医療機関名: 医療法人 吉松会 照葉浅部クリニック, 振り分け設定数: 1
2025-05-19 14:40:52,623 - pribot - INFO - PriBot 監視対象の医療機関名: メモリーケアクリニック湘南, 振り分け設定数: 3
2025-05-19 14:40:52,625 - pribot - INFO - 監視対象の医療機関数: 8, スキップした課題数: 1
2025-05-19 14:40:52,625 - pribot - INFO - PriBot 監視フォルダ: aaa
2025-05-19 14:40:52,625 - pribot - INFO - PriBot エラーフォルダ: aaa
2025-05-19 14:40:52,626 - pribot - INFO - PriBot 監視対象の医療機関数: 8
2025-05-19 14:40:52,628 - pribot - INFO - ファイル監視を開始しました
2025-05-19 14:41:04,972 - pribot - INFO - ファイル監視を終了しました
2025-05-19 14:41:11,203 - pribot - INFO - PriBot を開始します
2025-05-19 14:41:11,204 - pribot - INFO - Backlog APIから監視フォルダとエラーフォルダの設定を取得します
2025-05-19 14:41:11,314 - pribot - INFO - 監視フォルダパス: aaa
2025-05-19 14:41:11,315 - pribot - INFO - エラーフォルダパス: aaa
2025-05-19 14:41:11,316 - pribot - INFO - watch_dir ディレクトリを作成しました: aaa
2025-05-19 14:41:11,316 - pribot - INFO - Backlog APIリクエストを開始します
2025-05-19 14:41:11,368 - pribot - INFO - プロジェクト名: PriBot管理
2025-05-19 14:41:11,455 - pribot - INFO - 取得した全課題数: 13
2025-05-19 14:41:11,455 - pribot - INFO - 存在する課題タイプ: 医療機関, PriBot設定
2025-05-19 14:41:11,455 - pribot - INFO - 課題 PRIBOT-2: 振り分け先 '0_共通' = 'aaa'
2025-05-19 14:41:11,455 - pribot - INFO - 課題 PRIBOT-3: 振り分け先 '0_共通' = 'aaa'
2025-05-19 14:41:11,456 - pribot - INFO - 課題 PRIBOT-4: 振り分け先 '0_共通' = 'aaa'
2025-05-19 14:41:11,457 - pribot - INFO - 課題 PRIBOT-5: 振り分け先 '0_共通' = 'aaa'
2025-05-19 14:41:11,457 - pribot - INFO - 課題 PRIBOT-6: 振り分け先 '0_共通' = 'aaa'
2025-05-19 14:41:11,457 - pribot - INFO - 課題 PRIBOT-7: 振り分け先 '1_請求書' = 'aaa'
2025-05-19 14:41:11,457 - pribot - INFO - 課題 PRIBOT-8: 振り分け先 '5_薬袋シール' = 'aaa'
2025-05-19 14:41:11,457 - pribot - INFO - 課題 PRIBOT-9: 振り分け先 '6_薬情' = 'aaa'
2025-05-19 14:41:11,458 - pribot - INFO - 課題 PRIBOT-10: 振り分け先 '0_共通' = 'aaa'
2025-05-19 14:41:11,458 - pribot - INFO - 課題 PRIBOT-11: 振り分け先 '3_請求明細書' = 'aaa'
2025-05-19 14:41:11,458 - pribot - INFO - 課題 PRIBOT-12: 振り分け先 '4_処方箋' = 'aaa'
2025-05-19 14:41:11,458 - pribot - INFO - 課題 PRIBOT-13: 振り分け先 '6_薬情' = 'aaa'
2025-05-19 14:41:11,458 - pribot - INFO - PriBot 監視対象の医療機関名: 西大宮整形外科くれクリニック, 振り分け設定数: 1
2025-05-19 14:41:11,458 - pribot - INFO - PriBot 監視対象の医療機関名: いたがき総合診療クリニック, 振り分け設定数: 1
2025-05-19 14:41:11,458 - pribot - INFO - PriBot 監視対象の医療機関名: 医療法人 そけん小児科, 振り分け設定数: 1
2025-05-19 14:41:11,458 - pribot - INFO - PriBot 監視対象の医療機関名: 医療法人五一六五ナゴヤガーデンクリニック, 振り分け設定数: 1
2025-05-19 14:41:11,458 - pribot - INFO - PriBot 監視対象の医療機関名: 医療法人妙泉会 阿南いしばし医院, 振り分け設定数: 1
2025-05-19 14:41:11,459 - pribot - INFO - PriBot 監視対象の医療機関名: 三宅村国民健康保険直営中央診療所, 振り分け設定数: 3
2025-05-19 14:41:11,459 - pribot - INFO - PriBot 監視対象の医療機関名: 医療法人 吉松会 照葉浅部クリニック, 振り分け設定数: 1
2025-05-19 14:41:11,459 - pribot - INFO - PriBot 監視対象の医療機関名: メモリーケアクリニック湘南, 振り分け設定数: 3
2025-05-19 14:41:11,459 - pribot - INFO - 監視対象の医療機関数: 8, スキップした課題数: 1
2025-05-19 14:41:11,460 - pribot - INFO - PriBot 監視フォルダ: aaa
2025-05-19 14:41:11,460 - pribot - INFO - PriBot エラーフォルダ: aaa
2025-05-19 14:41:11,460 - pribot - INFO - PriBot 監視対象の医療機関数: 8
2025-05-19 14:41:11,461 - pribot - INFO - ファイル監視を開始しました
2025-05-19 14:41:33,043 - pribot - INFO - PriBot を開始します
2025-05-19 14:41:33,044 - pribot - INFO - Backlog APIから監視フォルダとエラーフォルダの設定を取得します
2025-05-19 14:41:33,177 - pribot - INFO - 監視フォルダパス: aaa
2025-05-19 14:41:33,177 - pribot - INFO - エラーフォルダパス: aaa
2025-05-19 14:41:33,180 - pribot - INFO - watch_dir ディレクトリを作成しました: aaa
2025-05-19 14:41:33,180 - pribot - INFO - Backlog APIリクエストを開始します
2025-05-19 14:41:33,236 - pribot - INFO - プロジェクト名: PriBot管理
2025-05-19 14:41:33,367 - pribot - INFO - 取得した全課題数: 13
2025-05-19 14:41:33,369 - pribot - INFO - 存在する課題タイプ: 医療機関, PriBot設定
2025-05-19 14:41:33,374 - pribot - INFO - 課題 PRIBOT-2: 振り分け先 '0_共通' = 'aaa'
2025-05-19 14:41:33,374 - pribot - INFO - 課題 PRIBOT-3: 振り分け先 '0_共通' = 'aaa'
2025-05-19 14:41:33,374 - pribot - INFO - 課題 PRIBOT-4: 振り分け先 '0_共通' = 'aaa'
2025-05-19 14:41:33,375 - pribot - INFO - 課題 PRIBOT-5: 振り分け先 '0_共通' = 'aaa'
2025-05-19 14:41:33,375 - pribot - INFO - 課題 PRIBOT-6: 振り分け先 '0_共通' = 'aaa'
2025-05-19 14:41:33,375 - pribot - INFO - 課題 PRIBOT-7: 振り分け先 '1_請求書' = 'aaa'
2025-05-19 14:41:33,375 - pribot - INFO - 課題 PRIBOT-8: 振り分け先 '5_薬袋シール' = 'aaa'
2025-05-19 14:41:33,375 - pribot - INFO - 課題 PRIBOT-9: 振り分け先 '6_薬情' = 'aaa'
2025-05-19 14:41:33,375 - pribot - INFO - 課題 PRIBOT-10: 振り分け先 '0_共通' = 'aaa'
2025-05-19 14:41:33,375 - pribot - INFO - 課題 PRIBOT-11: 振り分け先 '3_請求明細書' = 'aaa'
2025-05-19 14:41:33,375 - pribot - INFO - 課題 PRIBOT-12: 振り分け先 '4_処方箋' = 'aaa'
2025-05-19 14:41:33,375 - pribot - INFO - 課題 PRIBOT-13: 振り分け先 '6_薬情' = 'aaa'
2025-05-19 14:41:33,375 - pribot - INFO - PriBot 監視対象の医療機関名: 西大宮整形外科くれクリニック, 振り分け設定数: 1
2025-05-19 14:41:33,375 - pribot - INFO - PriBot 監視対象の医療機関名: いたがき総合診療クリニック, 振り分け設定数: 1
2025-05-19 14:41:33,375 - pribot - INFO - PriBot 監視対象の医療機関名: 医療法人 そけん小児科, 振り分け設定数: 1
2025-05-19 14:41:33,375 - pribot - INFO - PriBot 監視対象の医療機関名: 医療法人五一六五ナゴヤガーデンクリニック, 振り分け設定数: 1
2025-05-19 14:41:33,375 - pribot - INFO - PriBot 監視対象の医療機関名: 医療法人妙泉会 阿南いしばし医院, 振り分け設定数: 1
2025-05-19 14:41:33,376 - pribot - INFO - PriBot 監視対象の医療機関名: 三宅村国民健康保険直営中央診療所, 振り分け設定数: 3
2025-05-19 14:41:33,376 - pribot - INFO - PriBot 監視対象の医療機関名: 医療法人 吉松会 照葉浅部クリニック, 振り分け設定数: 1
2025-05-19 14:41:33,376 - pribot - INFO - PriBot 監視対象の医療機関名: メモリーケアクリニック湘南, 振り分け設定数: 3
2025-05-19 14:41:33,377 - pribot - INFO - 監視対象の医療機関数: 8, スキップした課題数: 1
2025-05-19 14:41:33,377 - pribot - INFO - PriBot 監視フォルダ: aaa
2025-05-19 14:41:33,377 - pribot - INFO - PriBot エラーフォルダ: aaa
2025-05-19 14:41:33,377 - pribot - INFO - PriBot 監視対象の医療機関数: 8
2025-05-19 14:41:33,378 - pribot - INFO - ファイル監視を開始しました
